09:00:01     There is 5  missions to process
09:00:01     INSERTED: 0
09:00:01     UPDATED: 0
09:00:01     REBUILD: 0
09:00:01     
09:00:01     MISSIONS  START
09:00:01     
09:00:01     SUBMISSION 12 starting
09:00:01     
09:00:01     test
09:00:01     mission start
09:00:01     presearcing
09:00:02     there is about 54500000 page in result
09:00:02     presearcing end
09:00:02     start searching
09:00:02     searching 1 page
09:00:03     searching 2 page
09:00:04     searching 3 page
09:00:05     searching 4 page
09:00:06     searching 5 page
09:00:07     end searcing
09:00:07     4
09:00:07     12 OK
09:00:07     
09:00:07     SUBMISSION 1333 starting
09:00:07     
09:00:07     123123
09:00:07     mission start
09:00:07     presearcing
09:00:08     there is about 1260000 page in result
09:00:08     presearcing end
09:00:08     start searching
09:00:08     searching 1 page
09:00:09     searching 2 page
09:00:10     searching 3 page
09:00:11     searching 4 page
09:00:11     searching 5 page
09:00:12     end searcing
09:00:12     4
09:00:12     1333 OK
09:00:12     
09:00:12     SUBMISSION 33 starting
09:00:12     
09:00:12     demo
09:00:12     mission start
09:00:12     presearcing
09:00:13     there is about 90700000 page in result
09:00:13     presearcing end
09:00:13     start searching
09:00:13     searching 1 page
09:00:14     searching 2 page
09:00:15     searching 3 page
09:00:16     searching 4 page
09:00:17     searching 5 page
09:00:18     end searcing
09:00:18     4
09:00:18     33 OK
09:00:18     
09:00:18     SUBMISSION 1335 starting
09:00:18     
09:00:18     123123
09:00:18     mission start
09:00:18     presearcing
09:00:19     there is about 1260000 page in result
09:00:19     presearcing end
09:00:19     start searching
09:00:19     searching 1 page
09:00:20     searching 2 page
09:00:21     searching 3 page
09:00:21     searching 4 page
09:00:22     searching 5 page
09:00:23     end searcing
09:00:23     4
09:00:23     1335 OK
09:00:23     
09:00:23     SUBMISSION 1342 starting
09:00:23     
09:00:23     there is a process running
09:00:23     1342 FAIED
09:00:23     
