17:51:01     There is 5  missions to process
17:51:01     INSERTED: 0
17:51:01     UPDATED: 0
17:51:01     REBUILD: 0
17:51:01     
17:51:01     MISSIONS  START
17:51:01     
17:51:01     SUBMISSION 12 starting
17:51:01     
17:51:01     test
17:51:01     mission start
17:51:01     presearcing
17:51:02     there is about 54500000 page in result
17:51:02     presearcing end
17:51:02     start searching
17:51:02     searching 1 page
17:51:03     searching 2 page
17:51:03     searching 3 page
17:51:04     searching 4 page
17:51:05     searching 5 page
17:51:06     end searcing
17:51:06     4
17:51:06     12 OK
17:51:06     
17:51:06     SUBMISSION 1333 starting
17:51:06     
17:51:06     123123
17:51:06     mission start
17:51:06     presearcing
17:51:07     there is about 1260000 page in result
17:51:07     presearcing end
17:51:07     start searching
17:51:07     searching 1 page
17:51:08     searching 2 page
17:51:09     searching 3 page
17:51:10     searching 4 page
17:51:11     searching 5 page
17:51:12     end searcing
17:51:12     4
17:51:12     1333 OK
17:51:12     
17:51:12     SUBMISSION 33 starting
17:51:12     
17:51:12     demo
17:51:12     mission start
17:51:12     presearcing
17:51:13     there is about 90700000 page in result
17:51:13     presearcing end
17:51:13     start searching
17:51:13     searching 1 page
17:51:14     searching 2 page
17:51:15     searching 3 page
17:51:16     searching 4 page
17:51:17     searching 5 page
17:51:17     end searcing
17:51:17     4
17:51:17     33 OK
17:51:17     
17:51:17     SUBMISSION 1335 starting
17:51:17     
17:51:17     123123
17:51:17     mission start
17:51:17     presearcing
17:51:18     there is about 1260000 page in result
17:51:18     presearcing end
17:51:18     start searching
17:51:18     searching 1 page
17:51:19     searching 2 page
17:51:20     searching 3 page
17:51:21     searching 4 page
17:51:22     searching 5 page
17:51:23     end searcing
17:51:23     4
17:51:23     1335 OK
17:51:23     
17:51:23     SUBMISSION 1342 starting
17:51:23     
17:51:23     demo
17:51:23     mission start
17:51:23     presearcing
17:51:24     there is about 90700000 page in result
17:51:24     presearcing end
17:51:24     start searching
17:51:24     searching 1 page
17:51:25     searching 2 page
17:51:26     searching 3 page
17:51:27     searching 4 page
17:51:29     searching 5 page
17:51:29     end searcing
17:51:29     4
17:51:29     1342 OK
17:51:29     
