09:47:01     There is 5  missions to process
09:47:01     INSERTED: 0
09:47:01     UPDATED: 0
09:47:01     REBUILD: 0
09:47:01     
09:47:01     MISSIONS  START
09:47:01     
09:47:01     SUBMISSION 12 starting
09:47:01     
09:47:01     test
09:47:01     mission start
09:47:01     presearcing
09:47:01     there is about 54500000 page in result
09:47:01     presearcing end
09:47:01     start searching
09:47:01     searching 1 page
09:47:02     searching 2 page
09:47:03     searching 3 page
09:47:04     searching 4 page
09:47:06     searching 5 page
09:47:07     end searcing
09:47:07     4
09:47:07     12 OK
09:47:07     
09:47:07     SUBMISSION 1333 starting
09:47:07     
09:47:07     123123
09:47:07     mission start
09:47:07     presearcing
09:47:08     there is about 1260000 page in result
09:47:08     presearcing end
09:47:08     start searching
09:47:08     searching 1 page
09:47:09     searching 2 page
09:47:10     searching 3 page
09:47:11     searching 4 page
09:47:12     searching 5 page
09:47:12     end searcing
09:47:12     4
09:47:12     1333 OK
09:47:12     
09:47:12     SUBMISSION 33 starting
09:47:12     
09:47:12     demo
09:47:12     mission start
09:47:12     presearcing
09:47:13     there is about 90700000 page in result
09:47:13     presearcing end
09:47:13     start searching
09:47:13     searching 1 page
09:47:14     searching 2 page
09:47:15     searching 3 page
09:47:16     searching 4 page
09:47:17     searching 5 page
09:47:18     end searcing
09:47:18     4
09:47:18     33 OK
09:47:18     
09:47:18     SUBMISSION 1335 starting
09:47:18     
09:47:18     123123
09:47:18     mission start
09:47:18     presearcing
09:47:19     there is about 1260000 page in result
09:47:19     presearcing end
09:47:19     start searching
09:47:19     searching 1 page
09:47:21     searching 2 page
09:47:21     searching 3 page
09:47:22     searching 4 page
09:47:23     searching 5 page
09:47:24     end searcing
09:47:24     4
09:47:24     1335 OK
09:47:24     
09:47:24     SUBMISSION 1342 starting
09:47:24     
09:47:24     there is a process running
09:47:24     1342 FAIED
09:47:24     
