17:13:01     There is 5  missions to process
17:13:01     INSERTED: 0
17:13:01     UPDATED: 0
17:13:01     REBUILD: 0
17:13:01     
17:13:01     MISSIONS  START
17:13:01     
17:13:01     SUBMISSION 12 starting
17:13:01     
17:13:01     test
17:13:01     mission start
17:13:01     presearcing
17:13:02     there is about 54500000 page in result
17:13:02     presearcing end
17:13:02     start searching
17:13:02     searching 1 page
17:13:03     searching 2 page
17:13:04     searching 3 page
17:13:05     searching 4 page
17:13:06     searching 5 page
17:13:07     end searcing
17:13:07     4
17:13:07     12 OK
17:13:07     
17:13:07     SUBMISSION 1333 starting
17:13:07     
17:13:07     123123
17:13:07     mission start
17:13:07     presearcing
17:13:08     there is about 1260000 page in result
17:13:08     presearcing end
17:13:08     start searching
17:13:08     searching 1 page
17:13:09     searching 2 page
17:13:10     searching 3 page
17:13:12     searching 4 page
17:13:13     searching 5 page
17:13:14     end searcing
17:13:14     4
17:13:14     1333 OK
17:13:14     
17:13:14     SUBMISSION 33 starting
17:13:14     
17:13:14     demo
17:13:14     mission start
17:13:14     presearcing
17:13:15     there is about 90700000 page in result
17:13:15     presearcing end
17:13:15     start searching
17:13:15     searching 1 page
17:13:16     searching 2 page
17:13:17     searching 3 page
17:13:18     searching 4 page
17:13:19     searching 5 page
17:13:20     end searcing
17:13:20     4
17:13:20     33 OK
17:13:20     
17:13:20     SUBMISSION 1335 starting
17:13:20     
17:13:20     xcvxcvxvc
17:13:20     mission start
17:13:20     presearcing
17:13:21     there is about 491 page in result
17:13:21     presearcing end
17:13:21     start searching
17:13:21     searching 1 page
17:13:22     searching 2 page
17:13:23     searching 3 page
17:13:24     searching 4 page
17:13:25     searching 5 page
17:13:26     end searcing
17:13:26     4
17:13:26     1335 OK
17:13:26     
17:13:26     SUBMISSION 1342 starting
17:13:26     
17:13:26     demo
17:13:26     mission start
17:13:26     presearcing
17:13:27     there is about 90700000 page in result
17:13:27     presearcing end
17:13:27     start searching
17:13:27     searching 1 page
17:13:29     searching 2 page
17:13:30     searching 3 page
17:13:31     searching 4 page
17:13:32     searching 5 page
17:13:33     end searcing
17:13:33     4
17:13:33     1342 OK
17:13:33     
