17:08:01     There is 5  missions to process
17:08:01     INSERTED: 0
17:08:01     UPDATED: 0
17:08:01     REBUILD: 0
17:08:01     
17:08:01     MISSIONS  START
17:08:01     
17:08:01     SUBMISSION 12 starting
17:08:01     
17:08:01     test
17:08:01     mission start
17:08:01     presearcing
17:08:01     there is about 313000000 page in result
17:08:01     presearcing end
17:08:01     start searching
17:08:01     searching 1 page
17:08:03     searching 2 page
17:08:04     searching 3 page
17:08:05     searching 4 page
17:08:06     searching 5 page
17:08:07     end searcing
17:08:07     4
17:08:07     12 OK
17:08:07     
17:08:07     SUBMISSION 1333 starting
17:08:07     
17:08:07     123123
17:08:07     mission start
17:08:07     presearcing
17:08:08     there is about 1260000 page in result
17:08:08     presearcing end
17:08:08     start searching
17:08:08     searching 1 page
17:08:08     searching 2 page
17:08:09     searching 3 page
17:08:10     searching 4 page
17:08:11     searching 5 page
17:08:12     end searcing
17:08:12     4
17:08:12     1333 OK
17:08:12     
17:08:12     SUBMISSION 33 starting
17:08:12     
17:08:12     demo
17:08:12     mission start
17:08:12     presearcing
17:08:13     there is about 90800000 page in result
17:08:13     presearcing end
17:08:13     start searching
17:08:13     searching 1 page
17:08:14     searching 2 page
17:08:15     searching 3 page
17:08:16     searching 4 page
17:08:17     searching 5 page
17:08:18     end searcing
17:08:18     4
17:08:18     33 OK
17:08:18     
17:08:18     SUBMISSION 1335 starting
17:08:18     
17:08:18     xcvxcvxvc
17:08:18     mission start
17:08:18     presearcing
17:08:19     there is about 491 page in result
17:08:19     presearcing end
17:08:19     start searching
17:08:19     searching 1 page
17:08:20     searching 2 page
17:08:21     searching 3 page
17:08:21     searching 4 page
17:08:22     searching 5 page
17:08:23     end searcing
17:08:23     4
17:08:23     1335 OK
17:08:23     
17:08:23     SUBMISSION 1342 starting
17:08:23     
17:08:23     demo
17:08:23     mission start
17:08:23     presearcing
17:08:24     there is about 90800000 page in result
17:08:24     presearcing end
17:08:24     start searching
17:08:24     searching 1 page
17:08:25     searching 2 page
17:08:26     searching 3 page
17:08:27     searching 4 page
17:08:28     searching 5 page
17:08:30     end searcing
17:08:30     4
17:08:30     1342 OK
17:08:30     
