09:36:01     There is 5  missions to process
09:36:01     INSERTED: 0
09:36:01     UPDATED: 0
09:36:01     REBUILD: 0
09:36:01     
09:36:01     MISSIONS  START
09:36:01     
09:36:01     SUBMISSION 12 starting
09:36:01     
09:36:01     test
09:36:01     mission start
09:36:01     presearcing
09:36:02     there is about 54500000 page in result
09:36:02     presearcing end
09:36:02     start searching
09:36:02     searching 1 page
09:36:03     searching 2 page
09:36:04     searching 3 page
09:36:05     searching 4 page
09:36:06     searching 5 page
09:36:06     end searcing
09:36:06     4
09:36:06     12 OK
09:36:06     
09:36:06     SUBMISSION 1333 starting
09:36:06     
09:36:06     123123
09:36:06     mission start
09:36:06     presearcing
09:36:07     there is about 1260000 page in result
09:36:07     presearcing end
09:36:07     start searching
09:36:07     searching 1 page
09:36:08     searching 2 page
09:36:09     searching 3 page
09:36:10     searching 4 page
09:36:11     searching 5 page
09:36:11     end searcing
09:36:11     4
09:36:11     1333 OK
09:36:11     
09:36:11     SUBMISSION 33 starting
09:36:11     
09:36:11     demo
09:36:11     mission start
09:36:11     presearcing
09:36:12     there is about 90700000 page in result
09:36:12     presearcing end
09:36:12     start searching
09:36:12     searching 1 page
09:36:13     searching 2 page
09:36:14     searching 3 page
09:36:15     searching 4 page
09:36:16     searching 5 page
09:36:17     end searcing
09:36:17     4
09:36:17     33 OK
09:36:17     
09:36:17     SUBMISSION 1335 starting
09:36:17     
09:36:17     123123
09:36:17     mission start
09:36:17     presearcing
09:36:17     there is about 1260000 page in result
09:36:17     presearcing end
09:36:17     start searching
09:36:17     searching 1 page
09:36:19     searching 2 page
09:36:20     searching 3 page
09:36:20     searching 4 page
09:36:21     searching 5 page
09:36:22     end searcing
09:36:22     4
09:36:22     1335 OK
09:36:22     
09:36:22     SUBMISSION 1342 starting
09:36:22     
09:36:22     there is a process running
09:36:22     1342 FAIED
09:36:22     
