09:12:01     There is 5  missions to process
09:12:01     INSERTED: 0
09:12:01     UPDATED: 0
09:12:01     REBUILD: 0
09:12:01     
09:12:01     MISSIONS  START
09:12:01     
09:12:01     SUBMISSION 12 starting
09:12:01     
09:12:01     test
09:12:01     mission start
09:12:01     presearcing
09:12:02     there is about 54500000 page in result
09:12:02     presearcing end
09:12:02     start searching
09:12:02     searching 1 page
09:12:04     searching 2 page
09:12:05     searching 3 page
09:12:06     searching 4 page
09:12:07     searching 5 page
09:12:09     end searcing
09:12:09     4
09:12:09     12 OK
09:12:09     
09:12:09     SUBMISSION 1333 starting
09:12:09     
09:12:09     123123
09:12:09     mission start
09:12:09     presearcing
09:12:10     there is about 1260000 page in result
09:12:10     presearcing end
09:12:10     start searching
09:12:10     searching 1 page
09:12:12     searching 2 page
09:12:13     searching 3 page
09:12:15     searching 4 page
09:12:16     searching 5 page
09:12:17     end searcing
09:12:17     4
09:12:17     1333 OK
09:12:17     
09:12:17     SUBMISSION 33 starting
09:12:17     
09:12:17     demo
09:12:17     mission start
09:12:17     presearcing
09:12:18     there is about 90700000 page in result
09:12:18     presearcing end
09:12:18     start searching
09:12:18     searching 1 page
09:12:20     searching 2 page
09:12:21     searching 3 page
09:12:23     searching 4 page
09:12:24     searching 5 page
09:12:25     end searcing
09:12:25     4
09:12:25     33 OK
09:12:25     
09:12:25     SUBMISSION 1335 starting
09:12:25     
09:12:25     123123
09:12:25     mission start
09:12:25     presearcing
09:12:27     there is about 1260000 page in result
09:12:27     presearcing end
09:12:27     start searching
09:12:27     searching 1 page
09:12:28     searching 2 page
09:12:30     searching 3 page
09:12:31     searching 4 page
09:12:33     searching 5 page
09:12:34     end searcing
09:12:34     4
09:12:34     1335 OK
09:12:34     
09:12:34     SUBMISSION 1342 starting
09:12:34     
09:12:34     there is a process running
09:12:34     1342 FAIED
09:12:34     
