18:33:01     There is 5  missions to process
18:33:01     INSERTED: 0
18:33:01     UPDATED: 0
18:33:01     REBUILD: 0
18:33:01     
18:33:01     MISSIONS  START
18:33:01     
18:33:01     SUBMISSION 12 starting
18:33:01     
18:33:01     test
18:33:01     mission start
18:33:01     presearcing
18:33:02     there is about 54500000 page in result
18:33:02     presearcing end
18:33:02     start searching
18:33:02     searching 1 page
18:33:03     searching 2 page
18:33:04     searching 3 page
18:33:06     searching 4 page
18:33:07     searching 5 page
18:33:08     end searcing
18:33:08     4
18:33:08     12 OK
18:33:08     
18:33:08     SUBMISSION 1333 starting
18:33:08     
18:33:08     123123
18:33:08     mission start
18:33:08     presearcing
18:33:09     there is about 1260000 page in result
18:33:09     presearcing end
18:33:09     start searching
18:33:09     searching 1 page
18:33:10     searching 2 page
18:33:12     searching 3 page
18:33:13     searching 4 page
18:33:15     searching 5 page
18:33:16     end searcing
18:33:16     4
18:33:16     1333 OK
18:33:16     
18:33:16     SUBMISSION 33 starting
18:33:16     
18:33:16     demo
18:33:16     mission start
18:33:16     presearcing
18:33:18     there is about 90700000 page in result
18:33:18     presearcing end
18:33:18     start searching
18:33:18     searching 1 page
18:33:19     searching 2 page
18:33:20     searching 3 page
18:33:21     searching 4 page
18:33:23     searching 5 page
18:33:24     end searcing
18:33:24     4
18:33:24     33 OK
18:33:24     
18:33:24     SUBMISSION 1335 starting
18:33:24     
18:33:24     123123
18:33:24     mission start
18:33:24     presearcing
18:33:25     there is about 1260000 page in result
18:33:25     presearcing end
18:33:25     start searching
18:33:25     searching 1 page
18:33:27     searching 2 page
18:33:28     searching 3 page
18:33:29     searching 4 page
18:33:31     searching 5 page
18:33:32     end searcing
18:33:32     4
18:33:32     1335 OK
18:33:32     
18:33:32     SUBMISSION 1342 starting
18:33:32     
18:33:32     demo
18:33:32     mission start
18:33:32     presearcing
18:33:33     there is about 90700000 page in result
18:33:33     presearcing end
18:33:33     start searching
18:33:33     searching 1 page
18:33:34     searching 2 page
18:33:35     searching 3 page
18:33:36     searching 4 page
18:33:38     searching 5 page
18:33:40     end searcing
18:33:40     4
18:33:40     1342 OK
18:33:40     
