17:18:01     There is 5  missions to process
17:18:01     INSERTED: 0
17:18:01     UPDATED: 0
17:18:01     REBUILD: 0
17:18:01     
17:18:01     MISSIONS  START
17:18:01     
17:18:01     SUBMISSION 12 starting
17:18:01     
17:18:01     test
17:18:01     mission start
17:18:01     presearcing
17:18:03     there is about 54500000 page in result
17:18:03     presearcing end
17:18:03     start searching
17:18:03     searching 1 page
17:18:04     searching 2 page
17:18:05     searching 3 page
17:18:06     searching 4 page
17:18:06     searching 5 page
17:18:07     end searcing
17:18:07     4
17:18:07     12 OK
17:18:07     
17:18:07     SUBMISSION 1333 starting
17:18:07     
17:18:07     123123
17:18:07     mission start
17:18:07     presearcing
17:18:08     there is about 1260000 page in result
17:18:08     presearcing end
17:18:08     start searching
17:18:08     searching 1 page
17:18:09     searching 2 page
17:18:10     searching 3 page
17:18:11     searching 4 page
17:18:12     searching 5 page
17:18:13     end searcing
17:18:13     4
17:18:13     1333 OK
17:18:13     
17:18:13     SUBMISSION 33 starting
17:18:13     
17:18:13     demo
17:18:13     mission start
17:18:13     presearcing
17:18:15     there is about 90700000 page in result
17:18:15     presearcing end
17:18:15     start searching
17:18:15     searching 1 page
17:18:16     searching 2 page
17:18:17     searching 3 page
17:18:18     searching 4 page
17:18:19     searching 5 page
17:18:20     end searcing
17:18:20     4
17:18:20     33 OK
17:18:20     
17:18:20     SUBMISSION 1335 starting
17:18:20     
17:18:20     xcvxcvxvc
17:18:20     mission start
17:18:20     presearcing
17:18:21     there is about 491 page in result
17:18:21     presearcing end
17:18:21     start searching
17:18:21     searching 1 page
17:18:22     searching 2 page
17:18:23     searching 3 page
17:18:24     searching 4 page
17:18:25     searching 5 page
17:18:29     end searcing
17:18:29     4
17:18:29     1335 OK
17:18:29     
17:18:29     SUBMISSION 1342 starting
17:18:29     
17:18:29     demo
17:18:29     mission start
17:18:29     presearcing
17:18:30     there is about 90700000 page in result
17:18:30     presearcing end
17:18:30     start searching
17:18:30     searching 1 page
17:18:31     searching 2 page
17:18:32     searching 3 page
17:18:33     searching 4 page
17:18:34     searching 5 page
17:18:35     end searcing
17:18:35     4
17:18:35     1342 OK
17:18:35     
