09:23:01     There is 5  missions to process
09:23:01     INSERTED: 0
09:23:01     UPDATED: 0
09:23:01     REBUILD: 0
09:23:01     
09:23:01     MISSIONS  START
09:23:01     
09:23:01     SUBMISSION 12 starting
09:23:01     
09:23:01     test
09:23:01     mission start
09:23:01     presearcing
09:23:02     there is about 54500000 page in result
09:23:02     presearcing end
09:23:02     start searching
09:23:02     searching 1 page
09:23:03     searching 2 page
09:23:04     searching 3 page
09:23:05     searching 4 page
09:23:08     searching 5 page
09:23:08     end searcing
09:23:08     4
09:23:08     12 OK
09:23:08     
09:23:08     SUBMISSION 1333 starting
09:23:08     
09:23:08     123123
09:23:08     mission start
09:23:08     presearcing
09:23:09     there is about 1260000 page in result
09:23:09     presearcing end
09:23:09     start searching
09:23:09     searching 1 page
09:23:10     searching 2 page
09:23:12     searching 3 page
09:23:13     searching 4 page
09:23:15     searching 5 page
09:23:17     end searcing
09:23:17     4
09:23:17     1333 OK
09:23:17     
09:23:17     SUBMISSION 33 starting
09:23:17     
09:23:17     demo
09:23:17     mission start
09:23:17     presearcing
09:23:18     there is about 90700000 page in result
09:23:18     presearcing end
09:23:18     start searching
09:23:18     searching 1 page
09:23:19     searching 2 page
09:23:20     searching 3 page
09:23:20     searching 4 page
09:23:21     searching 5 page
09:23:22     end searcing
09:23:22     4
09:23:22     33 OK
09:23:22     
09:23:22     SUBMISSION 1335 starting
09:23:22     
09:23:22     123123
09:23:22     mission start
09:23:22     presearcing
09:23:23     there is about 1260000 page in result
09:23:23     presearcing end
09:23:23     start searching
09:23:23     searching 1 page
09:23:25     searching 2 page
09:23:26     searching 3 page
09:23:27     searching 4 page
09:23:28     searching 5 page
09:23:29     end searcing
09:23:29     4
09:23:29     1335 OK
09:23:29     
09:23:29     SUBMISSION 1342 starting
09:23:29     
09:23:29     there is a process running
09:23:29     1342 FAIED
09:23:29     
