18:09:01     There is 5  missions to process
18:09:01     INSERTED: 0
18:09:01     UPDATED: 0
18:09:01     REBUILD: 0
18:09:01     
18:09:01     MISSIONS  START
18:09:01     
18:09:01     SUBMISSION 12 starting
18:09:01     
18:09:01     test
18:09:01     mission start
18:09:01     presearcing
18:09:02     there is about 54500000 page in result
18:09:02     presearcing end
18:09:02     start searching
18:09:02     searching 1 page
18:09:02     searching 2 page
18:09:03     searching 3 page
18:09:04     searching 4 page
18:09:05     searching 5 page
18:09:06     end searcing
18:09:06     4
18:09:06     12 OK
18:09:06     
18:09:06     SUBMISSION 1333 starting
18:09:06     
18:09:06     123123
18:09:06     mission start
18:09:06     presearcing
18:09:07     there is about 1260000 page in result
18:09:07     presearcing end
18:09:07     start searching
18:09:07     searching 1 page
18:09:08     searching 2 page
18:09:09     searching 3 page
18:09:10     searching 4 page
18:09:11     searching 5 page
18:09:12     end searcing
18:09:12     4
18:09:12     1333 OK
18:09:12     
18:09:12     SUBMISSION 33 starting
18:09:12     
18:09:12     demo
18:09:12     mission start
18:09:12     presearcing
18:09:13     there is about 90700000 page in result
18:09:13     presearcing end
18:09:13     start searching
18:09:13     searching 1 page
18:09:13     searching 2 page
18:09:14     searching 3 page
18:09:15     searching 4 page
18:09:16     searching 5 page
18:09:17     end searcing
18:09:17     4
18:09:17     33 OK
18:09:17     
18:09:17     SUBMISSION 1335 starting
18:09:17     
18:09:17     123123
18:09:17     mission start
18:09:17     presearcing
18:09:18     there is about 1260000 page in result
18:09:18     presearcing end
18:09:18     start searching
18:09:18     searching 1 page
18:09:19     searching 2 page
18:09:20     searching 3 page
18:09:21     searching 4 page
18:09:22     searching 5 page
18:09:23     end searcing
18:09:23     4
18:09:23     1335 OK
18:09:23     
18:09:23     SUBMISSION 1342 starting
18:09:23     
18:09:23     demo
18:09:23     mission start
18:09:23     presearcing
18:09:24     there is about 90700000 page in result
18:09:24     presearcing end
18:09:24     start searching
18:09:24     searching 1 page
18:09:24     searching 2 page
18:09:25     searching 3 page
18:09:26     searching 4 page
18:09:27     searching 5 page
18:09:28     end searcing
18:09:28     4
18:09:28     1342 OK
18:09:28     
