17:50:01     There is 5  missions to process
17:50:01     INSERTED: 0
17:50:01     UPDATED: 0
17:50:01     REBUILD: 0
17:50:01     
17:50:01     MISSIONS  START
17:50:01     
17:50:01     SUBMISSION 12 starting
17:50:01     
17:50:01     test
17:50:01     mission start
17:50:01     presearcing
17:50:01     there is about 54500000 page in result
17:50:01     presearcing end
17:50:01     start searching
17:50:01     searching 1 page
17:50:02     searching 2 page
17:50:03     searching 3 page
17:50:04     searching 4 page
17:50:05     searching 5 page
17:50:06     end searcing
17:50:06     4
17:50:06     12 OK
17:50:06     
17:50:06     SUBMISSION 1333 starting
17:50:06     
17:50:06     123123
17:50:06     mission start
17:50:06     presearcing
17:50:07     there is about 1260000 page in result
17:50:07     presearcing end
17:50:07     start searching
17:50:07     searching 1 page
17:50:08     searching 2 page
17:50:09     searching 3 page
17:50:10     searching 4 page
17:50:10     searching 5 page
17:50:12     end searcing
17:50:12     4
17:50:12     1333 OK
17:50:12     
17:50:12     SUBMISSION 33 starting
17:50:12     
17:50:12     demo
17:50:12     mission start
17:50:12     presearcing
17:50:12     there is about 90700000 page in result
17:50:12     presearcing end
17:50:12     start searching
17:50:12     searching 1 page
17:50:13     searching 2 page
17:50:14     searching 3 page
17:50:15     searching 4 page
17:50:16     searching 5 page
17:50:17     end searcing
17:50:17     4
17:50:17     33 OK
17:50:17     
17:50:17     SUBMISSION 1335 starting
17:50:17     
17:50:17     123123
17:50:17     mission start
17:50:17     presearcing
17:50:18     there is about 1260000 page in result
17:50:18     presearcing end
17:50:18     start searching
17:50:18     searching 1 page
17:50:18     searching 2 page
17:50:19     searching 3 page
17:50:21     searching 4 page
17:50:22     searching 5 page
17:50:24     end searcing
17:50:24     4
17:50:24     1335 OK
17:50:24     
17:50:24     SUBMISSION 1342 starting
17:50:24     
17:50:24     demo
17:50:24     mission start
17:50:24     presearcing
17:50:28     there is about 90700000 page in result
17:50:28     presearcing end
17:50:28     start searching
17:50:28     searching 1 page
17:50:32     searching 2 page
17:50:34     searching 3 page
17:50:38     searching 4 page
17:50:40     searching 5 page
17:50:42     end searcing
17:50:42     4
17:50:42     1342 OK
17:50:42     
