16:58:01     There is 5  missions to process
16:58:01     INSERTED: 0
16:58:01     UPDATED: 0
16:58:01     REBUILD: 0
16:58:01     
16:58:01     MISSIONS  START
16:58:01     
16:58:01     SUBMISSION 12 starting
16:58:01     
16:58:01     test
16:58:01     mission start
16:58:01     presearcing
16:58:02     there is about 313000000 page in result
16:58:02     presearcing end
16:58:02     start searching
16:58:02     searching 1 page
16:58:03     searching 2 page
16:58:04     searching 3 page
16:58:05     searching 4 page
16:58:06     searching 5 page
16:58:07     end searcing
16:58:07     4
16:58:07     12 OK
16:58:07     
16:58:07     SUBMISSION 1333 starting
16:58:07     
16:58:07     123123
16:58:07     mission start
16:58:07     presearcing
16:58:07     there is about 1260000 page in result
16:58:07     presearcing end
16:58:07     start searching
16:58:07     searching 1 page
16:58:08     searching 2 page
16:58:09     searching 3 page
16:58:10     searching 4 page
16:58:11     searching 5 page
16:58:12     end searcing
16:58:12     4
16:58:12     1333 OK
16:58:12     
16:58:12     SUBMISSION 33 starting
16:58:12     
16:58:12     demo
16:58:12     mission start
16:58:12     presearcing
16:58:13     there is about 90800000 page in result
16:58:13     presearcing end
16:58:13     start searching
16:58:13     searching 1 page
16:58:14     searching 2 page
16:58:15     searching 3 page
16:58:16     searching 4 page
16:58:17     searching 5 page
16:58:18     end searcing
16:58:18     4
16:58:18     33 OK
16:58:18     
16:58:18     SUBMISSION 1335 starting
16:58:18     
16:58:18     xcvxcvxvc
16:58:18     mission start
16:58:18     presearcing
16:58:19     there is about 491 page in result
16:58:19     presearcing end
16:58:19     start searching
16:58:19     searching 1 page
16:58:20     searching 2 page
16:58:22     searching 3 page
16:58:23     searching 4 page
16:58:24     searching 5 page
16:58:25     end searcing
16:58:25     4
16:58:25     1335 OK
16:58:25     
16:58:25     SUBMISSION 1342 starting
16:58:25     
16:58:25     demo
16:58:25     mission start
16:58:25     presearcing
16:58:26     there is about 90800000 page in result
16:58:26     presearcing end
16:58:26     start searching
16:58:26     searching 1 page
16:58:27     searching 2 page
16:58:28     searching 3 page
16:58:29     searching 4 page
16:58:30     searching 5 page
16:58:31     end searcing
16:58:31     4
16:58:31     1342 OK
16:58:31     
