17:40:01     There is 5  missions to process
17:40:01     INSERTED: 0
17:40:01     UPDATED: 0
17:40:01     REBUILD: 0
17:40:01     
17:40:01     MISSIONS  START
17:40:01     
17:40:01     SUBMISSION 12 starting
17:40:01     
17:40:01     test
17:40:01     mission start
17:40:01     presearcing
17:40:02     there is about 54500000 page in result
17:40:02     presearcing end
17:40:02     start searching
17:40:02     searching 1 page
17:40:02     searching 2 page
17:40:03     searching 3 page
17:40:04     searching 4 page
17:40:05     searching 5 page
17:40:06     end searcing
17:40:06     4
17:40:06     12 OK
17:40:06     
17:40:06     SUBMISSION 1333 starting
17:40:06     
17:40:06     123123
17:40:06     mission start
17:40:06     presearcing
17:40:09     there is about 1260000 page in result
17:40:09     presearcing end
17:40:09     start searching
17:40:09     searching 1 page
17:40:13     searching 2 page
17:40:17     searching 3 page
17:40:19     searching 4 page
17:40:21     searching 5 page
17:40:21     end searcing
17:40:21     4
17:40:21     1333 OK
17:40:21     
17:40:21     SUBMISSION 33 starting
17:40:21     
17:40:21     demo
17:40:21     mission start
17:40:21     presearcing
17:40:22     there is about 90700000 page in result
17:40:22     presearcing end
17:40:22     start searching
17:40:22     searching 1 page
17:40:23     searching 2 page
17:40:25     searching 3 page
17:40:26     searching 4 page
17:40:27     searching 5 page
17:40:28     end searcing
17:40:28     4
17:40:28     33 OK
17:40:28     
17:40:28     SUBMISSION 1335 starting
17:40:28     
17:40:28     123123
17:40:28     mission start
17:40:28     presearcing
17:40:29     there is about 1260000 page in result
17:40:29     presearcing end
17:40:29     start searching
17:40:29     searching 1 page
17:40:30     searching 2 page
17:40:31     searching 3 page
17:40:32     searching 4 page
17:40:34     searching 5 page
17:40:35     end searcing
17:40:35     4
17:40:35     1335 OK
17:40:35     
17:40:35     SUBMISSION 1342 starting
17:40:35     
17:40:35     demo
17:40:35     mission start
17:40:35     presearcing
17:40:36     there is about 90700000 page in result
17:40:36     presearcing end
17:40:36     start searching
17:40:36     searching 1 page
17:40:37     searching 2 page
17:40:38     searching 3 page
17:40:39     searching 4 page
17:40:39     searching 5 page
17:40:40     end searcing
17:40:40     4
17:40:40     1342 OK
17:40:40     
