08:34:01     There is 5  missions to process
08:34:01     INSERTED: 0
08:34:01     UPDATED: 0
08:34:01     REBUILD: 0
08:34:01     
08:34:01     MISSIONS  START
08:34:01     
08:34:01     SUBMISSION 12 starting
08:34:01     
08:34:01     test
08:34:01     mission start
08:34:01     presearcing
08:34:02     there is about 54500000 page in result
08:34:02     presearcing end
08:34:02     start searching
08:34:02     searching 1 page
08:34:03     searching 2 page
08:34:03     searching 3 page
08:34:04     searching 4 page
08:34:05     searching 5 page
08:34:06     end searcing
08:34:06     4
08:34:06     12 OK
08:34:06     
08:34:06     SUBMISSION 1333 starting
08:34:06     
08:34:06     123123
08:34:06     mission start
08:34:06     presearcing
08:34:07     there is about 1260000 page in result
08:34:07     presearcing end
08:34:07     start searching
08:34:07     searching 1 page
08:34:07     searching 2 page
08:34:08     searching 3 page
08:34:09     searching 4 page
08:34:10     searching 5 page
08:34:11     end searcing
08:34:11     4
08:34:11     1333 OK
08:34:11     
08:34:11     SUBMISSION 33 starting
08:34:11     
08:34:11     demo
08:34:11     mission start
08:34:11     presearcing
08:34:11     there is about 90700000 page in result
08:34:11     presearcing end
08:34:11     start searching
08:34:11     searching 1 page
08:34:12     searching 2 page
08:34:13     searching 3 page
08:34:14     searching 4 page
08:34:15     searching 5 page
08:34:15     end searcing
08:34:15     4
08:34:15     33 OK
08:34:15     
08:34:15     SUBMISSION 1335 starting
08:34:15     
08:34:15     123123
08:34:15     mission start
08:34:15     presearcing
08:34:16     there is about 1260000 page in result
08:34:16     presearcing end
08:34:16     start searching
08:34:16     searching 1 page
08:34:17     searching 2 page
08:34:18     searching 3 page
08:34:19     searching 4 page
08:34:19     searching 5 page
08:34:20     end searcing
08:34:20     4
08:34:20     1335 OK
08:34:20     
08:34:20     SUBMISSION 1342 starting
08:34:20     
08:34:20     there is a process running
08:34:20     1342 FAIED
08:34:20     
