09:55:01     There is 5  missions to process
09:55:01     INSERTED: 0
09:55:01     UPDATED: 0
09:55:01     REBUILD: 0
09:55:01     
09:55:01     MISSIONS  START
09:55:01     
09:55:01     SUBMISSION 12 starting
09:55:01     
09:55:01     test
09:55:01     mission start
09:55:01     presearcing
09:55:04     there is about 54500000 page in result
09:55:04     presearcing end
09:55:04     start searching
09:55:04     searching 1 page
09:55:05     searching 2 page
09:55:06     searching 3 page
09:55:07     searching 4 page
09:55:09     searching 5 page
09:55:10     end searcing
09:55:10     4
09:55:10     12 OK
09:55:10     
09:55:10     SUBMISSION 1333 starting
09:55:10     
09:55:10     123123
09:55:10     mission start
09:55:10     presearcing
09:55:11     there is about 1260000 page in result
09:55:11     presearcing end
09:55:11     start searching
09:55:11     searching 1 page
09:55:11     searching 2 page
09:55:13     searching 3 page
09:55:13     searching 4 page
09:55:14     searching 5 page
09:55:15     end searcing
09:55:15     4
09:55:15     1333 OK
09:55:15     
09:55:15     SUBMISSION 33 starting
09:55:15     
09:55:15     demo
09:55:15     mission start
09:55:15     presearcing
09:55:16     there is about 90700000 page in result
09:55:16     presearcing end
09:55:16     start searching
09:55:16     searching 1 page
09:55:17     searching 2 page
09:55:18     searching 3 page
09:55:19     searching 4 page
09:55:21     searching 5 page
09:55:22     end searcing
09:55:22     4
09:55:22     33 OK
09:55:22     
09:55:22     SUBMISSION 1335 starting
09:55:22     
09:55:22     123123
09:55:22     mission start
09:55:22     presearcing
09:55:23     there is about 1260000 page in result
09:55:23     presearcing end
09:55:23     start searching
09:55:23     searching 1 page
09:55:24     searching 2 page
09:55:25     searching 3 page
09:55:27     searching 4 page
09:55:29     searching 5 page
09:55:31     end searcing
09:55:31     4
09:55:31     1335 OK
09:55:31     
09:55:31     SUBMISSION 1342 starting
09:55:31     
09:55:31     there is a process running
09:55:31     1342 FAIED
09:55:31     
