17:14:01     There is 5  missions to process
17:14:01     INSERTED: 0
17:14:01     UPDATED: 0
17:14:01     REBUILD: 0
17:14:01     
17:14:01     MISSIONS  START
17:14:01     
17:14:01     SUBMISSION 12 starting
17:14:01     
17:14:01     test
17:14:01     mission start
17:14:01     presearcing
17:14:02     there is about 54500000 page in result
17:14:02     presearcing end
17:14:02     start searching
17:14:02     searching 1 page
17:14:03     searching 2 page
17:14:04     searching 3 page
17:14:05     searching 4 page
17:14:06     searching 5 page
17:14:07     end searcing
17:14:07     4
17:14:07     12 OK
17:14:07     
17:14:07     SUBMISSION 1333 starting
17:14:07     
17:14:07     123123
17:14:07     mission start
17:14:07     presearcing
17:14:07     there is about 1260000 page in result
17:14:07     presearcing end
17:14:07     start searching
17:14:07     searching 1 page
17:14:08     searching 2 page
17:14:09     searching 3 page
17:14:10     searching 4 page
17:14:11     searching 5 page
17:14:12     end searcing
17:14:12     4
17:14:12     1333 OK
17:14:12     
17:14:12     SUBMISSION 33 starting
17:14:12     
17:14:12     demo
17:14:12     mission start
17:14:12     presearcing
17:14:13     there is about 90700000 page in result
17:14:13     presearcing end
17:14:13     start searching
17:14:13     searching 1 page
17:14:14     searching 2 page
17:14:15     searching 3 page
17:14:16     searching 4 page
17:14:17     searching 5 page
17:14:18     end searcing
17:14:18     4
17:14:18     33 OK
17:14:18     
17:14:18     SUBMISSION 1335 starting
17:14:18     
17:14:18     xcvxcvxvc
17:14:18     mission start
17:14:18     presearcing
17:14:19     there is about 491 page in result
17:14:19     presearcing end
17:14:19     start searching
17:14:19     searching 1 page
17:14:19     searching 2 page
17:14:20     searching 3 page
17:14:22     searching 4 page
17:14:28     searching 5 page
17:14:35     end searcing
17:14:35     4
17:14:35     1335 OK
17:14:35     
17:14:35     SUBMISSION 1342 starting
17:14:35     
17:14:35     demo
17:14:35     mission start
17:14:35     presearcing
17:14:38     there is about 90700000 page in result
17:14:38     presearcing end
17:14:38     start searching
17:14:38     searching 1 page
17:14:39     searching 2 page
17:14:41     searching 3 page
17:14:42     searching 4 page
17:14:43     searching 5 page
17:14:44     end searcing
17:14:44     4
17:14:44     1342 OK
17:14:44     
