17:44:01     There is 5  missions to process
17:44:01     INSERTED: 0
17:44:01     UPDATED: 0
17:44:01     REBUILD: 0
17:44:01     
17:44:01     MISSIONS  START
17:44:01     
17:44:01     SUBMISSION 12 starting
17:44:01     
17:44:01     test
17:44:01     mission start
17:44:01     presearcing
17:44:02     there is about 54500000 page in result
17:44:02     presearcing end
17:44:02     start searching
17:44:02     searching 1 page
17:44:03     searching 2 page
17:44:04     searching 3 page
17:44:05     searching 4 page
17:44:06     searching 5 page
17:44:08     end searcing
17:44:08     4
17:44:08     12 OK
17:44:08     
17:44:08     SUBMISSION 1333 starting
17:44:08     
17:44:08     123123
17:44:08     mission start
17:44:08     presearcing
17:44:09     there is about 1260000 page in result
17:44:09     presearcing end
17:44:09     start searching
17:44:09     searching 1 page
17:44:10     searching 2 page
17:44:11     searching 3 page
17:44:12     searching 4 page
17:44:13     searching 5 page
17:44:14     end searcing
17:44:14     4
17:44:14     1333 OK
17:44:14     
17:44:14     SUBMISSION 33 starting
17:44:14     
17:44:14     demo
17:44:14     mission start
17:44:14     presearcing
17:44:15     there is about 90700000 page in result
17:44:15     presearcing end
17:44:15     start searching
17:44:15     searching 1 page
17:44:15     searching 2 page
17:44:16     searching 3 page
17:44:17     searching 4 page
17:44:18     searching 5 page
17:44:19     end searcing
17:44:19     4
17:44:19     33 OK
17:44:19     
17:44:19     SUBMISSION 1335 starting
17:44:19     
17:44:19     123123
17:44:19     mission start
17:44:19     presearcing
17:44:20     there is about 1260000 page in result
17:44:20     presearcing end
17:44:20     start searching
17:44:20     searching 1 page
17:44:20     searching 2 page
17:44:21     searching 3 page
17:44:22     searching 4 page
17:44:23     searching 5 page
17:44:24     end searcing
17:44:24     4
17:44:24     1335 OK
17:44:24     
17:44:24     SUBMISSION 1342 starting
17:44:24     
17:44:24     demo
17:44:24     mission start
17:44:24     presearcing
17:44:25     there is about 90700000 page in result
17:44:25     presearcing end
17:44:25     start searching
17:44:25     searching 1 page
17:44:26     searching 2 page
17:44:27     searching 3 page
17:44:28     searching 4 page
17:44:29     searching 5 page
17:44:30     end searcing
17:44:30     4
17:44:30     1342 OK
17:44:30     
