18:25:01     There is 5  missions to process
18:25:01     INSERTED: 0
18:25:01     UPDATED: 0
18:25:01     REBUILD: 0
18:25:01     
18:25:01     MISSIONS  START
18:25:01     
18:25:01     SUBMISSION 12 starting
18:25:01     
18:25:01     test
18:25:01     mission start
18:25:01     presearcing
18:25:02     there is about 54500000 page in result
18:25:02     presearcing end
18:25:02     start searching
18:25:02     searching 1 page
18:25:04     searching 2 page
18:25:04     searching 3 page
18:25:05     searching 4 page
18:25:06     searching 5 page
18:25:07     end searcing
18:25:07     4
18:25:07     12 OK
18:25:07     
18:25:07     SUBMISSION 1333 starting
18:25:07     
18:25:07     123123
18:25:07     mission start
18:25:07     presearcing
18:25:08     there is about 1260000 page in result
18:25:08     presearcing end
18:25:08     start searching
18:25:08     searching 1 page
18:25:09     searching 2 page
18:25:11     searching 3 page
18:25:12     searching 4 page
18:25:13     searching 5 page
18:25:14     end searcing
18:25:14     4
18:25:14     1333 OK
18:25:14     
18:25:14     SUBMISSION 33 starting
18:25:14     
18:25:14     demo
18:25:14     mission start
18:25:14     presearcing
18:25:15     there is about 90700000 page in result
18:25:15     presearcing end
18:25:15     start searching
18:25:15     searching 1 page
18:25:16     searching 2 page
18:25:17     searching 3 page
18:25:18     searching 4 page
18:25:19     searching 5 page
18:25:20     end searcing
18:25:20     4
18:25:20     33 OK
18:25:20     
18:25:20     SUBMISSION 1335 starting
18:25:20     
18:25:20     123123
18:25:20     mission start
18:25:20     presearcing
18:25:21     there is about 1260000 page in result
18:25:21     presearcing end
18:25:21     start searching
18:25:21     searching 1 page
18:25:22     searching 2 page
18:25:23     searching 3 page
18:25:24     searching 4 page
18:25:25     searching 5 page
18:25:26     end searcing
18:25:26     4
18:25:26     1335 OK
18:25:26     
18:25:26     SUBMISSION 1342 starting
18:25:26     
18:25:26     demo
18:25:26     mission start
18:25:26     presearcing
18:25:27     there is about 90500000 page in result
18:25:27     presearcing end
18:25:27     start searching
18:25:27     searching 1 page
18:25:28     searching 2 page
18:25:29     searching 3 page
18:25:30     searching 4 page
18:25:31     searching 5 page
18:25:32     end searcing
18:25:32     4
18:25:32     1342 OK
18:25:32     
