18:03:01     There is 5  missions to process
18:03:01     INSERTED: 0
18:03:01     UPDATED: 0
18:03:01     REBUILD: 0
18:03:01     
18:03:01     MISSIONS  START
18:03:01     
18:03:01     SUBMISSION 12 starting
18:03:01     
18:03:01     test
18:03:01     mission start
18:03:01     presearcing
18:03:02     there is about 54500000 page in result
18:03:02     presearcing end
18:03:02     start searching
18:03:02     searching 1 page
18:03:03     searching 2 page
18:03:04     searching 3 page
18:03:05     searching 4 page
18:03:05     searching 5 page
18:03:06     end searcing
18:03:06     4
18:03:06     12 OK
18:03:06     
18:03:06     SUBMISSION 1333 starting
18:03:06     
18:03:06     123123
18:03:06     mission start
18:03:06     presearcing
18:03:07     there is about 1260000 page in result
18:03:07     presearcing end
18:03:07     start searching
18:03:07     searching 1 page
18:03:08     searching 2 page
18:03:09     searching 3 page
18:03:10     searching 4 page
18:03:11     searching 5 page
18:03:12     end searcing
18:03:12     4
18:03:12     1333 OK
18:03:12     
18:03:12     SUBMISSION 33 starting
18:03:12     
18:03:12     demo
18:03:12     mission start
18:03:12     presearcing
18:03:13     there is about 90700000 page in result
18:03:13     presearcing end
18:03:13     start searching
18:03:13     searching 1 page
18:03:14     searching 2 page
18:03:15     searching 3 page
18:03:16     searching 4 page
18:03:17     searching 5 page
18:03:18     end searcing
18:03:18     4
18:03:18     33 OK
18:03:18     
18:03:18     SUBMISSION 1335 starting
18:03:18     
18:03:18     123123
18:03:18     mission start
18:03:18     presearcing
18:03:19     there is about 1260000 page in result
18:03:19     presearcing end
18:03:19     start searching
18:03:19     searching 1 page
18:03:20     searching 2 page
18:03:21     searching 3 page
18:03:22     searching 4 page
18:03:23     searching 5 page
18:03:23     end searcing
18:03:23     4
18:03:23     1335 OK
18:03:23     
18:03:23     SUBMISSION 1342 starting
18:03:23     
18:03:23     demo
18:03:23     mission start
18:03:23     presearcing
18:03:24     there is about 90700000 page in result
18:03:24     presearcing end
18:03:24     start searching
18:03:24     searching 1 page
18:03:25     searching 2 page
18:03:26     searching 3 page
18:03:27     searching 4 page
18:03:28     searching 5 page
18:03:28     end searcing
18:03:28     4
18:03:28     1342 OK
18:03:28     
