16:55:01     There is 5  missions to process
16:55:01     INSERTED: 0
16:55:01     UPDATED: 0
16:55:01     REBUILD: 0
16:55:01     
16:55:01     MISSIONS  START
16:55:01     
16:55:01     SUBMISSION 12 starting
16:55:01     
16:55:01     test
16:55:01     mission start
16:55:01     presearcing
16:55:02     there is about 313000000 page in result
16:55:02     presearcing end
16:55:02     start searching
16:55:02     searching 1 page
16:55:03     searching 2 page
16:55:04     searching 3 page
16:55:04     searching 4 page
16:55:05     searching 5 page
16:55:06     end searcing
16:55:06     4
16:55:06     12 OK
16:55:06     
16:55:06     SUBMISSION 1333 starting
16:55:06     
16:55:06     123123
16:55:06     mission start
16:55:06     presearcing
16:55:07     there is about 1260000 page in result
16:55:07     presearcing end
16:55:07     start searching
16:55:07     searching 1 page
16:55:08     searching 2 page
16:55:09     searching 3 page
16:55:10     searching 4 page
16:55:11     searching 5 page
16:55:12     end searcing
16:55:12     4
16:55:12     1333 OK
16:55:12     
16:55:12     SUBMISSION 33 starting
16:55:12     
16:55:12     demo
16:55:12     mission start
16:55:12     presearcing
16:55:13     there is about 90800000 page in result
16:55:13     presearcing end
16:55:13     start searching
16:55:13     searching 1 page
16:55:14     searching 2 page
16:55:15     searching 3 page
16:55:16     searching 4 page
16:55:17     searching 5 page
16:55:18     end searcing
16:55:18     4
16:55:18     33 OK
16:55:18     
16:55:18     SUBMISSION 1335 starting
16:55:18     
16:55:18     xcvxcvxvc
16:55:18     mission start
16:55:18     presearcing
16:55:19     there is about 491 page in result
16:55:19     presearcing end
16:55:19     start searching
16:55:19     searching 1 page
16:55:20     searching 2 page
16:55:21     searching 3 page
16:55:22     searching 4 page
16:55:24     searching 5 page
16:55:25     end searcing
16:55:25     4
16:55:25     1335 OK
16:55:25     
16:55:25     SUBMISSION 1342 starting
16:55:25     
16:55:25     demo
16:55:25     mission start
16:55:25     presearcing
16:55:26     there is about 90800000 page in result
16:55:26     presearcing end
16:55:26     start searching
16:55:26     searching 1 page
16:55:27     searching 2 page
16:55:28     searching 3 page
16:55:29     searching 4 page
16:55:30     searching 5 page
16:55:31     end searcing
16:55:31     4
16:55:31     1342 OK
16:55:31     
