08:50:01     There is 5  missions to process
08:50:01     INSERTED: 0
08:50:01     UPDATED: 0
08:50:01     REBUILD: 0
08:50:01     
08:50:01     MISSIONS  START
08:50:01     
08:50:01     SUBMISSION 12 starting
08:50:01     
08:50:01     test
08:50:01     mission start
08:50:01     presearcing
08:50:02     there is about 54500000 page in result
08:50:02     presearcing end
08:50:02     start searching
08:50:02     searching 1 page
08:50:03     searching 2 page
08:50:04     searching 3 page
08:50:04     searching 4 page
08:50:05     searching 5 page
08:50:06     end searcing
08:50:06     4
08:50:06     12 OK
08:50:06     
08:50:06     SUBMISSION 1333 starting
08:50:06     
08:50:06     123123
08:50:06     mission start
08:50:06     presearcing
08:50:07     there is about 1260000 page in result
08:50:07     presearcing end
08:50:07     start searching
08:50:07     searching 1 page
08:50:07     searching 2 page
08:50:08     searching 3 page
08:50:09     searching 4 page
08:50:10     searching 5 page
08:50:11     end searcing
08:50:11     4
08:50:11     1333 OK
08:50:11     
08:50:11     SUBMISSION 33 starting
08:50:11     
08:50:11     demo
08:50:11     mission start
08:50:11     presearcing
08:50:11     there is about 90700000 page in result
08:50:11     presearcing end
08:50:11     start searching
08:50:11     searching 1 page
08:50:12     searching 2 page
08:50:13     searching 3 page
08:50:14     searching 4 page
08:50:15     searching 5 page
08:50:15     end searcing
08:50:15     4
08:50:15     33 OK
08:50:15     
08:50:15     SUBMISSION 1335 starting
08:50:15     
08:50:15     123123
08:50:15     mission start
08:50:15     presearcing
08:50:16     there is about 1260000 page in result
08:50:16     presearcing end
08:50:16     start searching
08:50:16     searching 1 page
08:50:17     searching 2 page
08:50:18     searching 3 page
08:50:19     searching 4 page
08:50:19     searching 5 page
08:50:20     end searcing
08:50:20     4
08:50:20     1335 OK
08:50:20     
08:50:20     SUBMISSION 1342 starting
08:50:20     
08:50:20     there is a process running
08:50:20     1342 FAIED
08:50:20     
