09:44:01     There is 5  missions to process
09:44:01     INSERTED: 0
09:44:01     UPDATED: 0
09:44:01     REBUILD: 0
09:44:01     
09:44:01     MISSIONS  START
09:44:01     
09:44:01     SUBMISSION 12 starting
09:44:01     
09:44:01     test
09:44:01     mission start
09:44:01     presearcing
09:44:02     there is about 54500000 page in result
09:44:02     presearcing end
09:44:02     start searching
09:44:02     searching 1 page
09:44:03     searching 2 page
09:44:03     searching 3 page
09:44:04     searching 4 page
09:44:05     searching 5 page
09:44:06     end searcing
09:44:06     4
09:44:06     12 OK
09:44:06     
09:44:06     SUBMISSION 1333 starting
09:44:06     
09:44:06     123123
09:44:06     mission start
09:44:06     presearcing
09:44:07     there is about 1260000 page in result
09:44:07     presearcing end
09:44:07     start searching
09:44:07     searching 1 page
09:44:08     searching 2 page
09:44:09     searching 3 page
09:44:10     searching 4 page
09:44:12     searching 5 page
09:44:14     end searcing
09:44:14     4
09:44:14     1333 OK
09:44:14     
09:44:14     SUBMISSION 33 starting
09:44:14     
09:44:14     demo
09:44:14     mission start
09:44:14     presearcing
09:44:16     there is about 90700000 page in result
09:44:16     presearcing end
09:44:16     start searching
09:44:16     searching 1 page
09:44:17     searching 2 page
09:44:18     searching 3 page
09:44:20     searching 4 page
09:44:21     searching 5 page
09:44:22     end searcing
09:44:22     4
09:44:22     33 OK
09:44:22     
09:44:22     SUBMISSION 1335 starting
09:44:22     
09:44:22     123123
09:44:22     mission start
09:44:22     presearcing
09:44:24     there is about 1260000 page in result
09:44:24     presearcing end
09:44:24     start searching
09:44:24     searching 1 page
09:44:26     searching 2 page
09:44:28     searching 3 page
09:44:30     searching 4 page
09:44:31     searching 5 page
09:44:31     end searcing
09:44:31     4
09:44:31     1335 OK
09:44:31     
09:44:31     SUBMISSION 1342 starting
09:44:31     
09:44:31     there is a process running
09:44:31     1342 FAIED
09:44:31     
