18:27:01     There is 5  missions to process
18:27:01     INSERTED: 0
18:27:01     UPDATED: 0
18:27:01     REBUILD: 0
18:27:01     
18:27:01     MISSIONS  START
18:27:01     
18:27:01     SUBMISSION 12 starting
18:27:01     
18:27:01     test
18:27:01     mission start
18:27:01     presearcing
18:27:01     there is about 54500000 page in result
18:27:01     presearcing end
18:27:01     start searching
18:27:01     searching 1 page
18:27:02     searching 2 page
18:27:03     searching 3 page
18:27:04     searching 4 page
18:27:05     searching 5 page
18:27:06     end searcing
18:27:06     4
18:27:06     12 OK
18:27:06     
18:27:06     SUBMISSION 1333 starting
18:27:06     
18:27:06     123123
18:27:06     mission start
18:27:06     presearcing
18:27:07     there is about 1260000 page in result
18:27:07     presearcing end
18:27:07     start searching
18:27:07     searching 1 page
18:27:08     searching 2 page
18:27:09     searching 3 page
18:27:10     searching 4 page
18:27:11     searching 5 page
18:27:12     end searcing
18:27:12     4
18:27:12     1333 OK
18:27:12     
18:27:12     SUBMISSION 33 starting
18:27:12     
18:27:12     demo
18:27:12     mission start
18:27:12     presearcing
18:27:13     there is about 90700000 page in result
18:27:13     presearcing end
18:27:13     start searching
18:27:13     searching 1 page
18:27:14     searching 2 page
18:27:15     searching 3 page
18:27:16     searching 4 page
18:27:17     searching 5 page
18:27:18     end searcing
18:27:18     4
18:27:18     33 OK
18:27:18     
18:27:18     SUBMISSION 1335 starting
18:27:18     
18:27:18     123123
18:27:18     mission start
18:27:18     presearcing
18:27:18     there is about 1260000 page in result
18:27:18     presearcing end
18:27:18     start searching
18:27:18     searching 1 page
18:27:20     searching 2 page
18:27:21     searching 3 page
18:27:22     searching 4 page
18:27:23     searching 5 page
18:27:24     end searcing
18:27:24     4
18:27:24     1335 OK
18:27:24     
18:27:24     SUBMISSION 1342 starting
18:27:24     
18:27:24     demo
18:27:24     mission start
18:27:24     presearcing
18:27:25     there is about 90700000 page in result
18:27:25     presearcing end
18:27:25     start searching
18:27:25     searching 1 page
18:27:26     searching 2 page
18:27:27     searching 3 page
18:27:27     searching 4 page
18:27:28     searching 5 page
18:27:29     end searcing
18:27:29     4
18:27:29     1342 OK
18:27:29     
