18:20:01     There is 5  missions to process
18:20:01     INSERTED: 0
18:20:01     UPDATED: 0
18:20:01     REBUILD: 0
18:20:01     
18:20:01     MISSIONS  START
18:20:01     
18:20:01     SUBMISSION 12 starting
18:20:01     
18:20:01     test
18:20:01     mission start
18:20:01     presearcing
18:20:02     there is about 54500000 page in result
18:20:02     presearcing end
18:20:02     start searching
18:20:02     searching 1 page
18:20:03     searching 2 page
18:20:05     searching 3 page
18:20:06     searching 4 page
18:20:07     searching 5 page
18:20:08     end searcing
18:20:08     4
18:20:08     12 OK
18:20:08     
18:20:08     SUBMISSION 1333 starting
18:20:08     
18:20:08     123123
18:20:08     mission start
18:20:08     presearcing
18:20:09     there is about 1260000 page in result
18:20:09     presearcing end
18:20:09     start searching
18:20:09     searching 1 page
18:20:10     searching 2 page
18:20:11     searching 3 page
18:20:15     searching 4 page
18:20:16     searching 5 page
18:20:17     end searcing
18:20:17     4
18:20:17     1333 OK
18:20:17     
18:20:17     SUBMISSION 33 starting
18:20:17     
18:20:17     demo
18:20:17     mission start
18:20:17     presearcing
18:20:18     there is about 90700000 page in result
18:20:18     presearcing end
18:20:18     start searching
18:20:18     searching 1 page
18:20:19     searching 2 page
18:20:20     searching 3 page
18:20:21     searching 4 page
18:20:22     searching 5 page
18:20:23     end searcing
18:20:23     4
18:20:23     33 OK
18:20:23     
18:20:23     SUBMISSION 1335 starting
18:20:23     
18:20:23     123123
18:20:23     mission start
18:20:23     presearcing
18:20:24     there is about 1260000 page in result
18:20:24     presearcing end
18:20:24     start searching
18:20:24     searching 1 page
18:20:28     searching 2 page
18:20:28     searching 3 page
18:20:30     searching 4 page
18:20:34     searching 5 page
18:20:35     end searcing
18:20:35     4
18:20:35     1335 OK
18:20:35     
18:20:35     SUBMISSION 1342 starting
18:20:35     
18:20:35     demo
18:20:35     mission start
18:20:35     presearcing
18:20:36     there is about 90700000 page in result
18:20:36     presearcing end
18:20:36     start searching
18:20:36     searching 1 page
18:20:37     searching 2 page
18:20:38     searching 3 page
18:20:39     searching 4 page
18:20:40     searching 5 page
18:20:41     end searcing
18:20:41     4
18:20:41     1342 OK
18:20:41     
