18:13:01     There is 5  missions to process
18:13:01     INSERTED: 0
18:13:01     UPDATED: 0
18:13:01     REBUILD: 0
18:13:01     
18:13:01     MISSIONS  START
18:13:01     
18:13:01     SUBMISSION 12 starting
18:13:01     
18:13:01     test
18:13:01     mission start
18:13:01     presearcing
18:13:02     there is about 54500000 page in result
18:13:02     presearcing end
18:13:02     start searching
18:13:02     searching 1 page
18:13:03     searching 2 page
18:13:03     searching 3 page
18:13:04     searching 4 page
18:13:05     searching 5 page
18:13:06     end searcing
18:13:06     4
18:13:06     12 OK
18:13:06     
18:13:06     SUBMISSION 1333 starting
18:13:06     
18:13:06     123123
18:13:06     mission start
18:13:06     presearcing
18:13:07     there is about 1260000 page in result
18:13:07     presearcing end
18:13:07     start searching
18:13:07     searching 1 page
18:13:08     searching 2 page
18:13:09     searching 3 page
18:13:10     searching 4 page
18:13:11     searching 5 page
18:13:12     end searcing
18:13:12     4
18:13:12     1333 OK
18:13:12     
18:13:12     SUBMISSION 33 starting
18:13:12     
18:13:12     demo
18:13:12     mission start
18:13:12     presearcing
18:13:13     there is about 90700000 page in result
18:13:13     presearcing end
18:13:13     start searching
18:13:13     searching 1 page
18:13:14     searching 2 page
18:13:15     searching 3 page
18:13:15     searching 4 page
18:13:16     searching 5 page
18:13:17     end searcing
18:13:17     4
18:13:17     33 OK
18:13:17     
18:13:17     SUBMISSION 1335 starting
18:13:17     
18:13:17     123123
18:13:17     mission start
18:13:17     presearcing
18:13:18     there is about 1260000 page in result
18:13:18     presearcing end
18:13:18     start searching
18:13:18     searching 1 page
18:13:19     searching 2 page
18:13:20     searching 3 page
18:13:21     searching 4 page
18:13:22     searching 5 page
18:13:23     end searcing
18:13:23     4
18:13:23     1335 OK
18:13:23     
18:13:23     SUBMISSION 1342 starting
18:13:23     
18:13:23     demo
18:13:23     mission start
18:13:23     presearcing
18:13:23     there is about 90700000 page in result
18:13:23     presearcing end
18:13:23     start searching
18:13:23     searching 1 page
18:13:26     searching 2 page
18:13:27     searching 3 page
18:13:28     searching 4 page
18:13:29     searching 5 page
18:13:30     end searcing
18:13:30     4
18:13:30     1342 OK
18:13:30     
