09:49:01     There is 5  missions to process
09:49:01     INSERTED: 0
09:49:01     UPDATED: 0
09:49:01     REBUILD: 0
09:49:01     
09:49:01     MISSIONS  START
09:49:01     
09:49:01     SUBMISSION 12 starting
09:49:01     
09:49:01     test
09:49:01     mission start
09:49:01     presearcing
09:49:02     there is about 54500000 page in result
09:49:02     presearcing end
09:49:02     start searching
09:49:02     searching 1 page
09:49:03     searching 2 page
09:49:05     searching 3 page
09:49:06     searching 4 page
09:49:08     searching 5 page
09:49:09     end searcing
09:49:09     4
09:49:09     12 OK
09:49:09     
09:49:09     SUBMISSION 1333 starting
09:49:09     
09:49:09     123123
09:49:09     mission start
09:49:09     presearcing
09:49:09     there is about 1260000 page in result
09:49:09     presearcing end
09:49:09     start searching
09:49:09     searching 1 page
09:49:10     searching 2 page
09:49:11     searching 3 page
09:49:12     searching 4 page
09:49:13     searching 5 page
09:49:14     end searcing
09:49:14     4
09:49:14     1333 OK
09:49:14     
09:49:14     SUBMISSION 33 starting
09:49:14     
09:49:14     demo
09:49:14     mission start
09:49:14     presearcing
09:49:16     there is about 90700000 page in result
09:49:16     presearcing end
09:49:16     start searching
09:49:16     searching 1 page
09:49:17     searching 2 page
09:49:19     searching 3 page
09:49:19     searching 4 page
09:49:20     searching 5 page
09:49:21     end searcing
09:49:21     4
09:49:21     33 OK
09:49:21     
09:49:21     SUBMISSION 1335 starting
09:49:21     
09:49:21     123123
09:49:21     mission start
09:49:21     presearcing
09:49:22     there is about 1260000 page in result
09:49:22     presearcing end
09:49:22     start searching
09:49:22     searching 1 page
09:49:23     searching 2 page
09:49:24     searching 3 page
09:49:25     searching 4 page
09:49:25     searching 5 page
09:49:27     end searcing
09:49:27     4
09:49:27     1335 OK
09:49:27     
09:49:27     SUBMISSION 1342 starting
09:49:27     
09:49:27     there is a process running
09:49:27     1342 FAIED
09:49:27     
