18:07:01     There is 5  missions to process
18:07:01     INSERTED: 0
18:07:01     UPDATED: 0
18:07:01     REBUILD: 0
18:07:01     
18:07:01     MISSIONS  START
18:07:01     
18:07:01     SUBMISSION 12 starting
18:07:01     
18:07:01     test
18:07:01     mission start
18:07:01     presearcing
18:07:02     there is about 54500000 page in result
18:07:02     presearcing end
18:07:02     start searching
18:07:02     searching 1 page
18:07:03     searching 2 page
18:07:04     searching 3 page
18:07:05     searching 4 page
18:07:06     searching 5 page
18:07:07     end searcing
18:07:07     4
18:07:07     12 OK
18:07:07     
18:07:07     SUBMISSION 1333 starting
18:07:07     
18:07:07     123123
18:07:07     mission start
18:07:07     presearcing
18:07:07     there is about 1260000 page in result
18:07:07     presearcing end
18:07:07     start searching
18:07:07     searching 1 page
18:07:08     searching 2 page
18:07:09     searching 3 page
18:07:10     searching 4 page
18:07:11     searching 5 page
18:07:12     end searcing
18:07:12     4
18:07:12     1333 OK
18:07:12     
18:07:12     SUBMISSION 33 starting
18:07:12     
18:07:12     demo
18:07:12     mission start
18:07:12     presearcing
18:07:12     there is about 90700000 page in result
18:07:12     presearcing end
18:07:12     start searching
18:07:12     searching 1 page
18:07:13     searching 2 page
18:07:14     searching 3 page
18:07:15     searching 4 page
18:07:16     searching 5 page
18:07:17     end searcing
18:07:17     4
18:07:17     33 OK
18:07:17     
18:07:17     SUBMISSION 1335 starting
18:07:17     
18:07:17     123123
18:07:17     mission start
18:07:17     presearcing
18:07:17     there is about 1260000 page in result
18:07:17     presearcing end
18:07:17     start searching
18:07:17     searching 1 page
18:07:18     searching 2 page
18:07:19     searching 3 page
18:07:20     searching 4 page
18:07:21     searching 5 page
18:07:22     end searcing
18:07:22     4
18:07:22     1335 OK
18:07:22     
18:07:22     SUBMISSION 1342 starting
18:07:22     
18:07:22     demo
18:07:22     mission start
18:07:22     presearcing
18:07:23     there is about 90700000 page in result
18:07:23     presearcing end
18:07:23     start searching
18:07:23     searching 1 page
18:07:24     searching 2 page
18:07:25     searching 3 page
18:07:26     searching 4 page
18:07:26     searching 5 page
18:07:27     end searcing
18:07:27     4
18:07:27     1342 OK
18:07:27     
