09:35:01     There is 5  missions to process
09:35:01     INSERTED: 0
09:35:01     UPDATED: 0
09:35:01     REBUILD: 0
09:35:01     
09:35:01     MISSIONS  START
09:35:01     
09:35:01     SUBMISSION 12 starting
09:35:01     
09:35:01     test
09:35:01     mission start
09:35:01     presearcing
09:35:02     there is about 54500000 page in result
09:35:02     presearcing end
09:35:02     start searching
09:35:02     searching 1 page
09:35:03     searching 2 page
09:35:04     searching 3 page
09:35:05     searching 4 page
09:35:05     searching 5 page
09:35:06     end searcing
09:35:06     4
09:35:06     12 OK
09:35:06     
09:35:06     SUBMISSION 1333 starting
09:35:06     
09:35:06     123123
09:35:06     mission start
09:35:06     presearcing
09:35:07     there is about 1260000 page in result
09:35:07     presearcing end
09:35:07     start searching
09:35:07     searching 1 page
09:35:08     searching 2 page
09:35:09     searching 3 page
09:35:10     searching 4 page
09:35:11     searching 5 page
09:35:11     end searcing
09:35:11     4
09:35:11     1333 OK
09:35:11     
09:35:11     SUBMISSION 33 starting
09:35:11     
09:35:11     demo
09:35:11     mission start
09:35:11     presearcing
09:35:12     there is about 90700000 page in result
09:35:12     presearcing end
09:35:12     start searching
09:35:12     searching 1 page
09:35:13     searching 2 page
09:35:14     searching 3 page
09:35:14     searching 4 page
09:35:15     searching 5 page
09:35:16     end searcing
09:35:16     4
09:35:16     33 OK
09:35:16     
09:35:16     SUBMISSION 1335 starting
09:35:16     
09:35:16     123123
09:35:16     mission start
09:35:16     presearcing
09:35:17     there is about 1260000 page in result
09:35:17     presearcing end
09:35:17     start searching
09:35:17     searching 1 page
09:35:18     searching 2 page
09:35:19     searching 3 page
09:35:19     searching 4 page
09:35:20     searching 5 page
09:35:21     end searcing
09:35:21     4
09:35:21     1335 OK
09:35:21     
09:35:21     SUBMISSION 1342 starting
09:35:21     
09:35:21     there is a process running
09:35:21     1342 FAIED
09:35:21     
