09:26:02     There is 5  missions to process
09:26:02     INSERTED: 0
09:26:02     UPDATED: 0
09:26:02     REBUILD: 0
09:26:02     
09:26:02     MISSIONS  START
09:26:02     
09:26:02     SUBMISSION 12 starting
09:26:02     
09:26:02     test
09:26:02     mission start
09:26:02     presearcing
09:26:02     there is about 54500000 page in result
09:26:02     presearcing end
09:26:02     start searching
09:26:02     searching 1 page
09:26:03     searching 2 page
09:26:04     searching 3 page
09:26:05     searching 4 page
09:26:06     searching 5 page
09:26:06     end searcing
09:26:06     4
09:26:06     12 OK
09:26:06     
09:26:06     SUBMISSION 1333 starting
09:26:06     
09:26:06     123123
09:26:06     mission start
09:26:06     presearcing
09:26:07     there is about 1260000 page in result
09:26:07     presearcing end
09:26:07     start searching
09:26:07     searching 1 page
09:26:08     searching 2 page
09:26:09     searching 3 page
09:26:10     searching 4 page
09:26:11     searching 5 page
09:26:11     end searcing
09:26:11     4
09:26:11     1333 OK
09:26:11     
09:26:11     SUBMISSION 33 starting
09:26:11     
09:26:11     demo
09:26:11     mission start
09:26:11     presearcing
09:26:12     there is about 90700000 page in result
09:26:12     presearcing end
09:26:12     start searching
09:26:12     searching 1 page
09:26:13     searching 2 page
09:26:14     searching 3 page
09:26:15     searching 4 page
09:26:16     searching 5 page
09:26:17     end searcing
09:26:17     4
09:26:17     33 OK
09:26:17     
09:26:17     SUBMISSION 1335 starting
09:26:17     
09:26:17     123123
09:26:17     mission start
09:26:17     presearcing
09:26:18     there is about 1260000 page in result
09:26:18     presearcing end
09:26:18     start searching
09:26:18     searching 1 page
09:26:18     searching 2 page
09:26:19     searching 3 page
09:26:20     searching 4 page
09:26:21     searching 5 page
09:26:22     end searcing
09:26:22     4
09:26:22     1335 OK
09:26:22     
09:26:22     SUBMISSION 1342 starting
09:26:22     
09:26:22     there is a process running
09:26:22     1342 FAIED
09:26:22     
