08:35:01     There is 5  missions to process
08:35:01     INSERTED: 0
08:35:01     UPDATED: 0
08:35:01     REBUILD: 0
08:35:01     
08:35:01     MISSIONS  START
08:35:01     
08:35:01     SUBMISSION 12 starting
08:35:01     
08:35:01     test
08:35:01     mission start
08:35:01     presearcing
08:35:02     there is about 54500000 page in result
08:35:02     presearcing end
08:35:02     start searching
08:35:02     searching 1 page
08:35:03     searching 2 page
08:35:03     searching 3 page
08:35:05     searching 4 page
08:35:05     searching 5 page
08:35:06     end searcing
08:35:06     4
08:35:06     12 OK
08:35:06     
08:35:06     SUBMISSION 1333 starting
08:35:06     
08:35:06     123123
08:35:06     mission start
08:35:06     presearcing
08:35:07     there is about 1260000 page in result
08:35:07     presearcing end
08:35:07     start searching
08:35:07     searching 1 page
08:35:08     searching 2 page
08:35:09     searching 3 page
08:35:09     searching 4 page
08:35:10     searching 5 page
08:35:11     end searcing
08:35:11     4
08:35:11     1333 OK
08:35:11     
08:35:11     SUBMISSION 33 starting
08:35:11     
08:35:11     demo
08:35:11     mission start
08:35:11     presearcing
08:35:12     there is about 90700000 page in result
08:35:12     presearcing end
08:35:12     start searching
08:35:12     searching 1 page
08:35:13     searching 2 page
08:35:13     searching 3 page
08:35:14     searching 4 page
08:35:15     searching 5 page
08:35:16     end searcing
08:35:16     4
08:35:16     33 OK
08:35:16     
08:35:16     SUBMISSION 1335 starting
08:35:16     
08:35:16     123123
08:35:16     mission start
08:35:16     presearcing
08:35:17     there is about 1260000 page in result
08:35:17     presearcing end
08:35:17     start searching
08:35:17     searching 1 page
08:35:17     searching 2 page
08:35:18     searching 3 page
08:35:19     searching 4 page
08:35:20     searching 5 page
08:35:21     end searcing
08:35:21     4
08:35:21     1335 OK
08:35:21     
08:35:21     SUBMISSION 1342 starting
08:35:21     
08:35:21     there is a process running
08:35:21     1342 FAIED
08:35:21     
