17:43:01     There is 5  missions to process
17:43:01     INSERTED: 0
17:43:01     UPDATED: 0
17:43:01     REBUILD: 0
17:43:01     
17:43:01     MISSIONS  START
17:43:01     
17:43:01     SUBMISSION 12 starting
17:43:01     
17:43:01     test
17:43:01     mission start
17:43:01     presearcing
17:43:02     there is about 54500000 page in result
17:43:02     presearcing end
17:43:02     start searching
17:43:02     searching 1 page
17:43:03     searching 2 page
17:43:04     searching 3 page
17:43:05     searching 4 page
17:43:06     searching 5 page
17:43:07     end searcing
17:43:07     4
17:43:07     12 OK
17:43:07     
17:43:07     SUBMISSION 1333 starting
17:43:07     
17:43:07     123123
17:43:07     mission start
17:43:07     presearcing
17:43:08     there is about 1260000 page in result
17:43:08     presearcing end
17:43:08     start searching
17:43:08     searching 1 page
17:43:09     searching 2 page
17:43:10     searching 3 page
17:43:11     searching 4 page
17:43:12     searching 5 page
17:43:12     end searcing
17:43:12     4
17:43:12     1333 OK
17:43:12     
17:43:12     SUBMISSION 33 starting
17:43:12     
17:43:12     demo
17:43:12     mission start
17:43:12     presearcing
17:43:13     there is about 90700000 page in result
17:43:13     presearcing end
17:43:13     start searching
17:43:13     searching 1 page
17:43:14     searching 2 page
17:43:15     searching 3 page
17:43:19     searching 4 page
17:43:20     searching 5 page
17:43:21     end searcing
17:43:21     4
17:43:21     33 OK
17:43:21     
17:43:21     SUBMISSION 1335 starting
17:43:21     
17:43:21     123123
17:43:21     mission start
17:43:21     presearcing
17:43:22     there is about 1260000 page in result
17:43:22     presearcing end
17:43:22     start searching
17:43:22     searching 1 page
17:43:23     searching 2 page
17:43:24     searching 3 page
17:43:25     searching 4 page
17:43:26     searching 5 page
17:43:27     end searcing
17:43:27     4
17:43:27     1335 OK
17:43:27     
17:43:27     SUBMISSION 1342 starting
17:43:27     
17:43:27     demo
17:43:27     mission start
17:43:27     presearcing
17:43:28     there is about 90700000 page in result
17:43:28     presearcing end
17:43:28     start searching
17:43:28     searching 1 page
17:43:29     searching 2 page
17:43:30     searching 3 page
17:43:31     searching 4 page
17:43:32     searching 5 page
17:43:33     end searcing
17:43:33     4
17:43:33     1342 OK
17:43:33     
