17:34:01     There is 5  missions to process
17:34:01     INSERTED: 0
17:34:01     UPDATED: 0
17:34:01     REBUILD: 0
17:34:01     
17:34:01     MISSIONS  START
17:34:01     
17:34:01     SUBMISSION 12 starting
17:34:01     
17:34:01     test
17:34:01     mission start
17:34:01     presearcing
17:34:02     there is about 54500000 page in result
17:34:02     presearcing end
17:34:02     start searching
17:34:02     searching 1 page
17:34:04     searching 2 page
17:34:05     searching 3 page
17:34:06     searching 4 page
17:34:07     searching 5 page
17:34:08     end searcing
17:34:08     4
17:34:08     12 OK
17:34:08     
17:34:08     SUBMISSION 1333 starting
17:34:08     
17:34:08     123123
17:34:08     mission start
17:34:08     presearcing
17:34:09     there is about 1260000 page in result
17:34:09     presearcing end
17:34:09     start searching
17:34:09     searching 1 page
17:34:10     searching 2 page
17:34:11     searching 3 page
17:34:12     searching 4 page
17:34:13     searching 5 page
17:34:14     end searcing
17:34:14     4
17:34:14     1333 OK
17:34:14     
17:34:14     SUBMISSION 33 starting
17:34:14     
17:34:14     demo
17:34:14     mission start
17:34:14     presearcing
17:34:16     there is about 90700000 page in result
17:34:16     presearcing end
17:34:16     start searching
17:34:16     searching 1 page
17:34:17     searching 2 page
17:34:18     searching 3 page
17:34:19     searching 4 page
17:34:20     searching 5 page
17:34:21     end searcing
17:34:21     4
17:34:21     33 OK
17:34:21     
17:34:21     SUBMISSION 1335 starting
17:34:21     
17:34:21     123123
17:34:21     mission start
17:34:21     presearcing
17:34:22     there is about 1260000 page in result
17:34:22     presearcing end
17:34:22     start searching
17:34:22     searching 1 page
17:34:23     searching 2 page
17:34:24     searching 3 page
17:34:25     searching 4 page
17:34:26     searching 5 page
17:34:27     end searcing
17:34:27     4
17:34:27     1335 OK
17:34:27     
17:34:27     SUBMISSION 1342 starting
17:34:27     
17:34:27     demo
17:34:27     mission start
17:34:27     presearcing
17:34:28     there is about 90700000 page in result
17:34:28     presearcing end
17:34:28     start searching
17:34:28     searching 1 page
17:34:29     searching 2 page
17:34:30     searching 3 page
17:34:32     searching 4 page
17:34:33     searching 5 page
17:34:34     end searcing
17:34:34     4
17:34:34     1342 OK
17:34:34     
