18:08:01     There is 5  missions to process
18:08:01     INSERTED: 0
18:08:01     UPDATED: 0
18:08:01     REBUILD: 0
18:08:01     
18:08:01     MISSIONS  START
18:08:01     
18:08:01     SUBMISSION 12 starting
18:08:01     
18:08:01     test
18:08:01     mission start
18:08:01     presearcing
18:08:02     there is about 54500000 page in result
18:08:02     presearcing end
18:08:02     start searching
18:08:02     searching 1 page
18:08:02     searching 2 page
18:08:03     searching 3 page
18:08:04     searching 4 page
18:08:05     searching 5 page
18:08:06     end searcing
18:08:06     4
18:08:06     12 OK
18:08:06     
18:08:06     SUBMISSION 1333 starting
18:08:06     
18:08:06     123123
18:08:06     mission start
18:08:06     presearcing
18:08:07     there is about 1260000 page in result
18:08:07     presearcing end
18:08:07     start searching
18:08:07     searching 1 page
18:08:08     searching 2 page
18:08:09     searching 3 page
18:08:09     searching 4 page
18:08:10     searching 5 page
18:08:11     end searcing
18:08:11     4
18:08:11     1333 OK
18:08:11     
18:08:11     SUBMISSION 33 starting
18:08:11     
18:08:11     demo
18:08:11     mission start
18:08:11     presearcing
18:08:12     there is about 90700000 page in result
18:08:12     presearcing end
18:08:12     start searching
18:08:12     searching 1 page
18:08:13     searching 2 page
18:08:14     searching 3 page
18:08:15     searching 4 page
18:08:16     searching 5 page
18:08:16     end searcing
18:08:16     4
18:08:16     33 OK
18:08:16     
18:08:16     SUBMISSION 1335 starting
18:08:16     
18:08:16     123123
18:08:16     mission start
18:08:16     presearcing
18:08:17     there is about 1260000 page in result
18:08:17     presearcing end
18:08:17     start searching
18:08:17     searching 1 page
18:08:18     searching 2 page
18:08:19     searching 3 page
18:08:20     searching 4 page
18:08:21     searching 5 page
18:08:22     end searcing
18:08:22     4
18:08:22     1335 OK
18:08:22     
18:08:22     SUBMISSION 1342 starting
18:08:22     
18:08:22     demo
18:08:22     mission start
18:08:22     presearcing
18:08:23     there is about 90700000 page in result
18:08:23     presearcing end
18:08:23     start searching
18:08:23     searching 1 page
18:08:24     searching 2 page
18:08:24     searching 3 page
18:08:25     searching 4 page
18:08:26     searching 5 page
18:08:27     end searcing
18:08:27     4
18:08:27     1342 OK
18:08:27     
