08:36:01     There is 5  missions to process
08:36:01     INSERTED: 0
08:36:01     UPDATED: 0
08:36:01     REBUILD: 0
08:36:01     
08:36:01     MISSIONS  START
08:36:01     
08:36:01     SUBMISSION 12 starting
08:36:01     
08:36:01     test
08:36:01     mission start
08:36:01     presearcing
08:36:02     there is about 54500000 page in result
08:36:02     presearcing end
08:36:02     start searching
08:36:02     searching 1 page
08:36:03     searching 2 page
08:36:04     searching 3 page
08:36:04     searching 4 page
08:36:05     searching 5 page
08:36:06     end searcing
08:36:06     4
08:36:06     12 OK
08:36:06     
08:36:06     SUBMISSION 1333 starting
08:36:06     
08:36:06     123123
08:36:06     mission start
08:36:06     presearcing
08:36:07     there is about 1260000 page in result
08:36:07     presearcing end
08:36:07     start searching
08:36:07     searching 1 page
08:36:08     searching 2 page
08:36:09     searching 3 page
08:36:09     searching 4 page
08:36:10     searching 5 page
08:36:11     end searcing
08:36:11     4
08:36:11     1333 OK
08:36:11     
08:36:11     SUBMISSION 33 starting
08:36:11     
08:36:11     demo
08:36:11     mission start
08:36:11     presearcing
08:36:12     there is about 90700000 page in result
08:36:12     presearcing end
08:36:12     start searching
08:36:12     searching 1 page
08:36:12     searching 2 page
08:36:13     searching 3 page
08:36:14     searching 4 page
08:36:15     searching 5 page
08:36:16     end searcing
08:36:16     4
08:36:16     33 OK
08:36:16     
08:36:16     SUBMISSION 1335 starting
08:36:16     
08:36:16     123123
08:36:16     mission start
08:36:16     presearcing
08:36:17     there is about 1260000 page in result
08:36:17     presearcing end
08:36:17     start searching
08:36:17     searching 1 page
08:36:18     searching 2 page
08:36:19     searching 3 page
08:36:19     searching 4 page
08:36:20     searching 5 page
08:36:21     end searcing
08:36:21     4
08:36:21     1335 OK
08:36:21     
08:36:21     SUBMISSION 1342 starting
08:36:21     
08:36:21     there is a process running
08:36:21     1342 FAIED
08:36:21     
