16:59:07     There is 5  missions to process
16:59:07     INSERTED: 0
16:59:07     UPDATED: 0
16:59:07     REBUILD: 0
16:59:07     
16:59:07     MISSIONS  START
16:59:07     
16:59:07     SUBMISSION 12 starting
16:59:07     
16:59:07     test
16:59:07     mission start
16:59:07     presearcing
16:59:08     there is about 313000000 page in result
16:59:08     presearcing end
16:59:08     start searching
16:59:08     searching 1 page
16:59:09     searching 2 page
16:59:10     searching 3 page
16:59:11     searching 4 page
16:59:12     searching 5 page
16:59:13     end searcing
16:59:13     4
16:59:13     12 OK
16:59:13     
16:59:13     SUBMISSION 1333 starting
16:59:13     
16:59:13     123123
16:59:13     mission start
16:59:13     presearcing
16:59:14     there is about 1260000 page in result
16:59:14     presearcing end
16:59:14     start searching
16:59:14     searching 1 page
16:59:14     searching 2 page
16:59:15     searching 3 page
16:59:16     searching 4 page
16:59:17     searching 5 page
16:59:18     end searcing
16:59:18     4
16:59:18     1333 OK
16:59:18     
16:59:18     SUBMISSION 33 starting
16:59:18     
16:59:18     demo
16:59:18     mission start
16:59:18     presearcing
16:59:19     there is about 90800000 page in result
16:59:19     presearcing end
16:59:19     start searching
16:59:19     searching 1 page
16:59:20     searching 2 page
16:59:21     searching 3 page
16:59:22     searching 4 page
16:59:23     searching 5 page
16:59:24     end searcing
16:59:24     4
16:59:24     33 OK
16:59:24     
16:59:24     SUBMISSION 1335 starting
16:59:24     
16:59:24     xcvxcvxvc
16:59:24     mission start
16:59:24     presearcing
16:59:25     there is about 491 page in result
16:59:25     presearcing end
16:59:25     start searching
16:59:25     searching 1 page
16:59:26     searching 2 page
16:59:27     searching 3 page
16:59:28     searching 4 page
16:59:29     searching 5 page
16:59:30     end searcing
16:59:30     4
16:59:30     1335 OK
16:59:30     
16:59:30     SUBMISSION 1342 starting
16:59:30     
16:59:30     demo
16:59:30     mission start
16:59:30     presearcing
16:59:31     there is about 90800000 page in result
16:59:31     presearcing end
16:59:31     start searching
16:59:31     searching 1 page
16:59:32     searching 2 page
16:59:33     searching 3 page
16:59:34     searching 4 page
16:59:35     searching 5 page
16:59:36     end searcing
16:59:36     4
16:59:36     1342 OK
16:59:36     
