09:03:01     There is 5  missions to process
09:03:01     INSERTED: 0
09:03:01     UPDATED: 0
09:03:01     REBUILD: 0
09:03:01     
09:03:01     MISSIONS  START
09:03:01     
09:03:01     SUBMISSION 12 starting
09:03:01     
09:03:01     test
09:03:01     mission start
09:03:01     presearcing
09:03:02     there is about 54500000 page in result
09:03:02     presearcing end
09:03:02     start searching
09:03:02     searching 1 page
09:03:03     searching 2 page
09:03:04     searching 3 page
09:03:05     searching 4 page
09:03:06     searching 5 page
09:03:06     end searcing
09:03:06     4
09:03:06     12 OK
09:03:06     
09:03:06     SUBMISSION 1333 starting
09:03:06     
09:03:06     123123
09:03:06     mission start
09:03:06     presearcing
09:03:07     there is about 1260000 page in result
09:03:07     presearcing end
09:03:07     start searching
09:03:07     searching 1 page
09:03:08     searching 2 page
09:03:09     searching 3 page
09:03:10     searching 4 page
09:03:11     searching 5 page
09:03:11     end searcing
09:03:11     4
09:03:11     1333 OK
09:03:11     
09:03:11     SUBMISSION 33 starting
09:03:11     
09:03:11     demo
09:03:11     mission start
09:03:11     presearcing
09:03:12     there is about 90700000 page in result
09:03:12     presearcing end
09:03:12     start searching
09:03:12     searching 1 page
09:03:13     searching 2 page
09:03:14     searching 3 page
09:03:15     searching 4 page
09:03:16     searching 5 page
09:03:16     end searcing
09:03:16     4
09:03:16     33 OK
09:03:16     
09:03:16     SUBMISSION 1335 starting
09:03:16     
09:03:16     123123
09:03:16     mission start
09:03:16     presearcing
09:03:17     there is about 1260000 page in result
09:03:17     presearcing end
09:03:17     start searching
09:03:17     searching 1 page
09:03:18     searching 2 page
09:03:19     searching 3 page
09:03:20     searching 4 page
09:03:21     searching 5 page
09:03:21     end searcing
09:03:21     4
09:03:21     1335 OK
09:03:21     
09:03:21     SUBMISSION 1342 starting
09:03:21     
09:03:21     there is a process running
09:03:21     1342 FAIED
09:03:21     
