16:59:01     There is 5  missions to process
16:59:01     INSERTED: 0
16:59:01     UPDATED: 0
16:59:01     REBUILD: 0
16:59:01     
16:59:01     MISSIONS  START
16:59:01     
16:59:01     SUBMISSION 12 starting
16:59:01     
16:59:01     test
16:59:01     mission start
16:59:01     presearcing
16:59:02     there is about 313000000 page in result
16:59:02     presearcing end
16:59:02     start searching
16:59:02     searching 1 page
16:59:03     searching 2 page
16:59:04     searching 3 page
16:59:05     searching 4 page
16:59:06     searching 5 page
16:59:07     end searcing
16:59:07     4
16:59:07     12 OK
16:59:07     
16:59:07     SUBMISSION 1333 starting
16:59:07     
16:59:07     123123
16:59:07     mission start
16:59:07     presearcing
16:59:07     there is about 1260000 page in result
16:59:07     presearcing end
16:59:07     start searching
16:59:07     searching 1 page
16:59:08     searching 2 page
16:59:09     searching 3 page
16:59:10     searching 4 page
16:59:11     searching 5 page
16:59:12     end searcing
16:59:12     4
16:59:12     1333 OK
16:59:12     
16:59:12     SUBMISSION 33 starting
16:59:12     
16:59:12     demo
16:59:12     mission start
16:59:12     presearcing
16:59:13     there is about 90800000 page in result
16:59:13     presearcing end
16:59:13     start searching
16:59:13     searching 1 page
16:59:14     searching 2 page
16:59:15     searching 3 page
16:59:16     searching 4 page
16:59:17     searching 5 page
16:59:18     end searcing
16:59:18     4
16:59:18     33 OK
16:59:18     
16:59:18     SUBMISSION 1335 starting
16:59:18     
16:59:18     xcvxcvxvc
16:59:18     mission start
16:59:18     presearcing
16:59:19     there is about 491 page in result
16:59:19     presearcing end
16:59:19     start searching
16:59:19     searching 1 page
16:59:20     searching 2 page
16:59:21     searching 3 page
16:59:22     searching 4 page
16:59:23     searching 5 page
16:59:24     end searcing
16:59:24     4
16:59:24     1335 OK
16:59:24     
16:59:24     SUBMISSION 1342 starting
16:59:24     
16:59:24     demo
16:59:24     mission start
16:59:24     presearcing
16:59:25     there is about 90800000 page in result
16:59:25     presearcing end
16:59:25     start searching
16:59:25     searching 1 page
16:59:26     searching 2 page
16:59:27     searching 3 page
16:59:28     searching 4 page
16:59:29     searching 5 page
16:59:30     end searcing
16:59:30     4
16:59:30     1342 OK
16:59:30     
