08:58:01     There is 5  missions to process
08:58:01     INSERTED: 0
08:58:01     UPDATED: 0
08:58:01     REBUILD: 0
08:58:01     
08:58:01     MISSIONS  START
08:58:01     
08:58:01     SUBMISSION 12 starting
08:58:01     
08:58:01     test
08:58:01     mission start
08:58:01     presearcing
08:58:02     there is about 54500000 page in result
08:58:02     presearcing end
08:58:02     start searching
08:58:02     searching 1 page
08:58:03     searching 2 page
08:58:04     searching 3 page
08:58:05     searching 4 page
08:58:07     searching 5 page
08:58:08     end searcing
08:58:08     4
08:58:08     12 OK
08:58:08     
08:58:08     SUBMISSION 1333 starting
08:58:08     
08:58:08     123123
08:58:08     mission start
08:58:08     presearcing
08:58:09     there is about 1260000 page in result
08:58:09     presearcing end
08:58:09     start searching
08:58:09     searching 1 page
08:58:10     searching 2 page
08:58:14     searching 3 page
08:58:16     searching 4 page
08:58:17     searching 5 page
08:58:18     end searcing
08:58:18     4
08:58:18     1333 OK
08:58:18     
08:58:18     SUBMISSION 33 starting
08:58:18     
08:58:18     demo
08:58:18     mission start
08:58:18     presearcing
08:58:19     there is about 90700000 page in result
08:58:19     presearcing end
08:58:19     start searching
08:58:19     searching 1 page
08:58:20     searching 2 page
08:58:21     searching 3 page
08:58:22     searching 4 page
08:58:23     searching 5 page
08:58:24     end searcing
08:58:24     4
08:58:24     33 OK
08:58:24     
08:58:24     SUBMISSION 1335 starting
08:58:24     
08:58:24     123123
08:58:24     mission start
08:58:24     presearcing
08:58:24     there is about 1260000 page in result
08:58:24     presearcing end
08:58:24     start searching
08:58:24     searching 1 page
08:58:25     searching 2 page
08:58:26     searching 3 page
08:58:27     searching 4 page
08:58:28     searching 5 page
08:58:29     end searcing
08:58:29     4
08:58:29     1335 OK
08:58:29     
08:58:29     SUBMISSION 1342 starting
08:58:29     
08:58:29     there is a process running
08:58:29     1342 FAIED
08:58:29     
