09:29:01     There is 5  missions to process
09:29:01     INSERTED: 0
09:29:01     UPDATED: 0
09:29:01     REBUILD: 0
09:29:01     
09:29:01     MISSIONS  START
09:29:01     
09:29:01     SUBMISSION 12 starting
09:29:01     
09:29:01     test
09:29:01     mission start
09:29:01     presearcing
09:29:02     there is about 54500000 page in result
09:29:02     presearcing end
09:29:02     start searching
09:29:02     searching 1 page
09:29:02     searching 2 page
09:29:03     searching 3 page
09:29:04     searching 4 page
09:29:05     searching 5 page
09:29:06     end searcing
09:29:06     4
09:29:06     12 OK
09:29:06     
09:29:06     SUBMISSION 1333 starting
09:29:06     
09:29:06     123123
09:29:06     mission start
09:29:06     presearcing
09:29:06     there is about 1260000 page in result
09:29:06     presearcing end
09:29:06     start searching
09:29:06     searching 1 page
09:29:07     searching 2 page
09:29:08     searching 3 page
09:29:09     searching 4 page
09:29:10     searching 5 page
09:29:11     end searcing
09:29:11     4
09:29:11     1333 OK
09:29:11     
09:29:11     SUBMISSION 33 starting
09:29:11     
09:29:11     demo
09:29:11     mission start
09:29:11     presearcing
09:29:11     there is about 90700000 page in result
09:29:11     presearcing end
09:29:11     start searching
09:29:11     searching 1 page
09:29:12     searching 2 page
09:29:13     searching 3 page
09:29:14     searching 4 page
09:29:15     searching 5 page
09:29:15     end searcing
09:29:15     4
09:29:15     33 OK
09:29:15     
09:29:15     SUBMISSION 1335 starting
09:29:15     
09:29:15     123123
09:29:15     mission start
09:29:15     presearcing
09:29:16     there is about 1260000 page in result
09:29:16     presearcing end
09:29:16     start searching
09:29:16     searching 1 page
09:29:17     searching 2 page
09:29:18     searching 3 page
09:29:19     searching 4 page
09:29:19     searching 5 page
09:29:20     end searcing
09:29:20     4
09:29:20     1335 OK
09:29:20     
09:29:20     SUBMISSION 1342 starting
09:29:20     
09:29:20     there is a process running
09:29:20     1342 FAIED
09:29:20     
