17:39:01     There is 5  missions to process
17:39:01     INSERTED: 0
17:39:01     UPDATED: 0
17:39:01     REBUILD: 0
17:39:01     
17:39:01     MISSIONS  START
17:39:01     
17:39:01     SUBMISSION 12 starting
17:39:01     
17:39:01     test
17:39:01     mission start
17:39:01     presearcing
17:39:06     there is about 54500000 page in result
17:39:06     presearcing end
17:39:06     start searching
17:39:06     searching 1 page
17:39:09     searching 2 page
17:39:11     searching 3 page
17:39:12     searching 4 page
17:39:13     searching 5 page
17:39:14     end searcing
17:39:14     4
17:39:14     12 OK
17:39:14     
17:39:14     SUBMISSION 1333 starting
17:39:14     
17:39:14     123123
17:39:14     mission start
17:39:14     presearcing
17:39:15     there is about 1260000 page in result
17:39:15     presearcing end
17:39:15     start searching
17:39:15     searching 1 page
17:39:16     searching 2 page
17:39:17     searching 3 page
17:39:18     searching 4 page
17:39:19     searching 5 page
17:39:19     end searcing
17:39:19     4
17:39:19     1333 OK
17:39:19     
17:39:19     SUBMISSION 33 starting
17:39:19     
17:39:19     demo
17:39:19     mission start
17:39:19     presearcing
17:39:21     there is about 90700000 page in result
17:39:21     presearcing end
17:39:21     start searching
17:39:21     searching 1 page
17:39:22     searching 2 page
17:39:25     searching 3 page
17:39:28     searching 4 page
17:39:29     searching 5 page
17:39:32     end searcing
17:39:32     4
17:39:32     33 OK
17:39:32     
17:39:32     SUBMISSION 1335 starting
17:39:32     
17:39:32     123123
17:39:32     mission start
17:39:32     presearcing
17:39:34     there is about 1260000 page in result
17:39:34     presearcing end
17:39:34     start searching
17:39:34     searching 1 page
17:39:36     searching 2 page
17:39:37     searching 3 page
17:39:39     searching 4 page
17:39:40     searching 5 page
17:39:41     end searcing
17:39:41     4
17:39:41     1335 OK
17:39:41     
17:39:41     SUBMISSION 1342 starting
17:39:41     
17:39:41     demo
17:39:41     mission start
17:39:41     presearcing
17:39:42     there is about 90700000 page in result
17:39:42     presearcing end
17:39:42     start searching
17:39:42     searching 1 page
17:39:42     searching 2 page
17:39:43     searching 3 page
17:39:45     searching 4 page
17:39:45     searching 5 page
17:39:47     end searcing
17:39:47     4
17:39:47     1342 OK
17:39:47     
