08:31:01     There is 5  missions to process
08:31:01     INSERTED: 0
08:31:01     UPDATED: 0
08:31:01     REBUILD: 0
08:31:01     
08:31:01     MISSIONS  START
08:31:01     
08:31:01     SUBMISSION 12 starting
08:31:01     
08:31:01     test
08:31:01     mission start
08:31:01     presearcing
08:31:04     there is about 54500000 page in result
08:31:04     presearcing end
08:31:04     start searching
08:31:04     searching 1 page
08:31:05     searching 2 page
08:31:06     searching 3 page
08:31:07     searching 4 page
08:31:07     searching 5 page
08:31:08     end searcing
08:31:08     4
08:31:08     12 OK
08:31:08     
08:31:08     SUBMISSION 1333 starting
08:31:08     
08:31:08     123123
08:31:08     mission start
08:31:08     presearcing
08:31:09     there is about 1260000 page in result
08:31:09     presearcing end
08:31:09     start searching
08:31:09     searching 1 page
08:31:10     searching 2 page
08:31:11     searching 3 page
08:31:12     searching 4 page
08:31:13     searching 5 page
08:31:13     end searcing
08:31:13     4
08:31:13     1333 OK
08:31:13     
08:31:13     SUBMISSION 33 starting
08:31:13     
08:31:13     demo
08:31:13     mission start
08:31:13     presearcing
08:31:14     there is about 90700000 page in result
08:31:14     presearcing end
08:31:14     start searching
08:31:14     searching 1 page
08:31:15     searching 2 page
08:31:16     searching 3 page
08:31:17     searching 4 page
08:31:18     searching 5 page
08:31:18     end searcing
08:31:18     4
08:31:18     33 OK
08:31:18     
08:31:18     SUBMISSION 1335 starting
08:31:18     
08:31:18     123123
08:31:18     mission start
08:31:18     presearcing
08:31:19     there is about 1260000 page in result
08:31:19     presearcing end
08:31:19     start searching
08:31:19     searching 1 page
08:31:20     searching 2 page
08:31:21     searching 3 page
08:31:22     searching 4 page
08:31:23     searching 5 page
08:31:27     end searcing
08:31:27     4
08:31:27     1335 OK
08:31:27     
08:31:27     SUBMISSION 1342 starting
08:31:27     
08:31:27     there is a process running
08:31:27     1342 FAIED
08:31:27     
