16:51:01     There is 5  missions to process
16:51:01     INSERTED: 0
16:51:01     UPDATED: 0
16:51:01     REBUILD: 0
16:51:01     
16:51:01     MISSIONS  START
16:51:01     
16:51:01     SUBMISSION 12 starting
16:51:01     
16:51:01     test
16:51:01     mission start
16:51:01     presearcing
16:51:01     there is about 313000000 page in result
16:51:01     presearcing end
16:51:01     start searching
16:51:01     searching 1 page
16:51:02     searching 2 page
16:51:03     searching 3 page
16:51:05     searching 4 page
16:51:06     searching 5 page
16:51:07     end searcing
16:51:07     4
16:51:07     12 OK
16:51:07     
16:51:07     SUBMISSION 1333 starting
16:51:07     
16:51:07     123123
16:51:07     mission start
16:51:07     presearcing
16:51:08     there is about 1260000 page in result
16:51:08     presearcing end
16:51:08     start searching
16:51:08     searching 1 page
16:51:09     searching 2 page
16:51:10     searching 3 page
16:51:12     searching 4 page
16:51:13     searching 5 page
16:51:14     end searcing
16:51:14     4
16:51:14     1333 OK
16:51:14     
16:51:14     SUBMISSION 33 starting
16:51:14     
16:51:14     demo
16:51:14     mission start
16:51:14     presearcing
16:51:15     there is about 90800000 page in result
16:51:15     presearcing end
16:51:15     start searching
16:51:15     searching 1 page
16:51:16     searching 2 page
16:51:17     searching 3 page
16:51:18     searching 4 page
16:51:19     searching 5 page
16:51:20     end searcing
16:51:20     4
16:51:20     33 OK
16:51:20     
16:51:20     SUBMISSION 1335 starting
16:51:20     
16:51:20     xcvxcvxvc
16:51:20     mission start
16:51:20     presearcing
16:51:21     there is about 491 page in result
16:51:21     presearcing end
16:51:21     start searching
16:51:21     searching 1 page
16:51:22     searching 2 page
16:51:23     searching 3 page
16:51:24     searching 4 page
16:51:25     searching 5 page
16:51:26     end searcing
16:51:26     4
16:51:26     1335 OK
16:51:26     
16:51:26     SUBMISSION 1342 starting
16:51:26     
16:51:26     demo
16:51:26     mission start
16:51:26     presearcing
16:51:27     there is about 90800000 page in result
16:51:27     presearcing end
16:51:27     start searching
16:51:27     searching 1 page
16:51:28     searching 2 page
16:51:29     searching 3 page
16:51:30     searching 4 page
16:51:31     searching 5 page
16:51:32     end searcing
16:51:32     4
16:51:32     1342 OK
16:51:32     
