18:04:01     There is 5  missions to process
18:04:01     INSERTED: 0
18:04:01     UPDATED: 0
18:04:01     REBUILD: 0
18:04:01     
18:04:01     MISSIONS  START
18:04:01     
18:04:01     SUBMISSION 12 starting
18:04:01     
18:04:01     test
18:04:01     mission start
18:04:01     presearcing
18:04:02     there is about 54500000 page in result
18:04:02     presearcing end
18:04:02     start searching
18:04:02     searching 1 page
18:04:03     searching 2 page
18:04:04     searching 3 page
18:04:04     searching 4 page
18:04:05     searching 5 page
18:04:06     end searcing
18:04:06     4
18:04:06     12 OK
18:04:06     
18:04:06     SUBMISSION 1333 starting
18:04:06     
18:04:06     123123
18:04:06     mission start
18:04:06     presearcing
18:04:07     there is about 1260000 page in result
18:04:07     presearcing end
18:04:07     start searching
18:04:07     searching 1 page
18:04:08     searching 2 page
18:04:09     searching 3 page
18:04:10     searching 4 page
18:04:11     searching 5 page
18:04:12     end searcing
18:04:12     4
18:04:12     1333 OK
18:04:12     
18:04:12     SUBMISSION 33 starting
18:04:12     
18:04:12     demo
18:04:12     mission start
18:04:12     presearcing
18:04:13     there is about 90700000 page in result
18:04:13     presearcing end
18:04:13     start searching
18:04:13     searching 1 page
18:04:13     searching 2 page
18:04:14     searching 3 page
18:04:16     searching 4 page
18:04:17     searching 5 page
18:04:18     end searcing
18:04:18     4
18:04:18     33 OK
18:04:18     
18:04:18     SUBMISSION 1335 starting
18:04:18     
18:04:18     123123
18:04:18     mission start
18:04:18     presearcing
18:04:18     there is about 1260000 page in result
18:04:18     presearcing end
18:04:18     start searching
18:04:18     searching 1 page
18:04:19     searching 2 page
18:04:20     searching 3 page
18:04:21     searching 4 page
18:04:22     searching 5 page
18:04:23     end searcing
18:04:23     4
18:04:23     1335 OK
18:04:23     
18:04:23     SUBMISSION 1342 starting
18:04:23     
18:04:23     demo
18:04:23     mission start
18:04:23     presearcing
18:04:24     there is about 90700000 page in result
18:04:24     presearcing end
18:04:24     start searching
18:04:24     searching 1 page
18:04:25     searching 2 page
18:04:26     searching 3 page
18:04:26     searching 4 page
18:04:27     searching 5 page
18:04:28     end searcing
18:04:28     4
18:04:28     1342 OK
18:04:28     
