17:49:01     There is 5  missions to process
17:49:01     INSERTED: 0
17:49:01     UPDATED: 0
17:49:01     REBUILD: 0
17:49:01     
17:49:01     MISSIONS  START
17:49:01     
17:49:01     SUBMISSION 12 starting
17:49:01     
17:49:01     test
17:49:01     mission start
17:49:01     presearcing
17:49:02     there is about 54500000 page in result
17:49:02     presearcing end
17:49:02     start searching
17:49:02     searching 1 page
17:49:03     searching 2 page
17:49:04     searching 3 page
17:49:06     searching 4 page
17:49:07     searching 5 page
17:49:07     end searcing
17:49:07     4
17:49:07     12 OK
17:49:07     
17:49:07     SUBMISSION 1333 starting
17:49:07     
17:49:07     123123
17:49:07     mission start
17:49:07     presearcing
17:49:08     there is about 1260000 page in result
17:49:08     presearcing end
17:49:08     start searching
17:49:08     searching 1 page
17:49:09     searching 2 page
17:49:10     searching 3 page
17:49:11     searching 4 page
17:49:25     searching 5 page
17:49:28     end searcing
17:49:28     4
17:49:28     1333 OK
17:49:28     
17:49:28     SUBMISSION 33 starting
17:49:28     
17:49:28     demo
17:49:28     mission start
17:49:28     presearcing
17:49:29     there is about 90700000 page in result
17:49:29     presearcing end
17:49:29     start searching
17:49:29     searching 1 page
17:49:31     searching 2 page
17:49:32     searching 3 page
17:49:34     searching 4 page
17:49:35     searching 5 page
17:49:36     end searcing
17:49:36     4
17:49:36     33 OK
17:49:36     
17:49:36     SUBMISSION 1335 starting
17:49:36     
17:49:36     123123
17:49:36     mission start
17:49:36     presearcing
17:49:37     there is about 1260000 page in result
17:49:37     presearcing end
17:49:37     start searching
17:49:37     searching 1 page
17:49:38     searching 2 page
17:49:40     searching 3 page
17:49:41     searching 4 page
17:49:42     searching 5 page
17:49:43     end searcing
17:49:43     4
17:49:43     1335 OK
17:49:43     
17:49:43     SUBMISSION 1342 starting
17:49:43     
17:49:43     demo
17:49:43     mission start
17:49:43     presearcing
17:49:44     there is about 90700000 page in result
17:49:44     presearcing end
17:49:44     start searching
17:49:44     searching 1 page
17:49:45     searching 2 page
17:49:46     searching 3 page
17:49:47     searching 4 page
17:49:48     searching 5 page
17:49:49     end searcing
17:49:49     4
17:49:49     1342 OK
17:49:49     
