08:53:01     There is 5  missions to process
08:53:01     INSERTED: 0
08:53:01     UPDATED: 0
08:53:01     REBUILD: 0
08:53:01     
08:53:01     MISSIONS  START
08:53:01     
08:53:01     SUBMISSION 12 starting
08:53:01     
08:53:01     test
08:53:01     mission start
08:53:01     presearcing
08:53:02     there is about 54500000 page in result
08:53:02     presearcing end
08:53:02     start searching
08:53:02     searching 1 page
08:53:03     searching 2 page
08:53:04     searching 3 page
08:53:05     searching 4 page
08:53:06     searching 5 page
08:53:06     end searcing
08:53:06     4
08:53:06     12 OK
08:53:06     
08:53:06     SUBMISSION 1333 starting
08:53:06     
08:53:06     123123
08:53:06     mission start
08:53:06     presearcing
08:53:07     there is about 1260000 page in result
08:53:07     presearcing end
08:53:07     start searching
08:53:07     searching 1 page
08:53:08     searching 2 page
08:53:09     searching 3 page
08:53:10     searching 4 page
08:53:11     searching 5 page
08:53:11     end searcing
08:53:11     4
08:53:11     1333 OK
08:53:11     
08:53:11     SUBMISSION 33 starting
08:53:11     
08:53:11     demo
08:53:11     mission start
08:53:11     presearcing
08:53:12     there is about 90700000 page in result
08:53:12     presearcing end
08:53:12     start searching
08:53:12     searching 1 page
08:53:13     searching 2 page
08:53:14     searching 3 page
08:53:15     searching 4 page
08:53:15     searching 5 page
08:53:16     end searcing
08:53:16     4
08:53:16     33 OK
08:53:16     
08:53:16     SUBMISSION 1335 starting
08:53:16     
08:53:16     123123
08:53:16     mission start
08:53:16     presearcing
08:53:17     there is about 1260000 page in result
08:53:17     presearcing end
08:53:17     start searching
08:53:17     searching 1 page
08:53:18     searching 2 page
08:53:19     searching 3 page
08:53:20     searching 4 page
08:53:20     searching 5 page
08:53:21     end searcing
08:53:21     4
08:53:21     1335 OK
08:53:21     
08:53:21     SUBMISSION 1342 starting
08:53:21     
08:53:21     there is a process running
08:53:21     1342 FAIED
08:53:21     
