17:24:01     There is 5  missions to process
17:24:01     INSERTED: 0
17:24:01     UPDATED: 0
17:24:01     REBUILD: 0
17:24:01     
17:24:01     MISSIONS  START
17:24:01     
17:24:01     SUBMISSION 12 starting
17:24:01     
17:24:01     test
17:24:01     mission start
17:24:01     presearcing
17:24:03     there is about 54500000 page in result
17:24:03     presearcing end
17:24:03     start searching
17:24:03     searching 1 page
17:24:04     searching 2 page
17:24:05     searching 3 page
17:24:06     searching 4 page
17:24:07     searching 5 page
17:24:10     end searcing
17:24:10     4
17:24:10     12 OK
17:24:10     
17:24:10     SUBMISSION 1333 starting
17:24:10     
17:24:10     123123
17:24:10     mission start
17:24:10     presearcing
17:24:13     there is about 1260000 page in result
17:24:13     presearcing end
17:24:13     start searching
17:24:13     searching 1 page
17:24:18     searching 2 page
17:24:19     searching 3 page
17:24:20     searching 4 page
17:24:21     searching 5 page
17:24:22     end searcing
17:24:22     4
17:24:22     1333 OK
17:24:22     
17:24:22     SUBMISSION 33 starting
17:24:22     
17:24:22     demo
17:24:22     mission start
17:24:22     presearcing
17:24:23     there is about 90700000 page in result
17:24:23     presearcing end
17:24:23     start searching
17:24:23     searching 1 page
17:24:24     searching 2 page
17:24:25     searching 3 page
17:24:26     searching 4 page
17:24:27     searching 5 page
17:24:28     end searcing
17:24:28     4
17:24:28     33 OK
17:24:28     
17:24:28     SUBMISSION 1335 starting
17:24:28     
17:24:28     123123
17:24:28     mission start
17:24:28     presearcing
17:24:29     there is about 1260000 page in result
17:24:29     presearcing end
17:24:29     start searching
17:24:29     searching 1 page
17:24:30     searching 2 page
17:24:31     searching 3 page
17:24:32     searching 4 page
17:24:33     searching 5 page
17:24:34     end searcing
17:24:34     4
17:24:34     1335 OK
17:24:34     
17:24:34     SUBMISSION 1342 starting
17:24:34     
17:24:34     demo
17:24:34     mission start
17:24:34     presearcing
17:24:36     there is about 90700000 page in result
17:24:36     presearcing end
17:24:36     start searching
17:24:36     searching 1 page
17:24:37     searching 2 page
17:24:38     searching 3 page
17:24:42     searching 4 page
17:24:45     searching 5 page
17:24:47     end searcing
17:24:47     4
17:24:47     1342 OK
17:24:47     
