17:48:02     There is 5  missions to process
17:48:02     INSERTED: 0
17:48:02     UPDATED: 0
17:48:02     REBUILD: 0
17:48:02     
17:48:02     MISSIONS  START
17:48:02     
17:48:02     SUBMISSION 12 starting
17:48:02     
17:48:02     test
17:48:02     mission start
17:48:02     presearcing
17:48:02     there is about 54500000 page in result
17:48:02     presearcing end
17:48:02     start searching
17:48:02     searching 1 page
17:48:03     searching 2 page
17:48:04     searching 3 page
17:48:05     searching 4 page
17:48:06     searching 5 page
17:48:07     end searcing
17:48:07     4
17:48:07     12 OK
17:48:07     
17:48:07     SUBMISSION 1333 starting
17:48:07     
17:48:07     123123
17:48:07     mission start
17:48:07     presearcing
17:48:07     there is about 1260000 page in result
17:48:07     presearcing end
17:48:07     start searching
17:48:07     searching 1 page
17:48:08     searching 2 page
17:48:09     searching 3 page
17:48:10     searching 4 page
17:48:12     searching 5 page
17:48:13     end searcing
17:48:13     4
17:48:13     1333 OK
17:48:13     
17:48:13     SUBMISSION 33 starting
17:48:13     
17:48:13     demo
17:48:13     mission start
17:48:13     presearcing
17:48:14     there is about 90700000 page in result
17:48:14     presearcing end
17:48:14     start searching
17:48:14     searching 1 page
17:48:14     searching 2 page
17:48:15     searching 3 page
17:48:16     searching 4 page
17:48:17     searching 5 page
17:48:19     end searcing
17:48:19     4
17:48:19     33 OK
17:48:19     
17:48:19     SUBMISSION 1335 starting
17:48:19     
17:48:19     123123
17:48:19     mission start
17:48:19     presearcing
17:48:20     there is about 1260000 page in result
17:48:20     presearcing end
17:48:20     start searching
17:48:20     searching 1 page
17:48:21     searching 2 page
17:48:23     searching 3 page
17:48:24     searching 4 page
17:48:25     searching 5 page
17:48:26     end searcing
17:48:26     4
17:48:26     1335 OK
17:48:26     
17:48:26     SUBMISSION 1342 starting
17:48:26     
17:48:26     demo
17:48:26     mission start
17:48:26     presearcing
17:48:27     there is about 90700000 page in result
17:48:27     presearcing end
17:48:27     start searching
17:48:27     searching 1 page
17:48:28     searching 2 page
17:48:29     searching 3 page
17:48:30     searching 4 page
17:48:31     searching 5 page
17:48:32     end searcing
17:48:32     4
17:48:32     1342 OK
17:48:32     
