08:42:01     There is 5  missions to process
08:42:01     INSERTED: 0
08:42:01     UPDATED: 0
08:42:01     REBUILD: 0
08:42:01     
08:42:01     MISSIONS  START
08:42:01     
08:42:01     SUBMISSION 12 starting
08:42:01     
08:42:01     test
08:42:01     mission start
08:42:01     presearcing
08:42:01     there is about 54500000 page in result
08:42:01     presearcing end
08:42:01     start searching
08:42:01     searching 1 page
08:42:02     searching 2 page
08:42:03     searching 3 page
08:42:04     searching 4 page
08:42:05     searching 5 page
08:42:05     end searcing
08:42:05     4
08:42:05     12 OK
08:42:05     
08:42:05     SUBMISSION 1333 starting
08:42:05     
08:42:05     123123
08:42:05     mission start
08:42:05     presearcing
08:42:06     there is about 1260000 page in result
08:42:06     presearcing end
08:42:06     start searching
08:42:06     searching 1 page
08:42:07     searching 2 page
08:42:08     searching 3 page
08:42:09     searching 4 page
08:42:09     searching 5 page
08:42:10     end searcing
08:42:10     4
08:42:10     1333 OK
08:42:10     
08:42:10     SUBMISSION 33 starting
08:42:10     
08:42:10     demo
08:42:10     mission start
08:42:10     presearcing
08:42:11     there is about 90700000 page in result
08:42:11     presearcing end
08:42:11     start searching
08:42:11     searching 1 page
08:42:12     searching 2 page
08:42:13     searching 3 page
08:42:13     searching 4 page
08:42:14     searching 5 page
08:42:15     end searcing
08:42:15     4
08:42:15     33 OK
08:42:15     
08:42:15     SUBMISSION 1335 starting
08:42:15     
08:42:15     123123
08:42:15     mission start
08:42:15     presearcing
08:42:16     there is about 1260000 page in result
08:42:16     presearcing end
08:42:16     start searching
08:42:16     searching 1 page
08:42:17     searching 2 page
08:42:18     searching 3 page
08:42:18     searching 4 page
08:42:19     searching 5 page
08:42:20     end searcing
08:42:20     4
08:42:20     1335 OK
08:42:20     
08:42:20     SUBMISSION 1342 starting
08:42:20     
08:42:20     there is a process running
08:42:20     1342 FAIED
08:42:20     
