09:54:01     There is 5  missions to process
09:54:01     INSERTED: 0
09:54:01     UPDATED: 0
09:54:01     REBUILD: 0
09:54:01     
09:54:01     MISSIONS  START
09:54:01     
09:54:01     SUBMISSION 12 starting
09:54:01     
09:54:01     test
09:54:01     mission start
09:54:01     presearcing
09:54:03     there is about 54500000 page in result
09:54:03     presearcing end
09:54:03     start searching
09:54:03     searching 1 page
09:54:05     searching 2 page
09:54:07     searching 3 page
09:54:09     searching 4 page
09:54:11     searching 5 page
09:54:13     end searcing
09:54:13     4
09:54:13     12 OK
09:54:13     
09:54:13     SUBMISSION 1333 starting
09:54:13     
09:54:13     123123
09:54:13     mission start
09:54:13     presearcing
09:54:14     there is about 1260000 page in result
09:54:14     presearcing end
09:54:14     start searching
09:54:14     searching 1 page
09:54:16     searching 2 page
09:54:17     searching 3 page
09:54:18     searching 4 page
09:54:21     searching 5 page
09:54:23     end searcing
09:54:23     4
09:54:23     1333 OK
09:54:23     
09:54:23     SUBMISSION 33 starting
09:54:23     
09:54:23     demo
09:54:23     mission start
09:54:23     presearcing
09:54:25     there is about 90700000 page in result
09:54:25     presearcing end
09:54:25     start searching
09:54:25     searching 1 page
09:54:26     searching 2 page
09:54:27     searching 3 page
09:54:28     searching 4 page
09:54:30     searching 5 page
09:54:32     end searcing
09:54:32     4
09:54:32     33 OK
09:54:32     
09:54:32     SUBMISSION 1335 starting
09:54:32     
09:54:32     123123
09:54:32     mission start
09:54:32     presearcing
09:54:33     there is about 1260000 page in result
09:54:33     presearcing end
09:54:33     start searching
09:54:33     searching 1 page
09:54:34     searching 2 page
09:54:35     searching 3 page
09:54:36     searching 4 page
09:54:37     searching 5 page
09:54:38     end searcing
09:54:38     4
09:54:38     1335 OK
09:54:38     
09:54:38     SUBMISSION 1342 starting
09:54:38     
09:54:38     there is a process running
09:54:38     1342 FAIED
09:54:38     
