18:12:01     There is 5  missions to process
18:12:01     INSERTED: 0
18:12:01     UPDATED: 0
18:12:01     REBUILD: 0
18:12:01     
18:12:01     MISSIONS  START
18:12:01     
18:12:01     SUBMISSION 12 starting
18:12:01     
18:12:01     test
18:12:01     mission start
18:12:01     presearcing
18:12:02     there is about 54500000 page in result
18:12:02     presearcing end
18:12:02     start searching
18:12:02     searching 1 page
18:12:03     searching 2 page
18:12:04     searching 3 page
18:12:05     searching 4 page
18:12:06     searching 5 page
18:12:07     end searcing
18:12:07     4
18:12:07     12 OK
18:12:07     
18:12:07     SUBMISSION 1333 starting
18:12:07     
18:12:07     123123
18:12:07     mission start
18:12:07     presearcing
18:12:08     there is about 1260000 page in result
18:12:08     presearcing end
18:12:08     start searching
18:12:08     searching 1 page
18:12:09     searching 2 page
18:12:10     searching 3 page
18:12:10     searching 4 page
18:12:11     searching 5 page
18:12:12     end searcing
18:12:12     4
18:12:12     1333 OK
18:12:12     
18:12:12     SUBMISSION 33 starting
18:12:12     
18:12:12     demo
18:12:12     mission start
18:12:12     presearcing
18:12:13     there is about 90700000 page in result
18:12:13     presearcing end
18:12:13     start searching
18:12:13     searching 1 page
18:12:14     searching 2 page
18:12:15     searching 3 page
18:12:16     searching 4 page
18:12:17     searching 5 page
18:12:17     end searcing
18:12:17     4
18:12:17     33 OK
18:12:17     
18:12:17     SUBMISSION 1335 starting
18:12:17     
18:12:17     123123
18:12:17     mission start
18:12:17     presearcing
18:12:18     there is about 1260000 page in result
18:12:18     presearcing end
18:12:18     start searching
18:12:18     searching 1 page
18:12:19     searching 2 page
18:12:20     searching 3 page
18:12:21     searching 4 page
18:12:23     searching 5 page
18:12:23     end searcing
18:12:23     4
18:12:23     1335 OK
18:12:23     
18:12:23     SUBMISSION 1342 starting
18:12:23     
18:12:23     demo
18:12:23     mission start
18:12:23     presearcing
18:12:24     there is about 90700000 page in result
18:12:24     presearcing end
18:12:24     start searching
18:12:24     searching 1 page
18:12:25     searching 2 page
18:12:26     searching 3 page
18:12:27     searching 4 page
18:12:28     searching 5 page
18:12:29     end searcing
18:12:29     4
18:12:29     1342 OK
18:12:29     
