08:57:01     There is 5  missions to process
08:57:01     INSERTED: 0
08:57:01     UPDATED: 0
08:57:01     REBUILD: 0
08:57:01     
08:57:01     MISSIONS  START
08:57:01     
08:57:01     SUBMISSION 12 starting
08:57:01     
08:57:01     test
08:57:01     mission start
08:57:01     presearcing
08:57:02     there is about 54500000 page in result
08:57:02     presearcing end
08:57:02     start searching
08:57:02     searching 1 page
08:57:04     searching 2 page
08:57:08     searching 3 page
08:57:09     searching 4 page
08:57:10     searching 5 page
08:57:11     end searcing
08:57:11     4
08:57:11     12 OK
08:57:11     
08:57:11     SUBMISSION 1333 starting
08:57:11     
08:57:11     123123
08:57:11     mission start
08:57:11     presearcing
08:57:12     there is about 1260000 page in result
08:57:12     presearcing end
08:57:12     start searching
08:57:12     searching 1 page
08:57:12     searching 2 page
08:57:13     searching 3 page
08:57:14     searching 4 page
08:57:15     searching 5 page
08:57:16     end searcing
08:57:16     4
08:57:16     1333 OK
08:57:16     
08:57:16     SUBMISSION 33 starting
08:57:16     
08:57:16     demo
08:57:16     mission start
08:57:16     presearcing
08:57:17     there is about 90700000 page in result
08:57:17     presearcing end
08:57:17     start searching
08:57:17     searching 1 page
08:57:19     searching 2 page
08:57:20     searching 3 page
08:57:21     searching 4 page
08:57:23     searching 5 page
08:57:25     end searcing
08:57:25     4
08:57:25     33 OK
08:57:25     
08:57:25     SUBMISSION 1335 starting
08:57:25     
08:57:25     123123
08:57:25     mission start
08:57:25     presearcing
08:57:27     there is about 1260000 page in result
08:57:27     presearcing end
08:57:27     start searching
08:57:27     searching 1 page
08:57:29     searching 2 page
08:57:30     searching 3 page
08:57:31     searching 4 page
08:57:32     searching 5 page
08:57:33     end searcing
08:57:33     4
08:57:33     1335 OK
08:57:33     
08:57:33     SUBMISSION 1342 starting
08:57:33     
08:57:33     there is a process running
08:57:33     1342 FAIED
08:57:33     
