18:31:01     There is 5  missions to process
18:31:01     INSERTED: 0
18:31:01     UPDATED: 0
18:31:01     REBUILD: 0
18:31:01     
18:31:01     MISSIONS  START
18:31:01     
18:31:01     SUBMISSION 12 starting
18:31:01     
18:31:01     test
18:31:01     mission start
18:31:01     presearcing
18:31:02     there is about 54500000 page in result
18:31:02     presearcing end
18:31:02     start searching
18:31:02     searching 1 page
18:31:03     searching 2 page
18:31:04     searching 3 page
18:31:04     searching 4 page
18:31:05     searching 5 page
18:31:06     end searcing
18:31:06     4
18:31:06     12 OK
18:31:06     
18:31:06     SUBMISSION 1333 starting
18:31:06     
18:31:06     123123
18:31:06     mission start
18:31:06     presearcing
18:31:07     there is about 1260000 page in result
18:31:07     presearcing end
18:31:07     start searching
18:31:07     searching 1 page
18:31:08     searching 2 page
18:31:09     searching 3 page
18:31:09     searching 4 page
18:31:10     searching 5 page
18:31:11     end searcing
18:31:11     4
18:31:11     1333 OK
18:31:11     
18:31:11     SUBMISSION 33 starting
18:31:11     
18:31:11     demo
18:31:11     mission start
18:31:11     presearcing
18:31:12     there is about 90700000 page in result
18:31:12     presearcing end
18:31:12     start searching
18:31:12     searching 1 page
18:31:13     searching 2 page
18:31:15     searching 3 page
18:31:16     searching 4 page
18:31:16     searching 5 page
18:31:17     end searcing
18:31:17     4
18:31:17     33 OK
18:31:17     
18:31:17     SUBMISSION 1335 starting
18:31:17     
18:31:17     123123
18:31:17     mission start
18:31:17     presearcing
18:31:18     there is about 1260000 page in result
18:31:18     presearcing end
18:31:18     start searching
18:31:18     searching 1 page
18:31:19     searching 2 page
18:31:20     searching 3 page
18:31:21     searching 4 page
18:31:25     searching 5 page
18:31:25     end searcing
18:31:25     4
18:31:25     1335 OK
18:31:25     
18:31:25     SUBMISSION 1342 starting
18:31:25     
18:31:25     demo
18:31:25     mission start
18:31:25     presearcing
18:31:27     there is about 90700000 page in result
18:31:27     presearcing end
18:31:27     start searching
18:31:27     searching 1 page
18:31:27     searching 2 page
18:31:28     searching 3 page
18:31:29     searching 4 page
18:31:30     searching 5 page
18:31:31     end searcing
18:31:31     4
18:31:31     1342 OK
18:31:31     
