08:30:01     There is 5  missions to process
08:30:01     INSERTED: 0
08:30:01     UPDATED: 0
08:30:01     REBUILD: 0
08:30:01     
08:30:01     MISSIONS  START
08:30:01     
08:30:01     SUBMISSION 12 starting
08:30:01     
08:30:01     test
08:30:01     mission start
08:30:01     presearcing
08:30:02     there is about 54500000 page in result
08:30:02     presearcing end
08:30:02     start searching
08:30:02     searching 1 page
08:30:02     searching 2 page
08:30:03     searching 3 page
08:30:04     searching 4 page
08:30:05     searching 5 page
08:30:06     end searcing
08:30:06     4
08:30:06     12 OK
08:30:06     
08:30:06     SUBMISSION 1333 starting
08:30:06     
08:30:06     123123
08:30:06     mission start
08:30:06     presearcing
08:30:08     there is about 1260000 page in result
08:30:08     presearcing end
08:30:08     start searching
08:30:08     searching 1 page
08:30:09     searching 2 page
08:30:10     searching 3 page
08:30:11     searching 4 page
08:30:12     searching 5 page
08:30:13     end searcing
08:30:13     4
08:30:13     1333 OK
08:30:13     
08:30:13     SUBMISSION 33 starting
08:30:13     
08:30:13     demo
08:30:13     mission start
08:30:13     presearcing
08:30:14     there is about 90700000 page in result
08:30:14     presearcing end
08:30:14     start searching
08:30:14     searching 1 page
08:30:14     searching 2 page
08:30:15     searching 3 page
08:30:16     searching 4 page
08:30:18     searching 5 page
08:30:23     end searcing
08:30:23     4
08:30:23     33 OK
08:30:23     
08:30:23     SUBMISSION 1335 starting
08:30:23     
08:30:23     123123
08:30:23     mission start
08:30:23     presearcing
08:30:25     there is about 1260000 page in result
08:30:25     presearcing end
08:30:25     start searching
08:30:25     searching 1 page
08:30:26     searching 2 page
08:30:27     searching 3 page
08:30:28     searching 4 page
08:30:29     searching 5 page
08:30:29     end searcing
08:30:29     4
08:30:29     1335 OK
08:30:29     
08:30:29     SUBMISSION 1342 starting
08:30:29     
08:30:29     there is a process running
08:30:29     1342 FAIED
08:30:29     
