08:49:01     There is 5  missions to process
08:49:01     INSERTED: 0
08:49:01     UPDATED: 0
08:49:01     REBUILD: 0
08:49:01     
08:49:01     MISSIONS  START
08:49:01     
08:49:01     SUBMISSION 12 starting
08:49:01     
08:49:01     test
08:49:01     mission start
08:49:01     presearcing
08:49:02     there is about 54500000 page in result
08:49:02     presearcing end
08:49:02     start searching
08:49:02     searching 1 page
08:49:03     searching 2 page
08:49:03     searching 3 page
08:49:04     searching 4 page
08:49:05     searching 5 page
08:49:06     end searcing
08:49:06     4
08:49:06     12 OK
08:49:06     
08:49:06     SUBMISSION 1333 starting
08:49:06     
08:49:06     123123
08:49:06     mission start
08:49:06     presearcing
08:49:07     there is about 1260000 page in result
08:49:07     presearcing end
08:49:07     start searching
08:49:07     searching 1 page
08:49:07     searching 2 page
08:49:08     searching 3 page
08:49:09     searching 4 page
08:49:10     searching 5 page
08:49:11     end searcing
08:49:11     4
08:49:11     1333 OK
08:49:11     
08:49:11     SUBMISSION 33 starting
08:49:11     
08:49:11     demo
08:49:11     mission start
08:49:11     presearcing
08:49:12     there is about 90700000 page in result
08:49:12     presearcing end
08:49:12     start searching
08:49:12     searching 1 page
08:49:13     searching 2 page
08:49:14     searching 3 page
08:49:14     searching 4 page
08:49:15     searching 5 page
08:49:16     end searcing
08:49:16     4
08:49:16     33 OK
08:49:16     
08:49:16     SUBMISSION 1335 starting
08:49:16     
08:49:16     123123
08:49:16     mission start
08:49:16     presearcing
08:49:17     there is about 1260000 page in result
08:49:17     presearcing end
08:49:17     start searching
08:49:17     searching 1 page
08:49:18     searching 2 page
08:49:18     searching 3 page
08:49:19     searching 4 page
08:49:20     searching 5 page
08:49:21     end searcing
08:49:21     4
08:49:21     1335 OK
08:49:21     
08:49:21     SUBMISSION 1342 starting
08:49:21     
08:49:21     there is a process running
08:49:21     1342 FAIED
08:49:21     
