17:57:01     There is 5  missions to process
17:57:01     INSERTED: 0
17:57:01     UPDATED: 0
17:57:01     REBUILD: 0
17:57:01     
17:57:01     MISSIONS  START
17:57:01     
17:57:01     SUBMISSION 12 starting
17:57:01     
17:57:01     test
17:57:01     mission start
17:57:01     presearcing
17:57:02     there is about 54500000 page in result
17:57:02     presearcing end
17:57:02     start searching
17:57:02     searching 1 page
17:57:03     searching 2 page
17:57:04     searching 3 page
17:57:05     searching 4 page
17:57:06     searching 5 page
17:57:07     end searcing
17:57:07     4
17:57:08     12 OK
17:57:08     
17:57:08     SUBMISSION 1333 starting
17:57:08     
17:57:08     123123
17:57:08     mission start
17:57:08     presearcing
17:57:09     there is about 1260000 page in result
17:57:09     presearcing end
17:57:09     start searching
17:57:09     searching 1 page
17:57:10     searching 2 page
17:57:11     searching 3 page
17:57:12     searching 4 page
17:57:13     searching 5 page
17:57:13     end searcing
17:57:13     4
17:57:13     1333 OK
17:57:13     
17:57:13     SUBMISSION 33 starting
17:57:13     
17:57:13     demo
17:57:13     mission start
17:57:13     presearcing
17:57:14     there is about 90700000 page in result
17:57:14     presearcing end
17:57:14     start searching
17:57:14     searching 1 page
17:57:15     searching 2 page
17:57:16     searching 3 page
17:57:17     searching 4 page
17:57:19     searching 5 page
17:57:20     end searcing
17:57:20     4
17:57:20     33 OK
17:57:20     
17:57:20     SUBMISSION 1335 starting
17:57:20     
17:57:20     123123
17:57:20     mission start
17:57:20     presearcing
17:57:21     there is about 1260000 page in result
17:57:21     presearcing end
17:57:21     start searching
17:57:21     searching 1 page
17:57:22     searching 2 page
17:57:23     searching 3 page
17:57:24     searching 4 page
17:57:24     searching 5 page
17:57:25     end searcing
17:57:25     4
17:57:25     1335 OK
17:57:25     
17:57:25     SUBMISSION 1342 starting
17:57:25     
17:57:25     demo
17:57:25     mission start
17:57:25     presearcing
17:57:26     there is about 90700000 page in result
17:57:26     presearcing end
17:57:26     start searching
17:57:26     searching 1 page
17:57:27     searching 2 page
17:57:28     searching 3 page
17:57:29     searching 4 page
17:57:30     searching 5 page
17:57:31     end searcing
17:57:31     4
17:57:31     1342 OK
17:57:31     
