18:14:01     There is 5  missions to process
18:14:01     INSERTED: 0
18:14:01     UPDATED: 0
18:14:01     REBUILD: 0
18:14:01     
18:14:01     MISSIONS  START
18:14:01     
18:14:01     SUBMISSION 12 starting
18:14:01     
18:14:01     test
18:14:01     mission start
18:14:01     presearcing
18:14:02     there is about 54500000 page in result
18:14:02     presearcing end
18:14:02     start searching
18:14:02     searching 1 page
18:14:03     searching 2 page
18:14:04     searching 3 page
18:14:04     searching 4 page
18:14:05     searching 5 page
18:14:06     end searcing
18:14:06     4
18:14:06     12 OK
18:14:06     
18:14:06     SUBMISSION 1333 starting
18:14:06     
18:14:06     123123
18:14:06     mission start
18:14:06     presearcing
18:14:07     there is about 1260000 page in result
18:14:07     presearcing end
18:14:07     start searching
18:14:07     searching 1 page
18:14:08     searching 2 page
18:14:09     searching 3 page
18:14:10     searching 4 page
18:14:11     searching 5 page
18:14:12     end searcing
18:14:12     4
18:14:12     1333 OK
18:14:12     
18:14:12     SUBMISSION 33 starting
18:14:12     
18:14:12     demo
18:14:12     mission start
18:14:12     presearcing
18:14:13     there is about 90700000 page in result
18:14:13     presearcing end
18:14:13     start searching
18:14:13     searching 1 page
18:14:14     searching 2 page
18:14:15     searching 3 page
18:14:15     searching 4 page
18:14:16     searching 5 page
18:14:17     end searcing
18:14:17     4
18:14:17     33 OK
18:14:17     
18:14:17     SUBMISSION 1335 starting
18:14:17     
18:14:17     123123
18:14:17     mission start
18:14:17     presearcing
18:14:18     there is about 1260000 page in result
18:14:18     presearcing end
18:14:18     start searching
18:14:18     searching 1 page
18:14:19     searching 2 page
18:14:20     searching 3 page
18:14:21     searching 4 page
18:14:22     searching 5 page
18:14:23     end searcing
18:14:23     4
18:14:23     1335 OK
18:14:23     
18:14:23     SUBMISSION 1342 starting
18:14:23     
18:14:23     demo
18:14:23     mission start
18:14:23     presearcing
18:14:27     there is about 90700000 page in result
18:14:27     presearcing end
18:14:27     start searching
18:14:27     searching 1 page
18:14:28     searching 2 page
18:14:29     searching 3 page
18:14:30     searching 4 page
18:14:31     searching 5 page
18:14:32     end searcing
18:14:32     4
18:14:32     1342 OK
18:14:32     
