17:45:01     There is 5  missions to process
17:45:01     INSERTED: 0
17:45:01     UPDATED: 0
17:45:01     REBUILD: 0
17:45:01     
17:45:01     MISSIONS  START
17:45:01     
17:45:01     SUBMISSION 12 starting
17:45:01     
17:45:01     test
17:45:01     mission start
17:45:01     presearcing
17:45:02     there is about 54500000 page in result
17:45:02     presearcing end
17:45:02     start searching
17:45:02     searching 1 page
17:45:03     searching 2 page
17:45:05     searching 3 page
17:45:06     searching 4 page
17:45:07     searching 5 page
17:45:08     end searcing
17:45:08     4
17:45:08     12 OK
17:45:08     
17:45:08     SUBMISSION 1333 starting
17:45:08     
17:45:08     123123
17:45:08     mission start
17:45:08     presearcing
17:45:09     there is about 1260000 page in result
17:45:09     presearcing end
17:45:09     start searching
17:45:09     searching 1 page
17:45:11     searching 2 page
17:45:12     searching 3 page
17:45:13     searching 4 page
17:45:14     searching 5 page
17:45:15     end searcing
17:45:15     4
17:45:15     1333 OK
17:45:15     
17:45:15     SUBMISSION 33 starting
17:45:15     
17:45:15     demo
17:45:15     mission start
17:45:15     presearcing
17:45:16     there is about 90700000 page in result
17:45:16     presearcing end
17:45:16     start searching
17:45:16     searching 1 page
17:45:18     searching 2 page
17:45:20     searching 3 page
17:45:21     searching 4 page
17:45:23     searching 5 page
17:45:24     end searcing
17:45:24     4
17:45:24     33 OK
17:45:24     
17:45:24     SUBMISSION 1335 starting
17:45:24     
17:45:24     123123
17:45:24     mission start
17:45:24     presearcing
17:45:25     there is about 1260000 page in result
17:45:25     presearcing end
17:45:25     start searching
17:45:25     searching 1 page
17:45:26     searching 2 page
17:45:28     searching 3 page
17:45:29     searching 4 page
17:45:30     searching 5 page
17:45:31     end searcing
17:45:31     4
17:45:31     1335 OK
17:45:31     
17:45:31     SUBMISSION 1342 starting
17:45:31     
17:45:31     demo
17:45:31     mission start
17:45:31     presearcing
17:45:32     there is about 90700000 page in result
17:45:32     presearcing end
17:45:32     start searching
17:45:32     searching 1 page
17:45:33     searching 2 page
17:45:34     searching 3 page
17:45:35     searching 4 page
17:45:36     searching 5 page
17:45:37     end searcing
17:45:37     4
17:45:37     1342 OK
17:45:37     
