08:39:01     There is 5  missions to process
08:39:01     INSERTED: 0
08:39:01     UPDATED: 0
08:39:01     REBUILD: 0
08:39:01     
08:39:01     MISSIONS  START
08:39:01     
08:39:01     SUBMISSION 12 starting
08:39:01     
08:39:01     test
08:39:01     mission start
08:39:01     presearcing
08:39:02     there is about 54500000 page in result
08:39:02     presearcing end
08:39:02     start searching
08:39:02     searching 1 page
08:39:03     searching 2 page
08:39:04     searching 3 page
08:39:05     searching 4 page
08:39:05     searching 5 page
08:39:06     end searcing
08:39:06     4
08:39:06     12 OK
08:39:06     
08:39:06     SUBMISSION 1333 starting
08:39:06     
08:39:06     123123
08:39:06     mission start
08:39:06     presearcing
08:39:07     there is about 1260000 page in result
08:39:07     presearcing end
08:39:07     start searching
08:39:07     searching 1 page
08:39:08     searching 2 page
08:39:09     searching 3 page
08:39:09     searching 4 page
08:39:10     searching 5 page
08:39:11     end searcing
08:39:11     4
08:39:11     1333 OK
08:39:11     
08:39:11     SUBMISSION 33 starting
08:39:11     
08:39:11     demo
08:39:11     mission start
08:39:11     presearcing
08:39:12     there is about 90700000 page in result
08:39:12     presearcing end
08:39:12     start searching
08:39:12     searching 1 page
08:39:13     searching 2 page
08:39:13     searching 3 page
08:39:14     searching 4 page
08:39:15     searching 5 page
08:39:16     end searcing
08:39:16     4
08:39:16     33 OK
08:39:16     
08:39:16     SUBMISSION 1335 starting
08:39:16     
08:39:16     123123
08:39:16     mission start
08:39:16     presearcing
08:39:17     there is about 1260000 page in result
08:39:17     presearcing end
08:39:17     start searching
08:39:17     searching 1 page
08:39:18     searching 2 page
08:39:18     searching 3 page
08:39:19     searching 4 page
08:39:20     searching 5 page
08:39:21     end searcing
08:39:21     4
08:39:21     1335 OK
08:39:21     
08:39:21     SUBMISSION 1342 starting
08:39:21     
08:39:21     there is a process running
08:39:21     1342 FAIED
08:39:21     
