17:31:01     There is 5  missions to process
17:31:01     INSERTED: 0
17:31:01     UPDATED: 0
17:31:01     REBUILD: 0
17:31:01     
17:31:01     MISSIONS  START
17:31:01     
17:31:01     SUBMISSION 12 starting
17:31:01     
17:31:01     test
17:31:01     mission start
17:31:01     presearcing
17:31:06     there is about 54500000 page in result
17:31:06     presearcing end
17:31:06     start searching
17:31:06     searching 1 page
17:31:07     searching 2 page
17:31:07     searching 3 page
17:31:09     searching 4 page
17:31:09     searching 5 page
17:31:10     end searcing
17:31:10     4
17:31:10     12 OK
17:31:10     
17:31:10     SUBMISSION 1333 starting
17:31:10     
17:31:10     123123
17:31:10     mission start
17:31:10     presearcing
17:31:11     there is about 1260000 page in result
17:31:11     presearcing end
17:31:11     start searching
17:31:11     searching 1 page
17:31:12     searching 2 page
17:31:14     searching 3 page
17:31:15     searching 4 page
17:31:16     searching 5 page
17:31:16     end searcing
17:31:16     4
17:31:16     1333 OK
17:31:16     
17:31:16     SUBMISSION 33 starting
17:31:16     
17:31:16     demo
17:31:16     mission start
17:31:16     presearcing
17:31:17     there is about 90700000 page in result
17:31:17     presearcing end
17:31:17     start searching
17:31:17     searching 1 page
17:31:18     searching 2 page
17:31:19     searching 3 page
17:31:20     searching 4 page
17:31:21     searching 5 page
17:31:25     end searcing
17:31:25     4
17:31:25     33 OK
17:31:25     
17:31:25     SUBMISSION 1335 starting
17:31:25     
17:31:25     123123
17:31:25     mission start
17:31:25     presearcing
17:31:26     there is about 1260000 page in result
17:31:26     presearcing end
17:31:26     start searching
17:31:26     searching 1 page
17:31:27     searching 2 page
17:31:28     searching 3 page
17:31:29     searching 4 page
17:31:31     searching 5 page
17:31:33     end searcing
17:31:33     4
17:31:33     1335 OK
17:31:33     
17:31:33     SUBMISSION 1342 starting
17:31:33     
17:31:33     demo
17:31:33     mission start
17:31:33     presearcing
17:31:34     there is about 90700000 page in result
17:31:34     presearcing end
17:31:34     start searching
17:31:34     searching 1 page
17:31:35     searching 2 page
17:31:36     searching 3 page
17:31:37     searching 4 page
17:31:38     searching 5 page
17:31:39     end searcing
17:31:39     4
17:31:39     1342 OK
17:31:39     
