17:17:01     There is 5  missions to process
17:17:01     INSERTED: 0
17:17:01     UPDATED: 0
17:17:01     REBUILD: 0
17:17:01     
17:17:01     MISSIONS  START
17:17:01     
17:17:01     SUBMISSION 12 starting
17:17:01     
17:17:01     test
17:17:01     mission start
17:17:01     presearcing
17:17:02     there is about 54500000 page in result
17:17:02     presearcing end
17:17:02     start searching
17:17:02     searching 1 page
17:17:03     searching 2 page
17:17:04     searching 3 page
17:17:05     searching 4 page
17:17:05     searching 5 page
17:17:07     end searcing
17:17:07     4
17:17:07     12 OK
17:17:07     
17:17:07     SUBMISSION 1333 starting
17:17:07     
17:17:07     123123
17:17:07     mission start
17:17:07     presearcing
17:17:08     there is about 1260000 page in result
17:17:08     presearcing end
17:17:08     start searching
17:17:08     searching 1 page
17:17:08     searching 2 page
17:17:09     searching 3 page
17:17:10     searching 4 page
17:17:11     searching 5 page
17:17:12     end searcing
17:17:12     4
17:17:12     1333 OK
17:17:12     
17:17:12     SUBMISSION 33 starting
17:17:12     
17:17:12     demo
17:17:12     mission start
17:17:12     presearcing
17:17:13     there is about 90700000 page in result
17:17:13     presearcing end
17:17:13     start searching
17:17:13     searching 1 page
17:17:14     searching 2 page
17:17:15     searching 3 page
17:17:16     searching 4 page
17:17:17     searching 5 page
17:17:19     end searcing
17:17:19     4
17:17:19     33 OK
17:17:19     
17:17:19     SUBMISSION 1335 starting
17:17:19     
17:17:19     xcvxcvxvc
17:17:19     mission start
17:17:19     presearcing
17:17:20     there is about 491 page in result
17:17:20     presearcing end
17:17:20     start searching
17:17:20     searching 1 page
17:17:21     searching 2 page
17:17:22     searching 3 page
17:17:26     searching 4 page
17:17:27     searching 5 page
17:17:28     end searcing
17:17:28     4
17:17:28     1335 OK
17:17:28     
17:17:28     SUBMISSION 1342 starting
17:17:28     
17:17:28     demo
17:17:28     mission start
17:17:28     presearcing
17:17:29     there is about 90700000 page in result
17:17:29     presearcing end
17:17:29     start searching
17:17:29     searching 1 page
17:17:30     searching 2 page
17:17:32     searching 3 page
17:17:32     searching 4 page
17:17:33     searching 5 page
17:17:34     end searcing
17:17:34     4
17:17:34     1342 OK
17:17:34     
