09:52:01     There is 5  missions to process
09:52:01     INSERTED: 0
09:52:01     UPDATED: 0
09:52:01     REBUILD: 0
09:52:01     
09:52:01     MISSIONS  START
09:52:01     
09:52:01     SUBMISSION 12 starting
09:52:01     
09:52:01     test
09:52:01     mission start
09:52:01     presearcing
09:52:02     there is about 54500000 page in result
09:52:02     presearcing end
09:52:02     start searching
09:52:02     searching 1 page
09:52:03     searching 2 page
09:52:04     searching 3 page
09:52:05     searching 4 page
09:52:06     searching 5 page
09:52:07     end searcing
09:52:07     4
09:52:07     12 OK
09:52:07     
09:52:07     SUBMISSION 1333 starting
09:52:07     
09:52:07     123123
09:52:07     mission start
09:52:07     presearcing
09:52:08     there is about 1260000 page in result
09:52:08     presearcing end
09:52:08     start searching
09:52:08     searching 1 page
09:52:09     searching 2 page
09:52:10     searching 3 page
09:52:11     searching 4 page
09:52:12     searching 5 page
09:52:13     end searcing
09:52:13     4
09:52:13     1333 OK
09:52:13     
09:52:13     SUBMISSION 33 starting
09:52:13     
09:52:13     demo
09:52:13     mission start
09:52:13     presearcing
09:52:14     there is about 90700000 page in result
09:52:14     presearcing end
09:52:14     start searching
09:52:14     searching 1 page
09:52:15     searching 2 page
09:52:15     searching 3 page
09:52:16     searching 4 page
09:52:17     searching 5 page
09:52:19     end searcing
09:52:19     4
09:52:19     33 OK
09:52:19     
09:52:19     SUBMISSION 1335 starting
09:52:19     
09:52:19     123123
09:52:19     mission start
09:52:19     presearcing
09:52:22     there is about 1260000 page in result
09:52:22     presearcing end
09:52:22     start searching
09:52:22     searching 1 page
09:52:25     searching 2 page
09:52:27     searching 3 page
09:52:28     searching 4 page
09:52:28     searching 5 page
09:52:29     end searcing
09:52:29     4
09:52:29     1335 OK
09:52:29     
09:52:29     SUBMISSION 1342 starting
09:52:29     
09:52:29     there is a process running
09:52:29     1342 FAIED
09:52:29     
