16:54:01     There is 5  missions to process
16:54:01     INSERTED: 0
16:54:01     UPDATED: 0
16:54:01     REBUILD: 0
16:54:01     
16:54:01     MISSIONS  START
16:54:01     
16:54:01     SUBMISSION 12 starting
16:54:01     
16:54:01     test
16:54:01     mission start
16:54:01     presearcing
16:54:02     there is about 313000000 page in result
16:54:02     presearcing end
16:54:02     start searching
16:54:02     searching 1 page
16:54:02     searching 2 page
16:54:03     searching 3 page
16:54:04     searching 4 page
16:54:05     searching 5 page
16:54:06     end searcing
16:54:06     4
16:54:06     12 OK
16:54:06     
16:54:06     SUBMISSION 1333 starting
16:54:06     
16:54:06     123123
16:54:06     mission start
16:54:06     presearcing
16:54:07     there is about 1260000 page in result
16:54:07     presearcing end
16:54:07     start searching
16:54:07     searching 1 page
16:54:08     searching 2 page
16:54:09     searching 3 page
16:54:10     searching 4 page
16:54:10     searching 5 page
16:54:11     end searcing
16:54:11     4
16:54:11     1333 OK
16:54:11     
16:54:11     SUBMISSION 33 starting
16:54:11     
16:54:11     demo
16:54:11     mission start
16:54:11     presearcing
16:54:12     there is about 90600000 page in result
16:54:12     presearcing end
16:54:12     start searching
16:54:12     searching 1 page
16:54:14     searching 2 page
16:54:14     searching 3 page
16:54:15     searching 4 page
16:54:16     searching 5 page
16:54:17     end searcing
16:54:17     4
16:54:17     33 OK
16:54:17     
16:54:17     SUBMISSION 1335 starting
16:54:17     
16:54:17     xcvxcvxvc
16:54:17     mission start
16:54:17     presearcing
16:54:18     there is about 491 page in result
16:54:18     presearcing end
16:54:18     start searching
16:54:18     searching 1 page
16:54:19     searching 2 page
16:54:20     searching 3 page
16:54:21     searching 4 page
16:54:22     searching 5 page
16:54:23     end searcing
16:54:23     4
16:54:23     1335 OK
16:54:23     
16:54:23     SUBMISSION 1342 starting
16:54:23     
16:54:23     demo
16:54:23     mission start
16:54:23     presearcing
16:54:24     there is about 90800000 page in result
16:54:24     presearcing end
16:54:24     start searching
16:54:24     searching 1 page
16:54:26     searching 2 page
16:54:27     searching 3 page
16:54:28     searching 4 page
16:54:28     searching 5 page
16:54:29     end searcing
16:54:29     4
16:54:29     1342 OK
16:54:29     
