17:10:01     There is 5  missions to process
17:10:01     INSERTED: 0
17:10:01     UPDATED: 0
17:10:01     REBUILD: 0
17:10:01     
17:10:01     MISSIONS  START
17:10:01     
17:10:01     SUBMISSION 12 starting
17:10:01     
17:10:01     test
17:10:01     mission start
17:10:01     presearcing
17:10:03     there is about 313000000 page in result
17:10:03     presearcing end
17:10:03     start searching
17:10:03     searching 1 page
17:10:04     searching 2 page
17:10:06     searching 3 page
17:10:08     searching 4 page
17:10:09     searching 5 page
17:10:10     end searcing
17:10:10     4
17:10:10     12 OK
17:10:10     
17:10:10     SUBMISSION 1333 starting
17:10:10     
17:10:10     123123
17:10:10     mission start
17:10:10     presearcing
17:10:11     there is about 1260000 page in result
17:10:11     presearcing end
17:10:11     start searching
17:10:11     searching 1 page
17:10:12     searching 2 page
17:10:13     searching 3 page
17:10:14     searching 4 page
17:10:14     searching 5 page
17:10:15     end searcing
17:10:15     4
17:10:15     1333 OK
17:10:15     
17:10:15     SUBMISSION 33 starting
17:10:15     
17:10:15     demo
17:10:15     mission start
17:10:15     presearcing
17:10:16     there is about 90800000 page in result
17:10:16     presearcing end
17:10:16     start searching
17:10:16     searching 1 page
17:10:17     searching 2 page
17:10:18     searching 3 page
17:10:19     searching 4 page
17:10:20     searching 5 page
17:10:21     end searcing
17:10:21     4
17:10:21     33 OK
17:10:21     
17:10:21     SUBMISSION 1335 starting
17:10:21     
17:10:21     xcvxcvxvc
17:10:21     mission start
17:10:21     presearcing
17:10:21     there is about 491 page in result
17:10:21     presearcing end
17:10:21     start searching
17:10:21     searching 1 page
17:10:22     searching 2 page
17:10:25     searching 3 page
17:10:26     searching 4 page
17:10:27     searching 5 page
17:10:28     end searcing
17:10:28     4
17:10:28     1335 OK
17:10:28     
17:10:28     SUBMISSION 1342 starting
17:10:28     
17:10:28     demo
17:10:28     mission start
17:10:28     presearcing
17:10:29     there is about 90700000 page in result
17:10:29     presearcing end
17:10:29     start searching
17:10:29     searching 1 page
17:10:31     searching 2 page
17:10:31     searching 3 page
17:10:33     searching 4 page
17:10:34     searching 5 page
17:10:34     end searcing
17:10:34     4
17:10:34     1342 OK
17:10:34     
