18:32:01     There is 5  missions to process
18:32:01     INSERTED: 0
18:32:01     UPDATED: 0
18:32:01     REBUILD: 0
18:32:01     
18:32:01     MISSIONS  START
18:32:01     
18:32:01     SUBMISSION 12 starting
18:32:01     
18:32:01     test
18:32:01     mission start
18:32:01     presearcing
18:32:02     there is about 54500000 page in result
18:32:02     presearcing end
18:32:02     start searching
18:32:02     searching 1 page
18:32:03     searching 2 page
18:32:04     searching 3 page
18:32:05     searching 4 page
18:32:06     searching 5 page
18:32:07     end searcing
18:32:07     4
18:32:07     12 OK
18:32:07     
18:32:07     SUBMISSION 1333 starting
18:32:07     
18:32:07     123123
18:32:07     mission start
18:32:07     presearcing
18:32:08     there is about 1260000 page in result
18:32:08     presearcing end
18:32:08     start searching
18:32:08     searching 1 page
18:32:09     searching 2 page
18:32:10     searching 3 page
18:32:11     searching 4 page
18:32:15     searching 5 page
18:32:15     end searcing
18:32:15     4
18:32:15     1333 OK
18:32:15     
18:32:15     SUBMISSION 33 starting
18:32:15     
18:32:15     demo
18:32:15     mission start
18:32:15     presearcing
18:32:16     there is about 90700000 page in result
18:32:16     presearcing end
18:32:16     start searching
18:32:16     searching 1 page
18:32:17     searching 2 page
18:32:18     searching 3 page
18:32:19     searching 4 page
18:32:20     searching 5 page
18:32:21     end searcing
18:32:21     4
18:32:21     33 OK
18:32:21     
18:32:21     SUBMISSION 1335 starting
18:32:21     
18:32:21     123123
18:32:21     mission start
18:32:21     presearcing
18:32:22     there is about 1260000 page in result
18:32:22     presearcing end
18:32:22     start searching
18:32:22     searching 1 page
18:32:23     searching 2 page
18:32:24     searching 3 page
18:32:27     searching 4 page
18:32:28     searching 5 page
18:32:29     end searcing
18:32:29     4
18:32:29     1335 OK
18:32:29     
18:32:29     SUBMISSION 1342 starting
18:32:29     
18:32:29     demo
18:32:29     mission start
18:32:29     presearcing
18:32:30     there is about 90700000 page in result
18:32:30     presearcing end
18:32:30     start searching
18:32:30     searching 1 page
18:32:32     searching 2 page
18:32:34     searching 3 page
18:32:35     searching 4 page
18:32:36     searching 5 page
18:32:37     end searcing
18:32:37     4
18:32:37     1342 OK
18:32:37     
