17:47:01     There is 5  missions to process
17:47:01     INSERTED: 0
17:47:01     UPDATED: 0
17:47:01     REBUILD: 0
17:47:01     
17:47:01     MISSIONS  START
17:47:01     
17:47:01     SUBMISSION 12 starting
17:47:01     
17:47:01     test
17:47:01     mission start
17:47:01     presearcing
17:47:02     there is about 54500000 page in result
17:47:02     presearcing end
17:47:02     start searching
17:47:02     searching 1 page
17:47:03     searching 2 page
17:47:04     searching 3 page
17:47:05     searching 4 page
17:47:06     searching 5 page
17:47:07     end searcing
17:47:07     4
17:47:07     12 OK
17:47:07     
17:47:07     SUBMISSION 1333 starting
17:47:07     
17:47:07     123123
17:47:07     mission start
17:47:07     presearcing
17:47:08     there is about 1260000 page in result
17:47:08     presearcing end
17:47:08     start searching
17:47:08     searching 1 page
17:47:09     searching 2 page
17:47:10     searching 3 page
17:47:15     searching 4 page
17:47:18     searching 5 page
17:47:21     end searcing
17:47:21     4
17:47:21     1333 OK
17:47:21     
17:47:21     SUBMISSION 33 starting
17:47:21     
17:47:21     demo
17:47:21     mission start
17:47:21     presearcing
17:47:22     there is about 90700000 page in result
17:47:22     presearcing end
17:47:22     start searching
17:47:22     searching 1 page
17:47:23     searching 2 page
17:47:24     searching 3 page
17:47:25     searching 4 page
17:47:26     searching 5 page
17:47:27     end searcing
17:47:27     4
17:47:27     33 OK
17:47:27     
17:47:27     SUBMISSION 1335 starting
17:47:27     
17:47:27     123123
17:47:27     mission start
17:47:27     presearcing
17:47:27     there is about 1260000 page in result
17:47:27     presearcing end
17:47:27     start searching
17:47:27     searching 1 page
17:47:28     searching 2 page
17:47:29     searching 3 page
17:47:30     searching 4 page
17:47:31     searching 5 page
17:47:32     end searcing
17:47:32     4
17:47:32     1335 OK
17:47:32     
17:47:32     SUBMISSION 1342 starting
17:47:32     
17:47:32     demo
17:47:32     mission start
17:47:32     presearcing
17:47:33     there is about 90700000 page in result
17:47:33     presearcing end
17:47:33     start searching
17:47:33     searching 1 page
17:47:34     searching 2 page
17:47:35     searching 3 page
17:47:36     searching 4 page
17:47:37     searching 5 page
17:47:37     end searcing
17:47:37     4
17:47:37     1342 OK
17:47:37     
