17:04:01     There is 5  missions to process
17:04:01     INSERTED: 0
17:04:01     UPDATED: 0
17:04:01     REBUILD: 0
17:04:01     
17:04:01     MISSIONS  START
17:04:01     
17:04:01     SUBMISSION 12 starting
17:04:01     
17:04:01     test
17:04:01     mission start
17:04:01     presearcing
17:04:02     there is about 313000000 page in result
17:04:02     presearcing end
17:04:02     start searching
17:04:02     searching 1 page
17:04:03     searching 2 page
17:04:04     searching 3 page
17:04:05     searching 4 page
17:04:06     searching 5 page
17:04:07     end searcing
17:04:07     4
17:04:07     12 OK
17:04:07     
17:04:07     SUBMISSION 1333 starting
17:04:07     
17:04:07     123123
17:04:07     mission start
17:04:07     presearcing
17:04:08     there is about 1260000 page in result
17:04:08     presearcing end
17:04:08     start searching
17:04:08     searching 1 page
17:04:08     searching 2 page
17:04:09     searching 3 page
17:04:10     searching 4 page
17:04:11     searching 5 page
17:04:12     end searcing
17:04:12     4
17:04:12     1333 OK
17:04:12     
17:04:12     SUBMISSION 33 starting
17:04:12     
17:04:12     demo
17:04:12     mission start
17:04:12     presearcing
17:04:13     there is about 90800000 page in result
17:04:13     presearcing end
17:04:13     start searching
17:04:13     searching 1 page
17:04:14     searching 2 page
17:04:15     searching 3 page
17:04:15     searching 4 page
17:04:16     searching 5 page
17:04:17     end searcing
17:04:17     4
17:04:17     33 OK
17:04:17     
17:04:17     SUBMISSION 1335 starting
17:04:17     
17:04:17     xcvxcvxvc
17:04:17     mission start
17:04:17     presearcing
17:04:18     there is about 491 page in result
17:04:18     presearcing end
17:04:18     start searching
17:04:18     searching 1 page
17:04:19     searching 2 page
17:04:20     searching 3 page
17:04:21     searching 4 page
17:04:22     searching 5 page
17:04:23     end searcing
17:04:23     4
17:04:23     1335 OK
17:04:23     
17:04:23     SUBMISSION 1342 starting
17:04:23     
17:04:23     demo
17:04:23     mission start
17:04:23     presearcing
17:04:24     there is about 90800000 page in result
17:04:24     presearcing end
17:04:24     start searching
17:04:24     searching 1 page
17:04:25     searching 2 page
17:04:26     searching 3 page
17:04:27     searching 4 page
17:04:27     searching 5 page
17:04:28     end searcing
17:04:28     4
17:04:28     1342 OK
17:04:28     
