09:11:01     There is 5  missions to process
09:11:01     INSERTED: 0
09:11:01     UPDATED: 0
09:11:01     REBUILD: 0
09:11:01     
09:11:01     MISSIONS  START
09:11:01     
09:11:01     SUBMISSION 12 starting
09:11:01     
09:11:01     test
09:11:01     mission start
09:11:01     presearcing
09:11:02     there is about 54500000 page in result
09:11:02     presearcing end
09:11:02     start searching
09:11:02     searching 1 page
09:11:03     searching 2 page
09:11:04     searching 3 page
09:11:04     searching 4 page
09:11:05     searching 5 page
09:11:06     end searcing
09:11:06     4
09:11:06     12 OK
09:11:06     
09:11:06     SUBMISSION 1333 starting
09:11:06     
09:11:06     123123
09:11:06     mission start
09:11:06     presearcing
09:11:07     there is about 1260000 page in result
09:11:07     presearcing end
09:11:07     start searching
09:11:07     searching 1 page
09:11:08     searching 2 page
09:11:08     searching 3 page
09:11:09     searching 4 page
09:11:10     searching 5 page
09:11:11     end searcing
09:11:11     4
09:11:11     1333 OK
09:11:11     
09:11:11     SUBMISSION 33 starting
09:11:11     
09:11:11     demo
09:11:11     mission start
09:11:11     presearcing
09:11:12     there is about 90700000 page in result
09:11:12     presearcing end
09:11:12     start searching
09:11:12     searching 1 page
09:11:13     searching 2 page
09:11:13     searching 3 page
09:11:14     searching 4 page
09:11:15     searching 5 page
09:11:17     end searcing
09:11:17     4
09:11:17     33 OK
09:11:17     
09:11:17     SUBMISSION 1335 starting
09:11:17     
09:11:17     123123
09:11:17     mission start
09:11:17     presearcing
09:11:17     there is about 1260000 page in result
09:11:17     presearcing end
09:11:17     start searching
09:11:17     searching 1 page
09:11:18     searching 2 page
09:11:19     searching 3 page
09:11:20     searching 4 page
09:11:21     searching 5 page
09:11:21     end searcing
09:11:21     4
09:11:21     1335 OK
09:11:21     
09:11:21     SUBMISSION 1342 starting
09:11:21     
09:11:21     there is a process running
09:11:21     1342 FAIED
09:11:21     
