17:41:01     There is 5  missions to process
17:41:01     INSERTED: 0
17:41:01     UPDATED: 0
17:41:01     REBUILD: 0
17:41:01     
17:41:01     MISSIONS  START
17:41:01     
17:41:01     SUBMISSION 12 starting
17:41:01     
17:41:01     test
17:41:01     mission start
17:41:01     presearcing
17:41:02     there is about 54500000 page in result
17:41:02     presearcing end
17:41:02     start searching
17:41:02     searching 1 page
17:41:03     searching 2 page
17:41:04     searching 3 page
17:41:05     searching 4 page
17:41:06     searching 5 page
17:41:07     end searcing
17:41:07     4
17:41:07     12 OK
17:41:07     
17:41:07     SUBMISSION 1333 starting
17:41:07     
17:41:07     123123
17:41:07     mission start
17:41:07     presearcing
17:41:08     there is about 1260000 page in result
17:41:08     presearcing end
17:41:08     start searching
17:41:08     searching 1 page
17:41:09     searching 2 page
17:41:10     searching 3 page
17:41:11     searching 4 page
17:41:11     searching 5 page
17:41:12     end searcing
17:41:12     4
17:41:12     1333 OK
17:41:12     
17:41:12     SUBMISSION 33 starting
17:41:12     
17:41:12     demo
17:41:12     mission start
17:41:12     presearcing
17:41:13     there is about 90700000 page in result
17:41:13     presearcing end
17:41:13     start searching
17:41:13     searching 1 page
17:41:14     searching 2 page
17:41:15     searching 3 page
17:41:16     searching 4 page
17:41:17     searching 5 page
17:41:18     end searcing
17:41:18     4
17:41:18     33 OK
17:41:18     
17:41:18     SUBMISSION 1335 starting
17:41:18     
17:41:18     123123
17:41:18     mission start
17:41:18     presearcing
17:41:18     there is about 1260000 page in result
17:41:18     presearcing end
17:41:18     start searching
17:41:18     searching 1 page
17:41:20     searching 2 page
17:41:21     searching 3 page
17:41:22     searching 4 page
17:41:23     searching 5 page
17:41:24     end searcing
17:41:24     4
17:41:24     1335 OK
17:41:24     
17:41:24     SUBMISSION 1342 starting
17:41:24     
17:41:24     demo
17:41:24     mission start
17:41:24     presearcing
17:41:25     there is about 90700000 page in result
17:41:25     presearcing end
17:41:25     start searching
17:41:25     searching 1 page
17:41:26     searching 2 page
17:41:27     searching 3 page
17:41:28     searching 4 page
17:41:29     searching 5 page
17:41:30     end searcing
17:41:30     4
17:41:30     1342 OK
17:41:30     
