16:57:01     There is 5  missions to process
16:57:01     INSERTED: 0
16:57:01     UPDATED: 0
16:57:01     REBUILD: 0
16:57:01     
16:57:01     MISSIONS  START
16:57:01     
16:57:01     SUBMISSION 12 starting
16:57:01     
16:57:01     test
16:57:01     mission start
16:57:01     presearcing
16:57:02     there is about 313000000 page in result
16:57:02     presearcing end
16:57:02     start searching
16:57:02     searching 1 page
16:57:03     searching 2 page
16:57:04     searching 3 page
16:57:05     searching 4 page
16:57:06     searching 5 page
16:57:06     end searcing
16:57:06     4
16:57:06     12 OK
16:57:06     
16:57:06     SUBMISSION 1333 starting
16:57:06     
16:57:06     123123
16:57:06     mission start
16:57:06     presearcing
16:57:07     there is about 1260000 page in result
16:57:07     presearcing end
16:57:07     start searching
16:57:07     searching 1 page
16:57:08     searching 2 page
16:57:09     searching 3 page
16:57:10     searching 4 page
16:57:11     searching 5 page
16:57:12     end searcing
16:57:12     4
16:57:12     1333 OK
16:57:12     
16:57:12     SUBMISSION 33 starting
16:57:12     
16:57:12     demo
16:57:12     mission start
16:57:12     presearcing
16:57:13     there is about 90800000 page in result
16:57:13     presearcing end
16:57:13     start searching
16:57:13     searching 1 page
16:57:13     searching 2 page
16:57:14     searching 3 page
16:57:15     searching 4 page
16:57:16     searching 5 page
16:57:17     end searcing
16:57:17     4
16:57:17     33 OK
16:57:17     
16:57:17     SUBMISSION 1335 starting
16:57:17     
16:57:17     xcvxcvxvc
16:57:17     mission start
16:57:17     presearcing
16:57:18     there is about 491 page in result
16:57:18     presearcing end
16:57:18     start searching
16:57:18     searching 1 page
16:57:19     searching 2 page
16:57:20     searching 3 page
16:57:21     searching 4 page
16:57:22     searching 5 page
16:57:23     end searcing
16:57:23     4
16:57:23     1335 OK
16:57:23     
16:57:23     SUBMISSION 1342 starting
16:57:23     
16:57:23     demo
16:57:23     mission start
16:57:23     presearcing
16:57:24     there is about 90800000 page in result
16:57:24     presearcing end
16:57:24     start searching
16:57:24     searching 1 page
16:57:24     searching 2 page
16:57:25     searching 3 page
16:57:26     searching 4 page
16:57:27     searching 5 page
16:57:28     end searcing
16:57:28     4
16:57:28     1342 OK
16:57:28     
