08:59:01     There is 5  missions to process
08:59:01     INSERTED: 0
08:59:01     UPDATED: 0
08:59:01     REBUILD: 0
08:59:01     
08:59:01     MISSIONS  START
08:59:01     
08:59:01     SUBMISSION 12 starting
08:59:01     
08:59:01     test
08:59:01     mission start
08:59:01     presearcing
08:59:02     there is about 54500000 page in result
08:59:02     presearcing end
08:59:02     start searching
08:59:02     searching 1 page
08:59:03     searching 2 page
08:59:04     searching 3 page
08:59:05     searching 4 page
08:59:06     searching 5 page
08:59:06     end searcing
08:59:06     4
08:59:06     12 OK
08:59:06     
08:59:06     SUBMISSION 1333 starting
08:59:06     
08:59:06     123123
08:59:06     mission start
08:59:06     presearcing
08:59:07     there is about 1260000 page in result
08:59:07     presearcing end
08:59:07     start searching
08:59:07     searching 1 page
08:59:08     searching 2 page
08:59:09     searching 3 page
08:59:10     searching 4 page
08:59:11     searching 5 page
08:59:12     end searcing
08:59:12     4
08:59:12     1333 OK
08:59:12     
08:59:12     SUBMISSION 33 starting
08:59:12     
08:59:12     demo
08:59:12     mission start
08:59:12     presearcing
08:59:13     there is about 90700000 page in result
08:59:13     presearcing end
08:59:13     start searching
08:59:13     searching 1 page
08:59:14     searching 2 page
08:59:16     searching 3 page
08:59:17     searching 4 page
08:59:19     searching 5 page
08:59:22     end searcing
08:59:22     4
08:59:22     33 OK
08:59:22     
08:59:22     SUBMISSION 1335 starting
08:59:22     
08:59:22     123123
08:59:22     mission start
08:59:22     presearcing
08:59:24     there is about 1260000 page in result
08:59:24     presearcing end
08:59:24     start searching
08:59:24     searching 1 page
08:59:26     searching 2 page
08:59:28     searching 3 page
08:59:29     searching 4 page
08:59:29     searching 5 page
08:59:31     end searcing
08:59:31     4
08:59:31     1335 OK
08:59:31     
08:59:31     SUBMISSION 1342 starting
08:59:31     
08:59:31     there is a process running
08:59:31     1342 FAIED
08:59:31     
