17:05:01     There is 5  missions to process
17:05:01     INSERTED: 0
17:05:01     UPDATED: 0
17:05:01     REBUILD: 0
17:05:01     
17:05:01     MISSIONS  START
17:05:01     
17:05:01     SUBMISSION 12 starting
17:05:01     
17:05:01     test
17:05:01     mission start
17:05:01     presearcing
17:05:02     there is about 313000000 page in result
17:05:02     presearcing end
17:05:02     start searching
17:05:02     searching 1 page
17:05:03     searching 2 page
17:05:04     searching 3 page
17:05:05     searching 4 page
17:05:06     searching 5 page
17:05:07     end searcing
17:05:07     4
17:05:07     12 OK
17:05:07     
17:05:07     SUBMISSION 1333 starting
17:05:07     
17:05:07     123123
17:05:07     mission start
17:05:07     presearcing
17:05:08     there is about 1260000 page in result
17:05:08     presearcing end
17:05:08     start searching
17:05:08     searching 1 page
17:05:09     searching 2 page
17:05:10     searching 3 page
17:05:11     searching 4 page
17:05:12     searching 5 page
17:05:13     end searcing
17:05:13     4
17:05:13     1333 OK
17:05:13     
17:05:13     SUBMISSION 33 starting
17:05:13     
17:05:13     demo
17:05:13     mission start
17:05:13     presearcing
17:05:14     there is about 90800000 page in result
17:05:14     presearcing end
17:05:14     start searching
17:05:14     searching 1 page
17:05:15     searching 2 page
17:05:16     searching 3 page
17:05:17     searching 4 page
17:05:17     searching 5 page
17:05:18     end searcing
17:05:18     4
17:05:18     33 OK
17:05:18     
17:05:18     SUBMISSION 1335 starting
17:05:18     
17:05:18     xcvxcvxvc
17:05:18     mission start
17:05:18     presearcing
17:05:19     there is about 491 page in result
17:05:19     presearcing end
17:05:19     start searching
17:05:19     searching 1 page
17:05:20     searching 2 page
17:05:21     searching 3 page
17:05:22     searching 4 page
17:05:23     searching 5 page
17:05:24     end searcing
17:05:24     4
17:05:24     1335 OK
17:05:24     
17:05:24     SUBMISSION 1342 starting
17:05:24     
17:05:24     demo
17:05:24     mission start
17:05:24     presearcing
17:05:24     there is about 90800000 page in result
17:05:24     presearcing end
17:05:24     start searching
17:05:24     searching 1 page
17:05:25     searching 2 page
17:05:26     searching 3 page
17:05:27     searching 4 page
17:05:28     searching 5 page
17:05:29     end searcing
17:05:29     4
17:05:29     1342 OK
17:05:29     
