18:10:01     There is 5  missions to process
18:10:01     INSERTED: 0
18:10:01     UPDATED: 0
18:10:01     REBUILD: 0
18:10:01     
18:10:01     MISSIONS  START
18:10:01     
18:10:01     SUBMISSION 12 starting
18:10:01     
18:10:01     test
18:10:01     mission start
18:10:01     presearcing
18:10:02     there is about 54500000 page in result
18:10:02     presearcing end
18:10:02     start searching
18:10:02     searching 1 page
18:10:02     searching 2 page
18:10:03     searching 3 page
18:10:04     searching 4 page
18:10:05     searching 5 page
18:10:06     end searcing
18:10:06     4
18:10:06     12 OK
18:10:06     
18:10:06     SUBMISSION 1333 starting
18:10:06     
18:10:06     123123
18:10:06     mission start
18:10:06     presearcing
18:10:07     there is about 1260000 page in result
18:10:07     presearcing end
18:10:07     start searching
18:10:07     searching 1 page
18:10:08     searching 2 page
18:10:09     searching 3 page
18:10:09     searching 4 page
18:10:10     searching 5 page
18:10:11     end searcing
18:10:11     4
18:10:11     1333 OK
18:10:11     
18:10:11     SUBMISSION 33 starting
18:10:11     
18:10:11     demo
18:10:11     mission start
18:10:11     presearcing
18:10:12     there is about 90700000 page in result
18:10:12     presearcing end
18:10:12     start searching
18:10:12     searching 1 page
18:10:13     searching 2 page
18:10:14     searching 3 page
18:10:18     searching 4 page
18:10:18     searching 5 page
18:10:19     end searcing
18:10:19     4
18:10:19     33 OK
18:10:19     
18:10:19     SUBMISSION 1335 starting
18:10:19     
18:10:19     123123
18:10:19     mission start
18:10:19     presearcing
18:10:20     there is about 1260000 page in result
18:10:20     presearcing end
18:10:20     start searching
18:10:20     searching 1 page
18:10:21     searching 2 page
18:10:22     searching 3 page
18:10:23     searching 4 page
18:10:24     searching 5 page
18:10:25     end searcing
18:10:25     4
18:10:25     1335 OK
18:10:25     
18:10:25     SUBMISSION 1342 starting
18:10:25     
18:10:25     demo
18:10:25     mission start
18:10:25     presearcing
18:10:26     there is about 90700000 page in result
18:10:26     presearcing end
18:10:26     start searching
18:10:26     searching 1 page
18:10:27     searching 2 page
18:10:29     searching 3 page
18:10:30     searching 4 page
18:10:31     searching 5 page
18:10:32     end searcing
18:10:32     4
18:10:32     1342 OK
18:10:32     
