17:30:01     There is 5  missions to process
17:30:01     INSERTED: 0
17:30:01     UPDATED: 0
17:30:01     REBUILD: 0
17:30:01     
17:30:01     MISSIONS  START
17:30:01     
17:30:01     SUBMISSION 12 starting
17:30:01     
17:30:01     test
17:30:01     mission start
17:30:01     presearcing
17:30:03     there is about 54500000 page in result
17:30:03     presearcing end
17:30:03     start searching
17:30:03     searching 1 page
17:30:07     searching 2 page
17:30:08     searching 3 page
17:30:08     searching 4 page
17:30:09     searching 5 page
17:30:10     end searcing
17:30:10     4
17:30:10     12 OK
17:30:10     
17:30:10     SUBMISSION 1333 starting
17:30:10     
17:30:10     123123
17:30:10     mission start
17:30:10     presearcing
17:30:11     there is about 1260000 page in result
17:30:11     presearcing end
17:30:11     start searching
17:30:11     searching 1 page
17:30:15     searching 2 page
17:30:16     searching 3 page
17:30:17     searching 4 page
17:30:18     searching 5 page
17:30:19     end searcing
17:30:19     4
17:30:19     1333 OK
17:30:19     
17:30:19     SUBMISSION 33 starting
17:30:19     
17:30:19     demo
17:30:19     mission start
17:30:19     presearcing
17:30:19     there is about 90700000 page in result
17:30:19     presearcing end
17:30:19     start searching
17:30:19     searching 1 page
17:30:20     searching 2 page
17:30:21     searching 3 page
17:30:22     searching 4 page
17:30:23     searching 5 page
17:30:24     end searcing
17:30:24     4
17:30:24     33 OK
17:30:24     
17:30:24     SUBMISSION 1335 starting
17:30:24     
17:30:24     123123
17:30:24     mission start
17:30:24     presearcing
17:30:25     there is about 1260000 page in result
17:30:25     presearcing end
17:30:25     start searching
17:30:25     searching 1 page
17:30:26     searching 2 page
17:30:27     searching 3 page
17:30:27     searching 4 page
17:30:28     searching 5 page
17:30:29     end searcing
17:30:29     4
17:30:29     1335 OK
17:30:29     
17:30:29     SUBMISSION 1342 starting
17:30:29     
17:30:29     demo
17:30:29     mission start
17:30:29     presearcing
17:30:30     there is about 90700000 page in result
17:30:30     presearcing end
17:30:30     start searching
17:30:30     searching 1 page
17:30:31     searching 2 page
17:30:32     searching 3 page
17:30:33     searching 4 page
17:30:34     searching 5 page
17:30:35     end searcing
17:30:35     4
17:30:35     1342 OK
17:30:35     
