09:09:01     There is 5  missions to process
09:09:01     INSERTED: 0
09:09:01     UPDATED: 0
09:09:01     REBUILD: 0
09:09:01     
09:09:01     MISSIONS  START
09:09:01     
09:09:01     SUBMISSION 12 starting
09:09:01     
09:09:01     test
09:09:01     mission start
09:09:01     presearcing
09:09:02     there is about 54500000 page in result
09:09:02     presearcing end
09:09:02     start searching
09:09:02     searching 1 page
09:09:03     searching 2 page
09:09:03     searching 3 page
09:09:04     searching 4 page
09:09:05     searching 5 page
09:09:06     end searcing
09:09:06     4
09:09:06     12 OK
09:09:06     
09:09:06     SUBMISSION 1333 starting
09:09:06     
09:09:06     123123
09:09:06     mission start
09:09:06     presearcing
09:09:07     there is about 1260000 page in result
09:09:07     presearcing end
09:09:07     start searching
09:09:07     searching 1 page
09:09:08     searching 2 page
09:09:09     searching 3 page
09:09:10     searching 4 page
09:09:11     searching 5 page
09:09:12     end searcing
09:09:12     4
09:09:12     1333 OK
09:09:12     
09:09:12     SUBMISSION 33 starting
09:09:12     
09:09:12     demo
09:09:12     mission start
09:09:12     presearcing
09:09:13     there is about 90700000 page in result
09:09:13     presearcing end
09:09:13     start searching
09:09:13     searching 1 page
09:09:14     searching 2 page
09:09:15     searching 3 page
09:09:16     searching 4 page
09:09:18     searching 5 page
09:09:19     end searcing
09:09:19     4
09:09:19     33 OK
09:09:19     
09:09:19     SUBMISSION 1335 starting
09:09:19     
09:09:19     123123
09:09:19     mission start
09:09:19     presearcing
09:09:20     there is about 1260000 page in result
09:09:20     presearcing end
09:09:20     start searching
09:09:20     searching 1 page
09:09:21     searching 2 page
09:09:22     searching 3 page
09:09:22     searching 4 page
09:09:23     searching 5 page
09:09:24     end searcing
09:09:24     4
09:09:24     1335 OK
09:09:24     
09:09:24     SUBMISSION 1342 starting
09:09:24     
09:09:24     there is a process running
09:09:24     1342 FAIED
09:09:24     
