09:06:02     There is 5  missions to process
09:06:02     INSERTED: 0
09:06:02     UPDATED: 0
09:06:02     REBUILD: 0
09:06:02     
09:06:02     MISSIONS  START
09:06:02     
09:06:02     SUBMISSION 12 starting
09:06:02     
09:06:02     test
09:06:02     mission start
09:06:02     presearcing
09:06:02     there is about 54500000 page in result
09:06:02     presearcing end
09:06:02     start searching
09:06:02     searching 1 page
09:06:03     searching 2 page
09:06:04     searching 3 page
09:06:05     searching 4 page
09:06:06     searching 5 page
09:06:07     end searcing
09:06:07     4
09:06:07     12 OK
09:06:07     
09:06:07     SUBMISSION 1333 starting
09:06:07     
09:06:07     123123
09:06:07     mission start
09:06:07     presearcing
09:06:08     there is about 1260000 page in result
09:06:08     presearcing end
09:06:08     start searching
09:06:08     searching 1 page
09:06:09     searching 2 page
09:06:10     searching 3 page
09:06:10     searching 4 page
09:06:11     searching 5 page
09:06:12     end searcing
09:06:12     4
09:06:12     1333 OK
09:06:12     
09:06:12     SUBMISSION 33 starting
09:06:12     
09:06:12     demo
09:06:12     mission start
09:06:12     presearcing
09:06:13     there is about 90700000 page in result
09:06:13     presearcing end
09:06:13     start searching
09:06:13     searching 1 page
09:06:14     searching 2 page
09:06:15     searching 3 page
09:06:15     searching 4 page
09:06:16     searching 5 page
09:06:17     end searcing
09:06:17     4
09:06:17     33 OK
09:06:17     
09:06:17     SUBMISSION 1335 starting
09:06:17     
09:06:17     123123
09:06:17     mission start
09:06:17     presearcing
09:06:18     there is about 1260000 page in result
09:06:18     presearcing end
09:06:18     start searching
09:06:18     searching 1 page
09:06:19     searching 2 page
09:06:20     searching 3 page
09:06:20     searching 4 page
09:06:21     searching 5 page
09:06:22     end searcing
09:06:22     4
09:06:22     1335 OK
09:06:22     
09:06:22     SUBMISSION 1342 starting
09:06:22     
09:06:22     there is a process running
09:06:22     1342 FAIED
09:06:22     
