09:24:01     There is 5  missions to process
09:24:01     INSERTED: 0
09:24:01     UPDATED: 0
09:24:01     REBUILD: 0
09:24:01     
09:24:01     MISSIONS  START
09:24:01     
09:24:01     SUBMISSION 12 starting
09:24:01     
09:24:01     test
09:24:01     mission start
09:24:01     presearcing
09:24:02     there is about 54500000 page in result
09:24:02     presearcing end
09:24:02     start searching
09:24:02     searching 1 page
09:24:03     searching 2 page
09:24:04     searching 3 page
09:24:05     searching 4 page
09:24:06     searching 5 page
09:24:06     end searcing
09:24:06     4
09:24:06     12 OK
09:24:06     
09:24:06     SUBMISSION 1333 starting
09:24:06     
09:24:06     123123
09:24:06     mission start
09:24:06     presearcing
09:24:07     there is about 1260000 page in result
09:24:07     presearcing end
09:24:07     start searching
09:24:07     searching 1 page
09:24:08     searching 2 page
09:24:09     searching 3 page
09:24:10     searching 4 page
09:24:11     searching 5 page
09:24:12     end searcing
09:24:12     4
09:24:12     1333 OK
09:24:12     
09:24:12     SUBMISSION 33 starting
09:24:12     
09:24:12     demo
09:24:12     mission start
09:24:12     presearcing
09:24:13     there is about 90700000 page in result
09:24:13     presearcing end
09:24:13     start searching
09:24:13     searching 1 page
09:24:13     searching 2 page
09:24:15     searching 3 page
09:24:15     searching 4 page
09:24:16     searching 5 page
09:24:17     end searcing
09:24:17     4
09:24:17     33 OK
09:24:17     
09:24:17     SUBMISSION 1335 starting
09:24:17     
09:24:17     123123
09:24:17     mission start
09:24:17     presearcing
09:24:18     there is about 1260000 page in result
09:24:18     presearcing end
09:24:18     start searching
09:24:18     searching 1 page
09:24:19     searching 2 page
09:24:19     searching 3 page
09:24:20     searching 4 page
09:24:21     searching 5 page
09:24:23     end searcing
09:24:23     4
09:24:23     1335 OK
09:24:23     
09:24:23     SUBMISSION 1342 starting
09:24:23     
09:24:23     there is a process running
09:24:23     1342 FAIED
09:24:23     
