17:59:01     There is 5  missions to process
17:59:01     INSERTED: 0
17:59:01     UPDATED: 0
17:59:01     REBUILD: 0
17:59:01     
17:59:01     MISSIONS  START
17:59:01     
17:59:01     SUBMISSION 12 starting
17:59:01     
17:59:01     test
17:59:01     mission start
17:59:01     presearcing
17:59:02     there is about 54500000 page in result
17:59:02     presearcing end
17:59:02     start searching
17:59:02     searching 1 page
17:59:03     searching 2 page
17:59:04     searching 3 page
17:59:05     searching 4 page
17:59:06     searching 5 page
17:59:07     end searcing
17:59:07     4
17:59:07     12 OK
17:59:07     
17:59:07     SUBMISSION 1333 starting
17:59:07     
17:59:07     123123
17:59:07     mission start
17:59:07     presearcing
17:59:08     there is about 1260000 page in result
17:59:08     presearcing end
17:59:08     start searching
17:59:08     searching 1 page
17:59:12     searching 2 page
17:59:13     searching 3 page
17:59:14     searching 4 page
17:59:15     searching 5 page
17:59:16     end searcing
17:59:16     4
17:59:16     1333 OK
17:59:16     
17:59:16     SUBMISSION 33 starting
17:59:16     
17:59:16     demo
17:59:16     mission start
17:59:16     presearcing
17:59:17     there is about 90700000 page in result
17:59:17     presearcing end
17:59:17     start searching
17:59:17     searching 1 page
17:59:18     searching 2 page
17:59:20     searching 3 page
17:59:21     searching 4 page
17:59:22     searching 5 page
17:59:23     end searcing
17:59:23     4
17:59:23     33 OK
17:59:23     
17:59:23     SUBMISSION 1335 starting
17:59:23     
17:59:23     123123
17:59:23     mission start
17:59:23     presearcing
17:59:23     there is about 1260000 page in result
17:59:23     presearcing end
17:59:23     start searching
17:59:23     searching 1 page
17:59:24     searching 2 page
17:59:25     searching 3 page
17:59:26     searching 4 page
17:59:27     searching 5 page
17:59:28     end searcing
17:59:28     4
17:59:28     1335 OK
17:59:28     
17:59:28     SUBMISSION 1342 starting
17:59:28     
17:59:28     demo
17:59:28     mission start
17:59:28     presearcing
17:59:29     there is about 90700000 page in result
17:59:29     presearcing end
17:59:29     start searching
17:59:29     searching 1 page
17:59:30     searching 2 page
17:59:31     searching 3 page
17:59:32     searching 4 page
17:59:32     searching 5 page
17:59:34     end searcing
17:59:34     4
17:59:34     1342 OK
17:59:34     
