18:01:01     There is 5  missions to process
18:01:01     INSERTED: 0
18:01:01     UPDATED: 0
18:01:01     REBUILD: 0
18:01:01     
18:01:01     MISSIONS  START
18:01:01     
18:01:01     SUBMISSION 12 starting
18:01:01     
18:01:01     test
18:01:01     mission start
18:01:01     presearcing
18:01:02     there is about 54500000 page in result
18:01:02     presearcing end
18:01:02     start searching
18:01:02     searching 1 page
18:01:03     searching 2 page
18:01:04     searching 3 page
18:01:05     searching 4 page
18:01:06     searching 5 page
18:01:07     end searcing
18:01:07     4
18:01:07     12 OK
18:01:07     
18:01:07     SUBMISSION 1333 starting
18:01:07     
18:01:07     123123
18:01:07     mission start
18:01:07     presearcing
18:01:08     there is about 1260000 page in result
18:01:08     presearcing end
18:01:08     start searching
18:01:08     searching 1 page
18:01:08     searching 2 page
18:01:09     searching 3 page
18:01:10     searching 4 page
18:01:11     searching 5 page
18:01:12     end searcing
18:01:12     4
18:01:12     1333 OK
18:01:12     
18:01:12     SUBMISSION 33 starting
18:01:12     
18:01:12     demo
18:01:12     mission start
18:01:12     presearcing
18:01:13     there is about 90700000 page in result
18:01:13     presearcing end
18:01:13     start searching
18:01:13     searching 1 page
18:01:14     searching 2 page
18:01:15     searching 3 page
18:01:16     searching 4 page
18:01:26     searching 5 page
18:01:27     end searcing
18:01:27     4
18:01:27     33 OK
18:01:27     
18:01:27     SUBMISSION 1335 starting
18:01:27     
18:01:27     123123
18:01:27     mission start
18:01:27     presearcing
18:01:28     there is about 1260000 page in result
18:01:28     presearcing end
18:01:28     start searching
18:01:28     searching 1 page
18:01:29     searching 2 page
18:01:30     searching 3 page
18:01:31     searching 4 page
18:01:32     searching 5 page
18:01:36     end searcing
18:01:36     4
18:01:36     1335 OK
18:01:36     
18:01:36     SUBMISSION 1342 starting
18:01:36     
18:01:36     demo
18:01:36     mission start
18:01:36     presearcing
18:01:37     there is about 90700000 page in result
18:01:37     presearcing end
18:01:37     start searching
18:01:37     searching 1 page
18:01:38     searching 2 page
18:01:39     searching 3 page
18:01:40     searching 4 page
18:01:41     searching 5 page
18:01:42     end searcing
18:01:42     4
18:01:42     1342 OK
18:01:42     
