09:21:01     There is 5  missions to process
09:21:01     INSERTED: 0
09:21:01     UPDATED: 0
09:21:01     REBUILD: 0
09:21:01     
09:21:01     MISSIONS  START
09:21:01     
09:21:01     SUBMISSION 12 starting
09:21:01     
09:21:01     test
09:21:01     mission start
09:21:01     presearcing
09:21:02     there is about 54500000 page in result
09:21:02     presearcing end
09:21:02     start searching
09:21:02     searching 1 page
09:21:03     searching 2 page
09:21:04     searching 3 page
09:21:04     searching 4 page
09:21:05     searching 5 page
09:21:06     end searcing
09:21:06     4
09:21:06     12 OK
09:21:06     
09:21:06     SUBMISSION 1333 starting
09:21:06     
09:21:06     123123
09:21:06     mission start
09:21:06     presearcing
09:21:07     there is about 1260000 page in result
09:21:07     presearcing end
09:21:07     start searching
09:21:07     searching 1 page
09:21:08     searching 2 page
09:21:09     searching 3 page
09:21:09     searching 4 page
09:21:10     searching 5 page
09:21:11     end searcing
09:21:11     4
09:21:11     1333 OK
09:21:11     
09:21:11     SUBMISSION 33 starting
09:21:11     
09:21:11     demo
09:21:11     mission start
09:21:11     presearcing
09:21:12     there is about 90700000 page in result
09:21:12     presearcing end
09:21:12     start searching
09:21:12     searching 1 page
09:21:13     searching 2 page
09:21:13     searching 3 page
09:21:14     searching 4 page
09:21:15     searching 5 page
09:21:16     end searcing
09:21:16     4
09:21:16     33 OK
09:21:16     
09:21:16     SUBMISSION 1335 starting
09:21:16     
09:21:16     123123
09:21:16     mission start
09:21:16     presearcing
09:21:17     there is about 1260000 page in result
09:21:17     presearcing end
09:21:17     start searching
09:21:17     searching 1 page
09:21:17     searching 2 page
09:21:19     searching 3 page
09:21:19     searching 4 page
09:21:20     searching 5 page
09:21:21     end searcing
09:21:21     4
09:21:21     1335 OK
09:21:21     
09:21:21     SUBMISSION 1342 starting
09:21:21     
09:21:21     there is a process running
09:21:21     1342 FAIED
09:21:21     
