09:46:01     There is 5  missions to process
09:46:01     INSERTED: 0
09:46:01     UPDATED: 0
09:46:01     REBUILD: 0
09:46:01     
09:46:01     MISSIONS  START
09:46:01     
09:46:01     SUBMISSION 12 starting
09:46:01     
09:46:01     test
09:46:01     mission start
09:46:01     presearcing
09:46:02     there is about 54500000 page in result
09:46:02     presearcing end
09:46:02     start searching
09:46:02     searching 1 page
09:46:03     searching 2 page
09:46:04     searching 3 page
09:46:05     searching 4 page
09:46:06     searching 5 page
09:46:06     end searcing
09:46:06     4
09:46:06     12 OK
09:46:06     
09:46:06     SUBMISSION 1333 starting
09:46:06     
09:46:06     123123
09:46:06     mission start
09:46:06     presearcing
09:46:07     there is about 1260000 page in result
09:46:07     presearcing end
09:46:07     start searching
09:46:07     searching 1 page
09:46:08     searching 2 page
09:46:09     searching 3 page
09:46:10     searching 4 page
09:46:11     searching 5 page
09:46:13     end searcing
09:46:13     4
09:46:13     1333 OK
09:46:13     
09:46:13     SUBMISSION 33 starting
09:46:13     
09:46:13     demo
09:46:13     mission start
09:46:13     presearcing
09:46:14     there is about 90700000 page in result
09:46:14     presearcing end
09:46:14     start searching
09:46:14     searching 1 page
09:46:15     searching 2 page
09:46:16     searching 3 page
09:46:17     searching 4 page
09:46:18     searching 5 page
09:46:19     end searcing
09:46:19     4
09:46:19     33 OK
09:46:19     
09:46:19     SUBMISSION 1335 starting
09:46:19     
09:46:19     123123
09:46:19     mission start
09:46:19     presearcing
09:46:19     there is about 1260000 page in result
09:46:19     presearcing end
09:46:19     start searching
09:46:19     searching 1 page
09:46:20     searching 2 page
09:46:21     searching 3 page
09:46:22     searching 4 page
09:46:24     searching 5 page
09:46:25     end searcing
09:46:25     4
09:46:25     1335 OK
09:46:25     
09:46:25     SUBMISSION 1342 starting
09:46:25     
09:46:25     there is a process running
09:46:25     1342 FAIED
09:46:25     
