18:18:01     There is 5  missions to process
18:18:01     INSERTED: 0
18:18:01     UPDATED: 0
18:18:01     REBUILD: 0
18:18:01     
18:18:01     MISSIONS  START
18:18:01     
18:18:01     SUBMISSION 12 starting
18:18:01     
18:18:01     test
18:18:01     mission start
18:18:01     presearcing
18:18:02     there is about 54500000 page in result
18:18:02     presearcing end
18:18:02     start searching
18:18:02     searching 1 page
18:18:03     searching 2 page
18:18:04     searching 3 page
18:18:05     searching 4 page
18:18:06     searching 5 page
18:18:07     end searcing
18:18:07     4
18:18:07     12 OK
18:18:07     
18:18:07     SUBMISSION 1333 starting
18:18:07     
18:18:07     123123
18:18:07     mission start
18:18:07     presearcing
18:18:08     there is about 1260000 page in result
18:18:08     presearcing end
18:18:08     start searching
18:18:08     searching 1 page
18:18:09     searching 2 page
18:18:09     searching 3 page
18:18:10     searching 4 page
18:18:11     searching 5 page
18:18:12     end searcing
18:18:12     4
18:18:12     1333 OK
18:18:12     
18:18:12     SUBMISSION 33 starting
18:18:12     
18:18:12     demo
18:18:12     mission start
18:18:12     presearcing
18:18:13     there is about 90700000 page in result
18:18:13     presearcing end
18:18:13     start searching
18:18:13     searching 1 page
18:18:14     searching 2 page
18:18:15     searching 3 page
18:18:16     searching 4 page
18:18:17     searching 5 page
18:18:18     end searcing
18:18:18     4
18:18:18     33 OK
18:18:18     
18:18:18     SUBMISSION 1335 starting
18:18:18     
18:18:18     123123
18:18:18     mission start
18:18:18     presearcing
18:18:18     there is about 1260000 page in result
18:18:18     presearcing end
18:18:18     start searching
18:18:18     searching 1 page
18:18:19     searching 2 page
18:18:20     searching 3 page
18:18:21     searching 4 page
18:18:22     searching 5 page
18:18:23     end searcing
18:18:23     4
18:18:23     1335 OK
18:18:23     
18:18:23     SUBMISSION 1342 starting
18:18:23     
18:18:23     demo
18:18:23     mission start
18:18:23     presearcing
18:18:24     there is about 90700000 page in result
18:18:24     presearcing end
18:18:24     start searching
18:18:24     searching 1 page
18:18:25     searching 2 page
18:18:25     searching 3 page
18:18:26     searching 4 page
18:18:27     searching 5 page
18:18:28     end searcing
18:18:28     4
18:18:28     1342 OK
18:18:28     
