09:31:01     There is 5  missions to process
09:31:01     INSERTED: 0
09:31:01     UPDATED: 0
09:31:01     REBUILD: 0
09:31:01     
09:31:01     MISSIONS  START
09:31:01     
09:31:01     SUBMISSION 12 starting
09:31:01     
09:31:01     test
09:31:01     mission start
09:31:01     presearcing
09:31:02     there is about 54500000 page in result
09:31:02     presearcing end
09:31:02     start searching
09:31:02     searching 1 page
09:31:03     searching 2 page
09:31:04     searching 3 page
09:31:05     searching 4 page
09:31:05     searching 5 page
09:31:06     end searcing
09:31:06     4
09:31:06     12 OK
09:31:06     
09:31:06     SUBMISSION 1333 starting
09:31:06     
09:31:06     123123
09:31:06     mission start
09:31:06     presearcing
09:31:07     there is about 1260000 page in result
09:31:07     presearcing end
09:31:07     start searching
09:31:07     searching 1 page
09:31:08     searching 2 page
09:31:09     searching 3 page
09:31:09     searching 4 page
09:31:10     searching 5 page
09:31:11     end searcing
09:31:11     4
09:31:11     1333 OK
09:31:11     
09:31:11     SUBMISSION 33 starting
09:31:11     
09:31:11     demo
09:31:11     mission start
09:31:11     presearcing
09:31:12     there is about 90700000 page in result
09:31:12     presearcing end
09:31:12     start searching
09:31:12     searching 1 page
09:31:13     searching 2 page
09:31:14     searching 3 page
09:31:15     searching 4 page
09:31:16     searching 5 page
09:31:16     end searcing
09:31:16     4
09:31:16     33 OK
09:31:16     
09:31:16     SUBMISSION 1335 starting
09:31:16     
09:31:16     123123
09:31:16     mission start
09:31:16     presearcing
09:31:17     there is about 1260000 page in result
09:31:17     presearcing end
09:31:17     start searching
09:31:17     searching 1 page
09:31:18     searching 2 page
09:31:19     searching 3 page
09:31:20     searching 4 page
09:31:21     searching 5 page
09:31:22     end searcing
09:31:22     4
09:31:22     1335 OK
09:31:22     
09:31:22     SUBMISSION 1342 starting
09:31:22     
09:31:22     there is a process running
09:31:22     1342 FAIED
09:31:22     
