17:38:01     There is 5  missions to process
17:38:01     INSERTED: 0
17:38:01     UPDATED: 0
17:38:01     REBUILD: 0
17:38:01     
17:38:01     MISSIONS  START
17:38:01     
17:38:01     SUBMISSION 12 starting
17:38:01     
17:38:01     test
17:38:01     mission start
17:38:01     presearcing
17:38:02     there is about 54500000 page in result
17:38:02     presearcing end
17:38:02     start searching
17:38:02     searching 1 page
17:38:03     searching 2 page
17:38:04     searching 3 page
17:38:05     searching 4 page
17:38:06     searching 5 page
17:38:06     end searcing
17:38:06     4
17:38:06     12 OK
17:38:06     
17:38:06     SUBMISSION 1333 starting
17:38:06     
17:38:06     123123
17:38:06     mission start
17:38:06     presearcing
17:38:07     there is about 1260000 page in result
17:38:07     presearcing end
17:38:07     start searching
17:38:07     searching 1 page
17:38:09     searching 2 page
17:38:10     searching 3 page
17:38:11     searching 4 page
17:38:12     searching 5 page
17:38:14     end searcing
17:38:14     4
17:38:14     1333 OK
17:38:14     
17:38:14     SUBMISSION 33 starting
17:38:14     
17:38:14     demo
17:38:14     mission start
17:38:14     presearcing
17:38:15     there is about 90700000 page in result
17:38:15     presearcing end
17:38:15     start searching
17:38:15     searching 1 page
17:38:16     searching 2 page
17:38:17     searching 3 page
17:38:18     searching 4 page
17:38:19     searching 5 page
17:38:20     end searcing
17:38:20     4
17:38:20     33 OK
17:38:20     
17:38:20     SUBMISSION 1335 starting
17:38:20     
17:38:20     123123
17:38:20     mission start
17:38:20     presearcing
17:38:21     there is about 1260000 page in result
17:38:21     presearcing end
17:38:21     start searching
17:38:21     searching 1 page
17:38:22     searching 2 page
17:38:23     searching 3 page
17:38:23     searching 4 page
17:38:25     searching 5 page
17:38:26     end searcing
17:38:26     4
17:38:26     1335 OK
17:38:26     
17:38:26     SUBMISSION 1342 starting
17:38:26     
17:38:26     demo
17:38:26     mission start
17:38:26     presearcing
17:38:27     there is about 90700000 page in result
17:38:27     presearcing end
17:38:27     start searching
17:38:27     searching 1 page
17:38:28     searching 2 page
17:38:29     searching 3 page
17:38:30     searching 4 page
17:38:31     searching 5 page
17:38:32     end searcing
17:38:32     4
17:38:32     1342 OK
17:38:32     
