08:32:01     There is 5  missions to process
08:32:01     INSERTED: 0
08:32:01     UPDATED: 0
08:32:01     REBUILD: 0
08:32:01     
08:32:01     MISSIONS  START
08:32:01     
08:32:01     SUBMISSION 12 starting
08:32:01     
08:32:01     test
08:32:01     mission start
08:32:01     presearcing
08:32:02     there is about 54500000 page in result
08:32:02     presearcing end
08:32:02     start searching
08:32:02     searching 1 page
08:32:03     searching 2 page
08:32:04     searching 3 page
08:32:05     searching 4 page
08:32:06     searching 5 page
08:32:06     end searcing
08:32:06     4
08:32:06     12 OK
08:32:06     
08:32:06     SUBMISSION 1333 starting
08:32:06     
08:32:06     123123
08:32:06     mission start
08:32:06     presearcing
08:32:07     there is about 1260000 page in result
08:32:07     presearcing end
08:32:07     start searching
08:32:07     searching 1 page
08:32:08     searching 2 page
08:32:09     searching 3 page
08:32:10     searching 4 page
08:32:11     searching 5 page
08:32:12     end searcing
08:32:12     4
08:32:12     1333 OK
08:32:12     
08:32:12     SUBMISSION 33 starting
08:32:12     
08:32:12     demo
08:32:12     mission start
08:32:12     presearcing
08:32:13     there is about 90700000 page in result
08:32:13     presearcing end
08:32:13     start searching
08:32:13     searching 1 page
08:32:14     searching 2 page
08:32:15     searching 3 page
08:32:18     searching 4 page
08:32:23     searching 5 page
08:32:26     end searcing
08:32:26     4
08:32:26     33 OK
08:32:26     
08:32:26     SUBMISSION 1335 starting
08:32:26     
08:32:26     123123
08:32:26     mission start
08:32:26     presearcing
08:32:28     there is about 1260000 page in result
08:32:28     presearcing end
08:32:28     start searching
08:32:28     searching 1 page
08:32:29     searching 2 page
08:32:30     searching 3 page
08:32:31     searching 4 page
08:32:32     searching 5 page
08:32:33     end searcing
08:32:33     4
08:32:33     1335 OK
08:32:33     
08:32:33     SUBMISSION 1342 starting
08:32:33     
08:32:33     there is a process running
08:32:33     1342 FAIED
08:32:33     
