09:20:01     There is 5  missions to process
09:20:01     INSERTED: 0
09:20:01     UPDATED: 0
09:20:01     REBUILD: 0
09:20:01     
09:20:01     MISSIONS  START
09:20:01     
09:20:01     SUBMISSION 12 starting
09:20:01     
09:20:01     test
09:20:01     mission start
09:20:01     presearcing
09:20:02     there is about 54500000 page in result
09:20:02     presearcing end
09:20:02     start searching
09:20:02     searching 1 page
09:20:03     searching 2 page
09:20:04     searching 3 page
09:20:04     searching 4 page
09:20:05     searching 5 page
09:20:06     end searcing
09:20:06     4
09:20:06     12 OK
09:20:06     
09:20:06     SUBMISSION 1333 starting
09:20:06     
09:20:06     123123
09:20:06     mission start
09:20:06     presearcing
09:20:07     there is about 1260000 page in result
09:20:07     presearcing end
09:20:07     start searching
09:20:07     searching 1 page
09:20:08     searching 2 page
09:20:08     searching 3 page
09:20:09     searching 4 page
09:20:10     searching 5 page
09:20:11     end searcing
09:20:11     4
09:20:11     1333 OK
09:20:11     
09:20:11     SUBMISSION 33 starting
09:20:11     
09:20:11     demo
09:20:11     mission start
09:20:11     presearcing
09:20:12     there is about 90700000 page in result
09:20:12     presearcing end
09:20:12     start searching
09:20:12     searching 1 page
09:20:13     searching 2 page
09:20:13     searching 3 page
09:20:14     searching 4 page
09:20:15     searching 5 page
09:20:16     end searcing
09:20:16     4
09:20:16     33 OK
09:20:16     
09:20:16     SUBMISSION 1335 starting
09:20:16     
09:20:16     123123
09:20:16     mission start
09:20:16     presearcing
09:20:17     there is about 1260000 page in result
09:20:17     presearcing end
09:20:17     start searching
09:20:17     searching 1 page
09:20:18     searching 2 page
09:20:19     searching 3 page
09:20:20     searching 4 page
09:20:20     searching 5 page
09:20:21     end searcing
09:20:21     4
09:20:21     1335 OK
09:20:21     
09:20:21     SUBMISSION 1342 starting
09:20:21     
09:20:21     there is a process running
09:20:21     1342 FAIED
09:20:21     
