17:23:01     There is 5  missions to process
17:23:01     INSERTED: 0
17:23:01     UPDATED: 0
17:23:01     REBUILD: 0
17:23:01     
17:23:01     MISSIONS  START
17:23:01     
17:23:01     SUBMISSION 12 starting
17:23:01     
17:23:01     test
17:23:01     mission start
17:23:01     presearcing
17:23:03     there is about 54500000 page in result
17:23:03     presearcing end
17:23:03     start searching
17:23:03     searching 1 page
17:23:05     searching 2 page
17:23:05     searching 3 page
17:23:06     searching 4 page
17:23:08     searching 5 page
17:23:09     end searcing
17:23:09     4
17:23:09     12 OK
17:23:09     
17:23:09     SUBMISSION 1333 starting
17:23:09     
17:23:09     123123
17:23:09     mission start
17:23:09     presearcing
17:23:10     there is about 1260000 page in result
17:23:10     presearcing end
17:23:10     start searching
17:23:10     searching 1 page
17:23:11     searching 2 page
17:23:12     searching 3 page
17:23:12     searching 4 page
17:23:13     searching 5 page
17:23:14     end searcing
17:23:14     4
17:23:14     1333 OK
17:23:14     
17:23:14     SUBMISSION 33 starting
17:23:14     
17:23:14     demo
17:23:14     mission start
17:23:14     presearcing
17:23:15     there is about 90700000 page in result
17:23:15     presearcing end
17:23:15     start searching
17:23:15     searching 1 page
17:23:18     searching 2 page
17:23:19     searching 3 page
17:23:20     searching 4 page
17:23:21     searching 5 page
17:23:21     end searcing
17:23:21     4
17:23:21     33 OK
17:23:21     
17:23:21     SUBMISSION 1335 starting
17:23:21     
17:23:21     123123
17:23:21     mission start
17:23:21     presearcing
17:23:22     there is about 1260000 page in result
17:23:22     presearcing end
17:23:22     start searching
17:23:22     searching 1 page
17:23:23     searching 2 page
17:23:24     searching 3 page
17:23:25     searching 4 page
17:23:26     searching 5 page
17:23:27     end searcing
17:23:27     4
17:23:27     1335 OK
17:23:27     
17:23:27     SUBMISSION 1342 starting
17:23:27     
17:23:27     demo
17:23:27     mission start
17:23:27     presearcing
17:23:28     there is about 90700000 page in result
17:23:28     presearcing end
17:23:28     start searching
17:23:28     searching 1 page
17:23:29     searching 2 page
17:23:30     searching 3 page
17:23:31     searching 4 page
17:23:32     searching 5 page
17:23:32     end searcing
17:23:32     4
17:23:32     1342 OK
17:23:32     
