18:26:01     There is 5  missions to process
18:26:01     INSERTED: 0
18:26:01     UPDATED: 0
18:26:01     REBUILD: 0
18:26:01     
18:26:01     MISSIONS  START
18:26:01     
18:26:01     SUBMISSION 12 starting
18:26:01     
18:26:01     test
18:26:01     mission start
18:26:01     presearcing
18:26:05     there is about 54500000 page in result
18:26:05     presearcing end
18:26:05     start searching
18:26:05     searching 1 page
18:26:06     searching 2 page
18:26:07     searching 3 page
18:26:08     searching 4 page
18:26:09     searching 5 page
18:26:10     end searcing
18:26:10     4
18:26:10     12 OK
18:26:10     
18:26:10     SUBMISSION 1333 starting
18:26:10     
18:26:10     123123
18:26:10     mission start
18:26:10     presearcing
18:26:10     there is about 1260000 page in result
18:26:10     presearcing end
18:26:10     start searching
18:26:10     searching 1 page
18:26:11     searching 2 page
18:26:12     searching 3 page
18:26:13     searching 4 page
18:26:14     searching 5 page
18:26:15     end searcing
18:26:15     4
18:26:15     1333 OK
18:26:15     
18:26:15     SUBMISSION 33 starting
18:26:15     
18:26:15     demo
18:26:15     mission start
18:26:15     presearcing
18:26:16     there is about 90700000 page in result
18:26:16     presearcing end
18:26:16     start searching
18:26:16     searching 1 page
18:26:17     searching 2 page
18:26:18     searching 3 page
18:26:19     searching 4 page
18:26:23     searching 5 page
18:26:24     end searcing
18:26:24     4
18:26:24     33 OK
18:26:24     
18:26:24     SUBMISSION 1335 starting
18:26:24     
18:26:24     123123
18:26:24     mission start
18:26:24     presearcing
18:26:25     there is about 1260000 page in result
18:26:25     presearcing end
18:26:25     start searching
18:26:25     searching 1 page
18:26:26     searching 2 page
18:26:27     searching 3 page
18:26:28     searching 4 page
18:26:29     searching 5 page
18:26:30     end searcing
18:26:30     4
18:26:30     1335 OK
18:26:30     
18:26:30     SUBMISSION 1342 starting
18:26:30     
18:26:30     demo
18:26:30     mission start
18:26:30     presearcing
18:26:31     there is about 90700000 page in result
18:26:31     presearcing end
18:26:31     start searching
18:26:31     searching 1 page
18:26:32     searching 2 page
18:26:33     searching 3 page
18:26:34     searching 4 page
18:26:35     searching 5 page
18:26:36     end searcing
18:26:36     4
18:26:36     1342 OK
18:26:36     
