09:10:01     There is 5  missions to process
09:10:01     INSERTED: 0
09:10:01     UPDATED: 0
09:10:01     REBUILD: 0
09:10:01     
09:10:01     MISSIONS  START
09:10:01     
09:10:01     SUBMISSION 12 starting
09:10:01     
09:10:01     test
09:10:01     mission start
09:10:01     presearcing
09:10:02     there is about 54500000 page in result
09:10:02     presearcing end
09:10:02     start searching
09:10:02     searching 1 page
09:10:03     searching 2 page
09:10:03     searching 3 page
09:10:04     searching 4 page
09:10:05     searching 5 page
09:10:06     end searcing
09:10:06     4
09:10:06     12 OK
09:10:06     
09:10:06     SUBMISSION 1333 starting
09:10:06     
09:10:06     123123
09:10:06     mission start
09:10:06     presearcing
09:10:07     there is about 1260000 page in result
09:10:07     presearcing end
09:10:07     start searching
09:10:07     searching 1 page
09:10:08     searching 2 page
09:10:08     searching 3 page
09:10:09     searching 4 page
09:10:10     searching 5 page
09:10:11     end searcing
09:10:11     4
09:10:11     1333 OK
09:10:11     
09:10:11     SUBMISSION 33 starting
09:10:11     
09:10:11     demo
09:10:11     mission start
09:10:11     presearcing
09:10:12     there is about 90700000 page in result
09:10:12     presearcing end
09:10:12     start searching
09:10:12     searching 1 page
09:10:12     searching 2 page
09:10:14     searching 3 page
09:10:14     searching 4 page
09:10:15     searching 5 page
09:10:16     end searcing
09:10:16     4
09:10:16     33 OK
09:10:16     
09:10:16     SUBMISSION 1335 starting
09:10:16     
09:10:16     123123
09:10:16     mission start
09:10:16     presearcing
09:10:17     there is about 1260000 page in result
09:10:17     presearcing end
09:10:17     start searching
09:10:17     searching 1 page
09:10:18     searching 2 page
09:10:19     searching 3 page
09:10:20     searching 4 page
09:10:20     searching 5 page
09:10:21     end searcing
09:10:21     4
09:10:21     1335 OK
09:10:21     
09:10:21     SUBMISSION 1342 starting
09:10:21     
09:10:21     there is a process running
09:10:21     1342 FAIED
09:10:21     
