08:26:01     There is 5  missions to process
08:26:01     INSERTED: 0
08:26:01     UPDATED: 0
08:26:01     REBUILD: 0
08:26:01     
08:26:01     MISSIONS  START
08:26:01     
08:26:01     SUBMISSION 12 starting
08:26:01     
08:26:01     test
08:26:01     mission start
08:26:01     presearcing
08:26:01     there is about 54500000 page in result
08:26:01     presearcing end
08:26:01     start searching
08:26:01     searching 1 page
08:26:02     searching 2 page
08:26:03     searching 3 page
08:26:04     searching 4 page
08:26:05     searching 5 page
08:26:06     end searcing
08:26:06     4
08:26:06     12 OK
08:26:06     
08:26:06     SUBMISSION 1333 starting
08:26:06     
08:26:06     123123
08:26:06     mission start
08:26:06     presearcing
08:26:07     there is about 1260000 page in result
08:26:07     presearcing end
08:26:07     start searching
08:26:07     searching 1 page
08:26:08     searching 2 page
08:26:08     searching 3 page
08:26:09     searching 4 page
08:26:10     searching 5 page
08:26:11     end searcing
08:26:11     4
08:26:11     1333 OK
08:26:11     
08:26:11     SUBMISSION 33 starting
08:26:11     
08:26:11     demo
08:26:11     mission start
08:26:11     presearcing
08:26:11     there is about 90700000 page in result
08:26:11     presearcing end
08:26:11     start searching
08:26:11     searching 1 page
08:26:12     searching 2 page
08:26:13     searching 3 page
08:26:14     searching 4 page
08:26:15     searching 5 page
08:26:16     end searcing
08:26:16     4
08:26:16     33 OK
08:26:16     
08:26:16     SUBMISSION 1335 starting
08:26:16     
08:26:16     123123
08:26:16     mission start
08:26:16     presearcing
08:26:17     there is about 1260000 page in result
08:26:17     presearcing end
08:26:17     start searching
08:26:17     searching 1 page
08:26:18     searching 2 page
08:26:18     searching 3 page
08:26:19     searching 4 page
08:26:20     searching 5 page
08:26:21     end searcing
08:26:21     4
08:26:21     1335 OK
08:26:21     
08:26:21     SUBMISSION 1342 starting
08:26:21     
08:26:21     there is a process running
08:26:21     1342 FAIED
08:26:21     
