17:25:01     There is 5  missions to process
17:25:01     INSERTED: 0
17:25:01     UPDATED: 0
17:25:01     REBUILD: 0
17:25:01     
17:25:01     MISSIONS  START
17:25:01     
17:25:01     SUBMISSION 12 starting
17:25:01     
17:25:01     test
17:25:01     mission start
17:25:01     presearcing
17:25:02     there is about 54500000 page in result
17:25:02     presearcing end
17:25:02     start searching
17:25:02     searching 1 page
17:25:03     searching 2 page
17:25:04     searching 3 page
17:25:05     searching 4 page
17:25:06     searching 5 page
17:25:07     end searcing
17:25:07     4
17:25:07     12 OK
17:25:07     
17:25:07     SUBMISSION 1333 starting
17:25:07     
17:25:07     123123
17:25:07     mission start
17:25:07     presearcing
17:25:08     there is about 1260000 page in result
17:25:08     presearcing end
17:25:08     start searching
17:25:08     searching 1 page
17:25:09     searching 2 page
17:25:10     searching 3 page
17:25:11     searching 4 page
17:25:12     searching 5 page
17:25:15     end searcing
17:25:15     4
17:25:15     1333 OK
17:25:15     
17:25:15     SUBMISSION 33 starting
17:25:15     
17:25:15     demo
17:25:15     mission start
17:25:15     presearcing
17:25:16     there is about 90700000 page in result
17:25:16     presearcing end
17:25:16     start searching
17:25:16     searching 1 page
17:25:17     searching 2 page
17:25:18     searching 3 page
17:25:19     searching 4 page
17:25:20     searching 5 page
17:25:22     end searcing
17:25:22     4
17:25:22     33 OK
17:25:22     
17:25:22     SUBMISSION 1335 starting
17:25:22     
17:25:22     123123
17:25:22     mission start
17:25:22     presearcing
17:25:23     there is about 1260000 page in result
17:25:23     presearcing end
17:25:23     start searching
17:25:23     searching 1 page
17:25:24     searching 2 page
17:25:25     searching 3 page
17:25:26     searching 4 page
17:25:27     searching 5 page
17:25:28     end searcing
17:25:28     4
17:25:28     1335 OK
17:25:28     
17:25:28     SUBMISSION 1342 starting
17:25:28     
17:25:28     demo
17:25:28     mission start
17:25:28     presearcing
17:25:28     there is about 90700000 page in result
17:25:28     presearcing end
17:25:28     start searching
17:25:28     searching 1 page
17:25:30     searching 2 page
17:25:30     searching 3 page
17:25:31     searching 4 page
17:25:32     searching 5 page
17:25:33     end searcing
17:25:33     4
17:25:33     1342 OK
17:25:33     
