16:48:01     There is 5  missions to process
16:48:01     INSERTED: 0
16:48:01     UPDATED: 0
16:48:01     REBUILD: 0
16:48:01     
16:48:01     MISSIONS  START
16:48:01     
16:48:01     SUBMISSION 12 starting
16:48:01     
16:48:01     test
16:48:01     mission start
16:48:01     presearcing
16:48:02     there is about 313000000 page in result
16:48:02     presearcing end
16:48:02     start searching
16:48:02     searching 1 page
16:48:03     searching 2 page
16:48:04     searching 3 page
16:48:05     searching 4 page
16:48:05     searching 5 page
16:48:06     end searcing
16:48:06     4
16:48:06     12 OK
16:48:06     
16:48:06     SUBMISSION 1333 starting
16:48:06     
16:48:06     123123
16:48:06     mission start
16:48:06     presearcing
16:48:07     there is about 1260000 page in result
16:48:07     presearcing end
16:48:07     start searching
16:48:07     searching 1 page
16:48:08     searching 2 page
16:48:09     searching 3 page
16:48:10     searching 4 page
16:48:11     searching 5 page
16:48:12     end searcing
16:48:12     4
16:48:12     1333 OK
16:48:12     
16:48:12     SUBMISSION 33 starting
16:48:12     
16:48:12     demo
16:48:12     mission start
16:48:12     presearcing
16:48:13     there is about 90800000 page in result
16:48:13     presearcing end
16:48:13     start searching
16:48:13     searching 1 page
16:48:14     searching 2 page
16:48:15     searching 3 page
16:48:16     searching 4 page
16:48:16     searching 5 page
16:48:17     end searcing
16:48:17     4
16:48:17     33 OK
16:48:17     
16:48:17     SUBMISSION 1335 starting
16:48:17     
16:48:17     xcvxcvxvc
16:48:17     mission start
16:48:17     presearcing
16:48:18     there is about 491 page in result
16:48:18     presearcing end
16:48:18     start searching
16:48:18     searching 1 page
16:48:22     searching 2 page
16:48:23     searching 3 page
16:48:24     searching 4 page
16:48:25     searching 5 page
16:48:26     end searcing
16:48:26     4
16:48:26     1335 OK
16:48:26     
16:48:26     SUBMISSION 1342 starting
16:48:26     
16:48:26     demo
16:48:26     mission start
16:48:26     presearcing
16:48:27     there is about 90800000 page in result
16:48:27     presearcing end
16:48:27     start searching
16:48:27     searching 1 page
16:48:28     searching 2 page
16:48:29     searching 3 page
16:48:30     searching 4 page
16:48:30     searching 5 page
16:48:31     end searcing
16:48:31     4
16:48:31     1342 OK
16:48:31     
