08:45:01     There is 5  missions to process
08:45:01     INSERTED: 0
08:45:01     UPDATED: 0
08:45:01     REBUILD: 0
08:45:01     
08:45:01     MISSIONS  START
08:45:01     
08:45:01     SUBMISSION 12 starting
08:45:01     
08:45:01     test
08:45:01     mission start
08:45:01     presearcing
08:45:02     there is about 54500000 page in result
08:45:02     presearcing end
08:45:02     start searching
08:45:02     searching 1 page
08:45:02     searching 2 page
08:45:03     searching 3 page
08:45:04     searching 4 page
08:45:05     searching 5 page
08:45:06     end searcing
08:45:06     4
08:45:06     12 OK
08:45:06     
08:45:06     SUBMISSION 1333 starting
08:45:06     
08:45:06     123123
08:45:06     mission start
08:45:06     presearcing
08:45:07     there is about 1260000 page in result
08:45:07     presearcing end
08:45:07     start searching
08:45:07     searching 1 page
08:45:07     searching 2 page
08:45:08     searching 3 page
08:45:09     searching 4 page
08:45:10     searching 5 page
08:45:11     end searcing
08:45:11     4
08:45:11     1333 OK
08:45:11     
08:45:11     SUBMISSION 33 starting
08:45:11     
08:45:11     demo
08:45:11     mission start
08:45:11     presearcing
08:45:12     there is about 90700000 page in result
08:45:12     presearcing end
08:45:12     start searching
08:45:12     searching 1 page
08:45:12     searching 2 page
08:45:13     searching 3 page
08:45:14     searching 4 page
08:45:15     searching 5 page
08:45:16     end searcing
08:45:16     4
08:45:16     33 OK
08:45:16     
08:45:16     SUBMISSION 1335 starting
08:45:16     
08:45:16     123123
08:45:16     mission start
08:45:16     presearcing
08:45:17     there is about 1260000 page in result
08:45:17     presearcing end
08:45:17     start searching
08:45:17     searching 1 page
08:45:17     searching 2 page
08:45:18     searching 3 page
08:45:19     searching 4 page
08:45:20     searching 5 page
08:45:21     end searcing
08:45:21     4
08:45:21     1335 OK
08:45:21     
08:45:21     SUBMISSION 1342 starting
08:45:21     
08:45:21     there is a process running
08:45:21     1342 FAIED
08:45:21     
