17:00:01     There is 5  missions to process
17:00:01     INSERTED: 0
17:00:01     UPDATED: 0
17:00:01     REBUILD: 0
17:00:01     
17:00:01     MISSIONS  START
17:00:01     
17:00:01     SUBMISSION 12 starting
17:00:01     
17:00:01     test
17:00:01     mission start
17:00:01     presearcing
17:00:02     there is about 313000000 page in result
17:00:02     presearcing end
17:00:02     start searching
17:00:02     searching 1 page
17:00:03     searching 2 page
17:00:04     searching 3 page
17:00:05     searching 4 page
17:00:06     searching 5 page
17:00:07     end searcing
17:00:07     4
17:00:07     12 OK
17:00:07     
17:00:07     SUBMISSION 1333 starting
17:00:07     
17:00:07     123123
17:00:07     mission start
17:00:07     presearcing
17:00:08     there is about 1260000 page in result
17:00:08     presearcing end
17:00:08     start searching
17:00:08     searching 1 page
17:00:09     searching 2 page
17:00:10     searching 3 page
17:00:11     searching 4 page
17:00:12     searching 5 page
17:00:13     end searcing
17:00:13     4
17:00:13     1333 OK
17:00:13     
17:00:13     SUBMISSION 33 starting
17:00:13     
17:00:13     demo
17:00:13     mission start
17:00:13     presearcing
17:00:14     there is about 90800000 page in result
17:00:14     presearcing end
17:00:14     start searching
17:00:14     searching 1 page
17:00:15     searching 2 page
17:00:16     searching 3 page
17:00:17     searching 4 page
17:00:18     searching 5 page
17:00:19     end searcing
17:00:19     4
17:00:19     33 OK
17:00:19     
17:00:19     SUBMISSION 1335 starting
17:00:19     
17:00:19     xcvxcvxvc
17:00:19     mission start
17:00:19     presearcing
17:00:20     there is about 491 page in result
17:00:20     presearcing end
17:00:20     start searching
17:00:20     searching 1 page
17:00:21     searching 2 page
17:00:22     searching 3 page
17:00:23     searching 4 page
17:00:24     searching 5 page
17:00:25     end searcing
17:00:25     4
17:00:25     1335 OK
17:00:25     
17:00:25     SUBMISSION 1342 starting
17:00:25     
17:00:25     demo
17:00:25     mission start
17:00:25     presearcing
17:00:25     there is about 90800000 page in result
17:00:25     presearcing end
17:00:25     start searching
17:00:25     searching 1 page
17:00:26     searching 2 page
17:00:27     searching 3 page
17:00:28     searching 4 page
17:00:29     searching 5 page
17:00:30     end searcing
17:00:30     4
17:00:30     1342 OK
17:00:30     
