17:32:01     There is 5  missions to process
17:32:01     INSERTED: 0
17:32:01     UPDATED: 0
17:32:01     REBUILD: 0
17:32:01     
17:32:01     MISSIONS  START
17:32:01     
17:32:01     SUBMISSION 12 starting
17:32:01     
17:32:01     test
17:32:01     mission start
17:32:01     presearcing
17:32:03     there is about 54500000 page in result
17:32:03     presearcing end
17:32:03     start searching
17:32:03     searching 1 page
17:32:04     searching 2 page
17:32:05     searching 3 page
17:32:06     searching 4 page
17:32:08     searching 5 page
17:32:09     end searcing
17:32:09     4
17:32:09     12 OK
17:32:09     
17:32:09     SUBMISSION 1333 starting
17:32:09     
17:32:09     123123
17:32:09     mission start
17:32:09     presearcing
17:32:10     there is about 1260000 page in result
17:32:10     presearcing end
17:32:10     start searching
17:32:10     searching 1 page
17:32:11     searching 2 page
17:32:16     searching 3 page
17:32:17     searching 4 page
17:32:18     searching 5 page
17:32:19     end searcing
17:32:19     4
17:32:19     1333 OK
17:32:19     
17:32:19     SUBMISSION 33 starting
17:32:19     
17:32:19     demo
17:32:19     mission start
17:32:19     presearcing
17:32:20     there is about 90700000 page in result
17:32:20     presearcing end
17:32:20     start searching
17:32:20     searching 1 page
17:32:21     searching 2 page
17:32:22     searching 3 page
17:32:23     searching 4 page
17:32:25     searching 5 page
17:32:25     end searcing
17:32:25     4
17:32:25     33 OK
17:32:25     
17:32:25     SUBMISSION 1335 starting
17:32:25     
17:32:25     123123
17:32:25     mission start
17:32:25     presearcing
17:32:26     there is about 1260000 page in result
17:32:26     presearcing end
17:32:26     start searching
17:32:26     searching 1 page
17:32:28     searching 2 page
17:32:29     searching 3 page
17:32:29     searching 4 page
17:32:31     searching 5 page
17:32:32     end searcing
17:32:32     4
17:32:32     1335 OK
17:32:32     
17:32:32     SUBMISSION 1342 starting
17:32:32     
17:32:32     demo
17:32:32     mission start
17:32:32     presearcing
17:32:33     there is about 90700000 page in result
17:32:33     presearcing end
17:32:33     start searching
17:32:33     searching 1 page
17:32:34     searching 2 page
17:32:35     searching 3 page
17:32:36     searching 4 page
17:32:38     searching 5 page
17:32:39     end searcing
17:32:39     4
17:32:39     1342 OK
17:32:39     
