09:43:01     There is 5  missions to process
09:43:01     INSERTED: 0
09:43:01     UPDATED: 0
09:43:01     REBUILD: 0
09:43:01     
09:43:01     MISSIONS  START
09:43:01     
09:43:01     SUBMISSION 12 starting
09:43:01     
09:43:01     test
09:43:01     mission start
09:43:01     presearcing
09:43:02     there is about 54500000 page in result
09:43:02     presearcing end
09:43:02     start searching
09:43:02     searching 1 page
09:43:03     searching 2 page
09:43:04     searching 3 page
09:43:05     searching 4 page
09:43:06     searching 5 page
09:43:07     end searcing
09:43:07     4
09:43:07     12 OK
09:43:07     
09:43:07     SUBMISSION 1333 starting
09:43:07     
09:43:07     123123
09:43:07     mission start
09:43:07     presearcing
09:43:08     there is about 1260000 page in result
09:43:08     presearcing end
09:43:08     start searching
09:43:08     searching 1 page
09:43:09     searching 2 page
09:43:10     searching 3 page
09:43:11     searching 4 page
09:43:13     searching 5 page
09:43:15     end searcing
09:43:15     4
09:43:15     1333 OK
09:43:15     
09:43:15     SUBMISSION 33 starting
09:43:15     
09:43:15     demo
09:43:15     mission start
09:43:15     presearcing
09:43:17     there is about 90700000 page in result
09:43:17     presearcing end
09:43:17     start searching
09:43:17     searching 1 page
09:43:18     searching 2 page
09:43:19     searching 3 page
09:43:19     searching 4 page
09:43:20     searching 5 page
09:43:21     end searcing
09:43:21     4
09:43:21     33 OK
09:43:21     
09:43:21     SUBMISSION 1335 starting
09:43:21     
09:43:21     123123
09:43:21     mission start
09:43:21     presearcing
09:43:22     there is about 1260000 page in result
09:43:22     presearcing end
09:43:22     start searching
09:43:22     searching 1 page
09:43:23     searching 2 page
09:43:24     searching 3 page
09:43:25     searching 4 page
09:43:27     searching 5 page
09:43:28     end searcing
09:43:28     4
09:43:28     1335 OK
09:43:28     
09:43:28     SUBMISSION 1342 starting
09:43:28     
09:43:28     there is a process running
09:43:28     1342 FAIED
09:43:28     
