09:01:01     There is 5  missions to process
09:01:01     INSERTED: 0
09:01:01     UPDATED: 0
09:01:01     REBUILD: 0
09:01:01     
09:01:01     MISSIONS  START
09:01:01     
09:01:01     SUBMISSION 12 starting
09:01:01     
09:01:01     test
09:01:01     mission start
09:01:01     presearcing
09:01:02     there is about 54500000 page in result
09:01:02     presearcing end
09:01:02     start searching
09:01:02     searching 1 page
09:01:03     searching 2 page
09:01:04     searching 3 page
09:01:05     searching 4 page
09:01:05     searching 5 page
09:01:06     end searcing
09:01:06     4
09:01:06     12 OK
09:01:06     
09:01:06     SUBMISSION 1333 starting
09:01:06     
09:01:06     123123
09:01:06     mission start
09:01:06     presearcing
09:01:07     there is about 1260000 page in result
09:01:07     presearcing end
09:01:07     start searching
09:01:07     searching 1 page
09:01:08     searching 2 page
09:01:09     searching 3 page
09:01:10     searching 4 page
09:01:11     searching 5 page
09:01:13     end searcing
09:01:13     4
09:01:13     1333 OK
09:01:13     
09:01:13     SUBMISSION 33 starting
09:01:13     
09:01:13     demo
09:01:13     mission start
09:01:13     presearcing
09:01:14     there is about 90700000 page in result
09:01:14     presearcing end
09:01:14     start searching
09:01:14     searching 1 page
09:01:15     searching 2 page
09:01:16     searching 3 page
09:01:17     searching 4 page
09:01:18     searching 5 page
09:01:19     end searcing
09:01:19     4
09:01:19     33 OK
09:01:19     
09:01:19     SUBMISSION 1335 starting
09:01:19     
09:01:19     123123
09:01:19     mission start
09:01:19     presearcing
09:01:20     there is about 1260000 page in result
09:01:20     presearcing end
09:01:20     start searching
09:01:20     searching 1 page
09:01:21     searching 2 page
09:01:22     searching 3 page
09:01:22     searching 4 page
09:01:23     searching 5 page
09:01:24     end searcing
09:01:24     4
09:01:24     1335 OK
09:01:24     
09:01:24     SUBMISSION 1342 starting
09:01:24     
09:01:24     there is a process running
09:01:24     1342 FAIED
09:01:24     
