16:56:01     There is 5  missions to process
16:56:01     INSERTED: 0
16:56:01     UPDATED: 0
16:56:01     REBUILD: 0
16:56:01     
16:56:01     MISSIONS  START
16:56:01     
16:56:01     SUBMISSION 12 starting
16:56:01     
16:56:01     test
16:56:01     mission start
16:56:01     presearcing
16:56:02     there is about 313000000 page in result
16:56:02     presearcing end
16:56:02     start searching
16:56:02     searching 1 page
16:56:03     searching 2 page
16:56:04     searching 3 page
16:56:05     searching 4 page
16:56:06     searching 5 page
16:56:07     end searcing
16:56:07     4
16:56:07     12 OK
16:56:07     
16:56:07     SUBMISSION 1333 starting
16:56:07     
16:56:07     123123
16:56:07     mission start
16:56:07     presearcing
16:56:08     there is about 1260000 page in result
16:56:08     presearcing end
16:56:08     start searching
16:56:08     searching 1 page
16:56:10     searching 2 page
16:56:12     searching 3 page
16:56:13     searching 4 page
16:56:15     searching 5 page
16:56:16     end searcing
16:56:16     4
16:56:16     1333 OK
16:56:16     
16:56:16     SUBMISSION 33 starting
16:56:16     
16:56:16     demo
16:56:16     mission start
16:56:16     presearcing
16:56:17     there is about 90800000 page in result
16:56:17     presearcing end
16:56:17     start searching
16:56:17     searching 1 page
16:56:18     searching 2 page
16:56:19     searching 3 page
16:56:20     searching 4 page
16:56:21     searching 5 page
16:56:22     end searcing
16:56:22     4
16:56:22     33 OK
16:56:22     
16:56:22     SUBMISSION 1335 starting
16:56:22     
16:56:22     xcvxcvxvc
16:56:22     mission start
16:56:22     presearcing
16:56:23     there is about 491 page in result
16:56:23     presearcing end
16:56:23     start searching
16:56:23     searching 1 page
16:56:24     searching 2 page
16:56:25     searching 3 page
16:56:26     searching 4 page
16:56:27     searching 5 page
16:56:28     end searcing
16:56:28     4
16:56:28     1335 OK
16:56:28     
16:56:28     SUBMISSION 1342 starting
16:56:28     
16:56:28     demo
16:56:28     mission start
16:56:28     presearcing
16:56:29     there is about 90800000 page in result
16:56:29     presearcing end
16:56:29     start searching
16:56:29     searching 1 page
16:56:29     searching 2 page
16:56:30     searching 3 page
16:56:31     searching 4 page
16:56:32     searching 5 page
16:56:33     end searcing
16:56:33     4
16:56:33     1342 OK
16:56:33     
