08:48:01     There is 5  missions to process
08:48:01     INSERTED: 0
08:48:01     UPDATED: 0
08:48:01     REBUILD: 0
08:48:01     
08:48:01     MISSIONS  START
08:48:01     
08:48:01     SUBMISSION 12 starting
08:48:01     
08:48:01     test
08:48:01     mission start
08:48:01     presearcing
08:48:02     there is about 54500000 page in result
08:48:02     presearcing end
08:48:02     start searching
08:48:02     searching 1 page
08:48:03     searching 2 page
08:48:04     searching 3 page
08:48:04     searching 4 page
08:48:05     searching 5 page
08:48:06     end searcing
08:48:06     4
08:48:06     12 OK
08:48:06     
08:48:06     SUBMISSION 1333 starting
08:48:06     
08:48:06     123123
08:48:06     mission start
08:48:06     presearcing
08:48:07     there is about 1260000 page in result
08:48:07     presearcing end
08:48:07     start searching
08:48:07     searching 1 page
08:48:08     searching 2 page
08:48:09     searching 3 page
08:48:09     searching 4 page
08:48:10     searching 5 page
08:48:11     end searcing
08:48:11     4
08:48:11     1333 OK
08:48:11     
08:48:11     SUBMISSION 33 starting
08:48:11     
08:48:11     demo
08:48:11     mission start
08:48:11     presearcing
08:48:12     there is about 90700000 page in result
08:48:12     presearcing end
08:48:12     start searching
08:48:12     searching 1 page
08:48:13     searching 2 page
08:48:13     searching 3 page
08:48:14     searching 4 page
08:48:15     searching 5 page
08:48:16     end searcing
08:48:16     4
08:48:16     33 OK
08:48:16     
08:48:16     SUBMISSION 1335 starting
08:48:16     
08:48:16     123123
08:48:16     mission start
08:48:16     presearcing
08:48:17     there is about 1260000 page in result
08:48:17     presearcing end
08:48:17     start searching
08:48:17     searching 1 page
08:48:18     searching 2 page
08:48:18     searching 3 page
08:48:19     searching 4 page
08:48:20     searching 5 page
08:48:21     end searcing
08:48:21     4
08:48:21     1335 OK
08:48:21     
08:48:21     SUBMISSION 1342 starting
08:48:21     
08:48:21     there is a process running
08:48:21     1342 FAIED
08:48:21     
