09:59:01     There is 5  missions to process
09:59:01     INSERTED: 0
09:59:01     UPDATED: 0
09:59:01     REBUILD: 0
09:59:01     
09:59:01     MISSIONS  START
09:59:01     
09:59:01     SUBMISSION 12 starting
09:59:01     
09:59:01     test
09:59:01     mission start
09:59:01     presearcing
09:59:02     there is about 54500000 page in result
09:59:02     presearcing end
09:59:02     start searching
09:59:02     searching 1 page
09:59:03     searching 2 page
09:59:04     searching 3 page
09:59:05     searching 4 page
09:59:06     searching 5 page
09:59:07     end searcing
09:59:07     4
09:59:07     12 OK
09:59:07     
09:59:07     SUBMISSION 1333 starting
09:59:07     
09:59:07     123123
09:59:07     mission start
09:59:07     presearcing
09:59:08     there is about 1260000 page in result
09:59:08     presearcing end
09:59:08     start searching
09:59:08     searching 1 page
09:59:09     searching 2 page
09:59:10     searching 3 page
09:59:10     searching 4 page
09:59:11     searching 5 page
09:59:12     end searcing
09:59:12     4
09:59:12     1333 OK
09:59:12     
09:59:12     SUBMISSION 33 starting
09:59:12     
09:59:12     demo
09:59:12     mission start
09:59:12     presearcing
09:59:13     there is about 90700000 page in result
09:59:13     presearcing end
09:59:13     start searching
09:59:13     searching 1 page
09:59:14     searching 2 page
09:59:15     searching 3 page
09:59:16     searching 4 page
09:59:17     searching 5 page
09:59:18     end searcing
09:59:18     4
09:59:18     33 OK
09:59:18     
09:59:18     SUBMISSION 1335 starting
09:59:18     
09:59:18     123123
09:59:18     mission start
09:59:18     presearcing
09:59:19     there is about 1260000 page in result
09:59:19     presearcing end
09:59:19     start searching
09:59:19     searching 1 page
09:59:20     searching 2 page
09:59:21     searching 3 page
09:59:22     searching 4 page
09:59:23     searching 5 page
09:59:24     end searcing
09:59:24     4
09:59:24     1335 OK
09:59:24     
09:59:24     SUBMISSION 1342 starting
09:59:24     
09:59:24     there is a process running
09:59:24     1342 FAIED
09:59:24     
