17:46:01     There is 5  missions to process
17:46:01     INSERTED: 0
17:46:01     UPDATED: 0
17:46:01     REBUILD: 0
17:46:01     
17:46:01     MISSIONS  START
17:46:01     
17:46:01     SUBMISSION 12 starting
17:46:01     
17:46:01     test
17:46:01     mission start
17:46:01     presearcing
17:46:02     there is about 54500000 page in result
17:46:02     presearcing end
17:46:02     start searching
17:46:02     searching 1 page
17:46:03     searching 2 page
17:46:05     searching 3 page
17:46:05     searching 4 page
17:46:07     searching 5 page
17:46:08     end searcing
17:46:08     4
17:46:08     12 OK
17:46:08     
17:46:08     SUBMISSION 1333 starting
17:46:08     
17:46:08     123123
17:46:08     mission start
17:46:08     presearcing
17:46:09     there is about 1260000 page in result
17:46:09     presearcing end
17:46:09     start searching
17:46:09     searching 1 page
17:46:10     searching 2 page
17:46:10     searching 3 page
17:46:11     searching 4 page
17:46:12     searching 5 page
17:46:13     end searcing
17:46:13     4
17:46:13     1333 OK
17:46:13     
17:46:13     SUBMISSION 33 starting
17:46:13     
17:46:13     demo
17:46:13     mission start
17:46:13     presearcing
17:46:14     there is about 90700000 page in result
17:46:14     presearcing end
17:46:14     start searching
17:46:14     searching 1 page
17:46:15     searching 2 page
17:46:16     searching 3 page
17:46:17     searching 4 page
17:46:18     searching 5 page
17:46:18     end searcing
17:46:18     4
17:46:18     33 OK
17:46:18     
17:46:18     SUBMISSION 1335 starting
17:46:18     
17:46:18     123123
17:46:18     mission start
17:46:18     presearcing
17:46:19     there is about 1260000 page in result
17:46:19     presearcing end
17:46:19     start searching
17:46:19     searching 1 page
17:46:20     searching 2 page
17:46:21     searching 3 page
17:46:22     searching 4 page
17:46:23     searching 5 page
17:46:24     end searcing
17:46:24     4
17:46:24     1335 OK
17:46:24     
17:46:24     SUBMISSION 1342 starting
17:46:24     
17:46:24     demo
17:46:24     mission start
17:46:24     presearcing
17:46:25     there is about 90700000 page in result
17:46:25     presearcing end
17:46:25     start searching
17:46:25     searching 1 page
17:46:26     searching 2 page
17:46:27     searching 3 page
17:46:29     searching 4 page
17:46:30     searching 5 page
17:46:30     end searcing
17:46:30     4
17:46:30     1342 OK
17:46:30     
