16:53:01     There is 5  missions to process
16:53:01     INSERTED: 0
16:53:01     UPDATED: 0
16:53:01     REBUILD: 0
16:53:01     
16:53:01     MISSIONS  START
16:53:01     
16:53:01     SUBMISSION 12 starting
16:53:01     
16:53:01     test
16:53:01     mission start
16:53:01     presearcing
16:53:02     there is about 313000000 page in result
16:53:02     presearcing end
16:53:02     start searching
16:53:02     searching 1 page
16:53:03     searching 2 page
16:53:04     searching 3 page
16:53:05     searching 4 page
16:53:05     searching 5 page
16:53:06     end searcing
16:53:06     4
16:53:06     12 OK
16:53:06     
16:53:06     SUBMISSION 1333 starting
16:53:06     
16:53:06     123123
16:53:06     mission start
16:53:06     presearcing
16:53:07     there is about 1260000 page in result
16:53:07     presearcing end
16:53:07     start searching
16:53:07     searching 1 page
16:53:08     searching 2 page
16:53:09     searching 3 page
16:53:10     searching 4 page
16:53:11     searching 5 page
16:53:12     end searcing
16:53:12     4
16:53:12     1333 OK
16:53:12     
16:53:12     SUBMISSION 33 starting
16:53:12     
16:53:12     demo
16:53:12     mission start
16:53:12     presearcing
16:53:13     there is about 90800000 page in result
16:53:13     presearcing end
16:53:13     start searching
16:53:13     searching 1 page
16:53:13     searching 2 page
16:53:14     searching 3 page
16:53:15     searching 4 page
16:53:16     searching 5 page
16:53:17     end searcing
16:53:17     4
16:53:17     33 OK
16:53:17     
16:53:17     SUBMISSION 1335 starting
16:53:17     
16:53:17     xcvxcvxvc
16:53:17     mission start
16:53:17     presearcing
16:53:18     there is about 491 page in result
16:53:18     presearcing end
16:53:18     start searching
16:53:18     searching 1 page
16:53:19     searching 2 page
16:53:20     searching 3 page
16:53:21     searching 4 page
16:53:22     searching 5 page
16:53:23     end searcing
16:53:23     4
16:53:23     1335 OK
16:53:23     
16:53:23     SUBMISSION 1342 starting
16:53:23     
16:53:23     demo
16:53:23     mission start
16:53:23     presearcing
16:53:24     there is about 90800000 page in result
16:53:24     presearcing end
16:53:24     start searching
16:53:24     searching 1 page
16:53:25     searching 2 page
16:53:26     searching 3 page
16:53:27     searching 4 page
16:53:28     searching 5 page
16:53:28     end searcing
16:53:28     4
16:53:28     1342 OK
16:53:28     
