09:25:01     There is 5  missions to process
09:25:01     INSERTED: 0
09:25:01     UPDATED: 0
09:25:01     REBUILD: 0
09:25:01     
09:25:01     MISSIONS  START
09:25:01     
09:25:01     SUBMISSION 12 starting
09:25:01     
09:25:01     test
09:25:01     mission start
09:25:01     presearcing
09:25:02     there is about 54500000 page in result
09:25:02     presearcing end
09:25:02     start searching
09:25:02     searching 1 page
09:25:03     searching 2 page
09:25:04     searching 3 page
09:25:05     searching 4 page
09:25:06     searching 5 page
09:25:06     end searcing
09:25:06     4
09:25:06     12 OK
09:25:06     
09:25:06     SUBMISSION 1333 starting
09:25:06     
09:25:06     123123
09:25:06     mission start
09:25:06     presearcing
09:25:07     there is about 1260000 page in result
09:25:07     presearcing end
09:25:07     start searching
09:25:07     searching 1 page
09:25:08     searching 2 page
09:25:09     searching 3 page
09:25:10     searching 4 page
09:25:11     searching 5 page
09:25:12     end searcing
09:25:12     4
09:25:12     1333 OK
09:25:12     
09:25:12     SUBMISSION 33 starting
09:25:12     
09:25:12     demo
09:25:12     mission start
09:25:12     presearcing
09:25:13     there is about 90700000 page in result
09:25:13     presearcing end
09:25:13     start searching
09:25:13     searching 1 page
09:25:14     searching 2 page
09:25:15     searching 3 page
09:25:15     searching 4 page
09:25:16     searching 5 page
09:25:17     end searcing
09:25:17     4
09:25:17     33 OK
09:25:17     
09:25:17     SUBMISSION 1335 starting
09:25:17     
09:25:17     123123
09:25:17     mission start
09:25:17     presearcing
09:25:18     there is about 1260000 page in result
09:25:18     presearcing end
09:25:18     start searching
09:25:18     searching 1 page
09:25:19     searching 2 page
09:25:20     searching 3 page
09:25:20     searching 4 page
09:25:21     searching 5 page
09:25:22     end searcing
09:25:22     4
09:25:22     1335 OK
09:25:22     
09:25:22     SUBMISSION 1342 starting
09:25:22     
09:25:22     there is a process running
09:25:22     1342 FAIED
09:25:22     
