08:51:01     There is 5  missions to process
08:51:01     INSERTED: 0
08:51:01     UPDATED: 0
08:51:01     REBUILD: 0
08:51:01     
08:51:01     MISSIONS  START
08:51:01     
08:51:01     SUBMISSION 12 starting
08:51:01     
08:51:01     test
08:51:01     mission start
08:51:01     presearcing
08:51:02     there is about 54500000 page in result
08:51:02     presearcing end
08:51:02     start searching
08:51:02     searching 1 page
08:51:03     searching 2 page
08:51:04     searching 3 page
08:51:04     searching 4 page
08:51:05     searching 5 page
08:51:06     end searcing
08:51:06     4
08:51:06     12 OK
08:51:06     
08:51:06     SUBMISSION 1333 starting
08:51:06     
08:51:06     123123
08:51:06     mission start
08:51:06     presearcing
08:51:07     there is about 1260000 page in result
08:51:07     presearcing end
08:51:07     start searching
08:51:07     searching 1 page
08:51:08     searching 2 page
08:51:08     searching 3 page
08:51:09     searching 4 page
08:51:10     searching 5 page
08:51:11     end searcing
08:51:11     4
08:51:11     1333 OK
08:51:11     
08:51:11     SUBMISSION 33 starting
08:51:11     
08:51:11     demo
08:51:11     mission start
08:51:11     presearcing
08:51:12     there is about 90700000 page in result
08:51:12     presearcing end
08:51:12     start searching
08:51:12     searching 1 page
08:51:13     searching 2 page
08:51:14     searching 3 page
08:51:15     searching 4 page
08:51:16     searching 5 page
08:51:17     end searcing
08:51:17     4
08:51:17     33 OK
08:51:17     
08:51:17     SUBMISSION 1335 starting
08:51:17     
08:51:17     123123
08:51:17     mission start
08:51:17     presearcing
08:51:18     there is about 1260000 page in result
08:51:18     presearcing end
08:51:18     start searching
08:51:18     searching 1 page
08:51:19     searching 2 page
08:51:20     searching 3 page
08:51:20     searching 4 page
08:51:21     searching 5 page
08:51:22     end searcing
08:51:22     4
08:51:22     1335 OK
08:51:22     
08:51:22     SUBMISSION 1342 starting
08:51:22     
08:51:22     there is a process running
08:51:22     1342 FAIED
08:51:22     
