18:16:01     There is 5  missions to process
18:16:01     INSERTED: 0
18:16:01     UPDATED: 0
18:16:01     REBUILD: 0
18:16:01     
18:16:01     MISSIONS  START
18:16:01     
18:16:01     SUBMISSION 12 starting
18:16:01     
18:16:01     test
18:16:01     mission start
18:16:01     presearcing
18:16:02     there is about 54500000 page in result
18:16:02     presearcing end
18:16:02     start searching
18:16:02     searching 1 page
18:16:03     searching 2 page
18:16:04     searching 3 page
18:16:05     searching 4 page
18:16:06     searching 5 page
18:16:07     end searcing
18:16:07     4
18:16:07     12 OK
18:16:07     
18:16:07     SUBMISSION 1333 starting
18:16:07     
18:16:07     123123
18:16:07     mission start
18:16:07     presearcing
18:16:08     there is about 1260000 page in result
18:16:08     presearcing end
18:16:08     start searching
18:16:08     searching 1 page
18:16:09     searching 2 page
18:16:09     searching 3 page
18:16:10     searching 4 page
18:16:11     searching 5 page
18:16:12     end searcing
18:16:12     4
18:16:12     1333 OK
18:16:12     
18:16:12     SUBMISSION 33 starting
18:16:12     
18:16:12     demo
18:16:12     mission start
18:16:12     presearcing
18:16:13     there is about 90700000 page in result
18:16:13     presearcing end
18:16:13     start searching
18:16:13     searching 1 page
18:16:14     searching 2 page
18:16:14     searching 3 page
18:16:15     searching 4 page
18:16:16     searching 5 page
18:16:17     end searcing
18:16:17     4
18:16:17     33 OK
18:16:17     
18:16:17     SUBMISSION 1335 starting
18:16:17     
18:16:17     123123
18:16:17     mission start
18:16:17     presearcing
18:16:18     there is about 1260000 page in result
18:16:18     presearcing end
18:16:18     start searching
18:16:18     searching 1 page
18:16:19     searching 2 page
18:16:19     searching 3 page
18:16:20     searching 4 page
18:16:21     searching 5 page
18:16:22     end searcing
18:16:22     4
18:16:22     1335 OK
18:16:22     
18:16:22     SUBMISSION 1342 starting
18:16:22     
18:16:22     demo
18:16:22     mission start
18:16:22     presearcing
18:16:23     there is about 90700000 page in result
18:16:23     presearcing end
18:16:23     start searching
18:16:23     searching 1 page
18:16:24     searching 2 page
18:16:25     searching 3 page
18:16:26     searching 4 page
18:16:27     searching 5 page
18:16:28     end searcing
18:16:28     4
18:16:28     1342 OK
18:16:28     
