17:22:01     There is 5  missions to process
17:22:01     INSERTED: 0
17:22:01     UPDATED: 0
17:22:01     REBUILD: 0
17:22:01     
17:22:01     MISSIONS  START
17:22:01     
17:22:01     SUBMISSION 12 starting
17:22:01     
17:22:01     test
17:22:01     mission start
17:22:01     presearcing
17:22:02     there is about 54500000 page in result
17:22:02     presearcing end
17:22:02     start searching
17:22:02     searching 1 page
17:22:02     searching 2 page
17:22:03     searching 3 page
17:22:05     searching 4 page
17:22:06     searching 5 page
17:22:07     end searcing
17:22:07     4
17:22:07     12 OK
17:22:07     
17:22:07     SUBMISSION 1333 starting
17:22:07     
17:22:07     123123
17:22:07     mission start
17:22:07     presearcing
17:22:08     there is about 1260000 page in result
17:22:08     presearcing end
17:22:08     start searching
17:22:08     searching 1 page
17:22:09     searching 2 page
17:22:09     searching 3 page
17:22:11     searching 4 page
17:22:12     searching 5 page
17:22:12     end searcing
17:22:12     4
17:22:12     1333 OK
17:22:12     
17:22:12     SUBMISSION 33 starting
17:22:12     
17:22:12     demo
17:22:12     mission start
17:22:12     presearcing
17:22:13     there is about 90700000 page in result
17:22:13     presearcing end
17:22:13     start searching
17:22:13     searching 1 page
17:22:14     searching 2 page
17:22:16     searching 3 page
17:22:17     searching 4 page
17:22:18     searching 5 page
17:22:19     end searcing
17:22:19     4
17:22:19     33 OK
17:22:19     
17:22:19     SUBMISSION 1335 starting
17:22:19     
17:22:19     123123
17:22:19     mission start
17:22:19     presearcing
17:22:19     there is about 1260000 page in result
17:22:19     presearcing end
17:22:19     start searching
17:22:19     searching 1 page
17:22:21     searching 2 page
17:22:21     searching 3 page
17:22:22     searching 4 page
17:22:23     searching 5 page
17:22:24     end searcing
17:22:24     4
17:22:24     1335 OK
17:22:24     
17:22:24     SUBMISSION 1342 starting
17:22:24     
17:22:24     demo
17:22:24     mission start
17:22:24     presearcing
17:22:25     there is about 90700000 page in result
17:22:25     presearcing end
17:22:25     start searching
17:22:25     searching 1 page
17:22:26     searching 2 page
17:22:27     searching 3 page
17:22:28     searching 4 page
17:22:29     searching 5 page
17:22:30     end searcing
17:22:30     4
17:22:30     1342 OK
17:22:30     
