16:55:24     There is 5  missions to process
16:55:24     INSERTED: 0
16:55:24     UPDATED: 0
16:55:24     REBUILD: 0
16:55:24     
16:55:24     MISSIONS  START
16:55:24     
16:55:24     SUBMISSION 12 starting
16:55:24     
16:55:24     test
16:55:24     mission start
16:55:24     presearcing
16:55:25     there is about 313000000 page in result
16:55:25     presearcing end
16:55:25     start searching
16:55:25     searching 1 page
16:55:26     searching 2 page
16:55:27     searching 3 page
16:55:28     searching 4 page
16:55:29     searching 5 page
16:55:30     end searcing
16:55:30     4
16:55:30     12 OK
16:55:30     
16:55:30     SUBMISSION 1333 starting
16:55:30     
16:55:30     123123
16:55:30     mission start
16:55:30     presearcing
16:55:31     there is about 1260000 page in result
16:55:31     presearcing end
16:55:31     start searching
16:55:31     searching 1 page
16:55:32     searching 2 page
16:55:33     searching 3 page
16:55:34     searching 4 page
16:55:35     searching 5 page
16:55:36     end searcing
16:55:36     4
16:55:36     1333 OK
16:55:36     
16:55:36     SUBMISSION 33 starting
16:55:36     
16:55:36     demo
16:55:36     mission start
16:55:36     presearcing
16:55:36     there is about 90800000 page in result
16:55:36     presearcing end
16:55:36     start searching
16:55:36     searching 1 page
16:55:37     searching 2 page
16:55:38     searching 3 page
16:55:39     searching 4 page
16:55:40     searching 5 page
16:55:41     end searcing
16:55:41     4
16:55:41     33 OK
16:55:41     
16:55:41     SUBMISSION 1335 starting
16:55:41     
16:55:41     xcvxcvxvc
16:55:41     mission start
16:55:41     presearcing
16:55:42     there is about 491 page in result
16:55:42     presearcing end
16:55:42     start searching
16:55:42     searching 1 page
16:55:43     searching 2 page
16:55:44     searching 3 page
16:55:45     searching 4 page
16:55:46     searching 5 page
16:55:46     end searcing
16:55:46     4
16:55:46     1335 OK
16:55:46     
16:55:46     SUBMISSION 1342 starting
16:55:46     
16:55:46     demo
16:55:46     mission start
16:55:46     presearcing
16:55:47     there is about 90800000 page in result
16:55:47     presearcing end
16:55:47     start searching
16:55:47     searching 1 page
16:55:48     searching 2 page
16:55:49     searching 3 page
16:55:50     searching 4 page
16:55:51     searching 5 page
16:55:52     end searcing
16:55:52     4
16:55:52     1342 OK
16:55:52     
