17:11:01     There is 5  missions to process
17:11:01     INSERTED: 0
17:11:01     UPDATED: 0
17:11:01     REBUILD: 0
17:11:01     
17:11:01     MISSIONS  START
17:11:01     
17:11:01     SUBMISSION 12 starting
17:11:01     
17:11:01     test
17:11:01     mission start
17:11:01     presearcing
17:11:02     there is about 54500000 page in result
17:11:02     presearcing end
17:11:02     start searching
17:11:02     searching 1 page
17:11:03     searching 2 page
17:11:04     searching 3 page
17:11:05     searching 4 page
17:11:06     searching 5 page
17:11:07     end searcing
17:11:07     4
17:11:07     12 OK
17:11:07     
17:11:07     SUBMISSION 1333 starting
17:11:07     
17:11:07     123123
17:11:07     mission start
17:11:07     presearcing
17:11:08     there is about 1260000 page in result
17:11:08     presearcing end
17:11:08     start searching
17:11:08     searching 1 page
17:11:09     searching 2 page
17:11:10     searching 3 page
17:11:11     searching 4 page
17:11:12     searching 5 page
17:11:12     end searcing
17:11:12     4
17:11:12     1333 OK
17:11:12     
17:11:12     SUBMISSION 33 starting
17:11:12     
17:11:12     demo
17:11:12     mission start
17:11:12     presearcing
17:11:13     there is about 90700000 page in result
17:11:13     presearcing end
17:11:13     start searching
17:11:13     searching 1 page
17:11:14     searching 2 page
17:11:15     searching 3 page
17:11:16     searching 4 page
17:11:17     searching 5 page
17:11:18     end searcing
17:11:18     4
17:11:18     33 OK
17:11:18     
17:11:18     SUBMISSION 1335 starting
17:11:18     
17:11:18     xcvxcvxvc
17:11:18     mission start
17:11:18     presearcing
17:11:18     there is about 491 page in result
17:11:18     presearcing end
17:11:18     start searching
17:11:18     searching 1 page
17:11:19     searching 2 page
17:11:20     searching 3 page
17:11:21     searching 4 page
17:11:22     searching 5 page
17:11:23     end searcing
17:11:23     4
17:11:23     1335 OK
17:11:23     
17:11:23     SUBMISSION 1342 starting
17:11:23     
17:11:23     demo
17:11:23     mission start
17:11:23     presearcing
17:11:24     there is about 90700000 page in result
17:11:24     presearcing end
17:11:24     start searching
17:11:24     searching 1 page
17:11:25     searching 2 page
17:11:26     searching 3 page
17:11:27     searching 4 page
17:11:28     searching 5 page
17:11:28     end searcing
17:11:28     4
17:11:28     1342 OK
17:11:28     
