17:33:01     There is 5  missions to process
17:33:01     INSERTED: 0
17:33:01     UPDATED: 0
17:33:01     REBUILD: 0
17:33:01     
17:33:01     MISSIONS  START
17:33:01     
17:33:01     SUBMISSION 12 starting
17:33:01     
17:33:01     test
17:33:01     mission start
17:33:01     presearcing
17:33:02     there is about 54500000 page in result
17:33:02     presearcing end
17:33:02     start searching
17:33:02     searching 1 page
17:33:03     searching 2 page
17:33:07     searching 3 page
17:33:09     searching 4 page
17:33:09     searching 5 page
17:33:10     end searcing
17:33:10     4
17:33:10     12 OK
17:33:10     
17:33:10     SUBMISSION 1333 starting
17:33:10     
17:33:10     123123
17:33:10     mission start
17:33:10     presearcing
17:33:15     there is about 1260000 page in result
17:33:15     presearcing end
17:33:15     start searching
17:33:15     searching 1 page
17:33:16     searching 2 page
17:33:17     searching 3 page
17:33:18     searching 4 page
17:33:19     searching 5 page
17:33:20     end searcing
17:33:20     4
17:33:20     1333 OK
17:33:20     
17:33:20     SUBMISSION 33 starting
17:33:20     
17:33:20     demo
17:33:20     mission start
17:33:20     presearcing
17:33:21     there is about 90700000 page in result
17:33:21     presearcing end
17:33:21     start searching
17:33:21     searching 1 page
17:33:22     searching 2 page
17:33:24     searching 3 page
17:33:25     searching 4 page
17:33:26     searching 5 page
17:33:27     end searcing
17:33:27     4
17:33:27     33 OK
17:33:27     
17:33:27     SUBMISSION 1335 starting
17:33:27     
17:33:27     123123
17:33:27     mission start
17:33:27     presearcing
17:33:28     there is about 1260000 page in result
17:33:28     presearcing end
17:33:28     start searching
17:33:28     searching 1 page
17:33:30     searching 2 page
17:33:31     searching 3 page
17:33:32     searching 4 page
17:33:33     searching 5 page
17:33:34     end searcing
17:33:34     4
17:33:34     1335 OK
17:33:34     
17:33:34     SUBMISSION 1342 starting
17:33:34     
17:33:34     demo
17:33:34     mission start
17:33:34     presearcing
17:33:35     there is about 90700000 page in result
17:33:35     presearcing end
17:33:35     start searching
17:33:35     searching 1 page
17:33:36     searching 2 page
17:33:37     searching 3 page
17:33:38     searching 4 page
17:33:39     searching 5 page
17:33:41     end searcing
17:33:41     4
17:33:41     1342 OK
17:33:41     
