16:52:01     There is 5  missions to process
16:52:01     INSERTED: 0
16:52:01     UPDATED: 0
16:52:01     REBUILD: 0
16:52:01     
16:52:01     MISSIONS  START
16:52:01     
16:52:01     SUBMISSION 12 starting
16:52:01     
16:52:01     test
16:52:01     mission start
16:52:01     presearcing
16:52:02     there is about 313000000 page in result
16:52:02     presearcing end
16:52:02     start searching
16:52:02     searching 1 page
16:52:03     searching 2 page
16:52:05     searching 3 page
16:52:06     searching 4 page
16:52:07     searching 5 page
16:52:08     end searcing
16:52:08     4
16:52:08     12 OK
16:52:08     
16:52:08     SUBMISSION 1333 starting
16:52:08     
16:52:08     123123
16:52:08     mission start
16:52:08     presearcing
16:52:09     there is about 1260000 page in result
16:52:09     presearcing end
16:52:09     start searching
16:52:09     searching 1 page
16:52:09     searching 2 page
16:52:10     searching 3 page
16:52:11     searching 4 page
16:52:12     searching 5 page
16:52:13     end searcing
16:52:13     4
16:52:13     1333 OK
16:52:13     
16:52:13     SUBMISSION 33 starting
16:52:13     
16:52:13     demo
16:52:13     mission start
16:52:13     presearcing
16:52:14     there is about 90800000 page in result
16:52:14     presearcing end
16:52:14     start searching
16:52:14     searching 1 page
16:52:15     searching 2 page
16:52:16     searching 3 page
16:52:17     searching 4 page
16:52:18     searching 5 page
16:52:19     end searcing
16:52:19     4
16:52:19     33 OK
16:52:19     
16:52:19     SUBMISSION 1335 starting
16:52:19     
16:52:19     xcvxcvxvc
16:52:19     mission start
16:52:19     presearcing
16:52:20     there is about 491 page in result
16:52:20     presearcing end
16:52:20     start searching
16:52:20     searching 1 page
16:52:21     searching 2 page
16:52:22     searching 3 page
16:52:23     searching 4 page
16:52:24     searching 5 page
16:52:25     end searcing
16:52:25     4
16:52:25     1335 OK
16:52:25     
16:52:25     SUBMISSION 1342 starting
16:52:25     
16:52:25     demo
16:52:25     mission start
16:52:25     presearcing
16:52:29     there is about 90800000 page in result
16:52:29     presearcing end
16:52:29     start searching
16:52:29     searching 1 page
16:52:30     searching 2 page
16:52:31     searching 3 page
16:52:32     searching 4 page
16:52:33     searching 5 page
16:52:34     end searcing
16:52:34     4
16:52:34     1342 OK
16:52:34     
