09:14:01     There is 5  missions to process
09:14:01     INSERTED: 0
09:14:01     UPDATED: 0
09:14:01     REBUILD: 0
09:14:01     
09:14:01     MISSIONS  START
09:14:01     
09:14:01     SUBMISSION 12 starting
09:14:01     
09:14:01     test
09:14:01     mission start
09:14:01     presearcing
09:14:03     there is about 54500000 page in result
09:14:03     presearcing end
09:14:03     start searching
09:14:03     searching 1 page
09:14:04     searching 2 page
09:14:06     searching 3 page
09:14:08     searching 4 page
09:14:09     searching 5 page
09:14:11     end searcing
09:14:11     4
09:14:11     12 OK
09:14:11     
09:14:11     SUBMISSION 1333 starting
09:14:11     
09:14:11     123123
09:14:11     mission start
09:14:11     presearcing
09:14:13     there is about 1260000 page in result
09:14:13     presearcing end
09:14:13     start searching
09:14:13     searching 1 page
09:14:14     searching 2 page
09:14:16     searching 3 page
09:14:19     searching 4 page
09:14:20     searching 5 page
09:14:21     end searcing
09:14:21     4
09:14:21     1333 OK
09:14:21     
09:14:21     SUBMISSION 33 starting
09:14:21     
09:14:21     demo
09:14:21     mission start
09:14:21     presearcing
09:14:23     there is about 90700000 page in result
09:14:23     presearcing end
09:14:23     start searching
09:14:23     searching 1 page
09:14:24     searching 2 page
09:14:25     searching 3 page
09:14:26     searching 4 page
09:14:28     searching 5 page
09:14:29     end searcing
09:14:29     4
09:14:29     33 OK
09:14:29     
09:14:29     SUBMISSION 1335 starting
09:14:29     
09:14:29     123123
09:14:29     mission start
09:14:29     presearcing
09:14:31     there is about 1260000 page in result
09:14:31     presearcing end
09:14:31     start searching
09:14:31     searching 1 page
09:14:32     searching 2 page
09:14:34     searching 3 page
09:14:36     searching 4 page
09:14:37     searching 5 page
09:14:38     end searcing
09:14:38     4
09:14:38     1335 OK
09:14:38     
09:14:38     SUBMISSION 1342 starting
09:14:38     
09:14:38     there is a process running
09:14:38     1342 FAIED
09:14:38     
