17:15:01     There is 5  missions to process
17:15:01     INSERTED: 0
17:15:01     UPDATED: 0
17:15:01     REBUILD: 0
17:15:01     
17:15:01     MISSIONS  START
17:15:01     
17:15:01     SUBMISSION 12 starting
17:15:01     
17:15:01     test
17:15:01     mission start
17:15:01     presearcing
17:15:02     there is about 54500000 page in result
17:15:02     presearcing end
17:15:02     start searching
17:15:02     searching 1 page
17:15:07     searching 2 page
17:15:08     searching 3 page
17:15:08     searching 4 page
17:15:09     searching 5 page
17:15:10     end searcing
17:15:10     4
17:15:10     12 OK
17:15:10     
17:15:10     SUBMISSION 1333 starting
17:15:10     
17:15:10     123123
17:15:10     mission start
17:15:10     presearcing
17:15:11     there is about 1260000 page in result
17:15:11     presearcing end
17:15:11     start searching
17:15:11     searching 1 page
17:15:12     searching 2 page
17:15:13     searching 3 page
17:15:14     searching 4 page
17:15:15     searching 5 page
17:15:16     end searcing
17:15:16     4
17:15:16     1333 OK
17:15:16     
17:15:16     SUBMISSION 33 starting
17:15:16     
17:15:16     demo
17:15:16     mission start
17:15:16     presearcing
17:15:17     there is about 90700000 page in result
17:15:17     presearcing end
17:15:17     start searching
17:15:17     searching 1 page
17:15:18     searching 2 page
17:15:19     searching 3 page
17:15:20     searching 4 page
17:15:21     searching 5 page
17:15:22     end searcing
17:15:22     4
17:15:22     33 OK
17:15:22     
17:15:22     SUBMISSION 1335 starting
17:15:22     
17:15:22     xcvxcvxvc
17:15:22     mission start
17:15:22     presearcing
17:15:23     there is about 491 page in result
17:15:23     presearcing end
17:15:23     start searching
17:15:23     searching 1 page
17:15:24     searching 2 page
17:15:25     searching 3 page
17:15:26     searching 4 page
17:15:27     searching 5 page
17:15:27     end searcing
17:15:27     4
17:15:27     1335 OK
17:15:27     
17:15:27     SUBMISSION 1342 starting
17:15:27     
17:15:27     demo
17:15:27     mission start
17:15:27     presearcing
17:15:28     there is about 90700000 page in result
17:15:28     presearcing end
17:15:28     start searching
17:15:28     searching 1 page
17:15:30     searching 2 page
17:15:31     searching 3 page
17:15:32     searching 4 page
17:15:33     searching 5 page
17:15:34     end searcing
17:15:34     4
17:15:34     1342 OK
17:15:34     
