18:11:01     There is 5  missions to process
18:11:01     INSERTED: 0
18:11:01     UPDATED: 0
18:11:01     REBUILD: 0
18:11:01     
18:11:01     MISSIONS  START
18:11:01     
18:11:01     SUBMISSION 12 starting
18:11:01     
18:11:01     test
18:11:01     mission start
18:11:01     presearcing
18:11:02     there is about 54500000 page in result
18:11:02     presearcing end
18:11:02     start searching
18:11:02     searching 1 page
18:11:02     searching 2 page
18:11:03     searching 3 page
18:11:04     searching 4 page
18:11:05     searching 5 page
18:11:06     end searcing
18:11:06     4
18:11:06     12 OK
18:11:06     
18:11:06     SUBMISSION 1333 starting
18:11:06     
18:11:06     123123
18:11:06     mission start
18:11:06     presearcing
18:11:07     there is about 1260000 page in result
18:11:07     presearcing end
18:11:07     start searching
18:11:07     searching 1 page
18:11:08     searching 2 page
18:11:09     searching 3 page
18:11:10     searching 4 page
18:11:10     searching 5 page
18:11:11     end searcing
18:11:11     4
18:11:11     1333 OK
18:11:11     
18:11:11     SUBMISSION 33 starting
18:11:11     
18:11:11     demo
18:11:11     mission start
18:11:11     presearcing
18:11:12     there is about 90700000 page in result
18:11:12     presearcing end
18:11:12     start searching
18:11:12     searching 1 page
18:11:13     searching 2 page
18:11:14     searching 3 page
18:11:15     searching 4 page
18:11:16     searching 5 page
18:11:17     end searcing
18:11:17     4
18:11:17     33 OK
18:11:17     
18:11:17     SUBMISSION 1335 starting
18:11:17     
18:11:17     123123
18:11:17     mission start
18:11:17     presearcing
18:11:18     there is about 1260000 page in result
18:11:18     presearcing end
18:11:18     start searching
18:11:18     searching 1 page
18:11:19     searching 2 page
18:11:20     searching 3 page
18:11:22     searching 4 page
18:11:23     searching 5 page
18:11:24     end searcing
18:11:24     4
18:11:24     1335 OK
18:11:24     
18:11:24     SUBMISSION 1342 starting
18:11:24     
18:11:24     demo
18:11:24     mission start
18:11:24     presearcing
18:11:25     there is about 90700000 page in result
18:11:25     presearcing end
18:11:25     start searching
18:11:25     searching 1 page
18:11:25     searching 2 page
18:11:26     searching 3 page
18:11:27     searching 4 page
18:11:28     searching 5 page
18:11:29     end searcing
18:11:29     4
18:11:29     1342 OK
18:11:29     
