08:47:01     There is 5  missions to process
08:47:01     INSERTED: 0
08:47:01     UPDATED: 0
08:47:01     REBUILD: 0
08:47:01     
08:47:01     MISSIONS  START
08:47:01     
08:47:01     SUBMISSION 12 starting
08:47:01     
08:47:01     test
08:47:01     mission start
08:47:01     presearcing
08:47:02     there is about 54500000 page in result
08:47:02     presearcing end
08:47:02     start searching
08:47:02     searching 1 page
08:47:02     searching 2 page
08:47:03     searching 3 page
08:47:04     searching 4 page
08:47:05     searching 5 page
08:47:06     end searcing
08:47:06     4
08:47:06     12 OK
08:47:06     
08:47:06     SUBMISSION 1333 starting
08:47:06     
08:47:06     123123
08:47:06     mission start
08:47:06     presearcing
08:47:07     there is about 1260000 page in result
08:47:07     presearcing end
08:47:07     start searching
08:47:07     searching 1 page
08:47:07     searching 2 page
08:47:08     searching 3 page
08:47:09     searching 4 page
08:47:10     searching 5 page
08:47:11     end searcing
08:47:11     4
08:47:11     1333 OK
08:47:11     
08:47:11     SUBMISSION 33 starting
08:47:11     
08:47:11     demo
08:47:11     mission start
08:47:11     presearcing
08:47:11     there is about 90700000 page in result
08:47:11     presearcing end
08:47:11     start searching
08:47:11     searching 1 page
08:47:12     searching 2 page
08:47:13     searching 3 page
08:47:14     searching 4 page
08:47:15     searching 5 page
08:47:16     end searcing
08:47:16     4
08:47:16     33 OK
08:47:16     
08:47:16     SUBMISSION 1335 starting
08:47:16     
08:47:16     123123
08:47:16     mission start
08:47:16     presearcing
08:47:16     there is about 1260000 page in result
08:47:16     presearcing end
08:47:16     start searching
08:47:16     searching 1 page
08:47:17     searching 2 page
08:47:18     searching 3 page
08:47:19     searching 4 page
08:47:20     searching 5 page
08:47:21     end searcing
08:47:21     4
08:47:21     1335 OK
08:47:21     
08:47:21     SUBMISSION 1342 starting
08:47:21     
08:47:21     there is a process running
08:47:21     1342 FAIED
08:47:21     
