08:38:01     There is 5  missions to process
08:38:01     INSERTED: 0
08:38:01     UPDATED: 0
08:38:01     REBUILD: 0
08:38:01     
08:38:01     MISSIONS  START
08:38:01     
08:38:01     SUBMISSION 12 starting
08:38:01     
08:38:01     test
08:38:01     mission start
08:38:01     presearcing
08:38:02     there is about 54500000 page in result
08:38:02     presearcing end
08:38:02     start searching
08:38:02     searching 1 page
08:38:03     searching 2 page
08:38:04     searching 3 page
08:38:05     searching 4 page
08:38:06     searching 5 page
08:38:06     end searcing
08:38:06     4
08:38:06     12 OK
08:38:06     
08:38:06     SUBMISSION 1333 starting
08:38:06     
08:38:06     123123
08:38:06     mission start
08:38:06     presearcing
08:38:07     there is about 1260000 page in result
08:38:07     presearcing end
08:38:07     start searching
08:38:07     searching 1 page
08:38:08     searching 2 page
08:38:09     searching 3 page
08:38:10     searching 4 page
08:38:10     searching 5 page
08:38:11     end searcing
08:38:11     4
08:38:11     1333 OK
08:38:11     
08:38:11     SUBMISSION 33 starting
08:38:11     
08:38:11     demo
08:38:11     mission start
08:38:11     presearcing
08:38:12     there is about 90700000 page in result
08:38:12     presearcing end
08:38:12     start searching
08:38:12     searching 1 page
08:38:13     searching 2 page
08:38:14     searching 3 page
08:38:14     searching 4 page
08:38:15     searching 5 page
08:38:16     end searcing
08:38:16     4
08:38:16     33 OK
08:38:16     
08:38:16     SUBMISSION 1335 starting
08:38:16     
08:38:16     123123
08:38:16     mission start
08:38:16     presearcing
08:38:17     there is about 1260000 page in result
08:38:17     presearcing end
08:38:17     start searching
08:38:17     searching 1 page
08:38:18     searching 2 page
08:38:19     searching 3 page
08:38:19     searching 4 page
08:38:20     searching 5 page
08:38:21     end searcing
08:38:21     4
08:38:21     1335 OK
08:38:21     
08:38:21     SUBMISSION 1342 starting
08:38:21     
08:38:21     there is a process running
08:38:21     1342 FAIED
08:38:21     
