08:40:01     There is 5  missions to process
08:40:01     INSERTED: 0
08:40:01     UPDATED: 0
08:40:01     REBUILD: 0
08:40:01     
08:40:01     MISSIONS  START
08:40:01     
08:40:01     SUBMISSION 12 starting
08:40:01     
08:40:01     test
08:40:01     mission start
08:40:01     presearcing
08:40:02     there is about 54500000 page in result
08:40:02     presearcing end
08:40:02     start searching
08:40:02     searching 1 page
08:40:03     searching 2 page
08:40:04     searching 3 page
08:40:05     searching 4 page
08:40:06     searching 5 page
08:40:07     end searcing
08:40:07     4
08:40:07     12 OK
08:40:07     
08:40:07     SUBMISSION 1333 starting
08:40:07     
08:40:07     123123
08:40:07     mission start
08:40:07     presearcing
08:40:08     there is about 1260000 page in result
08:40:08     presearcing end
08:40:08     start searching
08:40:08     searching 1 page
08:40:08     searching 2 page
08:40:09     searching 3 page
08:40:10     searching 4 page
08:40:11     searching 5 page
08:40:12     end searcing
08:40:12     4
08:40:12     1333 OK
08:40:12     
08:40:12     SUBMISSION 33 starting
08:40:12     
08:40:12     demo
08:40:12     mission start
08:40:12     presearcing
08:40:12     there is about 90700000 page in result
08:40:12     presearcing end
08:40:12     start searching
08:40:12     searching 1 page
08:40:13     searching 2 page
08:40:14     searching 3 page
08:40:15     searching 4 page
08:40:16     searching 5 page
08:40:17     end searcing
08:40:17     4
08:40:17     33 OK
08:40:17     
08:40:17     SUBMISSION 1335 starting
08:40:17     
08:40:17     123123
08:40:17     mission start
08:40:17     presearcing
08:40:17     there is about 1260000 page in result
08:40:17     presearcing end
08:40:17     start searching
08:40:17     searching 1 page
08:40:18     searching 2 page
08:40:19     searching 3 page
08:40:20     searching 4 page
08:40:21     searching 5 page
08:40:22     end searcing
08:40:22     4
08:40:22     1335 OK
08:40:22     
08:40:22     SUBMISSION 1342 starting
08:40:22     
08:40:22     there is a process running
08:40:22     1342 FAIED
08:40:22     
