09:08:01     There is 5  missions to process
09:08:01     INSERTED: 0
09:08:01     UPDATED: 0
09:08:01     REBUILD: 0
09:08:01     
09:08:01     MISSIONS  START
09:08:01     
09:08:01     SUBMISSION 12 starting
09:08:01     
09:08:01     test
09:08:01     mission start
09:08:01     presearcing
09:08:04     there is about 54500000 page in result
09:08:04     presearcing end
09:08:04     start searching
09:08:04     searching 1 page
09:08:06     searching 2 page
09:08:07     searching 3 page
09:08:08     searching 4 page
09:08:09     searching 5 page
09:08:10     end searcing
09:08:10     4
09:08:10     12 OK
09:08:10     
09:08:10     SUBMISSION 1333 starting
09:08:10     
09:08:10     123123
09:08:10     mission start
09:08:10     presearcing
09:08:11     there is about 1260000 page in result
09:08:11     presearcing end
09:08:11     start searching
09:08:11     searching 1 page
09:08:12     searching 2 page
09:08:12     searching 3 page
09:08:13     searching 4 page
09:08:14     searching 5 page
09:08:15     end searcing
09:08:15     4
09:08:15     1333 OK
09:08:15     
09:08:15     SUBMISSION 33 starting
09:08:15     
09:08:15     demo
09:08:15     mission start
09:08:15     presearcing
09:08:16     there is about 90700000 page in result
09:08:16     presearcing end
09:08:16     start searching
09:08:16     searching 1 page
09:08:16     searching 2 page
09:08:17     searching 3 page
09:08:18     searching 4 page
09:08:19     searching 5 page
09:08:20     end searcing
09:08:20     4
09:08:20     33 OK
09:08:20     
09:08:20     SUBMISSION 1335 starting
09:08:20     
09:08:20     123123
09:08:20     mission start
09:08:20     presearcing
09:08:21     there is about 1260000 page in result
09:08:21     presearcing end
09:08:21     start searching
09:08:21     searching 1 page
09:08:22     searching 2 page
09:08:22     searching 3 page
09:08:23     searching 4 page
09:08:24     searching 5 page
09:08:25     end searcing
09:08:25     4
09:08:25     1335 OK
09:08:25     
09:08:25     SUBMISSION 1342 starting
09:08:25     
09:08:25     there is a process running
09:08:25     1342 FAIED
09:08:25     
