16:59:55     There is 5  missions to process
16:59:55     INSERTED: 0
16:59:55     UPDATED: 0
16:59:55     REBUILD: 0
16:59:55     
16:59:55     MISSIONS  START
16:59:55     
16:59:55     SUBMISSION 12 starting
16:59:55     
16:59:55     test
16:59:55     mission start
16:59:55     presearcing
16:59:56     there is about 313000000 page in result
16:59:56     presearcing end
16:59:56     start searching
16:59:56     searching 1 page
16:59:57     searching 2 page
16:59:58     searching 3 page
16:59:59     searching 4 page
16:59:59     searching 5 page
17:00:00     end searcing
17:00:00     4
17:00:00     12 OK
17:00:00     
17:00:00     SUBMISSION 1333 starting
17:00:00     
17:00:00     123123
17:00:00     mission start
17:00:00     presearcing
17:00:01     there is about 1260000 page in result
17:00:01     presearcing end
17:00:01     start searching
17:00:01     searching 1 page
17:00:02     searching 2 page
17:00:03     searching 3 page
17:00:04     searching 4 page
17:00:05     searching 5 page
17:00:06     end searcing
17:00:06     4
17:00:06     1333 OK
17:00:06     
17:00:06     SUBMISSION 33 starting
17:00:06     
17:00:06     demo
17:00:06     mission start
17:00:06     presearcing
17:00:07     there is about 90800000 page in result
17:00:07     presearcing end
17:00:07     start searching
17:00:07     searching 1 page
17:00:08     searching 2 page
17:00:09     searching 3 page
17:00:10     searching 4 page
17:00:11     searching 5 page
17:00:12     end searcing
17:00:12     4
17:00:12     33 OK
17:00:12     
17:00:12     SUBMISSION 1335 starting
17:00:12     
17:00:12     xcvxcvxvc
17:00:12     mission start
17:00:12     presearcing
17:00:13     there is about 491 page in result
17:00:13     presearcing end
17:00:13     start searching
17:00:13     searching 1 page
17:00:14     searching 2 page
17:00:15     searching 3 page
17:00:16     searching 4 page
17:00:17     searching 5 page
17:00:18     end searcing
17:00:18     4
17:00:18     1335 OK
17:00:18     
17:00:18     SUBMISSION 1342 starting
17:00:18     
17:00:18     demo
17:00:18     mission start
17:00:18     presearcing
17:00:19     there is about 90800000 page in result
17:00:19     presearcing end
17:00:19     start searching
17:00:19     searching 1 page
17:00:20     searching 2 page
17:00:21     searching 3 page
17:00:22     searching 4 page
17:00:23     searching 5 page
17:00:24     end searcing
17:00:24     4
17:00:24     1342 OK
17:00:24     
