08:44:01     There is 5  missions to process
08:44:01     INSERTED: 0
08:44:01     UPDATED: 0
08:44:01     REBUILD: 0
08:44:01     
08:44:01     MISSIONS  START
08:44:01     
08:44:01     SUBMISSION 12 starting
08:44:01     
08:44:01     test
08:44:01     mission start
08:44:01     presearcing
08:44:02     there is about 54500000 page in result
08:44:02     presearcing end
08:44:02     start searching
08:44:02     searching 1 page
08:44:02     searching 2 page
08:44:03     searching 3 page
08:44:04     searching 4 page
08:44:05     searching 5 page
08:44:06     end searcing
08:44:06     4
08:44:06     12 OK
08:44:06     
08:44:06     SUBMISSION 1333 starting
08:44:06     
08:44:06     123123
08:44:06     mission start
08:44:06     presearcing
08:44:06     there is about 1260000 page in result
08:44:06     presearcing end
08:44:06     start searching
08:44:06     searching 1 page
08:44:07     searching 2 page
08:44:08     searching 3 page
08:44:09     searching 4 page
08:44:09     searching 5 page
08:44:10     end searcing
08:44:10     4
08:44:10     1333 OK
08:44:10     
08:44:10     SUBMISSION 33 starting
08:44:10     
08:44:10     demo
08:44:10     mission start
08:44:10     presearcing
08:44:11     there is about 90700000 page in result
08:44:11     presearcing end
08:44:11     start searching
08:44:11     searching 1 page
08:44:12     searching 2 page
08:44:13     searching 3 page
08:44:13     searching 4 page
08:44:14     searching 5 page
08:44:15     end searcing
08:44:15     4
08:44:15     33 OK
08:44:15     
08:44:15     SUBMISSION 1335 starting
08:44:15     
08:44:15     123123
08:44:15     mission start
08:44:15     presearcing
08:44:16     there is about 1260000 page in result
08:44:16     presearcing end
08:44:16     start searching
08:44:16     searching 1 page
08:44:17     searching 2 page
08:44:17     searching 3 page
08:44:18     searching 4 page
08:44:19     searching 5 page
08:44:20     end searcing
08:44:20     4
08:44:20     1335 OK
08:44:20     
08:44:20     SUBMISSION 1342 starting
08:44:20     
08:44:20     there is a process running
08:44:20     1342 FAIED
08:44:20     
