17:26:01     There is 5  missions to process
17:26:01     INSERTED: 0
17:26:01     UPDATED: 0
17:26:01     REBUILD: 0
17:26:01     
17:26:01     MISSIONS  START
17:26:01     
17:26:01     SUBMISSION 12 starting
17:26:01     
17:26:01     test
17:26:01     mission start
17:26:01     presearcing
17:26:02     there is about 54500000 page in result
17:26:02     presearcing end
17:26:02     start searching
17:26:02     searching 1 page
17:26:03     searching 2 page
17:26:04     searching 3 page
17:26:04     searching 4 page
17:26:06     searching 5 page
17:26:06     end searcing
17:26:06     4
17:26:06     12 OK
17:26:06     
17:26:06     SUBMISSION 1333 starting
17:26:06     
17:26:06     123123
17:26:06     mission start
17:26:06     presearcing
17:26:07     there is about 1260000 page in result
17:26:07     presearcing end
17:26:07     start searching
17:26:07     searching 1 page
17:26:08     searching 2 page
17:26:09     searching 3 page
17:26:10     searching 4 page
17:26:12     searching 5 page
17:26:13     end searcing
17:26:13     4
17:26:13     1333 OK
17:26:13     
17:26:13     SUBMISSION 33 starting
17:26:13     
17:26:13     demo
17:26:13     mission start
17:26:13     presearcing
17:26:13     there is about 90700000 page in result
17:26:13     presearcing end
17:26:13     start searching
17:26:13     searching 1 page
17:26:14     searching 2 page
17:26:16     searching 3 page
17:26:16     searching 4 page
17:26:17     searching 5 page
17:26:18     end searcing
17:26:18     4
17:26:18     33 OK
17:26:18     
17:26:18     SUBMISSION 1335 starting
17:26:18     
17:26:18     123123
17:26:18     mission start
17:26:18     presearcing
17:26:19     there is about 1260000 page in result
17:26:19     presearcing end
17:26:19     start searching
17:26:19     searching 1 page
17:26:20     searching 2 page
17:26:21     searching 3 page
17:26:22     searching 4 page
17:26:24     searching 5 page
17:26:25     end searcing
17:26:25     4
17:26:25     1335 OK
17:26:25     
17:26:25     SUBMISSION 1342 starting
17:26:25     
17:26:25     demo
17:26:25     mission start
17:26:25     presearcing
17:26:26     there is about 90700000 page in result
17:26:26     presearcing end
17:26:26     start searching
17:26:26     searching 1 page
17:26:27     searching 2 page
17:26:27     searching 3 page
17:26:28     searching 4 page
17:26:29     searching 5 page
17:26:30     end searcing
17:26:30     4
17:26:30     1342 OK
17:26:30     
