17:52:01     There is 5  missions to process
17:52:01     INSERTED: 0
17:52:01     UPDATED: 0
17:52:01     REBUILD: 0
17:52:01     
17:52:01     MISSIONS  START
17:52:01     
17:52:01     SUBMISSION 12 starting
17:52:01     
17:52:01     test
17:52:01     mission start
17:52:01     presearcing
17:52:02     there is about 54500000 page in result
17:52:02     presearcing end
17:52:02     start searching
17:52:02     searching 1 page
17:52:02     searching 2 page
17:52:04     searching 3 page
17:52:09     searching 4 page
17:52:10     searching 5 page
17:52:11     end searcing
17:52:11     4
17:52:11     12 OK
17:52:11     
17:52:11     SUBMISSION 1333 starting
17:52:11     
17:52:11     123123
17:52:11     mission start
17:52:11     presearcing
17:52:12     there is about 1260000 page in result
17:52:12     presearcing end
17:52:12     start searching
17:52:12     searching 1 page
17:52:13     searching 2 page
17:52:14     searching 3 page
17:52:15     searching 4 page
17:52:16     searching 5 page
17:52:17     end searcing
17:52:17     4
17:52:17     1333 OK
17:52:17     
17:52:17     SUBMISSION 33 starting
17:52:17     
17:52:17     demo
17:52:17     mission start
17:52:17     presearcing
17:52:17     there is about 90700000 page in result
17:52:17     presearcing end
17:52:17     start searching
17:52:17     searching 1 page
17:52:18     searching 2 page
17:52:19     searching 3 page
17:52:20     searching 4 page
17:52:21     searching 5 page
17:52:22     end searcing
17:52:22     4
17:52:22     33 OK
17:52:22     
17:52:22     SUBMISSION 1335 starting
17:52:22     
17:52:22     123123
17:52:22     mission start
17:52:22     presearcing
17:52:23     there is about 1260000 page in result
17:52:23     presearcing end
17:52:23     start searching
17:52:23     searching 1 page
17:52:24     searching 2 page
17:52:25     searching 3 page
17:52:30     searching 4 page
17:52:37     searching 5 page
17:52:43     end searcing
17:52:43     4
17:52:43     1335 OK
17:52:43     
17:52:43     SUBMISSION 1342 starting
17:52:43     
17:52:43     demo
17:52:43     mission start
17:52:43     presearcing
17:52:51     there is about 90700000 page in result
17:52:51     presearcing end
17:52:51     start searching
17:52:51     searching 1 page
17:52:54     searching 2 page
17:52:57     searching 3 page
17:52:58     searching 4 page
17:52:59     searching 5 page
17:52:59     end searcing
17:52:59     4
17:52:59     1342 OK
17:52:59     
