18:17:01     There is 5  missions to process
18:17:01     INSERTED: 0
18:17:01     UPDATED: 0
18:17:01     REBUILD: 0
18:17:01     
18:17:01     MISSIONS  START
18:17:01     
18:17:01     SUBMISSION 12 starting
18:17:01     
18:17:01     test
18:17:01     mission start
18:17:01     presearcing
18:17:02     there is about 54500000 page in result
18:17:02     presearcing end
18:17:02     start searching
18:17:02     searching 1 page
18:17:03     searching 2 page
18:17:04     searching 3 page
18:17:04     searching 4 page
18:17:05     searching 5 page
18:17:06     end searcing
18:17:06     4
18:17:06     12 OK
18:17:06     
18:17:06     SUBMISSION 1333 starting
18:17:06     
18:17:06     123123
18:17:06     mission start
18:17:06     presearcing
18:17:07     there is about 1260000 page in result
18:17:07     presearcing end
18:17:07     start searching
18:17:07     searching 1 page
18:17:08     searching 2 page
18:17:09     searching 3 page
18:17:10     searching 4 page
18:17:12     searching 5 page
18:17:12     end searcing
18:17:12     4
18:17:12     1333 OK
18:17:12     
18:17:12     SUBMISSION 33 starting
18:17:12     
18:17:12     demo
18:17:12     mission start
18:17:12     presearcing
18:17:13     there is about 90700000 page in result
18:17:13     presearcing end
18:17:13     start searching
18:17:13     searching 1 page
18:17:14     searching 2 page
18:17:15     searching 3 page
18:17:16     searching 4 page
18:17:17     searching 5 page
18:17:18     end searcing
18:17:18     4
18:17:18     33 OK
18:17:18     
18:17:18     SUBMISSION 1335 starting
18:17:18     
18:17:18     123123
18:17:18     mission start
18:17:18     presearcing
18:17:19     there is about 1260000 page in result
18:17:19     presearcing end
18:17:19     start searching
18:17:19     searching 1 page
18:17:19     searching 2 page
18:17:20     searching 3 page
18:17:21     searching 4 page
18:17:22     searching 5 page
18:17:23     end searcing
18:17:23     4
18:17:23     1335 OK
18:17:23     
18:17:23     SUBMISSION 1342 starting
18:17:23     
18:17:23     demo
18:17:23     mission start
18:17:23     presearcing
18:17:25     there is about 90700000 page in result
18:17:25     presearcing end
18:17:25     start searching
18:17:25     searching 1 page
18:17:25     searching 2 page
18:17:26     searching 3 page
18:17:27     searching 4 page
18:17:28     searching 5 page
18:17:29     end searcing
18:17:29     4
18:17:29     1342 OK
18:17:29     
