09:56:01     There is 5  missions to process
09:56:01     INSERTED: 0
09:56:01     UPDATED: 0
09:56:01     REBUILD: 0
09:56:01     
09:56:01     MISSIONS  START
09:56:01     
09:56:01     SUBMISSION 12 starting
09:56:01     
09:56:01     test
09:56:01     mission start
09:56:01     presearcing
09:56:04     there is about 54500000 page in result
09:56:04     presearcing end
09:56:04     start searching
09:56:04     searching 1 page
09:56:05     searching 2 page
09:56:06     searching 3 page
09:56:07     searching 4 page
09:56:09     searching 5 page
09:56:10     end searcing
09:56:10     4
09:56:10     12 OK
09:56:10     
09:56:10     SUBMISSION 1333 starting
09:56:10     
09:56:10     123123
09:56:10     mission start
09:56:10     presearcing
09:56:11     there is about 1260000 page in result
09:56:11     presearcing end
09:56:11     start searching
09:56:11     searching 1 page
09:56:12     searching 2 page
09:56:13     searching 3 page
09:56:14     searching 4 page
09:56:14     searching 5 page
09:56:15     end searcing
09:56:15     4
09:56:15     1333 OK
09:56:15     
09:56:15     SUBMISSION 33 starting
09:56:15     
09:56:15     demo
09:56:15     mission start
09:56:15     presearcing
09:56:16     there is about 90700000 page in result
09:56:16     presearcing end
09:56:16     start searching
09:56:16     searching 1 page
09:56:17     searching 2 page
09:56:18     searching 3 page
09:56:19     searching 4 page
09:56:19     searching 5 page
09:56:20     end searcing
09:56:20     4
09:56:20     33 OK
09:56:20     
09:56:20     SUBMISSION 1335 starting
09:56:20     
09:56:20     123123
09:56:20     mission start
09:56:20     presearcing
09:56:22     there is about 1260000 page in result
09:56:22     presearcing end
09:56:22     start searching
09:56:22     searching 1 page
09:56:23     searching 2 page
09:56:24     searching 3 page
09:56:26     searching 4 page
09:56:28     searching 5 page
09:56:30     end searcing
09:56:30     4
09:56:30     1335 OK
09:56:30     
09:56:30     SUBMISSION 1342 starting
09:56:30     
09:56:30     there is a process running
09:56:30     1342 FAIED
09:56:30     
