09:48:01     There is 5  missions to process
09:48:01     INSERTED: 0
09:48:01     UPDATED: 0
09:48:01     REBUILD: 0
09:48:01     
09:48:01     MISSIONS  START
09:48:01     
09:48:01     SUBMISSION 12 starting
09:48:01     
09:48:01     test
09:48:01     mission start
09:48:01     presearcing
09:48:02     there is about 54500000 page in result
09:48:02     presearcing end
09:48:02     start searching
09:48:02     searching 1 page
09:48:03     searching 2 page
09:48:04     searching 3 page
09:48:05     searching 4 page
09:48:06     searching 5 page
09:48:07     end searcing
09:48:07     4
09:48:07     12 OK
09:48:07     
09:48:07     SUBMISSION 1333 starting
09:48:07     
09:48:07     123123
09:48:07     mission start
09:48:07     presearcing
09:48:08     there is about 1260000 page in result
09:48:08     presearcing end
09:48:08     start searching
09:48:08     searching 1 page
09:48:09     searching 2 page
09:48:10     searching 3 page
09:48:11     searching 4 page
09:48:12     searching 5 page
09:48:12     end searcing
09:48:12     4
09:48:12     1333 OK
09:48:12     
09:48:12     SUBMISSION 33 starting
09:48:12     
09:48:12     demo
09:48:12     mission start
09:48:12     presearcing
09:48:13     there is about 90700000 page in result
09:48:13     presearcing end
09:48:13     start searching
09:48:13     searching 1 page
09:48:14     searching 2 page
09:48:15     searching 3 page
09:48:16     searching 4 page
09:48:17     searching 5 page
09:48:18     end searcing
09:48:18     4
09:48:18     33 OK
09:48:18     
09:48:18     SUBMISSION 1335 starting
09:48:18     
09:48:18     123123
09:48:18     mission start
09:48:18     presearcing
09:48:20     there is about 1260000 page in result
09:48:20     presearcing end
09:48:20     start searching
09:48:20     searching 1 page
09:48:20     searching 2 page
09:48:21     searching 3 page
09:48:22     searching 4 page
09:48:23     searching 5 page
09:48:24     end searcing
09:48:24     4
09:48:24     1335 OK
09:48:24     
09:48:24     SUBMISSION 1342 starting
09:48:24     
09:48:24     there is a process running
09:48:24     1342 FAIED
09:48:24     
