17:21:01     There is 5  missions to process
17:21:01     updated mission category168
17:21:01     INSERTED: 0
17:21:01     UPDATED: 1
17:21:01     REBUILD: 0
17:21:01     
17:21:01     MISSIONS  START
17:21:01     
17:21:01     SUBMISSION 12 starting
17:21:01     
17:21:01     test
17:21:01     mission start
17:21:01     presearcing
17:21:05     there is about 54500000 page in result
17:21:05     presearcing end
17:21:05     start searching
17:21:05     searching 1 page
17:21:06     searching 2 page
17:21:07     searching 3 page
17:21:08     searching 4 page
17:21:09     searching 5 page
17:21:10     end searcing
17:21:10     4
17:21:10     12 OK
17:21:10     
17:21:10     SUBMISSION 1333 starting
17:21:10     
17:21:10     123123
17:21:10     mission start
17:21:10     presearcing
17:21:11     there is about 1260000 page in result
17:21:11     presearcing end
17:21:11     start searching
17:21:11     searching 1 page
17:21:12     searching 2 page
17:21:13     searching 3 page
17:21:14     searching 4 page
17:21:14     searching 5 page
17:21:15     end searcing
17:21:15     4
17:21:15     1333 OK
17:21:15     
17:21:15     SUBMISSION 33 starting
17:21:15     
17:21:15     demo
17:21:15     mission start
17:21:15     presearcing
17:21:16     there is about 90700000 page in result
17:21:16     presearcing end
17:21:16     start searching
17:21:16     searching 1 page
17:21:17     searching 2 page
17:21:18     searching 3 page
17:21:19     searching 4 page
17:21:21     searching 5 page
17:21:22     end searcing
17:21:22     4
17:21:22     33 OK
17:21:22     
17:21:22     SUBMISSION 1335 starting
17:21:22     
17:21:22     123123
17:21:22     mission start
17:21:22     presearcing
17:21:23     there is about 1260000 page in result
17:21:23     presearcing end
17:21:23     start searching
17:21:23     searching 1 page
17:21:24     searching 2 page
17:21:25     searching 3 page
17:21:26     searching 4 page
17:21:27     searching 5 page
17:21:28     end searcing
17:21:28     4
17:21:28     1335 OK
17:21:28     
17:21:28     SUBMISSION 1342 starting
17:21:28     
17:21:28     demo
17:21:28     mission start
17:21:28     presearcing
17:21:29     there is about 90700000 page in result
17:21:29     presearcing end
17:21:29     start searching
17:21:29     searching 1 page
17:21:30     searching 2 page
17:21:31     searching 3 page
17:21:32     searching 4 page
17:21:33     searching 5 page
17:21:34     end searcing
17:21:34     4
17:21:34     1342 OK
17:21:34     
