17:16:01     There is 5  missions to process
17:16:01     INSERTED: 0
17:16:01     UPDATED: 0
17:16:01     REBUILD: 0
17:16:01     
17:16:01     MISSIONS  START
17:16:01     
17:16:01     SUBMISSION 12 starting
17:16:01     
17:16:01     test
17:16:01     mission start
17:16:01     presearcing
17:16:02     there is about 54500000 page in result
17:16:02     presearcing end
17:16:02     start searching
17:16:02     searching 1 page
17:16:03     searching 2 page
17:16:04     searching 3 page
17:16:08     searching 4 page
17:16:09     searching 5 page
17:16:10     end searcing
17:16:10     4
17:16:10     12 OK
17:16:10     
17:16:10     SUBMISSION 1333 starting
17:16:10     
17:16:10     123123
17:16:10     mission start
17:16:10     presearcing
17:16:11     there is about 1260000 page in result
17:16:11     presearcing end
17:16:11     start searching
17:16:11     searching 1 page
17:16:14     searching 2 page
17:16:15     searching 3 page
17:16:16     searching 4 page
17:16:17     searching 5 page
17:16:18     end searcing
17:16:18     4
17:16:18     1333 OK
17:16:18     
17:16:18     SUBMISSION 33 starting
17:16:18     
17:16:18     demo
17:16:18     mission start
17:16:18     presearcing
17:16:19     there is about 90700000 page in result
17:16:19     presearcing end
17:16:19     start searching
17:16:19     searching 1 page
17:16:25     searching 2 page
17:16:26     searching 3 page
17:16:31     searching 4 page
17:16:32     searching 5 page
17:16:33     end searcing
17:16:33     4
17:16:33     33 OK
17:16:33     
17:16:33     SUBMISSION 1335 starting
17:16:33     
17:16:33     xcvxcvxvc
17:16:33     mission start
17:16:33     presearcing
17:16:34     there is about 491 page in result
17:16:34     presearcing end
17:16:34     start searching
17:16:34     searching 1 page
17:16:36     searching 2 page
17:16:37     searching 3 page
17:16:38     searching 4 page
17:16:39     searching 5 page
17:16:40     end searcing
17:16:40     4
17:16:40     1335 OK
17:16:40     
17:16:40     SUBMISSION 1342 starting
17:16:40     
17:16:40     demo
17:16:40     mission start
17:16:40     presearcing
17:16:41     there is about 90700000 page in result
17:16:41     presearcing end
17:16:41     start searching
17:16:41     searching 1 page
17:16:42     searching 2 page
17:16:43     searching 3 page
17:16:44     searching 4 page
17:16:45     searching 5 page
17:16:49     end searcing
17:16:49     4
17:16:49     1342 OK
17:16:49     
