08:33:01     There is 5  missions to process
08:33:01     INSERTED: 0
08:33:01     UPDATED: 0
08:33:01     REBUILD: 0
08:33:01     
08:33:01     MISSIONS  START
08:33:01     
08:33:01     SUBMISSION 12 starting
08:33:01     
08:33:01     test
08:33:01     mission start
08:33:01     presearcing
08:33:02     there is about 54500000 page in result
08:33:02     presearcing end
08:33:02     start searching
08:33:02     searching 1 page
08:33:03     searching 2 page
08:33:04     searching 3 page
08:33:04     searching 4 page
08:33:05     searching 5 page
08:33:07     end searcing
08:33:07     4
08:33:07     12 OK
08:33:07     
08:33:07     SUBMISSION 1333 starting
08:33:07     
08:33:07     123123
08:33:07     mission start
08:33:07     presearcing
08:33:12     there is about 1260000 page in result
08:33:12     presearcing end
08:33:12     start searching
08:33:12     searching 1 page
08:33:14     searching 2 page
08:33:15     searching 3 page
08:33:16     searching 4 page
08:33:17     searching 5 page
08:33:17     end searcing
08:33:17     4
08:33:17     1333 OK
08:33:17     
08:33:17     SUBMISSION 33 starting
08:33:17     
08:33:17     demo
08:33:17     mission start
08:33:17     presearcing
08:33:18     there is about 90700000 page in result
08:33:18     presearcing end
08:33:18     start searching
08:33:18     searching 1 page
08:33:19     searching 2 page
08:33:20     searching 3 page
08:33:21     searching 4 page
08:33:22     searching 5 page
08:33:23     end searcing
08:33:23     4
08:33:23     33 OK
08:33:23     
08:33:23     SUBMISSION 1335 starting
08:33:23     
08:33:23     123123
08:33:23     mission start
08:33:23     presearcing
08:33:23     there is about 1260000 page in result
08:33:23     presearcing end
08:33:23     start searching
08:33:23     searching 1 page
08:33:24     searching 2 page
08:33:25     searching 3 page
08:33:26     searching 4 page
08:33:27     searching 5 page
08:33:28     end searcing
08:33:28     4
08:33:28     1335 OK
08:33:28     
08:33:28     SUBMISSION 1342 starting
08:33:28     
08:33:28     there is a process running
08:33:28     1342 FAIED
08:33:28     
