17:36:01     There is 5  missions to process
17:36:01     INSERTED: 0
17:36:01     UPDATED: 0
17:36:01     REBUILD: 0
17:36:01     
17:36:01     MISSIONS  START
17:36:01     
17:36:01     SUBMISSION 12 starting
17:36:01     
17:36:01     test
17:36:01     mission start
17:36:01     presearcing
17:36:02     there is about 54500000 page in result
17:36:02     presearcing end
17:36:02     start searching
17:36:02     searching 1 page
17:36:03     searching 2 page
17:36:03     searching 3 page
17:36:05     searching 4 page
17:36:06     searching 5 page
17:36:07     end searcing
17:36:07     4
17:36:07     12 OK
17:36:07     
17:36:07     SUBMISSION 1333 starting
17:36:07     
17:36:07     123123
17:36:07     mission start
17:36:07     presearcing
17:36:08     there is about 1260000 page in result
17:36:08     presearcing end
17:36:08     start searching
17:36:08     searching 1 page
17:36:09     searching 2 page
17:36:10     searching 3 page
17:36:11     searching 4 page
17:36:13     searching 5 page
17:36:13     end searcing
17:36:13     4
17:36:13     1333 OK
17:36:13     
17:36:13     SUBMISSION 33 starting
17:36:13     
17:36:13     demo
17:36:13     mission start
17:36:13     presearcing
17:36:14     there is about 90700000 page in result
17:36:14     presearcing end
17:36:14     start searching
17:36:14     searching 1 page
17:36:15     searching 2 page
17:36:17     searching 3 page
17:36:18     searching 4 page
17:36:19     searching 5 page
17:36:21     end searcing
17:36:21     4
17:36:21     33 OK
17:36:21     
17:36:21     SUBMISSION 1335 starting
17:36:21     
17:36:21     123123
17:36:21     mission start
17:36:21     presearcing
17:36:23     there is about 1260000 page in result
17:36:23     presearcing end
17:36:23     start searching
17:36:23     searching 1 page
17:36:24     searching 2 page
17:36:25     searching 3 page
17:36:26     searching 4 page
17:36:27     searching 5 page
17:36:28     end searcing
17:36:28     4
17:36:28     1335 OK
17:36:28     
17:36:28     SUBMISSION 1342 starting
17:36:28     
17:36:28     demo
17:36:28     mission start
17:36:28     presearcing
17:36:29     there is about 90700000 page in result
17:36:29     presearcing end
17:36:29     start searching
17:36:29     searching 1 page
17:36:30     searching 2 page
17:36:31     searching 3 page
17:36:32     searching 4 page
17:36:33     searching 5 page
17:36:33     end searcing
17:36:33     4
17:36:33     1342 OK
17:36:33     
