09:42:01     There is 5  missions to process
09:42:01     INSERTED: 0
09:42:01     UPDATED: 0
09:42:01     REBUILD: 0
09:42:01     
09:42:01     MISSIONS  START
09:42:01     
09:42:01     SUBMISSION 12 starting
09:42:01     
09:42:01     test
09:42:01     mission start
09:42:01     presearcing
09:42:02     there is about 54500000 page in result
09:42:02     presearcing end
09:42:02     start searching
09:42:02     searching 1 page
09:42:03     searching 2 page
09:42:04     searching 3 page
09:42:05     searching 4 page
09:42:06     searching 5 page
09:42:07     end searcing
09:42:07     4
09:42:07     12 OK
09:42:07     
09:42:07     SUBMISSION 1333 starting
09:42:07     
09:42:07     123123
09:42:07     mission start
09:42:07     presearcing
09:42:08     there is about 1260000 page in result
09:42:08     presearcing end
09:42:08     start searching
09:42:08     searching 1 page
09:42:09     searching 2 page
09:42:10     searching 3 page
09:42:11     searching 4 page
09:42:12     searching 5 page
09:42:14     end searcing
09:42:14     4
09:42:14     1333 OK
09:42:14     
09:42:14     SUBMISSION 33 starting
09:42:14     
09:42:14     demo
09:42:14     mission start
09:42:14     presearcing
09:42:15     there is about 90700000 page in result
09:42:15     presearcing end
09:42:15     start searching
09:42:15     searching 1 page
09:42:15     searching 2 page
09:42:16     searching 3 page
09:42:17     searching 4 page
09:42:18     searching 5 page
09:42:20     end searcing
09:42:20     4
09:42:20     33 OK
09:42:20     
09:42:20     SUBMISSION 1335 starting
09:42:20     
09:42:20     123123
09:42:20     mission start
09:42:20     presearcing
09:42:21     there is about 1260000 page in result
09:42:21     presearcing end
09:42:21     start searching
09:42:21     searching 1 page
09:42:22     searching 2 page
09:42:23     searching 3 page
09:42:24     searching 4 page
09:42:25     searching 5 page
09:42:25     end searcing
09:42:25     4
09:42:25     1335 OK
09:42:25     
09:42:25     SUBMISSION 1342 starting
09:42:25     
09:42:25     there is a process running
09:42:25     1342 FAIED
09:42:25     
