09:37:01     There is 5  missions to process
09:37:01     INSERTED: 0
09:37:01     UPDATED: 0
09:37:01     REBUILD: 0
09:37:01     
09:37:01     MISSIONS  START
09:37:01     
09:37:01     SUBMISSION 12 starting
09:37:01     
09:37:01     test
09:37:01     mission start
09:37:01     presearcing
09:37:04     there is about 54500000 page in result
09:37:04     presearcing end
09:37:04     start searching
09:37:04     searching 1 page
09:37:05     searching 2 page
09:37:05     searching 3 page
09:37:06     searching 4 page
09:37:07     searching 5 page
09:37:08     end searcing
09:37:08     4
09:37:08     12 OK
09:37:08     
09:37:08     SUBMISSION 1333 starting
09:37:08     
09:37:08     123123
09:37:08     mission start
09:37:08     presearcing
09:37:09     there is about 1260000 page in result
09:37:09     presearcing end
09:37:09     start searching
09:37:09     searching 1 page
09:37:09     searching 2 page
09:37:10     searching 3 page
09:37:11     searching 4 page
09:37:12     searching 5 page
09:37:13     end searcing
09:37:13     4
09:37:13     1333 OK
09:37:13     
09:37:13     SUBMISSION 33 starting
09:37:13     
09:37:13     demo
09:37:13     mission start
09:37:13     presearcing
09:37:13     there is about 90700000 page in result
09:37:13     presearcing end
09:37:13     start searching
09:37:13     searching 1 page
09:37:14     searching 2 page
09:37:15     searching 3 page
09:37:16     searching 4 page
09:37:17     searching 5 page
09:37:18     end searcing
09:37:18     4
09:37:18     33 OK
09:37:18     
09:37:18     SUBMISSION 1335 starting
09:37:18     
09:37:18     123123
09:37:18     mission start
09:37:18     presearcing
09:37:19     there is about 1260000 page in result
09:37:19     presearcing end
09:37:19     start searching
09:37:19     searching 1 page
09:37:20     searching 2 page
09:37:21     searching 3 page
09:37:22     searching 4 page
09:37:23     searching 5 page
09:37:23     end searcing
09:37:23     4
09:37:23     1335 OK
09:37:23     
09:37:23     SUBMISSION 1342 starting
09:37:23     
09:37:23     there is a process running
09:37:23     1342 FAIED
09:37:23     
