08:55:01     There is 5  missions to process
08:55:01     INSERTED: 0
08:55:01     UPDATED: 0
08:55:01     REBUILD: 0
08:55:01     
08:55:01     MISSIONS  START
08:55:01     
08:55:01     SUBMISSION 12 starting
08:55:01     
08:55:01     test
08:55:01     mission start
08:55:01     presearcing
08:55:01     there is about 54500000 page in result
08:55:01     presearcing end
08:55:01     start searching
08:55:01     searching 1 page
08:55:02     searching 2 page
08:55:03     searching 3 page
08:55:04     searching 4 page
08:55:05     searching 5 page
08:55:06     end searcing
08:55:06     4
08:55:06     12 OK
08:55:06     
08:55:06     SUBMISSION 1333 starting
08:55:06     
08:55:06     123123
08:55:06     mission start
08:55:06     presearcing
08:55:07     there is about 1260000 page in result
08:55:07     presearcing end
08:55:07     start searching
08:55:07     searching 1 page
08:55:08     searching 2 page
08:55:09     searching 3 page
08:55:10     searching 4 page
08:55:11     searching 5 page
08:55:11     end searcing
08:55:11     4
08:55:11     1333 OK
08:55:11     
08:55:11     SUBMISSION 33 starting
08:55:11     
08:55:11     demo
08:55:11     mission start
08:55:11     presearcing
08:55:12     there is about 90700000 page in result
08:55:12     presearcing end
08:55:12     start searching
08:55:12     searching 1 page
08:55:13     searching 2 page
08:55:14     searching 3 page
08:55:15     searching 4 page
08:55:16     searching 5 page
08:55:17     end searcing
08:55:17     4
08:55:17     33 OK
08:55:17     
08:55:17     SUBMISSION 1335 starting
08:55:17     
08:55:17     123123
08:55:17     mission start
08:55:17     presearcing
08:55:17     there is about 1260000 page in result
08:55:17     presearcing end
08:55:17     start searching
08:55:17     searching 1 page
08:55:18     searching 2 page
08:55:19     searching 3 page
08:55:20     searching 4 page
08:55:21     searching 5 page
08:55:22     end searcing
08:55:22     4
08:55:22     1335 OK
08:55:22     
08:55:22     SUBMISSION 1342 starting
08:55:22     
08:55:22     there is a process running
08:55:22     1342 FAIED
08:55:22     
