18:29:01     There is 5  missions to process
18:29:01     INSERTED: 0
18:29:01     UPDATED: 0
18:29:01     REBUILD: 0
18:29:01     
18:29:01     MISSIONS  START
18:29:01     
18:29:01     SUBMISSION 12 starting
18:29:01     
18:29:01     test
18:29:01     mission start
18:29:01     presearcing
18:29:02     there is about 54500000 page in result
18:29:02     presearcing end
18:29:02     start searching
18:29:02     searching 1 page
18:29:06     searching 2 page
18:29:07     searching 3 page
18:29:08     searching 4 page
18:29:09     searching 5 page
18:29:10     end searcing
18:29:10     4
18:29:10     12 OK
18:29:10     
18:29:10     SUBMISSION 1333 starting
18:29:10     
18:29:10     123123
18:29:10     mission start
18:29:10     presearcing
18:29:11     there is about 1260000 page in result
18:29:11     presearcing end
18:29:11     start searching
18:29:11     searching 1 page
18:29:12     searching 2 page
18:29:13     searching 3 page
18:29:14     searching 4 page
18:29:15     searching 5 page
18:29:16     end searcing
18:29:16     4
18:29:16     1333 OK
18:29:16     
18:29:16     SUBMISSION 33 starting
18:29:16     
18:29:16     demo
18:29:16     mission start
18:29:16     presearcing
18:29:16     there is about 90700000 page in result
18:29:16     presearcing end
18:29:16     start searching
18:29:16     searching 1 page
18:29:17     searching 2 page
18:29:21     searching 3 page
18:29:22     searching 4 page
18:29:23     searching 5 page
18:29:24     end searcing
18:29:24     4
18:29:24     33 OK
18:29:24     
18:29:24     SUBMISSION 1335 starting
18:29:24     
18:29:24     123123
18:29:24     mission start
18:29:24     presearcing
18:29:25     there is about 1260000 page in result
18:29:25     presearcing end
18:29:25     start searching
18:29:25     searching 1 page
18:29:26     searching 2 page
18:29:27     searching 3 page
18:29:28     searching 4 page
18:29:30     searching 5 page
18:29:31     end searcing
18:29:31     4
18:29:31     1335 OK
18:29:31     
18:29:31     SUBMISSION 1342 starting
18:29:31     
18:29:31     demo
18:29:31     mission start
18:29:31     presearcing
18:29:32     there is about 90700000 page in result
18:29:32     presearcing end
18:29:32     start searching
18:29:32     searching 1 page
18:29:33     searching 2 page
18:29:34     searching 3 page
18:29:35     searching 4 page
18:29:36     searching 5 page
18:29:37     end searcing
18:29:37     4
18:29:37     1342 OK
18:29:37     
