17:20:01     There is 5  missions to process
17:20:01     INSERTED: 0
17:20:01     UPDATED: 0
17:20:01     REBUILD: 0
17:20:01     
17:20:01     MISSIONS  START
17:20:01     
17:20:01     SUBMISSION 12 starting
17:20:01     
17:20:01     test
17:20:01     mission start
17:20:01     presearcing
17:20:02     there is about 54500000 page in result
17:20:02     presearcing end
17:20:02     start searching
17:20:02     searching 1 page
17:20:03     searching 2 page
17:20:04     searching 3 page
17:20:05     searching 4 page
17:20:06     searching 5 page
17:20:07     end searcing
17:20:07     4
17:20:07     12 OK
17:20:07     
17:20:07     SUBMISSION 1333 starting
17:20:07     
17:20:07     123123
17:20:07     mission start
17:20:07     presearcing
17:20:08     there is about 1260000 page in result
17:20:08     presearcing end
17:20:08     start searching
17:20:08     searching 1 page
17:20:10     searching 2 page
17:20:11     searching 3 page
17:20:12     searching 4 page
17:20:13     searching 5 page
17:20:14     end searcing
17:20:14     4
17:20:14     1333 OK
17:20:14     
17:20:14     SUBMISSION 33 starting
17:20:14     
17:20:14     demo
17:20:14     mission start
17:20:14     presearcing
17:20:15     there is about 90700000 page in result
17:20:15     presearcing end
17:20:15     start searching
17:20:15     searching 1 page
17:20:15     searching 2 page
17:20:16     searching 3 page
17:20:17     searching 4 page
17:20:18     searching 5 page
17:20:19     end searcing
17:20:19     4
17:20:19     33 OK
17:20:19     
17:20:19     SUBMISSION 1335 starting
17:20:19     
17:20:19     xcvxcvxvc
17:20:19     mission start
17:20:19     presearcing
17:20:20     there is about 491 page in result
17:20:20     presearcing end
17:20:20     start searching
17:20:20     searching 1 page
17:20:21     searching 2 page
17:20:22     searching 3 page
17:20:23     searching 4 page
17:20:24     searching 5 page
17:20:27     end searcing
17:20:27     4
17:20:27     1335 OK
17:20:27     
17:20:27     SUBMISSION 1342 starting
17:20:27     
17:20:27     demo
17:20:27     mission start
17:20:27     presearcing
17:20:29     there is about 90700000 page in result
17:20:29     presearcing end
17:20:29     start searching
17:20:29     searching 1 page
17:20:38     searching 2 page
17:20:43     searching 3 page
17:20:52     searching 4 page
17:20:58     searching 5 page
17:21:03     end searcing
17:21:03     4
17:21:03     1342 OK
17:21:03     
