08:29:01     There is 5  missions to process
08:29:01     INSERTED: 0
08:29:01     UPDATED: 0
08:29:01     REBUILD: 0
08:29:01     
08:29:01     MISSIONS  START
08:29:01     
08:29:01     SUBMISSION 12 starting
08:29:01     
08:29:01     test
08:29:01     mission start
08:29:01     presearcing
08:29:03     there is about 54500000 page in result
08:29:03     presearcing end
08:29:03     start searching
08:29:03     searching 1 page
08:29:06     searching 2 page
08:29:06     searching 3 page
08:29:07     searching 4 page
08:29:08     searching 5 page
08:29:09     end searcing
08:29:09     4
08:29:09     12 OK
08:29:09     
08:29:09     SUBMISSION 1333 starting
08:29:09     
08:29:09     123123
08:29:09     mission start
08:29:09     presearcing
08:29:10     there is about 1260000 page in result
08:29:10     presearcing end
08:29:10     start searching
08:29:10     searching 1 page
08:29:11     searching 2 page
08:29:12     searching 3 page
08:29:13     searching 4 page
08:29:14     searching 5 page
08:29:15     end searcing
08:29:15     4
08:29:15     1333 OK
08:29:15     
08:29:15     SUBMISSION 33 starting
08:29:15     
08:29:15     demo
08:29:15     mission start
08:29:15     presearcing
08:29:16     there is about 90700000 page in result
08:29:16     presearcing end
08:29:16     start searching
08:29:16     searching 1 page
08:29:16     searching 2 page
08:29:17     searching 3 page
08:29:18     searching 4 page
08:29:19     searching 5 page
08:29:20     end searcing
08:29:20     4
08:29:20     33 OK
08:29:20     
08:29:20     SUBMISSION 1335 starting
08:29:20     
08:29:20     123123
08:29:20     mission start
08:29:20     presearcing
08:29:20     there is about 1260000 page in result
08:29:20     presearcing end
08:29:20     start searching
08:29:20     searching 1 page
08:29:22     searching 2 page
08:29:22     searching 3 page
08:29:23     searching 4 page
08:29:24     searching 5 page
08:29:25     end searcing
08:29:25     4
08:29:25     1335 OK
08:29:25     
08:29:25     SUBMISSION 1342 starting
08:29:25     
08:29:25     there is a process running
08:29:25     1342 FAIED
08:29:25     
