18:06:01     There is 5  missions to process
18:06:01     INSERTED: 0
18:06:01     UPDATED: 0
18:06:01     REBUILD: 0
18:06:01     
18:06:01     MISSIONS  START
18:06:01     
18:06:01     SUBMISSION 12 starting
18:06:01     
18:06:01     test
18:06:01     mission start
18:06:01     presearcing
18:06:02     there is about 54500000 page in result
18:06:02     presearcing end
18:06:02     start searching
18:06:02     searching 1 page
18:06:03     searching 2 page
18:06:04     searching 3 page
18:06:05     searching 4 page
18:06:06     searching 5 page
18:06:07     end searcing
18:06:07     4
18:06:07     12 OK
18:06:07     
18:06:07     SUBMISSION 1333 starting
18:06:07     
18:06:07     123123
18:06:07     mission start
18:06:07     presearcing
18:06:08     there is about 1260000 page in result
18:06:08     presearcing end
18:06:08     start searching
18:06:08     searching 1 page
18:06:09     searching 2 page
18:06:10     searching 3 page
18:06:11     searching 4 page
18:06:12     searching 5 page
18:06:13     end searcing
18:06:13     4
18:06:13     1333 OK
18:06:13     
18:06:13     SUBMISSION 33 starting
18:06:13     
18:06:13     demo
18:06:13     mission start
18:06:13     presearcing
18:06:14     there is about 90700000 page in result
18:06:14     presearcing end
18:06:14     start searching
18:06:14     searching 1 page
18:06:15     searching 2 page
18:06:15     searching 3 page
18:06:16     searching 4 page
18:06:17     searching 5 page
18:06:18     end searcing
18:06:18     4
18:06:18     33 OK
18:06:18     
18:06:18     SUBMISSION 1335 starting
18:06:18     
18:06:18     123123
18:06:18     mission start
18:06:18     presearcing
18:06:19     there is about 1260000 page in result
18:06:19     presearcing end
18:06:19     start searching
18:06:19     searching 1 page
18:06:20     searching 2 page
18:06:20     searching 3 page
18:06:21     searching 4 page
18:06:22     searching 5 page
18:06:23     end searcing
18:06:23     4
18:06:23     1335 OK
18:06:23     
18:06:23     SUBMISSION 1342 starting
18:06:23     
18:06:23     demo
18:06:23     mission start
18:06:23     presearcing
18:06:24     there is about 90700000 page in result
18:06:24     presearcing end
18:06:24     start searching
18:06:24     searching 1 page
18:06:25     searching 2 page
18:06:26     searching 3 page
18:06:27     searching 4 page
18:06:28     searching 5 page
18:06:29     end searcing
18:06:29     4
18:06:29     1342 OK
18:06:29     
