10:01:01     There is 5  missions to process
10:01:01     INSERTED: 0
10:01:01     UPDATED: 0
10:01:01     REBUILD: 0
10:01:01     
10:01:01     MISSIONS  START
10:01:01     
10:01:01     SUBMISSION 12 starting
10:01:01     
10:01:01     test
10:01:01     mission start
10:01:01     presearcing
10:01:03     there is about 54500000 page in result
10:01:03     presearcing end
10:01:03     start searching
10:01:03     searching 1 page
10:01:04     searching 2 page
10:01:09     searching 3 page
10:01:10     searching 4 page
10:01:11     searching 5 page
10:01:12     end searcing
10:01:12     4
10:01:12     12 OK
10:01:12     
10:01:12     SUBMISSION 1333 starting
10:01:12     
10:01:12     123123
10:01:12     mission start
10:01:12     presearcing
10:01:13     there is about 1260000 page in result
10:01:13     presearcing end
10:01:13     start searching
10:01:13     searching 1 page
10:01:14     searching 2 page
10:01:14     searching 3 page
10:01:16     searching 4 page
10:01:17     searching 5 page
10:01:18     end searcing
10:01:18     4
10:01:18     1333 OK
10:01:18     
10:01:18     SUBMISSION 33 starting
10:01:18     
10:01:18     demo
10:01:18     mission start
10:01:18     presearcing
10:01:19     there is about 90700000 page in result
10:01:19     presearcing end
10:01:19     start searching
10:01:19     searching 1 page
10:01:21     searching 2 page
10:01:22     searching 3 page
10:01:23     searching 4 page
10:01:25     searching 5 page
10:01:26     end searcing
10:01:26     4
10:01:26     33 OK
10:01:26     
10:01:26     SUBMISSION 1335 starting
10:01:26     
10:01:26     123123
10:01:26     mission start
10:01:26     presearcing
10:01:27     there is about 1260000 page in result
10:01:27     presearcing end
10:01:27     start searching
10:01:27     searching 1 page
10:01:28     searching 2 page
10:01:29     searching 3 page
10:01:29     searching 4 page
10:01:31     searching 5 page
10:01:31     end searcing
10:01:31     4
10:01:31     1335 OK
10:01:31     
10:01:31     SUBMISSION 1342 starting
10:01:31     
10:01:31     there is a process running
10:01:31     1342 FAIED
10:01:31     
