08:37:01     There is 5  missions to process
08:37:01     INSERTED: 0
08:37:01     UPDATED: 0
08:37:01     REBUILD: 0
08:37:01     
08:37:01     MISSIONS  START
08:37:01     
08:37:01     SUBMISSION 12 starting
08:37:01     
08:37:01     test
08:37:01     mission start
08:37:01     presearcing
08:37:02     there is about 54500000 page in result
08:37:02     presearcing end
08:37:02     start searching
08:37:02     searching 1 page
08:37:03     searching 2 page
08:37:04     searching 3 page
08:37:05     searching 4 page
08:37:06     searching 5 page
08:37:06     end searcing
08:37:06     4
08:37:06     12 OK
08:37:06     
08:37:06     SUBMISSION 1333 starting
08:37:06     
08:37:06     123123
08:37:06     mission start
08:37:06     presearcing
08:37:07     there is about 1260000 page in result
08:37:07     presearcing end
08:37:07     start searching
08:37:07     searching 1 page
08:37:10     searching 2 page
08:37:13     searching 3 page
08:37:16     searching 4 page
08:37:18     searching 5 page
08:37:19     end searcing
08:37:19     4
08:37:19     1333 OK
08:37:19     
08:37:19     SUBMISSION 33 starting
08:37:19     
08:37:19     demo
08:37:19     mission start
08:37:19     presearcing
08:37:20     there is about 90700000 page in result
08:37:20     presearcing end
08:37:20     start searching
08:37:20     searching 1 page
08:37:20     searching 2 page
08:37:21     searching 3 page
08:37:22     searching 4 page
08:37:23     searching 5 page
08:37:24     end searcing
08:37:24     4
08:37:24     33 OK
08:37:24     
08:37:24     SUBMISSION 1335 starting
08:37:24     
08:37:24     123123
08:37:24     mission start
08:37:24     presearcing
08:37:24     there is about 1260000 page in result
08:37:24     presearcing end
08:37:24     start searching
08:37:24     searching 1 page
08:37:25     searching 2 page
08:37:26     searching 3 page
08:37:27     searching 4 page
08:37:28     searching 5 page
08:37:28     end searcing
08:37:28     4
08:37:28     1335 OK
08:37:28     
08:37:28     SUBMISSION 1342 starting
08:37:28     
08:37:28     there is a process running
08:37:28     1342 FAIED
08:37:28     
