18:05:01     There is 5  missions to process
18:05:01     INSERTED: 0
18:05:01     UPDATED: 0
18:05:01     REBUILD: 0
18:05:01     
18:05:01     MISSIONS  START
18:05:01     
18:05:01     SUBMISSION 12 starting
18:05:01     
18:05:01     test
18:05:01     mission start
18:05:01     presearcing
18:05:02     there is about 54500000 page in result
18:05:02     presearcing end
18:05:02     start searching
18:05:02     searching 1 page
18:05:03     searching 2 page
18:05:04     searching 3 page
18:05:05     searching 4 page
18:05:06     searching 5 page
18:05:06     end searcing
18:05:06     4
18:05:06     12 OK
18:05:06     
18:05:06     SUBMISSION 1333 starting
18:05:06     
18:05:06     123123
18:05:06     mission start
18:05:06     presearcing
18:05:08     there is about 1260000 page in result
18:05:08     presearcing end
18:05:08     start searching
18:05:08     searching 1 page
18:05:09     searching 2 page
18:05:10     searching 3 page
18:05:10     searching 4 page
18:05:11     searching 5 page
18:05:12     end searcing
18:05:12     4
18:05:12     1333 OK
18:05:12     
18:05:12     SUBMISSION 33 starting
18:05:12     
18:05:12     demo
18:05:12     mission start
18:05:12     presearcing
18:05:13     there is about 90700000 page in result
18:05:13     presearcing end
18:05:13     start searching
18:05:13     searching 1 page
18:05:14     searching 2 page
18:05:15     searching 3 page
18:05:15     searching 4 page
18:05:16     searching 5 page
18:05:17     end searcing
18:05:17     4
18:05:17     33 OK
18:05:17     
18:05:17     SUBMISSION 1335 starting
18:05:17     
18:05:17     123123
18:05:17     mission start
18:05:17     presearcing
18:05:18     there is about 1260000 page in result
18:05:18     presearcing end
18:05:18     start searching
18:05:18     searching 1 page
18:05:19     searching 2 page
18:05:20     searching 3 page
18:05:21     searching 4 page
18:05:22     searching 5 page
18:05:22     end searcing
18:05:22     4
18:05:22     1335 OK
18:05:22     
18:05:22     SUBMISSION 1342 starting
18:05:22     
18:05:22     demo
18:05:22     mission start
18:05:22     presearcing
18:05:23     there is about 90700000 page in result
18:05:23     presearcing end
18:05:23     start searching
18:05:23     searching 1 page
18:05:27     searching 2 page
18:05:28     searching 3 page
18:05:29     searching 4 page
18:05:30     searching 5 page
18:05:31     end searcing
18:05:31     4
18:05:31     1342 OK
18:05:31     
