09:30:01     There is 5  missions to process
09:30:01     INSERTED: 0
09:30:01     UPDATED: 0
09:30:01     REBUILD: 0
09:30:01     
09:30:01     MISSIONS  START
09:30:01     
09:30:01     SUBMISSION 12 starting
09:30:01     
09:30:01     test
09:30:01     mission start
09:30:01     presearcing
09:30:02     there is about 54500000 page in result
09:30:02     presearcing end
09:30:02     start searching
09:30:02     searching 1 page
09:30:03     searching 2 page
09:30:04     searching 3 page
09:30:06     searching 4 page
09:30:07     searching 5 page
09:30:08     end searcing
09:30:08     4
09:30:08     12 OK
09:30:08     
09:30:08     SUBMISSION 1333 starting
09:30:08     
09:30:08     123123
09:30:08     mission start
09:30:08     presearcing
09:30:08     there is about 1260000 page in result
09:30:08     presearcing end
09:30:08     start searching
09:30:08     searching 1 page
09:30:09     searching 2 page
09:30:10     searching 3 page
09:30:11     searching 4 page
09:30:12     searching 5 page
09:30:13     end searcing
09:30:13     4
09:30:13     1333 OK
09:30:13     
09:30:13     SUBMISSION 33 starting
09:30:13     
09:30:13     demo
09:30:13     mission start
09:30:13     presearcing
09:30:14     there is about 90700000 page in result
09:30:14     presearcing end
09:30:14     start searching
09:30:14     searching 1 page
09:30:15     searching 2 page
09:30:16     searching 3 page
09:30:17     searching 4 page
09:30:19     searching 5 page
09:30:20     end searcing
09:30:20     4
09:30:20     33 OK
09:30:20     
09:30:20     SUBMISSION 1335 starting
09:30:20     
09:30:20     123123
09:30:20     mission start
09:30:20     presearcing
09:30:21     there is about 1260000 page in result
09:30:21     presearcing end
09:30:21     start searching
09:30:21     searching 1 page
09:30:22     searching 2 page
09:30:23     searching 3 page
09:30:24     searching 4 page
09:30:25     searching 5 page
09:30:26     end searcing
09:30:26     4
09:30:26     1335 OK
09:30:26     
09:30:26     SUBMISSION 1342 starting
09:30:26     
09:30:26     there is a process running
09:30:26     1342 FAIED
09:30:26     
