17:55:01     There is 5  missions to process
17:55:01     INSERTED: 0
17:55:01     UPDATED: 0
17:55:01     REBUILD: 0
17:55:01     
17:55:01     MISSIONS  START
17:55:01     
17:55:01     SUBMISSION 12 starting
17:55:01     
17:55:02     test
17:55:02     mission start
17:55:02     presearcing
17:55:02     there is about 54500000 page in result
17:55:02     presearcing end
17:55:02     start searching
17:55:02     searching 1 page
17:55:05     searching 2 page
17:55:06     searching 3 page
17:55:07     searching 4 page
17:55:08     searching 5 page
17:55:23     end searcing
17:55:23     4
17:55:23     12 OK
17:55:23     
17:55:23     SUBMISSION 1333 starting
17:55:23     
17:55:23     123123
17:55:23     mission start
17:55:23     presearcing
17:55:30     there is about 1260000 page in result
17:55:30     presearcing end
17:55:30     start searching
17:55:30     searching 1 page
17:55:31     searching 2 page
17:55:32     searching 3 page
17:55:34     searching 4 page
17:55:34     searching 5 page
17:55:35     end searcing
17:55:35     4
17:55:35     1333 OK
17:55:35     
17:55:35     SUBMISSION 33 starting
17:55:35     
17:55:35     demo
17:55:35     mission start
17:55:35     presearcing
17:55:36     there is about 90700000 page in result
17:55:36     presearcing end
17:55:36     start searching
17:55:36     searching 1 page
17:55:37     searching 2 page
17:55:38     searching 3 page
17:55:39     searching 4 page
17:55:40     searching 5 page
17:55:44     end searcing
17:55:44     4
17:55:44     33 OK
17:55:44     
17:55:44     SUBMISSION 1335 starting
17:55:44     
17:55:44     123123
17:55:44     mission start
17:55:44     presearcing
17:55:45     there is about 1260000 page in result
17:55:45     presearcing end
17:55:45     start searching
17:55:45     searching 1 page
17:55:46     searching 2 page
17:55:47     searching 3 page
17:55:51     searching 4 page
17:55:52     searching 5 page
17:55:53     end searcing
17:55:53     4
17:55:53     1335 OK
17:55:53     
17:55:53     SUBMISSION 1342 starting
17:55:53     
17:55:53     demo
17:55:53     mission start
17:55:53     presearcing
17:55:55     there is about 90700000 page in result
17:55:55     presearcing end
17:55:55     start searching
17:55:55     searching 1 page
17:55:56     searching 2 page
17:55:57     searching 3 page
17:55:58     searching 4 page
17:55:59     searching 5 page
17:56:00     end searcing
17:56:00     4
17:56:00     1342 OK
17:56:00     
