16:50:01     There is 5  missions to process
16:50:01     INSERTED: 0
16:50:01     UPDATED: 0
16:50:01     REBUILD: 0
16:50:01     
16:50:01     MISSIONS  START
16:50:01     
16:50:01     SUBMISSION 12 starting
16:50:01     
16:50:01     test
16:50:01     mission start
16:50:01     presearcing
16:50:02     there is about 313000000 page in result
16:50:02     presearcing end
16:50:02     start searching
16:50:02     searching 1 page
16:50:03     searching 2 page
16:50:04     searching 3 page
16:50:05     searching 4 page
16:50:06     searching 5 page
16:50:07     end searcing
16:50:07     4
16:50:07     12 OK
16:50:07     
16:50:07     SUBMISSION 1333 starting
16:50:07     
16:50:07     123123
16:50:07     mission start
16:50:07     presearcing
16:50:08     there is about 1260000 page in result
16:50:08     presearcing end
16:50:08     start searching
16:50:08     searching 1 page
16:50:09     searching 2 page
16:50:10     searching 3 page
16:50:11     searching 4 page
16:50:12     searching 5 page
16:50:13     end searcing
16:50:13     4
16:50:13     1333 OK
16:50:13     
16:50:13     SUBMISSION 33 starting
16:50:13     
16:50:13     demo
16:50:13     mission start
16:50:13     presearcing
16:50:13     there is about 90800000 page in result
16:50:13     presearcing end
16:50:13     start searching
16:50:13     searching 1 page
16:50:14     searching 2 page
16:50:15     searching 3 page
16:50:16     searching 4 page
16:50:17     searching 5 page
16:50:18     end searcing
16:50:18     4
16:50:18     33 OK
16:50:18     
16:50:18     SUBMISSION 1335 starting
16:50:18     
16:50:18     xcvxcvxvc
16:50:18     mission start
16:50:18     presearcing
16:50:19     there is about 491 page in result
16:50:19     presearcing end
16:50:19     start searching
16:50:19     searching 1 page
16:50:20     searching 2 page
16:50:21     searching 3 page
16:50:22     searching 4 page
16:50:23     searching 5 page
16:50:24     end searcing
16:50:24     4
16:50:24     1335 OK
16:50:24     
16:50:24     SUBMISSION 1342 starting
16:50:24     
16:50:24     demo
16:50:24     mission start
16:50:24     presearcing
16:50:25     there is about 90800000 page in result
16:50:25     presearcing end
16:50:25     start searching
16:50:25     searching 1 page
16:50:26     searching 2 page
16:50:27     searching 3 page
16:50:28     searching 4 page
16:50:29     searching 5 page
16:50:30     end searcing
16:50:30     4
16:50:30     1342 OK
16:50:30     
