17:06:01     There is 5  missions to process
17:06:01     INSERTED: 0
17:06:01     UPDATED: 0
17:06:01     REBUILD: 0
17:06:01     
17:06:01     MISSIONS  START
17:06:01     
17:06:01     SUBMISSION 12 starting
17:06:01     
17:06:01     test
17:06:01     mission start
17:06:01     presearcing
17:06:02     there is about 313000000 page in result
17:06:02     presearcing end
17:06:02     start searching
17:06:02     searching 1 page
17:06:03     searching 2 page
17:06:04     searching 3 page
17:06:05     searching 4 page
17:06:06     searching 5 page
17:06:07     end searcing
17:06:07     4
17:06:07     12 OK
17:06:07     
17:06:07     SUBMISSION 1333 starting
17:06:07     
17:06:07     123123
17:06:07     mission start
17:06:07     presearcing
17:06:08     there is about 1260000 page in result
17:06:08     presearcing end
17:06:08     start searching
17:06:08     searching 1 page
17:06:09     searching 2 page
17:06:09     searching 3 page
17:06:10     searching 4 page
17:06:11     searching 5 page
17:06:12     end searcing
17:06:12     4
17:06:12     1333 OK
17:06:12     
17:06:12     SUBMISSION 33 starting
17:06:12     
17:06:12     demo
17:06:12     mission start
17:06:12     presearcing
17:06:13     there is about 90800000 page in result
17:06:13     presearcing end
17:06:13     start searching
17:06:13     searching 1 page
17:06:14     searching 2 page
17:06:15     searching 3 page
17:06:16     searching 4 page
17:06:17     searching 5 page
17:06:17     end searcing
17:06:17     4
17:06:17     33 OK
17:06:17     
17:06:17     SUBMISSION 1335 starting
17:06:17     
17:06:17     xcvxcvxvc
17:06:17     mission start
17:06:17     presearcing
17:06:18     there is about 491 page in result
17:06:18     presearcing end
17:06:18     start searching
17:06:18     searching 1 page
17:06:19     searching 2 page
17:06:20     searching 3 page
17:06:21     searching 4 page
17:06:22     searching 5 page
17:06:23     end searcing
17:06:23     4
17:06:23     1335 OK
17:06:23     
17:06:23     SUBMISSION 1342 starting
17:06:23     
17:06:23     demo
17:06:23     mission start
17:06:23     presearcing
17:06:24     there is about 90800000 page in result
17:06:24     presearcing end
17:06:24     start searching
17:06:24     searching 1 page
17:06:25     searching 2 page
17:06:26     searching 3 page
17:06:26     searching 4 page
17:06:27     searching 5 page
17:06:28     end searcing
17:06:28     4
17:06:28     1342 OK
17:06:28     
