09:34:01     There is 5  missions to process
09:34:01     INSERTED: 0
09:34:01     UPDATED: 0
09:34:01     REBUILD: 0
09:34:01     
09:34:01     MISSIONS  START
09:34:01     
09:34:01     SUBMISSION 12 starting
09:34:01     
09:34:01     test
09:34:01     mission start
09:34:01     presearcing
09:34:02     there is about 54500000 page in result
09:34:02     presearcing end
09:34:02     start searching
09:34:02     searching 1 page
09:34:03     searching 2 page
09:34:04     searching 3 page
09:34:05     searching 4 page
09:34:06     searching 5 page
09:34:07     end searcing
09:34:07     4
09:34:07     12 OK
09:34:07     
09:34:07     SUBMISSION 1333 starting
09:34:07     
09:34:07     123123
09:34:07     mission start
09:34:07     presearcing
09:34:08     there is about 1260000 page in result
09:34:08     presearcing end
09:34:08     start searching
09:34:08     searching 1 page
09:34:09     searching 2 page
09:34:09     searching 3 page
09:34:10     searching 4 page
09:34:11     searching 5 page
09:34:12     end searcing
09:34:12     4
09:34:12     1333 OK
09:34:12     
09:34:12     SUBMISSION 33 starting
09:34:12     
09:34:12     demo
09:34:12     mission start
09:34:12     presearcing
09:34:13     there is about 90700000 page in result
09:34:13     presearcing end
09:34:13     start searching
09:34:13     searching 1 page
09:34:14     searching 2 page
09:34:15     searching 3 page
09:34:16     searching 4 page
09:34:16     searching 5 page
09:34:17     end searcing
09:34:17     4
09:34:17     33 OK
09:34:17     
09:34:17     SUBMISSION 1335 starting
09:34:17     
09:34:17     123123
09:34:17     mission start
09:34:17     presearcing
09:34:18     there is about 1260000 page in result
09:34:18     presearcing end
09:34:18     start searching
09:34:18     searching 1 page
09:34:19     searching 2 page
09:34:20     searching 3 page
09:34:20     searching 4 page
09:34:21     searching 5 page
09:34:22     end searcing
09:34:22     4
09:34:22     1335 OK
09:34:22     
09:34:22     SUBMISSION 1342 starting
09:34:22     
09:34:22     there is a process running
09:34:22     1342 FAIED
09:34:22     
