08:28:01     There is 5  missions to process
08:28:01     INSERTED: 0
08:28:01     UPDATED: 0
08:28:01     REBUILD: 0
08:28:01     
08:28:01     MISSIONS  START
08:28:01     
08:28:01     SUBMISSION 12 starting
08:28:01     
08:28:01     test
08:28:01     mission start
08:28:01     presearcing
08:28:02     there is about 54500000 page in result
08:28:02     presearcing end
08:28:02     start searching
08:28:02     searching 1 page
08:28:03     searching 2 page
08:28:03     searching 3 page
08:28:04     searching 4 page
08:28:05     searching 5 page
08:28:06     end searcing
08:28:06     4
08:28:06     12 OK
08:28:06     
08:28:06     SUBMISSION 1333 starting
08:28:06     
08:28:06     123123
08:28:06     mission start
08:28:06     presearcing
08:28:07     there is about 1260000 page in result
08:28:07     presearcing end
08:28:07     start searching
08:28:07     searching 1 page
08:28:08     searching 2 page
08:28:08     searching 3 page
08:28:09     searching 4 page
08:28:10     searching 5 page
08:28:11     end searcing
08:28:11     4
08:28:11     1333 OK
08:28:11     
08:28:11     SUBMISSION 33 starting
08:28:11     
08:28:11     demo
08:28:11     mission start
08:28:11     presearcing
08:28:12     there is about 90700000 page in result
08:28:12     presearcing end
08:28:12     start searching
08:28:12     searching 1 page
08:28:13     searching 2 page
08:28:13     searching 3 page
08:28:14     searching 4 page
08:28:15     searching 5 page
08:28:16     end searcing
08:28:16     4
08:28:16     33 OK
08:28:16     
08:28:16     SUBMISSION 1335 starting
08:28:16     
08:28:16     123123
08:28:16     mission start
08:28:16     presearcing
08:28:17     there is about 1260000 page in result
08:28:17     presearcing end
08:28:17     start searching
08:28:17     searching 1 page
08:28:17     searching 2 page
08:28:18     searching 3 page
08:28:19     searching 4 page
08:28:20     searching 5 page
08:28:21     end searcing
08:28:21     4
08:28:21     1335 OK
08:28:21     
08:28:21     SUBMISSION 1342 starting
08:28:21     
08:28:21     there is a process running
08:28:21     1342 FAIED
08:28:21     
