17:02:01     There is 5  missions to process
17:02:01     INSERTED: 0
17:02:01     UPDATED: 0
17:02:01     REBUILD: 0
17:02:01     
17:02:01     MISSIONS  START
17:02:01     
17:02:01     SUBMISSION 12 starting
17:02:01     
17:02:01     test
17:02:01     mission start
17:02:01     presearcing
17:02:02     there is about 313000000 page in result
17:02:02     presearcing end
17:02:02     start searching
17:02:02     searching 1 page
17:02:04     searching 2 page
17:02:06     searching 3 page
17:02:08     searching 4 page
17:02:08     searching 5 page
17:02:09     end searcing
17:02:09     4
17:02:09     12 OK
17:02:09     
17:02:09     SUBMISSION 1333 starting
17:02:09     
17:02:09     123123
17:02:09     mission start
17:02:09     presearcing
17:02:10     there is about 1260000 page in result
17:02:10     presearcing end
17:02:10     start searching
17:02:10     searching 1 page
17:02:11     searching 2 page
17:02:12     searching 3 page
17:02:13     searching 4 page
17:02:14     searching 5 page
17:02:15     end searcing
17:02:15     4
17:02:15     1333 OK
17:02:15     
17:02:15     SUBMISSION 33 starting
17:02:15     
17:02:15     demo
17:02:15     mission start
17:02:15     presearcing
17:02:16     there is about 90800000 page in result
17:02:16     presearcing end
17:02:16     start searching
17:02:16     searching 1 page
17:02:21     searching 2 page
17:02:26     searching 3 page
17:02:27     searching 4 page
17:02:28     searching 5 page
17:02:29     end searcing
17:02:29     4
17:02:29     33 OK
17:02:29     
17:02:29     SUBMISSION 1335 starting
17:02:29     
17:02:29     xcvxcvxvc
17:02:29     mission start
17:02:29     presearcing
17:02:30     there is about 491 page in result
17:02:30     presearcing end
17:02:30     start searching
17:02:30     searching 1 page
17:02:31     searching 2 page
17:02:32     searching 3 page
17:02:33     searching 4 page
17:02:34     searching 5 page
17:02:35     end searcing
17:02:35     4
17:02:35     1335 OK
17:02:35     
17:02:35     SUBMISSION 1342 starting
17:02:35     
17:02:35     demo
17:02:35     mission start
17:02:35     presearcing
17:02:36     there is about 90800000 page in result
17:02:36     presearcing end
17:02:36     start searching
17:02:36     searching 1 page
17:02:37     searching 2 page
17:02:37     searching 3 page
17:02:38     searching 4 page
17:02:39     searching 5 page
17:02:40     end searcing
17:02:40     4
17:02:40     1342 OK
17:02:40     
