18:21:01     There is 5  missions to process
18:21:01     INSERTED: 0
18:21:01     UPDATED: 0
18:21:01     REBUILD: 0
18:21:01     
18:21:01     MISSIONS  START
18:21:01     
18:21:01     SUBMISSION 12 starting
18:21:01     
18:21:01     test
18:21:01     mission start
18:21:01     presearcing
18:21:02     there is about 54500000 page in result
18:21:02     presearcing end
18:21:02     start searching
18:21:02     searching 1 page
18:21:03     searching 2 page
18:21:04     searching 3 page
18:21:05     searching 4 page
18:21:06     searching 5 page
18:21:07     end searcing
18:21:07     4
18:21:07     12 OK
18:21:07     
18:21:07     SUBMISSION 1333 starting
18:21:07     
18:21:07     123123
18:21:07     mission start
18:21:07     presearcing
18:21:08     there is about 1260000 page in result
18:21:08     presearcing end
18:21:08     start searching
18:21:08     searching 1 page
18:21:08     searching 2 page
18:21:09     searching 3 page
18:21:10     searching 4 page
18:21:11     searching 5 page
18:21:13     end searcing
18:21:13     4
18:21:13     1333 OK
18:21:13     
18:21:13     SUBMISSION 33 starting
18:21:13     
18:21:13     demo
18:21:13     mission start
18:21:13     presearcing
18:21:14     there is about 90700000 page in result
18:21:14     presearcing end
18:21:14     start searching
18:21:14     searching 1 page
18:21:16     searching 2 page
18:21:17     searching 3 page
18:21:18     searching 4 page
18:21:19     searching 5 page
18:21:20     end searcing
18:21:20     4
18:21:20     33 OK
18:21:20     
18:21:20     SUBMISSION 1335 starting
18:21:20     
18:21:20     123123
18:21:20     mission start
18:21:20     presearcing
18:21:20     there is about 1260000 page in result
18:21:20     presearcing end
18:21:20     start searching
18:21:20     searching 1 page
18:21:22     searching 2 page
18:21:23     searching 3 page
18:21:24     searching 4 page
18:21:25     searching 5 page
18:21:26     end searcing
18:21:26     4
18:21:26     1335 OK
18:21:26     
18:21:26     SUBMISSION 1342 starting
18:21:26     
18:21:26     demo
18:21:26     mission start
18:21:26     presearcing
18:21:27     there is about 90700000 page in result
18:21:27     presearcing end
18:21:27     start searching
18:21:27     searching 1 page
18:21:28     searching 2 page
18:21:29     searching 3 page
18:21:29     searching 4 page
18:21:31     searching 5 page
18:21:35     end searcing
18:21:35     4
18:21:35     1342 OK
18:21:35     
