08:52:01     There is 5  missions to process
08:52:01     INSERTED: 0
08:52:01     UPDATED: 0
08:52:01     REBUILD: 0
08:52:01     
08:52:01     MISSIONS  START
08:52:01     
08:52:01     SUBMISSION 12 starting
08:52:01     
08:52:01     test
08:52:01     mission start
08:52:01     presearcing
08:52:02     there is about 54500000 page in result
08:52:02     presearcing end
08:52:02     start searching
08:52:02     searching 1 page
08:52:03     searching 2 page
08:52:04     searching 3 page
08:52:04     searching 4 page
08:52:05     searching 5 page
08:52:06     end searcing
08:52:06     4
08:52:06     12 OK
08:52:06     
08:52:06     SUBMISSION 1333 starting
08:52:06     
08:52:06     123123
08:52:06     mission start
08:52:06     presearcing
08:52:07     there is about 1260000 page in result
08:52:07     presearcing end
08:52:07     start searching
08:52:07     searching 1 page
08:52:08     searching 2 page
08:52:08     searching 3 page
08:52:09     searching 4 page
08:52:10     searching 5 page
08:52:11     end searcing
08:52:11     4
08:52:11     1333 OK
08:52:11     
08:52:11     SUBMISSION 33 starting
08:52:11     
08:52:11     demo
08:52:11     mission start
08:52:11     presearcing
08:52:12     there is about 90700000 page in result
08:52:12     presearcing end
08:52:12     start searching
08:52:12     searching 1 page
08:52:13     searching 2 page
08:52:13     searching 3 page
08:52:14     searching 4 page
08:52:15     searching 5 page
08:52:16     end searcing
08:52:16     4
08:52:16     33 OK
08:52:16     
08:52:16     SUBMISSION 1335 starting
08:52:16     
08:52:16     123123
08:52:16     mission start
08:52:16     presearcing
08:52:17     there is about 1260000 page in result
08:52:17     presearcing end
08:52:17     start searching
08:52:17     searching 1 page
08:52:17     searching 2 page
08:52:18     searching 3 page
08:52:19     searching 4 page
08:52:20     searching 5 page
08:52:20     end searcing
08:52:20     4
08:52:20     1335 OK
08:52:20     
08:52:20     SUBMISSION 1342 starting
08:52:20     
08:52:20     there is a process running
08:52:20     1342 FAIED
08:52:20     
