18:19:01     There is 5  missions to process
18:19:01     INSERTED: 0
18:19:01     UPDATED: 0
18:19:01     REBUILD: 0
18:19:01     
18:19:01     MISSIONS  START
18:19:01     
18:19:01     SUBMISSION 12 starting
18:19:01     
18:19:01     test
18:19:01     mission start
18:19:01     presearcing
18:19:02     there is about 54500000 page in result
18:19:02     presearcing end
18:19:02     start searching
18:19:02     searching 1 page
18:19:03     searching 2 page
18:19:04     searching 3 page
18:19:05     searching 4 page
18:19:06     searching 5 page
18:19:07     end searcing
18:19:07     4
18:19:07     12 OK
18:19:07     
18:19:07     SUBMISSION 1333 starting
18:19:07     
18:19:07     123123
18:19:07     mission start
18:19:07     presearcing
18:19:07     there is about 1260000 page in result
18:19:07     presearcing end
18:19:07     start searching
18:19:07     searching 1 page
18:19:08     searching 2 page
18:19:09     searching 3 page
18:19:10     searching 4 page
18:19:11     searching 5 page
18:19:12     end searcing
18:19:12     4
18:19:12     1333 OK
18:19:12     
18:19:12     SUBMISSION 33 starting
18:19:12     
18:19:12     demo
18:19:12     mission start
18:19:12     presearcing
18:19:13     there is about 90700000 page in result
18:19:13     presearcing end
18:19:13     start searching
18:19:13     searching 1 page
18:19:14     searching 2 page
18:19:15     searching 3 page
18:19:16     searching 4 page
18:19:17     searching 5 page
18:19:18     end searcing
18:19:18     4
18:19:18     33 OK
18:19:18     
18:19:18     SUBMISSION 1335 starting
18:19:18     
18:19:18     123123
18:19:18     mission start
18:19:18     presearcing
18:19:19     there is about 1260000 page in result
18:19:19     presearcing end
18:19:19     start searching
18:19:19     searching 1 page
18:19:20     searching 2 page
18:19:20     searching 3 page
18:19:21     searching 4 page
18:19:22     searching 5 page
18:19:23     end searcing
18:19:23     4
18:19:23     1335 OK
18:19:23     
18:19:23     SUBMISSION 1342 starting
18:19:23     
18:19:23     demo
18:19:23     mission start
18:19:23     presearcing
18:19:25     there is about 90700000 page in result
18:19:25     presearcing end
18:19:25     start searching
18:19:25     searching 1 page
18:19:26     searching 2 page
18:19:27     searching 3 page
18:19:28     searching 4 page
18:19:28     searching 5 page
18:19:29     end searcing
18:19:29     4
18:19:29     1342 OK
18:19:29     
