09:13:01     There is 5  missions to process
09:13:01     INSERTED: 0
09:13:01     UPDATED: 0
09:13:01     REBUILD: 0
09:13:01     
09:13:01     MISSIONS  START
09:13:01     
09:13:01     SUBMISSION 12 starting
09:13:01     
09:13:01     test
09:13:01     mission start
09:13:01     presearcing
09:13:03     there is about 54500000 page in result
09:13:03     presearcing end
09:13:03     start searching
09:13:03     searching 1 page
09:13:05     searching 2 page
09:13:06     searching 3 page
09:13:08     searching 4 page
09:13:09     searching 5 page
09:13:10     end searcing
09:13:10     4
09:13:10     12 OK
09:13:10     
09:13:10     SUBMISSION 1333 starting
09:13:10     
09:13:10     123123
09:13:10     mission start
09:13:10     presearcing
09:13:11     there is about 1260000 page in result
09:13:11     presearcing end
09:13:11     start searching
09:13:11     searching 1 page
09:13:13     searching 2 page
09:13:15     searching 3 page
09:13:17     searching 4 page
09:13:18     searching 5 page
09:13:20     end searcing
09:13:20     4
09:13:20     1333 OK
09:13:20     
09:13:20     SUBMISSION 33 starting
09:13:20     
09:13:20     demo
09:13:20     mission start
09:13:20     presearcing
09:13:20     there is about 90700000 page in result
09:13:20     presearcing end
09:13:20     start searching
09:13:20     searching 1 page
09:13:21     searching 2 page
09:13:22     searching 3 page
09:13:23     searching 4 page
09:13:24     searching 5 page
09:13:24     end searcing
09:13:24     4
09:13:24     33 OK
09:13:24     
09:13:24     SUBMISSION 1335 starting
09:13:24     
09:13:24     123123
09:13:24     mission start
09:13:24     presearcing
09:13:25     there is about 1260000 page in result
09:13:25     presearcing end
09:13:25     start searching
09:13:25     searching 1 page
09:13:26     searching 2 page
09:13:27     searching 3 page
09:13:28     searching 4 page
09:13:29     searching 5 page
09:13:31     end searcing
09:13:31     4
09:13:31     1335 OK
09:13:31     
09:13:31     SUBMISSION 1342 starting
09:13:31     
09:13:31     there is a process running
09:13:31     1342 FAIED
09:13:31     
