09:07:01     There is 5  missions to process
09:07:01     INSERTED: 0
09:07:01     UPDATED: 0
09:07:01     REBUILD: 0
09:07:01     
09:07:01     MISSIONS  START
09:07:01     
09:07:01     SUBMISSION 12 starting
09:07:01     
09:07:01     test
09:07:01     mission start
09:07:01     presearcing
09:07:02     there is about 54500000 page in result
09:07:02     presearcing end
09:07:02     start searching
09:07:02     searching 1 page
09:07:03     searching 2 page
09:07:04     searching 3 page
09:07:05     searching 4 page
09:07:05     searching 5 page
09:07:06     end searcing
09:07:06     4
09:07:06     12 OK
09:07:06     
09:07:06     SUBMISSION 1333 starting
09:07:06     
09:07:06     123123
09:07:06     mission start
09:07:06     presearcing
09:07:07     there is about 1260000 page in result
09:07:07     presearcing end
09:07:07     start searching
09:07:07     searching 1 page
09:07:08     searching 2 page
09:07:09     searching 3 page
09:07:10     searching 4 page
09:07:11     searching 5 page
09:07:12     end searcing
09:07:12     4
09:07:12     1333 OK
09:07:12     
09:07:12     SUBMISSION 33 starting
09:07:12     
09:07:12     demo
09:07:12     mission start
09:07:12     presearcing
09:07:13     there is about 90700000 page in result
09:07:13     presearcing end
09:07:13     start searching
09:07:13     searching 1 page
09:07:15     searching 2 page
09:07:16     searching 3 page
09:07:17     searching 4 page
09:07:17     searching 5 page
09:07:18     end searcing
09:07:18     4
09:07:18     33 OK
09:07:18     
09:07:18     SUBMISSION 1335 starting
09:07:18     
09:07:18     123123
09:07:18     mission start
09:07:18     presearcing
09:07:19     there is about 1260000 page in result
09:07:19     presearcing end
09:07:19     start searching
09:07:19     searching 1 page
09:07:20     searching 2 page
09:07:21     searching 3 page
09:07:21     searching 4 page
09:07:22     searching 5 page
09:07:23     end searcing
09:07:23     4
09:07:23     1335 OK
09:07:23     
09:07:23     SUBMISSION 1342 starting
09:07:23     
09:07:23     there is a process running
09:07:23     1342 FAIED
09:07:23     
