09:16:01     There is 5  missions to process
09:16:01     INSERTED: 0
09:16:01     UPDATED: 0
09:16:01     REBUILD: 0
09:16:01     
09:16:01     MISSIONS  START
09:16:01     
09:16:01     SUBMISSION 12 starting
09:16:01     
09:16:01     test
09:16:01     mission start
09:16:01     presearcing
09:16:02     there is about 54500000 page in result
09:16:02     presearcing end
09:16:02     start searching
09:16:02     searching 1 page
09:16:03     searching 2 page
09:16:04     searching 3 page
09:16:06     searching 4 page
09:16:08     searching 5 page
09:16:10     end searcing
09:16:10     4
09:16:10     12 OK
09:16:10     
09:16:10     SUBMISSION 1333 starting
09:16:10     
09:16:10     123123
09:16:10     mission start
09:16:10     presearcing
09:16:11     there is about 1260000 page in result
09:16:11     presearcing end
09:16:11     start searching
09:16:11     searching 1 page
09:16:13     searching 2 page
09:16:14     searching 3 page
09:16:16     searching 4 page
09:16:17     searching 5 page
09:16:19     end searcing
09:16:19     4
09:16:19     1333 OK
09:16:19     
09:16:19     SUBMISSION 33 starting
09:16:19     
09:16:19     demo
09:16:19     mission start
09:16:19     presearcing
09:16:21     there is about 90700000 page in result
09:16:21     presearcing end
09:16:21     start searching
09:16:21     searching 1 page
09:16:22     searching 2 page
09:16:24     searching 3 page
09:16:26     searching 4 page
09:16:28     searching 5 page
09:16:29     end searcing
09:16:29     4
09:16:29     33 OK
09:16:29     
09:16:29     SUBMISSION 1335 starting
09:16:29     
09:16:29     123123
09:16:29     mission start
09:16:29     presearcing
09:16:31     there is about 1260000 page in result
09:16:31     presearcing end
09:16:31     start searching
09:16:31     searching 1 page
09:16:33     searching 2 page
09:16:35     searching 3 page
09:16:37     searching 4 page
09:16:38     searching 5 page
09:16:40     end searcing
09:16:40     4
09:16:40     1335 OK
09:16:40     
09:16:40     SUBMISSION 1342 starting
09:16:40     
09:16:40     there is a process running
09:16:40     1342 FAIED
09:16:40     
