09:27:01     There is 5  missions to process
09:27:01     INSERTED: 0
09:27:01     UPDATED: 0
09:27:01     REBUILD: 0
09:27:01     
09:27:01     MISSIONS  START
09:27:01     
09:27:01     SUBMISSION 12 starting
09:27:01     
09:27:01     test
09:27:01     mission start
09:27:01     presearcing
09:27:01     there is about 54500000 page in result
09:27:01     presearcing end
09:27:01     start searching
09:27:01     searching 1 page
09:27:02     searching 2 page
09:27:03     searching 3 page
09:27:04     searching 4 page
09:27:05     searching 5 page
09:27:06     end searcing
09:27:06     4
09:27:06     12 OK
09:27:06     
09:27:06     SUBMISSION 1333 starting
09:27:06     
09:27:06     123123
09:27:06     mission start
09:27:06     presearcing
09:27:06     there is about 1260000 page in result
09:27:06     presearcing end
09:27:06     start searching
09:27:06     searching 1 page
09:27:07     searching 2 page
09:27:08     searching 3 page
09:27:09     searching 4 page
09:27:10     searching 5 page
09:27:11     end searcing
09:27:11     4
09:27:11     1333 OK
09:27:11     
09:27:11     SUBMISSION 33 starting
09:27:11     
09:27:11     demo
09:27:11     mission start
09:27:11     presearcing
09:27:12     there is about 90700000 page in result
09:27:12     presearcing end
09:27:12     start searching
09:27:12     searching 1 page
09:27:12     searching 2 page
09:27:14     searching 3 page
09:27:14     searching 4 page
09:27:15     searching 5 page
09:27:16     end searcing
09:27:16     4
09:27:16     33 OK
09:27:16     
09:27:16     SUBMISSION 1335 starting
09:27:16     
09:27:16     123123
09:27:16     mission start
09:27:16     presearcing
09:27:17     there is about 1260000 page in result
09:27:17     presearcing end
09:27:17     start searching
09:27:17     searching 1 page
09:27:18     searching 2 page
09:27:18     searching 3 page
09:27:19     searching 4 page
09:27:20     searching 5 page
09:27:21     end searcing
09:27:21     4
09:27:21     1335 OK
09:27:21     
09:27:21     SUBMISSION 1342 starting
09:27:21     
09:27:21     there is a process running
09:27:21     1342 FAIED
09:27:21     
