17:53:04     There is 5  missions to process
17:53:04     INSERTED: 0
17:53:04     UPDATED: 0
17:53:04     REBUILD: 0
17:53:04     
17:53:04     MISSIONS  START
17:53:04     
17:53:04     SUBMISSION 12 starting
17:53:04     
17:53:04     test
17:53:04     mission start
17:53:04     presearcing
17:53:05     there is about 54500000 page in result
17:53:05     presearcing end
17:53:05     start searching
17:53:05     searching 1 page
17:53:06     searching 2 page
17:53:07     searching 3 page
17:53:08     searching 4 page
17:53:09     searching 5 page
17:53:10     end searcing
17:53:10     4
17:53:10     12 OK
17:53:10     
17:53:10     SUBMISSION 1333 starting
17:53:10     
17:53:10     123123
17:53:10     mission start
17:53:10     presearcing
17:53:11     there is about 1260000 page in result
17:53:11     presearcing end
17:53:11     start searching
17:53:11     searching 1 page
17:53:12     searching 2 page
17:53:13     searching 3 page
17:53:14     searching 4 page
17:53:14     searching 5 page
17:53:15     end searcing
17:53:15     4
17:53:15     1333 OK
17:53:15     
17:53:15     SUBMISSION 33 starting
17:53:15     
17:53:15     demo
17:53:15     mission start
17:53:15     presearcing
17:53:16     there is about 90700000 page in result
17:53:16     presearcing end
17:53:16     start searching
17:53:16     searching 1 page
17:53:17     searching 2 page
17:53:18     searching 3 page
17:53:19     searching 4 page
17:53:20     searching 5 page
17:53:21     end searcing
17:53:21     4
17:53:21     33 OK
17:53:21     
17:53:21     SUBMISSION 1335 starting
17:53:21     
17:53:21     123123
17:53:21     mission start
17:53:21     presearcing
17:53:22     there is about 1260000 page in result
17:53:22     presearcing end
17:53:22     start searching
17:53:22     searching 1 page
17:53:23     searching 2 page
17:53:24     searching 3 page
17:53:25     searching 4 page
17:53:26     searching 5 page
17:53:26     end searcing
17:53:26     4
17:53:26     1335 OK
17:53:26     
17:53:26     SUBMISSION 1342 starting
17:53:26     
17:53:26     demo
17:53:26     mission start
17:53:26     presearcing
17:53:27     there is about 90700000 page in result
17:53:27     presearcing end
17:53:27     start searching
17:53:27     searching 1 page
17:53:28     searching 2 page
17:53:29     searching 3 page
17:53:30     searching 4 page
17:53:31     searching 5 page
17:53:32     end searcing
17:53:32     4
17:53:32     1342 OK
17:53:32     
