10:00:01     There is 5  missions to process
10:00:01     INSERTED: 0
10:00:01     UPDATED: 0
10:00:01     REBUILD: 0
10:00:01     
10:00:01     MISSIONS  START
10:00:01     
10:00:01     SUBMISSION 12 starting
10:00:01     
10:00:01     test
10:00:01     mission start
10:00:01     presearcing
10:00:02     there is about 54500000 page in result
10:00:02     presearcing end
10:00:02     start searching
10:00:02     searching 1 page
10:00:03     searching 2 page
10:00:06     searching 3 page
10:00:07     searching 4 page
10:00:08     searching 5 page
10:00:09     end searcing
10:00:09     4
10:00:09     12 OK
10:00:09     
10:00:09     SUBMISSION 1333 starting
10:00:09     
10:00:09     123123
10:00:09     mission start
10:00:09     presearcing
10:00:10     there is about 1260000 page in result
10:00:10     presearcing end
10:00:10     start searching
10:00:10     searching 1 page
10:00:11     searching 2 page
10:00:15     searching 3 page
10:00:17     searching 4 page
10:00:18     searching 5 page
10:00:19     end searcing
10:00:19     4
10:00:19     1333 OK
10:00:19     
10:00:19     SUBMISSION 33 starting
10:00:19     
10:00:19     demo
10:00:19     mission start
10:00:19     presearcing
10:00:20     there is about 90700000 page in result
10:00:20     presearcing end
10:00:20     start searching
10:00:20     searching 1 page
10:00:22     searching 2 page
10:00:23     searching 3 page
10:00:24     searching 4 page
10:00:24     searching 5 page
10:00:26     end searcing
10:00:26     4
10:00:26     33 OK
10:00:26     
10:00:26     SUBMISSION 1335 starting
10:00:26     
10:00:26     123123
10:00:26     mission start
10:00:26     presearcing
10:00:30     there is about 1260000 page in result
10:00:30     presearcing end
10:00:30     start searching
10:00:30     searching 1 page
10:00:32     searching 2 page
10:00:33     searching 3 page
10:00:34     searching 4 page
10:00:35     searching 5 page
10:00:37     end searcing
10:00:37     4
10:00:37     1335 OK
10:00:37     
10:00:37     SUBMISSION 1342 starting
10:00:37     
10:00:37     there is a process running
10:00:37     1342 FAIED
10:00:37     
