17:58:01     There is 5  missions to process
17:58:01     INSERTED: 0
17:58:01     UPDATED: 0
17:58:01     REBUILD: 0
17:58:01     
17:58:01     MISSIONS  START
17:58:01     
17:58:01     SUBMISSION 12 starting
17:58:01     
17:58:01     test
17:58:01     mission start
17:58:01     presearcing
17:58:02     there is about 54500000 page in result
17:58:02     presearcing end
17:58:02     start searching
17:58:02     searching 1 page
17:58:03     searching 2 page
17:58:04     searching 3 page
17:58:05     searching 4 page
17:58:07     searching 5 page
17:58:11     end searcing
17:58:11     4
17:58:11     12 OK
17:58:11     
17:58:11     SUBMISSION 1333 starting
17:58:11     
17:58:11     123123
17:58:11     mission start
17:58:11     presearcing
17:58:14     there is about 1260000 page in result
17:58:14     presearcing end
17:58:14     start searching
17:58:14     searching 1 page
17:58:16     searching 2 page
17:58:17     searching 3 page
17:58:17     searching 4 page
17:58:18     searching 5 page
17:58:20     end searcing
17:58:20     4
17:58:20     1333 OK
17:58:20     
17:58:20     SUBMISSION 33 starting
17:58:20     
17:58:20     demo
17:58:20     mission start
17:58:20     presearcing
17:58:20     there is about 90700000 page in result
17:58:20     presearcing end
17:58:20     start searching
17:58:20     searching 1 page
17:58:21     searching 2 page
17:58:22     searching 3 page
17:58:23     searching 4 page
17:58:24     searching 5 page
17:58:25     end searcing
17:58:25     4
17:58:25     33 OK
17:58:25     
17:58:25     SUBMISSION 1335 starting
17:58:25     
17:58:25     123123
17:58:25     mission start
17:58:25     presearcing
17:58:28     there is about 1260000 page in result
17:58:28     presearcing end
17:58:28     start searching
17:58:28     searching 1 page
17:58:29     searching 2 page
17:58:30     searching 3 page
17:58:31     searching 4 page
17:58:32     searching 5 page
17:58:33     end searcing
17:58:33     4
17:58:33     1335 OK
17:58:33     
17:58:33     SUBMISSION 1342 starting
17:58:33     
17:58:33     demo
17:58:33     mission start
17:58:33     presearcing
17:58:34     there is about 90700000 page in result
17:58:34     presearcing end
17:58:34     start searching
17:58:34     searching 1 page
17:58:35     searching 2 page
17:58:36     searching 3 page
17:58:37     searching 4 page
17:58:37     searching 5 page
17:58:38     end searcing
17:58:38     4
17:58:38     1342 OK
17:58:38     
