09:15:01     There is 5  missions to process
09:15:01     INSERTED: 0
09:15:01     UPDATED: 0
09:15:01     REBUILD: 0
09:15:01     
09:15:01     MISSIONS  START
09:15:01     
09:15:01     SUBMISSION 12 starting
09:15:01     
09:15:01     test
09:15:01     mission start
09:15:01     presearcing
09:15:03     there is about 54500000 page in result
09:15:03     presearcing end
09:15:03     start searching
09:15:03     searching 1 page
09:15:05     searching 2 page
09:15:08     searching 3 page
09:15:10     searching 4 page
09:15:11     searching 5 page
09:15:13     end searcing
09:15:13     4
09:15:13     12 OK
09:15:13     
09:15:13     SUBMISSION 1333 starting
09:15:13     
09:15:13     123123
09:15:13     mission start
09:15:13     presearcing
09:15:14     there is about 1260000 page in result
09:15:14     presearcing end
09:15:14     start searching
09:15:14     searching 1 page
09:15:16     searching 2 page
09:15:17     searching 3 page
09:15:19     searching 4 page
09:15:20     searching 5 page
09:15:22     end searcing
09:15:22     4
09:15:22     1333 OK
09:15:22     
09:15:22     SUBMISSION 33 starting
09:15:22     
09:15:22     demo
09:15:22     mission start
09:15:22     presearcing
09:15:24     there is about 90700000 page in result
09:15:24     presearcing end
09:15:24     start searching
09:15:24     searching 1 page
09:15:26     searching 2 page
09:15:28     searching 3 page
09:15:29     searching 4 page
09:15:31     searching 5 page
09:15:32     end searcing
09:15:32     4
09:15:32     33 OK
09:15:32     
09:15:32     SUBMISSION 1335 starting
09:15:32     
09:15:32     123123
09:15:32     mission start
09:15:32     presearcing
09:15:33     there is about 1260000 page in result
09:15:33     presearcing end
09:15:33     start searching
09:15:33     searching 1 page
09:15:35     searching 2 page
09:15:37     searching 3 page
09:15:39     searching 4 page
09:15:41     searching 5 page
09:15:43     end searcing
09:15:43     4
09:15:43     1335 OK
09:15:43     
09:15:43     SUBMISSION 1342 starting
09:15:43     
09:15:43     there is a process running
09:15:43     1342 FAIED
09:15:43     
