09:02:01     There is 5  missions to process
09:02:01     INSERTED: 0
09:02:01     UPDATED: 0
09:02:01     REBUILD: 0
09:02:01     
09:02:01     MISSIONS  START
09:02:01     
09:02:01     SUBMISSION 12 starting
09:02:01     
09:02:01     test
09:02:01     mission start
09:02:01     presearcing
09:02:02     there is about 54500000 page in result
09:02:02     presearcing end
09:02:02     start searching
09:02:02     searching 1 page
09:02:03     searching 2 page
09:02:05     searching 3 page
09:02:06     searching 4 page
09:02:07     searching 5 page
09:02:08     end searcing
09:02:08     4
09:02:08     12 OK
09:02:08     
09:02:08     SUBMISSION 1333 starting
09:02:08     
09:02:08     123123
09:02:08     mission start
09:02:08     presearcing
09:02:09     there is about 1260000 page in result
09:02:09     presearcing end
09:02:09     start searching
09:02:09     searching 1 page
09:02:10     searching 2 page
09:02:10     searching 3 page
09:02:11     searching 4 page
09:02:13     searching 5 page
09:02:15     end searcing
09:02:15     4
09:02:15     1333 OK
09:02:15     
09:02:15     SUBMISSION 33 starting
09:02:15     
09:02:15     demo
09:02:15     mission start
09:02:15     presearcing
09:02:16     there is about 90700000 page in result
09:02:16     presearcing end
09:02:16     start searching
09:02:16     searching 1 page
09:02:17     searching 2 page
09:02:18     searching 3 page
09:02:18     searching 4 page
09:02:19     searching 5 page
09:02:20     end searcing
09:02:20     4
09:02:20     33 OK
09:02:20     
09:02:20     SUBMISSION 1335 starting
09:02:20     
09:02:20     123123
09:02:20     mission start
09:02:20     presearcing
09:02:21     there is about 1260000 page in result
09:02:21     presearcing end
09:02:21     start searching
09:02:21     searching 1 page
09:02:22     searching 2 page
09:02:22     searching 3 page
09:02:23     searching 4 page
09:02:24     searching 5 page
09:02:25     end searcing
09:02:25     4
09:02:25     1335 OK
09:02:25     
09:02:25     SUBMISSION 1342 starting
09:02:25     
09:02:25     there is a process running
09:02:25     1342 FAIED
09:02:25     
