18:24:01     There is 5  missions to process
18:24:01     INSERTED: 0
18:24:01     UPDATED: 0
18:24:01     REBUILD: 0
18:24:01     
18:24:01     MISSIONS  START
18:24:01     
18:24:01     SUBMISSION 12 starting
18:24:01     
18:24:01     test
18:24:01     mission start
18:24:01     presearcing
18:24:02     there is about 54500000 page in result
18:24:02     presearcing end
18:24:02     start searching
18:24:02     searching 1 page
18:24:03     searching 2 page
18:24:04     searching 3 page
18:24:08     searching 4 page
18:24:09     searching 5 page
18:24:10     end searcing
18:24:10     4
18:24:10     12 OK
18:24:10     
18:24:10     SUBMISSION 1333 starting
18:24:10     
18:24:10     123123
18:24:10     mission start
18:24:10     presearcing
18:24:11     there is about 1260000 page in result
18:24:11     presearcing end
18:24:11     start searching
18:24:11     searching 1 page
18:24:12     searching 2 page
18:24:13     searching 3 page
18:24:15     searching 4 page
18:24:16     searching 5 page
18:24:16     end searcing
18:24:16     4
18:24:16     1333 OK
18:24:16     
18:24:16     SUBMISSION 33 starting
18:24:16     
18:24:16     demo
18:24:16     mission start
18:24:16     presearcing
18:24:18     there is about 90700000 page in result
18:24:18     presearcing end
18:24:18     start searching
18:24:18     searching 1 page
18:24:19     searching 2 page
18:24:20     searching 3 page
18:24:21     searching 4 page
18:24:22     searching 5 page
18:24:26     end searcing
18:24:26     4
18:24:26     33 OK
18:24:26     
18:24:26     SUBMISSION 1335 starting
18:24:26     
18:24:26     123123
18:24:26     mission start
18:24:26     presearcing
18:24:27     there is about 1260000 page in result
18:24:27     presearcing end
18:24:27     start searching
18:24:27     searching 1 page
18:24:28     searching 2 page
18:24:29     searching 3 page
18:24:30     searching 4 page
18:24:34     searching 5 page
18:24:35     end searcing
18:24:35     4
18:24:35     1335 OK
18:24:35     
18:24:35     SUBMISSION 1342 starting
18:24:35     
18:24:35     demo
18:24:35     mission start
18:24:35     presearcing
18:24:36     there is about 90700000 page in result
18:24:36     presearcing end
18:24:36     start searching
18:24:36     searching 1 page
18:24:41     searching 2 page
18:24:43     searching 3 page
18:24:44     searching 4 page
18:24:45     searching 5 page
18:24:46     end searcing
18:24:46     4
18:24:46     1342 OK
18:24:46     
