17:03:01     There is 5  missions to process
17:03:01     INSERTED: 0
17:03:01     UPDATED: 0
17:03:01     REBUILD: 0
17:03:01     
17:03:01     MISSIONS  START
17:03:01     
17:03:01     SUBMISSION 12 starting
17:03:01     
17:03:01     test
17:03:01     mission start
17:03:01     presearcing
17:03:02     there is about 313000000 page in result
17:03:02     presearcing end
17:03:02     start searching
17:03:02     searching 1 page
17:03:03     searching 2 page
17:03:04     searching 3 page
17:03:05     searching 4 page
17:03:06     searching 5 page
17:03:07     end searcing
17:03:07     4
17:03:07     12 OK
17:03:07     
17:03:07     SUBMISSION 1333 starting
17:03:07     
17:03:07     123123
17:03:07     mission start
17:03:07     presearcing
17:03:08     there is about 1260000 page in result
17:03:08     presearcing end
17:03:08     start searching
17:03:08     searching 1 page
17:03:09     searching 2 page
17:03:09     searching 3 page
17:03:11     searching 4 page
17:03:14     searching 5 page
17:03:15     end searcing
17:03:15     4
17:03:15     1333 OK
17:03:15     
17:03:15     SUBMISSION 33 starting
17:03:15     
17:03:15     demo
17:03:15     mission start
17:03:15     presearcing
17:03:16     there is about 90800000 page in result
17:03:16     presearcing end
17:03:16     start searching
17:03:16     searching 1 page
17:03:16     searching 2 page
17:03:17     searching 3 page
17:03:18     searching 4 page
17:03:19     searching 5 page
17:03:20     end searcing
17:03:20     4
17:03:20     33 OK
17:03:20     
17:03:20     SUBMISSION 1335 starting
17:03:20     
17:03:20     xcvxcvxvc
17:03:20     mission start
17:03:20     presearcing
17:03:21     there is about 491 page in result
17:03:21     presearcing end
17:03:21     start searching
17:03:21     searching 1 page
17:03:22     searching 2 page
17:03:23     searching 3 page
17:03:24     searching 4 page
17:03:25     searching 5 page
17:03:26     end searcing
17:03:26     4
17:03:26     1335 OK
17:03:26     
17:03:26     SUBMISSION 1342 starting
17:03:26     
17:03:26     demo
17:03:26     mission start
17:03:26     presearcing
17:03:27     there is about 90800000 page in result
17:03:27     presearcing end
17:03:27     start searching
17:03:27     searching 1 page
17:03:27     searching 2 page
17:03:28     searching 3 page
17:03:29     searching 4 page
17:03:33     searching 5 page
17:03:34     end searcing
17:03:34     4
17:03:34     1342 OK
17:03:34     
