18:34:01     There is 5  missions to process
18:34:01     INSERTED: 0
18:34:01     UPDATED: 0
18:34:01     REBUILD: 0
18:34:01     
18:34:01     MISSIONS  START
18:34:01     
18:34:01     SUBMISSION 12 starting
18:34:01     
18:34:01     test
18:34:01     mission start
18:34:01     presearcing
18:34:02     there is about 54500000 page in result
18:34:02     presearcing end
18:34:02     start searching
18:34:02     searching 1 page
18:34:03     searching 2 page
18:34:05     searching 3 page
18:34:06     searching 4 page
18:34:07     searching 5 page
18:34:08     end searcing
18:34:08     4
18:34:08     12 OK
18:34:08     
18:34:08     SUBMISSION 1333 starting
18:34:08     
18:34:08     123123
18:34:08     mission start
18:34:08     presearcing
18:34:10     there is about 1260000 page in result
18:34:10     presearcing end
18:34:10     start searching
18:34:10     searching 1 page
18:34:11     searching 2 page
18:34:12     searching 3 page
18:34:16     searching 4 page
18:34:17     searching 5 page
18:34:21     end searcing
18:34:21     4
18:34:21     1333 OK
18:34:21     
18:34:21     SUBMISSION 33 starting
18:34:21     
18:34:21     demo
18:34:21     mission start
18:34:21     presearcing
18:34:23     there is about 90700000 page in result
18:34:23     presearcing end
18:34:23     start searching
18:34:23     searching 1 page
18:34:24     searching 2 page
18:34:26     searching 3 page
18:34:27     searching 4 page
18:34:28     searching 5 page
18:34:29     end searcing
18:34:29     4
18:34:29     33 OK
18:34:29     
18:34:29     SUBMISSION 1335 starting
18:34:29     
18:34:29     123123
18:34:29     mission start
18:34:29     presearcing
18:34:31     there is about 1260000 page in result
18:34:31     presearcing end
18:34:31     start searching
18:34:31     searching 1 page
18:34:32     searching 2 page
18:34:33     searching 3 page
18:34:34     searching 4 page
18:34:36     searching 5 page
18:34:37     end searcing
18:34:37     4
18:34:37     1335 OK
18:34:37     
18:34:37     SUBMISSION 1342 starting
18:34:37     
18:34:37     demo
18:34:37     mission start
18:34:37     presearcing
18:34:38     there is about 90700000 page in result
18:34:38     presearcing end
18:34:38     start searching
18:34:38     searching 1 page
18:34:39     searching 2 page
18:34:41     searching 3 page
18:34:42     searching 4 page
18:34:43     searching 5 page
18:34:44     end searcing
18:34:44     4
18:34:44     1342 OK
18:34:44     
