18:00:01     There is 5  missions to process
18:00:01     INSERTED: 0
18:00:01     UPDATED: 0
18:00:01     REBUILD: 0
18:00:01     
18:00:01     MISSIONS  START
18:00:01     
18:00:01     SUBMISSION 12 starting
18:00:01     
18:00:01     test
18:00:01     mission start
18:00:01     presearcing
18:00:02     there is about 54500000 page in result
18:00:02     presearcing end
18:00:02     start searching
18:00:02     searching 1 page
18:00:03     searching 2 page
18:00:04     searching 3 page
18:00:04     searching 4 page
18:00:05     searching 5 page
18:00:06     end searcing
18:00:06     4
18:00:06     12 OK
18:00:06     
18:00:06     SUBMISSION 1333 starting
18:00:06     
18:00:06     123123
18:00:06     mission start
18:00:06     presearcing
18:00:07     there is about 1260000 page in result
18:00:07     presearcing end
18:00:07     start searching
18:00:07     searching 1 page
18:00:08     searching 2 page
18:00:09     searching 3 page
18:00:10     searching 4 page
18:00:11     searching 5 page
18:00:12     end searcing
18:00:12     4
18:00:12     1333 OK
18:00:12     
18:00:12     SUBMISSION 33 starting
18:00:12     
18:00:12     demo
18:00:12     mission start
18:00:12     presearcing
18:00:13     there is about 90700000 page in result
18:00:13     presearcing end
18:00:13     start searching
18:00:13     searching 1 page
18:00:14     searching 2 page
18:00:15     searching 3 page
18:00:16     searching 4 page
18:00:17     searching 5 page
18:00:19     end searcing
18:00:19     4
18:00:19     33 OK
18:00:19     
18:00:19     SUBMISSION 1335 starting
18:00:19     
18:00:19     123123
18:00:19     mission start
18:00:19     presearcing
18:00:20     there is about 1260000 page in result
18:00:20     presearcing end
18:00:20     start searching
18:00:20     searching 1 page
18:00:21     searching 2 page
18:00:21     searching 3 page
18:00:23     searching 4 page
18:00:24     searching 5 page
18:00:28     end searcing
18:00:28     4
18:00:28     1335 OK
18:00:28     
18:00:28     SUBMISSION 1342 starting
18:00:28     
18:00:28     demo
18:00:28     mission start
18:00:28     presearcing
18:00:29     there is about 90700000 page in result
18:00:29     presearcing end
18:00:29     start searching
18:00:29     searching 1 page
18:00:30     searching 2 page
18:00:30     searching 3 page
18:00:31     searching 4 page
18:00:32     searching 5 page
18:00:33     end searcing
18:00:33     4
18:00:33     1342 OK
18:00:33     
