09:57:01     There is 5  missions to process
09:57:01     INSERTED: 0
09:57:01     UPDATED: 0
09:57:01     REBUILD: 0
09:57:01     
09:57:01     MISSIONS  START
09:57:01     
09:57:01     SUBMISSION 12 starting
09:57:01     
09:57:01     test
09:57:01     mission start
09:57:01     presearcing
09:57:02     there is about 54500000 page in result
09:57:02     presearcing end
09:57:02     start searching
09:57:02     searching 1 page
09:57:04     searching 2 page
09:57:06     searching 3 page
09:57:08     searching 4 page
09:57:10     searching 5 page
09:57:11     end searcing
09:57:11     4
09:57:11     12 OK
09:57:11     
09:57:11     SUBMISSION 1333 starting
09:57:11     
09:57:11     123123
09:57:11     mission start
09:57:11     presearcing
09:57:12     there is about 1260000 page in result
09:57:12     presearcing end
09:57:12     start searching
09:57:12     searching 1 page
09:57:13     searching 2 page
09:57:14     searching 3 page
09:57:15     searching 4 page
09:57:16     searching 5 page
09:57:17     end searcing
09:57:17     4
09:57:17     1333 OK
09:57:17     
09:57:17     SUBMISSION 33 starting
09:57:17     
09:57:17     demo
09:57:17     mission start
09:57:17     presearcing
09:57:18     there is about 90700000 page in result
09:57:18     presearcing end
09:57:18     start searching
09:57:18     searching 1 page
09:57:19     searching 2 page
09:57:20     searching 3 page
09:57:21     searching 4 page
09:57:22     searching 5 page
09:57:23     end searcing
09:57:23     4
09:57:23     33 OK
09:57:23     
09:57:23     SUBMISSION 1335 starting
09:57:23     
09:57:23     123123
09:57:23     mission start
09:57:23     presearcing
09:57:24     there is about 1260000 page in result
09:57:24     presearcing end
09:57:24     start searching
09:57:24     searching 1 page
09:57:25     searching 2 page
09:57:26     searching 3 page
09:57:27     searching 4 page
09:57:28     searching 5 page
09:57:28     end searcing
09:57:28     4
09:57:28     1335 OK
09:57:28     
09:57:28     SUBMISSION 1342 starting
09:57:28     
09:57:28     there is a process running
09:57:28     1342 FAIED
09:57:28     
