08:46:01     There is 5  missions to process
08:46:01     INSERTED: 0
08:46:01     UPDATED: 0
08:46:01     REBUILD: 0
08:46:01     
08:46:01     MISSIONS  START
08:46:01     
08:46:01     SUBMISSION 12 starting
08:46:01     
08:46:01     test
08:46:01     mission start
08:46:01     presearcing
08:46:02     there is about 54500000 page in result
08:46:02     presearcing end
08:46:02     start searching
08:46:02     searching 1 page
08:46:03     searching 2 page
08:46:03     searching 3 page
08:46:04     searching 4 page
08:46:05     searching 5 page
08:46:06     end searcing
08:46:06     4
08:46:06     12 OK
08:46:06     
08:46:06     SUBMISSION 1333 starting
08:46:06     
08:46:06     123123
08:46:06     mission start
08:46:06     presearcing
08:46:07     there is about 1260000 page in result
08:46:07     presearcing end
08:46:07     start searching
08:46:07     searching 1 page
08:46:07     searching 2 page
08:46:08     searching 3 page
08:46:09     searching 4 page
08:46:10     searching 5 page
08:46:11     end searcing
08:46:11     4
08:46:11     1333 OK
08:46:11     
08:46:11     SUBMISSION 33 starting
08:46:11     
08:46:11     demo
08:46:11     mission start
08:46:11     presearcing
08:46:12     there is about 90700000 page in result
08:46:12     presearcing end
08:46:12     start searching
08:46:12     searching 1 page
08:46:13     searching 2 page
08:46:14     searching 3 page
08:46:14     searching 4 page
08:46:15     searching 5 page
08:46:16     end searcing
08:46:16     4
08:46:16     33 OK
08:46:16     
08:46:16     SUBMISSION 1335 starting
08:46:16     
08:46:16     123123
08:46:16     mission start
08:46:16     presearcing
08:46:17     there is about 1260000 page in result
08:46:17     presearcing end
08:46:17     start searching
08:46:17     searching 1 page
08:46:18     searching 2 page
08:46:18     searching 3 page
08:46:19     searching 4 page
08:46:20     searching 5 page
08:46:21     end searcing
08:46:21     4
08:46:21     1335 OK
08:46:21     
08:46:21     SUBMISSION 1342 starting
08:46:21     
08:46:21     there is a process running
08:46:21     1342 FAIED
08:46:21     
