09:45:01     There is 5  missions to process
09:45:01     INSERTED: 0
09:45:01     UPDATED: 0
09:45:01     REBUILD: 0
09:45:01     
09:45:01     MISSIONS  START
09:45:01     
09:45:01     SUBMISSION 12 starting
09:45:01     
09:45:01     test
09:45:01     mission start
09:45:01     presearcing
09:45:03     there is about 54500000 page in result
09:45:03     presearcing end
09:45:03     start searching
09:45:03     searching 1 page
09:45:04     searching 2 page
09:45:05     searching 3 page
09:45:06     searching 4 page
09:45:08     searching 5 page
09:45:09     end searcing
09:45:09     4
09:45:09     12 OK
09:45:09     
09:45:09     SUBMISSION 1333 starting
09:45:09     
09:45:09     123123
09:45:09     mission start
09:45:09     presearcing
09:45:11     there is about 1260000 page in result
09:45:11     presearcing end
09:45:11     start searching
09:45:11     searching 1 page
09:45:13     searching 2 page
09:45:15     searching 3 page
09:45:16     searching 4 page
09:45:17     searching 5 page
09:45:18     end searcing
09:45:18     4
09:45:18     1333 OK
09:45:18     
09:45:18     SUBMISSION 33 starting
09:45:18     
09:45:18     demo
09:45:18     mission start
09:45:18     presearcing
09:45:19     there is about 90700000 page in result
09:45:19     presearcing end
09:45:19     start searching
09:45:19     searching 1 page
09:45:20     searching 2 page
09:45:21     searching 3 page
09:45:22     searching 4 page
09:45:22     searching 5 page
09:45:23     end searcing
09:45:23     4
09:45:23     33 OK
09:45:23     
09:45:23     SUBMISSION 1335 starting
09:45:23     
09:45:23     123123
09:45:23     mission start
09:45:23     presearcing
09:45:25     there is about 1260000 page in result
09:45:25     presearcing end
09:45:25     start searching
09:45:25     searching 1 page
09:45:26     searching 2 page
09:45:27     searching 3 page
09:45:29     searching 4 page
09:45:30     searching 5 page
09:45:31     end searcing
09:45:31     4
09:45:31     1335 OK
09:45:31     
09:45:31     SUBMISSION 1342 starting
09:45:31     
09:45:31     there is a process running
09:45:31     1342 FAIED
09:45:31     
