18:15:01     There is 5  missions to process
18:15:01     INSERTED: 0
18:15:01     UPDATED: 0
18:15:01     REBUILD: 0
18:15:01     
18:15:01     MISSIONS  START
18:15:01     
18:15:01     SUBMISSION 12 starting
18:15:01     
18:15:01     test
18:15:01     mission start
18:15:01     presearcing
18:15:02     there is about 54500000 page in result
18:15:02     presearcing end
18:15:02     start searching
18:15:02     searching 1 page
18:15:03     searching 2 page
18:15:03     searching 3 page
18:15:07     searching 4 page
18:15:08     searching 5 page
18:15:09     end searcing
18:15:09     4
18:15:09     12 OK
18:15:09     
18:15:09     SUBMISSION 1333 starting
18:15:09     
18:15:09     123123
18:15:09     mission start
18:15:09     presearcing
18:15:10     there is about 1260000 page in result
18:15:10     presearcing end
18:15:10     start searching
18:15:10     searching 1 page
18:15:11     searching 2 page
18:15:12     searching 3 page
18:15:13     searching 4 page
18:15:14     searching 5 page
18:15:15     end searcing
18:15:15     4
18:15:15     1333 OK
18:15:15     
18:15:15     SUBMISSION 33 starting
18:15:15     
18:15:15     demo
18:15:15     mission start
18:15:15     presearcing
18:15:16     there is about 90700000 page in result
18:15:16     presearcing end
18:15:16     start searching
18:15:16     searching 1 page
18:15:17     searching 2 page
18:15:18     searching 3 page
18:15:18     searching 4 page
18:15:19     searching 5 page
18:15:20     end searcing
18:15:20     4
18:15:20     33 OK
18:15:20     
18:15:20     SUBMISSION 1335 starting
18:15:20     
18:15:20     123123
18:15:20     mission start
18:15:20     presearcing
18:15:21     there is about 1260000 page in result
18:15:21     presearcing end
18:15:21     start searching
18:15:21     searching 1 page
18:15:22     searching 2 page
18:15:23     searching 3 page
18:15:24     searching 4 page
18:15:25     searching 5 page
18:15:26     end searcing
18:15:26     4
18:15:26     1335 OK
18:15:26     
18:15:26     SUBMISSION 1342 starting
18:15:26     
18:15:26     demo
18:15:26     mission start
18:15:26     presearcing
18:15:26     there is about 90700000 page in result
18:15:26     presearcing end
18:15:26     start searching
18:15:26     searching 1 page
18:15:27     searching 2 page
18:15:28     searching 3 page
18:15:29     searching 4 page
18:15:30     searching 5 page
18:15:31     end searcing
18:15:31     4
18:15:31     1342 OK
18:15:31     
