09:40:01     There is 5  missions to process
09:40:01     INSERTED: 0
09:40:01     UPDATED: 0
09:40:01     REBUILD: 0
09:40:01     
09:40:01     MISSIONS  START
09:40:01     
09:40:01     SUBMISSION 12 starting
09:40:01     
09:40:01     test
09:40:01     mission start
09:40:01     presearcing
09:40:06     there is about 54500000 page in result
09:40:06     presearcing end
09:40:06     start searching
09:40:06     searching 1 page
09:40:11     searching 2 page
09:40:13     searching 3 page
09:40:15     searching 4 page
09:40:16     searching 5 page
09:40:17     end searcing
09:40:17     4
09:40:17     12 OK
09:40:17     
09:40:17     SUBMISSION 1333 starting
09:40:17     
09:40:17     123123
09:40:17     mission start
09:40:17     presearcing
09:40:17     there is about 1260000 page in result
09:40:17     presearcing end
09:40:17     start searching
09:40:17     searching 1 page
09:40:18     searching 2 page
09:40:19     searching 3 page
09:40:21     searching 4 page
09:40:21     searching 5 page
09:40:22     end searcing
09:40:22     4
09:40:22     1333 OK
09:40:22     
09:40:22     SUBMISSION 33 starting
09:40:22     
09:40:23     demo
09:40:23     mission start
09:40:23     presearcing
09:40:24     there is about 90700000 page in result
09:40:24     presearcing end
09:40:24     start searching
09:40:24     searching 1 page
09:40:25     searching 2 page
09:40:27     searching 3 page
09:40:29     searching 4 page
09:40:31     searching 5 page
09:40:33     end searcing
09:40:33     4
09:40:33     33 OK
09:40:33     
09:40:33     SUBMISSION 1335 starting
09:40:33     
09:40:33     123123
09:40:33     mission start
09:40:33     presearcing
09:40:35     there is about 1260000 page in result
09:40:35     presearcing end
09:40:35     start searching
09:40:35     searching 1 page
09:40:36     searching 2 page
09:40:37     searching 3 page
09:40:39     searching 4 page
09:40:40     searching 5 page
09:40:40     end searcing
09:40:40     4
09:40:40     1335 OK
09:40:40     
09:40:40     SUBMISSION 1342 starting
09:40:40     
09:40:40     there is a process running
09:40:40     1342 FAIED
09:40:40     
