09:22:01     There is 5  missions to process
09:22:01     INSERTED: 0
09:22:01     UPDATED: 0
09:22:01     REBUILD: 0
09:22:01     
09:22:01     MISSIONS  START
09:22:01     
09:22:01     SUBMISSION 12 starting
09:22:01     
09:22:01     test
09:22:01     mission start
09:22:01     presearcing
09:22:02     there is about 54500000 page in result
09:22:02     presearcing end
09:22:02     start searching
09:22:02     searching 1 page
09:22:03     searching 2 page
09:22:04     searching 3 page
09:22:04     searching 4 page
09:22:05     searching 5 page
09:22:06     end searcing
09:22:06     4
09:22:06     12 OK
09:22:06     
09:22:06     SUBMISSION 1333 starting
09:22:06     
09:22:06     123123
09:22:06     mission start
09:22:06     presearcing
09:22:07     there is about 1260000 page in result
09:22:07     presearcing end
09:22:07     start searching
09:22:07     searching 1 page
09:22:08     searching 2 page
09:22:08     searching 3 page
09:22:09     searching 4 page
09:22:10     searching 5 page
09:22:11     end searcing
09:22:11     4
09:22:11     1333 OK
09:22:11     
09:22:11     SUBMISSION 33 starting
09:22:11     
09:22:11     demo
09:22:11     mission start
09:22:11     presearcing
09:22:12     there is about 90700000 page in result
09:22:12     presearcing end
09:22:12     start searching
09:22:12     searching 1 page
09:22:13     searching 2 page
09:22:13     searching 3 page
09:22:14     searching 4 page
09:22:15     searching 5 page
09:22:16     end searcing
09:22:16     4
09:22:16     33 OK
09:22:16     
09:22:16     SUBMISSION 1335 starting
09:22:16     
09:22:16     123123
09:22:16     mission start
09:22:16     presearcing
09:22:17     there is about 1260000 page in result
09:22:17     presearcing end
09:22:17     start searching
09:22:17     searching 1 page
09:22:18     searching 2 page
09:22:18     searching 3 page
09:22:19     searching 4 page
09:22:20     searching 5 page
09:22:21     end searcing
09:22:21     4
09:22:21     1335 OK
09:22:21     
09:22:21     SUBMISSION 1342 starting
09:22:21     
09:22:21     there is a process running
09:22:21     1342 FAIED
09:22:21     
