18:22:01     There is 5  missions to process
18:22:01     INSERTED: 0
18:22:01     UPDATED: 0
18:22:01     REBUILD: 0
18:22:01     
18:22:01     MISSIONS  START
18:22:01     
18:22:01     SUBMISSION 12 starting
18:22:01     
18:22:01     test
18:22:01     mission start
18:22:01     presearcing
18:22:02     there is about 54500000 page in result
18:22:02     presearcing end
18:22:02     start searching
18:22:02     searching 1 page
18:22:03     searching 2 page
18:22:04     searching 3 page
18:22:05     searching 4 page
18:22:06     searching 5 page
18:22:10     end searcing
18:22:10     4
18:22:10     12 OK
18:22:10     
18:22:10     SUBMISSION 1333 starting
18:22:10     
18:22:10     123123
18:22:10     mission start
18:22:10     presearcing
18:22:11     there is about 1260000 page in result
18:22:11     presearcing end
18:22:11     start searching
18:22:11     searching 1 page
18:22:12     searching 2 page
18:22:17     searching 3 page
18:22:17     searching 4 page
18:22:19     searching 5 page
18:22:19     end searcing
18:22:19     4
18:22:19     1333 OK
18:22:19     
18:22:19     SUBMISSION 33 starting
18:22:19     
18:22:19     demo
18:22:19     mission start
18:22:19     presearcing
18:22:20     there is about 90700000 page in result
18:22:20     presearcing end
18:22:20     start searching
18:22:20     searching 1 page
18:22:21     searching 2 page
18:22:22     searching 3 page
18:22:23     searching 4 page
18:22:24     searching 5 page
18:22:26     end searcing
18:22:26     4
18:22:26     33 OK
18:22:26     
18:22:26     SUBMISSION 1335 starting
18:22:26     
18:22:26     123123
18:22:26     mission start
18:22:26     presearcing
18:22:26     there is about 1260000 page in result
18:22:26     presearcing end
18:22:26     start searching
18:22:26     searching 1 page
18:22:28     searching 2 page
18:22:28     searching 3 page
18:22:30     searching 4 page
18:22:31     searching 5 page
18:22:32     end searcing
18:22:32     4
18:22:32     1335 OK
18:22:32     
18:22:32     SUBMISSION 1342 starting
18:22:32     
18:22:32     demo
18:22:32     mission start
18:22:32     presearcing
18:22:32     there is about 90700000 page in result
18:22:32     presearcing end
18:22:32     start searching
18:22:32     searching 1 page
18:22:34     searching 2 page
18:22:34     searching 3 page
18:22:36     searching 4 page
18:22:36     searching 5 page
18:22:37     end searcing
18:22:37     4
18:22:37     1342 OK
18:22:37     
