17:01:01     There is 5  missions to process
17:01:01     INSERTED: 0
17:01:01     UPDATED: 0
17:01:01     REBUILD: 0
17:01:01     
17:01:01     MISSIONS  START
17:01:01     
17:01:01     SUBMISSION 12 starting
17:01:01     
17:01:01     test
17:01:01     mission start
17:01:01     presearcing
17:01:02     there is about 313000000 page in result
17:01:02     presearcing end
17:01:02     start searching
17:01:02     searching 1 page
17:01:03     searching 2 page
17:01:04     searching 3 page
17:01:04     searching 4 page
17:01:05     searching 5 page
17:01:06     end searcing
17:01:06     4
17:01:06     12 OK
17:01:06     
17:01:06     SUBMISSION 1333 starting
17:01:06     
17:01:06     123123
17:01:06     mission start
17:01:06     presearcing
17:01:07     there is about 1260000 page in result
17:01:07     presearcing end
17:01:07     start searching
17:01:07     searching 1 page
17:01:08     searching 2 page
17:01:09     searching 3 page
17:01:10     searching 4 page
17:01:11     searching 5 page
17:01:11     end searcing
17:01:11     4
17:01:11     1333 OK
17:01:11     
17:01:11     SUBMISSION 33 starting
17:01:11     
17:01:11     demo
17:01:11     mission start
17:01:11     presearcing
17:01:12     there is about 90800000 page in result
17:01:12     presearcing end
17:01:12     start searching
17:01:12     searching 1 page
17:01:13     searching 2 page
17:01:14     searching 3 page
17:01:15     searching 4 page
17:01:16     searching 5 page
17:01:17     end searcing
17:01:17     4
17:01:17     33 OK
17:01:17     
17:01:17     SUBMISSION 1335 starting
17:01:17     
17:01:17     xcvxcvxvc
17:01:17     mission start
17:01:17     presearcing
17:01:18     there is about 491 page in result
17:01:18     presearcing end
17:01:18     start searching
17:01:18     searching 1 page
17:01:19     searching 2 page
17:01:19     searching 3 page
17:01:20     searching 4 page
17:01:21     searching 5 page
17:01:22     end searcing
17:01:22     4
17:01:22     1335 OK
17:01:22     
17:01:22     SUBMISSION 1342 starting
17:01:22     
17:01:22     demo
17:01:22     mission start
17:01:22     presearcing
17:01:23     there is about 90800000 page in result
17:01:23     presearcing end
17:01:23     start searching
17:01:23     searching 1 page
17:01:24     searching 2 page
17:01:25     searching 3 page
17:01:26     searching 4 page
17:01:27     searching 5 page
17:01:29     end searcing
17:01:29     4
17:01:29     1342 OK
17:01:29     
