17:42:01     There is 5  missions to process
17:42:01     INSERTED: 0
17:42:01     UPDATED: 0
17:42:01     REBUILD: 0
17:42:01     
17:42:01     MISSIONS  START
17:42:01     
17:42:01     SUBMISSION 12 starting
17:42:01     
17:42:01     test
17:42:01     mission start
17:42:01     presearcing
17:42:03     there is about 54500000 page in result
17:42:03     presearcing end
17:42:03     start searching
17:42:03     searching 1 page
17:42:04     searching 2 page
17:42:05     searching 3 page
17:42:06     searching 4 page
17:42:07     searching 5 page
17:42:07     end searcing
17:42:07     4
17:42:07     12 OK
17:42:07     
17:42:07     SUBMISSION 1333 starting
17:42:07     
17:42:07     123123
17:42:07     mission start
17:42:07     presearcing
17:42:08     there is about 1260000 page in result
17:42:08     presearcing end
17:42:08     start searching
17:42:08     searching 1 page
17:42:09     searching 2 page
17:42:10     searching 3 page
17:42:11     searching 4 page
17:42:12     searching 5 page
17:42:13     end searcing
17:42:13     4
17:42:13     1333 OK
17:42:13     
17:42:13     SUBMISSION 33 starting
17:42:13     
17:42:13     demo
17:42:13     mission start
17:42:13     presearcing
17:42:14     there is about 90700000 page in result
17:42:14     presearcing end
17:42:14     start searching
17:42:14     searching 1 page
17:42:15     searching 2 page
17:42:16     searching 3 page
17:42:17     searching 4 page
17:42:18     searching 5 page
17:42:19     end searcing
17:42:19     4
17:42:19     33 OK
17:42:19     
17:42:19     SUBMISSION 1335 starting
17:42:19     
17:42:19     123123
17:42:19     mission start
17:42:19     presearcing
17:42:20     there is about 1260000 page in result
17:42:20     presearcing end
17:42:20     start searching
17:42:20     searching 1 page
17:42:20     searching 2 page
17:42:21     searching 3 page
17:42:22     searching 4 page
17:42:24     searching 5 page
17:42:26     end searcing
17:42:26     4
17:42:26     1335 OK
17:42:26     
17:42:26     SUBMISSION 1342 starting
17:42:26     
17:42:26     demo
17:42:26     mission start
17:42:26     presearcing
17:42:27     there is about 90700000 page in result
17:42:27     presearcing end
17:42:27     start searching
17:42:27     searching 1 page
17:42:28     searching 2 page
17:42:29     searching 3 page
17:42:29     searching 4 page
17:42:31     searching 5 page
17:42:31     end searcing
17:42:31     4
17:42:31     1342 OK
17:42:31     
