08:41:02     There is 5  missions to process
08:41:02     INSERTED: 0
08:41:02     UPDATED: 0
08:41:02     REBUILD: 0
08:41:02     
08:41:02     MISSIONS  START
08:41:02     
08:41:02     SUBMISSION 12 starting
08:41:02     
08:41:02     test
08:41:02     mission start
08:41:02     presearcing
08:41:02     there is about 54500000 page in result
08:41:02     presearcing end
08:41:02     start searching
08:41:02     searching 1 page
08:41:03     searching 2 page
08:41:04     searching 3 page
08:41:05     searching 4 page
08:41:05     searching 5 page
08:41:06     end searcing
08:41:06     4
08:41:06     12 OK
08:41:06     
08:41:06     SUBMISSION 1333 starting
08:41:06     
08:41:06     123123
08:41:06     mission start
08:41:06     presearcing
08:41:07     there is about 1260000 page in result
08:41:07     presearcing end
08:41:07     start searching
08:41:07     searching 1 page
08:41:08     searching 2 page
08:41:09     searching 3 page
08:41:10     searching 4 page
08:41:10     searching 5 page
08:41:11     end searcing
08:41:11     4
08:41:11     1333 OK
08:41:11     
08:41:11     SUBMISSION 33 starting
08:41:11     
08:41:11     demo
08:41:11     mission start
08:41:11     presearcing
08:41:12     there is about 90700000 page in result
08:41:12     presearcing end
08:41:12     start searching
08:41:12     searching 1 page
08:41:13     searching 2 page
08:41:14     searching 3 page
08:41:14     searching 4 page
08:41:15     searching 5 page
08:41:16     end searcing
08:41:16     4
08:41:16     33 OK
08:41:16     
08:41:16     SUBMISSION 1335 starting
08:41:16     
08:41:16     123123
08:41:16     mission start
08:41:16     presearcing
08:41:17     there is about 1260000 page in result
08:41:17     presearcing end
08:41:17     start searching
08:41:17     searching 1 page
08:41:18     searching 2 page
08:41:18     searching 3 page
08:41:19     searching 4 page
08:41:20     searching 5 page
08:41:21     end searcing
08:41:21     4
08:41:21     1335 OK
08:41:21     
08:41:21     SUBMISSION 1342 starting
08:41:21     
08:41:21     there is a process running
08:41:21     1342 FAIED
08:41:21     
