17:27:01     There is 5  missions to process
17:27:01     INSERTED: 0
17:27:01     UPDATED: 0
17:27:01     REBUILD: 0
17:27:01     
17:27:01     MISSIONS  START
17:27:01     
17:27:01     SUBMISSION 12 starting
17:27:01     
17:27:01     test
17:27:01     mission start
17:27:01     presearcing
17:27:02     there is about 54500000 page in result
17:27:02     presearcing end
17:27:02     start searching
17:27:02     searching 1 page
17:27:03     searching 2 page
17:27:04     searching 3 page
17:27:05     searching 4 page
17:27:06     searching 5 page
17:27:07     end searcing
17:27:07     4
17:27:07     12 OK
17:27:07     
17:27:07     SUBMISSION 1333 starting
17:27:07     
17:27:07     123123
17:27:07     mission start
17:27:07     presearcing
17:27:08     there is about 1260000 page in result
17:27:08     presearcing end
17:27:08     start searching
17:27:08     searching 1 page
17:27:09     searching 2 page
17:27:10     searching 3 page
17:27:11     searching 4 page
17:27:12     searching 5 page
17:27:12     end searcing
17:27:12     4
17:27:12     1333 OK
17:27:12     
17:27:12     SUBMISSION 33 starting
17:27:12     
17:27:12     demo
17:27:12     mission start
17:27:12     presearcing
17:27:13     there is about 90700000 page in result
17:27:13     presearcing end
17:27:13     start searching
17:27:13     searching 1 page
17:27:14     searching 2 page
17:27:16     searching 3 page
17:27:17     searching 4 page
17:27:18     searching 5 page
17:27:19     end searcing
17:27:19     4
17:27:19     33 OK
17:27:19     
17:27:19     SUBMISSION 1335 starting
17:27:19     
17:27:19     123123
17:27:19     mission start
17:27:19     presearcing
17:27:20     there is about 1260000 page in result
17:27:20     presearcing end
17:27:20     start searching
17:27:20     searching 1 page
17:27:21     searching 2 page
17:27:22     searching 3 page
17:27:23     searching 4 page
17:27:24     searching 5 page
17:27:25     end searcing
17:27:25     4
17:27:25     1335 OK
17:27:25     
17:27:25     SUBMISSION 1342 starting
17:27:25     
17:27:25     demo
17:27:25     mission start
17:27:25     presearcing
17:27:25     there is about 90700000 page in result
17:27:25     presearcing end
17:27:25     start searching
17:27:25     searching 1 page
17:27:26     searching 2 page
17:27:27     searching 3 page
17:27:28     searching 4 page
17:27:29     searching 5 page
17:27:30     end searcing
17:27:30     4
17:27:30     1342 OK
17:27:30     
