09:28:01     There is 5  missions to process
09:28:01     INSERTED: 0
09:28:01     UPDATED: 0
09:28:01     REBUILD: 0
09:28:01     
09:28:01     MISSIONS  START
09:28:01     
09:28:01     SUBMISSION 12 starting
09:28:01     
09:28:01     test
09:28:01     mission start
09:28:01     presearcing
09:28:02     there is about 54500000 page in result
09:28:02     presearcing end
09:28:02     start searching
09:28:02     searching 1 page
09:28:02     searching 2 page
09:28:03     searching 3 page
09:28:04     searching 4 page
09:28:05     searching 5 page
09:28:06     end searcing
09:28:06     4
09:28:06     12 OK
09:28:06     
09:28:06     SUBMISSION 1333 starting
09:28:06     
09:28:06     123123
09:28:06     mission start
09:28:06     presearcing
09:28:07     there is about 1260000 page in result
09:28:07     presearcing end
09:28:07     start searching
09:28:07     searching 1 page
09:28:08     searching 2 page
09:28:09     searching 3 page
09:28:09     searching 4 page
09:28:10     searching 5 page
09:28:11     end searcing
09:28:11     4
09:28:11     1333 OK
09:28:11     
09:28:11     SUBMISSION 33 starting
09:28:11     
09:28:11     demo
09:28:11     mission start
09:28:11     presearcing
09:28:12     there is about 90700000 page in result
09:28:12     presearcing end
09:28:12     start searching
09:28:12     searching 1 page
09:28:13     searching 2 page
09:28:14     searching 3 page
09:28:15     searching 4 page
09:28:16     searching 5 page
09:28:17     end searcing
09:28:17     4
09:28:17     33 OK
09:28:17     
09:28:17     SUBMISSION 1335 starting
09:28:17     
09:28:17     123123
09:28:17     mission start
09:28:17     presearcing
09:28:17     there is about 1260000 page in result
09:28:17     presearcing end
09:28:17     start searching
09:28:17     searching 1 page
09:28:18     searching 2 page
09:28:20     searching 3 page
09:28:20     searching 4 page
09:28:21     searching 5 page
09:28:22     end searcing
09:28:22     4
09:28:22     1335 OK
09:28:22     
09:28:22     SUBMISSION 1342 starting
09:28:22     
09:28:22     there is a process running
09:28:22     1342 FAIED
09:28:22     
