18:02:01     There is 5  missions to process
18:02:01     INSERTED: 0
18:02:01     UPDATED: 0
18:02:01     REBUILD: 0
18:02:01     
18:02:01     MISSIONS  START
18:02:01     
18:02:01     SUBMISSION 12 starting
18:02:01     
18:02:01     test
18:02:01     mission start
18:02:01     presearcing
18:02:02     there is about 54500000 page in result
18:02:02     presearcing end
18:02:02     start searching
18:02:02     searching 1 page
18:02:03     searching 2 page
18:02:04     searching 3 page
18:02:04     searching 4 page
18:02:05     searching 5 page
18:02:07     end searcing
18:02:07     4
18:02:07     12 OK
18:02:07     
18:02:07     SUBMISSION 1333 starting
18:02:07     
18:02:07     123123
18:02:07     mission start
18:02:07     presearcing
18:02:08     there is about 1260000 page in result
18:02:08     presearcing end
18:02:08     start searching
18:02:08     searching 1 page
18:02:09     searching 2 page
18:02:10     searching 3 page
18:02:11     searching 4 page
18:02:13     searching 5 page
18:02:14     end searcing
18:02:14     4
18:02:14     1333 OK
18:02:14     
18:02:14     SUBMISSION 33 starting
18:02:14     
18:02:14     demo
18:02:14     mission start
18:02:14     presearcing
18:02:15     there is about 90700000 page in result
18:02:15     presearcing end
18:02:15     start searching
18:02:15     searching 1 page
18:02:16     searching 2 page
18:02:17     searching 3 page
18:02:18     searching 4 page
18:02:18     searching 5 page
18:02:19     end searcing
18:02:19     4
18:02:19     33 OK
18:02:19     
18:02:19     SUBMISSION 1335 starting
18:02:19     
18:02:19     123123
18:02:19     mission start
18:02:19     presearcing
18:02:20     there is about 1260000 page in result
18:02:20     presearcing end
18:02:20     start searching
18:02:20     searching 1 page
18:02:21     searching 2 page
18:02:22     searching 3 page
18:02:23     searching 4 page
18:02:24     searching 5 page
18:02:25     end searcing
18:02:25     4
18:02:25     1335 OK
18:02:25     
18:02:25     SUBMISSION 1342 starting
18:02:25     
18:02:25     demo
18:02:25     mission start
18:02:25     presearcing
18:02:26     there is about 90700000 page in result
18:02:26     presearcing end
18:02:26     start searching
18:02:26     searching 1 page
18:02:27     searching 2 page
18:02:28     searching 3 page
18:02:28     searching 4 page
18:02:29     searching 5 page
18:02:30     end searcing
18:02:30     4
18:02:30     1342 OK
18:02:30     
