09:38:01     There is 5  missions to process
09:38:01     INSERTED: 0
09:38:01     UPDATED: 0
09:38:01     REBUILD: 0
09:38:01     
09:38:01     MISSIONS  START
09:38:01     
09:38:01     SUBMISSION 12 starting
09:38:01     
09:38:01     test
09:38:01     mission start
09:38:01     presearcing
09:38:02     there is about 54500000 page in result
09:38:02     presearcing end
09:38:02     start searching
09:38:02     searching 1 page
09:38:02     searching 2 page
09:38:03     searching 3 page
09:38:04     searching 4 page
09:38:05     searching 5 page
09:38:06     end searcing
09:38:06     4
09:38:06     12 OK
09:38:06     
09:38:06     SUBMISSION 1333 starting
09:38:06     
09:38:06     123123
09:38:06     mission start
09:38:06     presearcing
09:38:06     there is about 1260000 page in result
09:38:06     presearcing end
09:38:06     start searching
09:38:06     searching 1 page
09:38:07     searching 2 page
09:38:08     searching 3 page
09:38:09     searching 4 page
09:38:10     searching 5 page
09:38:11     end searcing
09:38:11     4
09:38:11     1333 OK
09:38:11     
09:38:11     SUBMISSION 33 starting
09:38:11     
09:38:11     demo
09:38:11     mission start
09:38:11     presearcing
09:38:11     there is about 90700000 page in result
09:38:11     presearcing end
09:38:11     start searching
09:38:11     searching 1 page
09:38:12     searching 2 page
09:38:13     searching 3 page
09:38:14     searching 4 page
09:38:15     searching 5 page
09:38:16     end searcing
09:38:16     4
09:38:16     33 OK
09:38:16     
09:38:16     SUBMISSION 1335 starting
09:38:16     
09:38:16     123123
09:38:16     mission start
09:38:16     presearcing
09:38:16     there is about 1260000 page in result
09:38:16     presearcing end
09:38:16     start searching
09:38:16     searching 1 page
09:38:17     searching 2 page
09:38:18     searching 3 page
09:38:19     searching 4 page
09:38:20     searching 5 page
09:38:20     end searcing
09:38:20     4
09:38:20     1335 OK
09:38:20     
09:38:20     SUBMISSION 1342 starting
09:38:20     
09:38:20     there is a process running
09:38:20     1342 FAIED
09:38:20     
