08:54:02     There is 5  missions to process
08:54:02     INSERTED: 0
08:54:02     UPDATED: 0
08:54:02     REBUILD: 0
08:54:02     
08:54:02     MISSIONS  START
08:54:02     
08:54:02     SUBMISSION 12 starting
08:54:02     
08:54:02     test
08:54:02     mission start
08:54:02     presearcing
08:54:02     there is about 54500000 page in result
08:54:02     presearcing end
08:54:02     start searching
08:54:02     searching 1 page
08:54:03     searching 2 page
08:54:04     searching 3 page
08:54:05     searching 4 page
08:54:06     searching 5 page
08:54:06     end searcing
08:54:06     4
08:54:06     12 OK
08:54:06     
08:54:06     SUBMISSION 1333 starting
08:54:06     
08:54:06     123123
08:54:06     mission start
08:54:06     presearcing
08:54:07     there is about 1260000 page in result
08:54:07     presearcing end
08:54:07     start searching
08:54:07     searching 1 page
08:54:08     searching 2 page
08:54:09     searching 3 page
08:54:10     searching 4 page
08:54:11     searching 5 page
08:54:11     end searcing
08:54:11     4
08:54:11     1333 OK
08:54:11     
08:54:11     SUBMISSION 33 starting
08:54:11     
08:54:11     demo
08:54:11     mission start
08:54:11     presearcing
08:54:12     there is about 90700000 page in result
08:54:12     presearcing end
08:54:12     start searching
08:54:12     searching 1 page
08:54:13     searching 2 page
08:54:14     searching 3 page
08:54:15     searching 4 page
08:54:16     searching 5 page
08:54:17     end searcing
08:54:17     4
08:54:17     33 OK
08:54:17     
08:54:17     SUBMISSION 1335 starting
08:54:17     
08:54:17     123123
08:54:17     mission start
08:54:17     presearcing
08:54:17     there is about 1260000 page in result
08:54:17     presearcing end
08:54:17     start searching
08:54:17     searching 1 page
08:54:18     searching 2 page
08:54:19     searching 3 page
08:54:20     searching 4 page
08:54:21     searching 5 page
08:54:21     end searcing
08:54:21     4
08:54:21     1335 OK
08:54:21     
08:54:21     SUBMISSION 1342 starting
08:54:21     
08:54:21     there is a process running
08:54:21     1342 FAIED
08:54:21     
