17:07:01     There is 5  missions to process
17:07:01     INSERTED: 0
17:07:01     UPDATED: 0
17:07:01     REBUILD: 0
17:07:01     
17:07:01     MISSIONS  START
17:07:01     
17:07:01     SUBMISSION 12 starting
17:07:01     
17:07:01     test
17:07:01     mission start
17:07:01     presearcing
17:07:02     there is about 313000000 page in result
17:07:02     presearcing end
17:07:02     start searching
17:07:02     searching 1 page
17:07:03     searching 2 page
17:07:04     searching 3 page
17:07:05     searching 4 page
17:07:06     searching 5 page
17:07:07     end searcing
17:07:07     4
17:07:07     12 OK
17:07:07     
17:07:07     SUBMISSION 1333 starting
17:07:07     
17:07:07     123123
17:07:07     mission start
17:07:07     presearcing
17:07:08     there is about 1260000 page in result
17:07:08     presearcing end
17:07:08     start searching
17:07:08     searching 1 page
17:07:08     searching 2 page
17:07:09     searching 3 page
17:07:10     searching 4 page
17:07:11     searching 5 page
17:07:12     end searcing
17:07:12     4
17:07:12     1333 OK
17:07:12     
17:07:12     SUBMISSION 33 starting
17:07:12     
17:07:12     demo
17:07:12     mission start
17:07:12     presearcing
17:07:13     there is about 90800000 page in result
17:07:13     presearcing end
17:07:13     start searching
17:07:13     searching 1 page
17:07:14     searching 2 page
17:07:15     searching 3 page
17:07:15     searching 4 page
17:07:17     searching 5 page
17:07:18     end searcing
17:07:18     4
17:07:18     33 OK
17:07:18     
17:07:18     SUBMISSION 1335 starting
17:07:18     
17:07:18     xcvxcvxvc
17:07:18     mission start
17:07:18     presearcing
17:07:19     there is about 491 page in result
17:07:19     presearcing end
17:07:19     start searching
17:07:19     searching 1 page
17:07:19     searching 2 page
17:07:20     searching 3 page
17:07:21     searching 4 page
17:07:22     searching 5 page
17:07:23     end searcing
17:07:23     4
17:07:23     1335 OK
17:07:23     
17:07:23     SUBMISSION 1342 starting
17:07:23     
17:07:23     demo
17:07:23     mission start
17:07:23     presearcing
17:07:24     there is about 90800000 page in result
17:07:24     presearcing end
17:07:24     start searching
17:07:24     searching 1 page
17:07:25     searching 2 page
17:07:26     searching 3 page
17:07:27     searching 4 page
17:07:28     searching 5 page
17:07:29     end searcing
17:07:29     4
17:07:29     1342 OK
17:07:29     
