09:41:01     There is 5  missions to process
09:41:01     INSERTED: 0
09:41:01     UPDATED: 0
09:41:01     REBUILD: 0
09:41:01     
09:41:01     MISSIONS  START
09:41:01     
09:41:01     SUBMISSION 12 starting
09:41:01     
09:41:01     test
09:41:01     mission start
09:41:01     presearcing
09:41:03     there is about 54500000 page in result
09:41:03     presearcing end
09:41:03     start searching
09:41:03     searching 1 page
09:41:04     searching 2 page
09:41:04     searching 3 page
09:41:05     searching 4 page
09:41:06     searching 5 page
09:41:07     end searcing
09:41:07     4
09:41:07     12 OK
09:41:07     
09:41:07     SUBMISSION 1333 starting
09:41:07     
09:41:07     123123
09:41:07     mission start
09:41:07     presearcing
09:41:08     there is about 1260000 page in result
09:41:08     presearcing end
09:41:08     start searching
09:41:08     searching 1 page
09:41:09     searching 2 page
09:41:10     searching 3 page
09:41:12     searching 4 page
09:41:13     searching 5 page
09:41:14     end searcing
09:41:14     4
09:41:14     1333 OK
09:41:14     
09:41:14     SUBMISSION 33 starting
09:41:14     
09:41:14     demo
09:41:14     mission start
09:41:14     presearcing
09:41:15     there is about 90700000 page in result
09:41:15     presearcing end
09:41:15     start searching
09:41:15     searching 1 page
09:41:16     searching 2 page
09:41:17     searching 3 page
09:41:18     searching 4 page
09:41:19     searching 5 page
09:41:23     end searcing
09:41:23     4
09:41:23     33 OK
09:41:23     
09:41:23     SUBMISSION 1335 starting
09:41:23     
09:41:23     123123
09:41:23     mission start
09:41:23     presearcing
09:41:24     there is about 1260000 page in result
09:41:24     presearcing end
09:41:24     start searching
09:41:24     searching 1 page
09:41:26     searching 2 page
09:41:26     searching 3 page
09:41:27     searching 4 page
09:41:28     searching 5 page
09:41:29     end searcing
09:41:29     4
09:41:29     1335 OK
09:41:29     
09:41:29     SUBMISSION 1342 starting
09:41:29     
09:41:29     there is a process running
09:41:29     1342 FAIED
09:41:29     
