09:39:01     There is 5  missions to process
09:39:01     INSERTED: 0
09:39:01     UPDATED: 0
09:39:01     REBUILD: 0
09:39:01     
09:39:01     MISSIONS  START
09:39:01     
09:39:01     SUBMISSION 12 starting
09:39:01     
09:39:01     test
09:39:01     mission start
09:39:01     presearcing
09:39:03     there is about 54500000 page in result
09:39:03     presearcing end
09:39:03     start searching
09:39:03     searching 1 page
09:39:04     searching 2 page
09:39:05     searching 3 page
09:39:06     searching 4 page
09:39:07     searching 5 page
09:39:08     end searcing
09:39:08     4
09:39:08     12 OK
09:39:08     
09:39:08     SUBMISSION 1333 starting
09:39:08     
09:39:08     123123
09:39:08     mission start
09:39:08     presearcing
09:39:09     there is about 1260000 page in result
09:39:09     presearcing end
09:39:09     start searching
09:39:09     searching 1 page
09:39:10     searching 2 page
09:39:11     searching 3 page
09:39:12     searching 4 page
09:39:12     searching 5 page
09:39:13     end searcing
09:39:13     4
09:39:13     1333 OK
09:39:13     
09:39:13     SUBMISSION 33 starting
09:39:13     
09:39:13     demo
09:39:13     mission start
09:39:13     presearcing
09:39:14     there is about 90700000 page in result
09:39:14     presearcing end
09:39:14     start searching
09:39:14     searching 1 page
09:39:15     searching 2 page
09:39:16     searching 3 page
09:39:17     searching 4 page
09:39:18     searching 5 page
09:39:18     end searcing
09:39:18     4
09:39:18     33 OK
09:39:18     
09:39:18     SUBMISSION 1335 starting
09:39:18     
09:39:18     123123
09:39:18     mission start
09:39:18     presearcing
09:39:19     there is about 1260000 page in result
09:39:19     presearcing end
09:39:19     start searching
09:39:19     searching 1 page
09:39:20     searching 2 page
09:39:21     searching 3 page
09:39:22     searching 4 page
09:39:22     searching 5 page
09:39:23     end searcing
09:39:23     4
09:39:23     1335 OK
09:39:23     
09:39:23     SUBMISSION 1342 starting
09:39:23     
09:39:23     there is a process running
09:39:23     1342 FAIED
09:39:23     
