09:32:01     There is 5  missions to process
09:32:01     INSERTED: 0
09:32:01     UPDATED: 0
09:32:01     REBUILD: 0
09:32:01     
09:32:01     MISSIONS  START
09:32:01     
09:32:01     SUBMISSION 12 starting
09:32:01     
09:32:01     test
09:32:01     mission start
09:32:01     presearcing
09:32:02     there is about 54500000 page in result
09:32:02     presearcing end
09:32:02     start searching
09:32:02     searching 1 page
09:32:03     searching 2 page
09:32:04     searching 3 page
09:32:05     searching 4 page
09:32:05     searching 5 page
09:32:06     end searcing
09:32:06     4
09:32:06     12 OK
09:32:06     
09:32:06     SUBMISSION 1333 starting
09:32:06     
09:32:06     123123
09:32:06     mission start
09:32:06     presearcing
09:32:07     there is about 1260000 page in result
09:32:07     presearcing end
09:32:07     start searching
09:32:07     searching 1 page
09:32:08     searching 2 page
09:32:10     searching 3 page
09:32:13     searching 4 page
09:32:15     searching 5 page
09:32:16     end searcing
09:32:16     4
09:32:16     1333 OK
09:32:16     
09:32:16     SUBMISSION 33 starting
09:32:16     
09:32:16     demo
09:32:16     mission start
09:32:16     presearcing
09:32:17     there is about 90700000 page in result
09:32:17     presearcing end
09:32:17     start searching
09:32:17     searching 1 page
09:32:20     searching 2 page
09:32:26     searching 3 page
09:32:30     searching 4 page
09:32:33     searching 5 page
09:32:37     end searcing
09:32:37     4
09:32:37     33 OK
09:32:37     
09:32:37     SUBMISSION 1335 starting
09:32:37     
09:32:37     123123
09:32:37     mission start
09:32:37     presearcing
09:32:48     there is about 1260000 page in result
09:32:48     presearcing end
09:32:48     start searching
09:32:48     searching 1 page
09:32:58     searching 2 page
09:33:05     searching 3 page
09:33:08     searching 4 page
09:33:11     searching 5 page
09:33:12     end searcing
09:33:12     4
09:33:12     1335 OK
09:33:12     
09:33:12     SUBMISSION 1342 starting
09:33:12     
09:33:12     there is a process running
09:33:12     1342 FAIED
09:33:12     
