09:05:01     There is 5  missions to process
09:05:01     INSERTED: 0
09:05:01     UPDATED: 0
09:05:01     REBUILD: 0
09:05:01     
09:05:01     MISSIONS  START
09:05:01     
09:05:01     SUBMISSION 12 starting
09:05:01     
09:05:01     test
09:05:01     mission start
09:05:01     presearcing
09:05:02     there is about 54500000 page in result
09:05:02     presearcing end
09:05:02     start searching
09:05:02     searching 1 page
09:05:03     searching 2 page
09:05:04     searching 3 page
09:05:05     searching 4 page
09:05:06     searching 5 page
09:05:09     end searcing
09:05:09     4
09:05:09     12 OK
09:05:09     
09:05:09     SUBMISSION 1333 starting
09:05:09     
09:05:09     123123
09:05:09     mission start
09:05:09     presearcing
09:05:10     there is about 1260000 page in result
09:05:10     presearcing end
09:05:10     start searching
09:05:10     searching 1 page
09:05:11     searching 2 page
09:05:12     searching 3 page
09:05:13     searching 4 page
09:05:14     searching 5 page
09:05:15     end searcing
09:05:15     4
09:05:15     1333 OK
09:05:15     
09:05:15     SUBMISSION 33 starting
09:05:15     
09:05:15     demo
09:05:15     mission start
09:05:15     presearcing
09:05:15     there is about 90700000 page in result
09:05:15     presearcing end
09:05:15     start searching
09:05:15     searching 1 page
09:05:16     searching 2 page
09:05:17     searching 3 page
09:05:18     searching 4 page
09:05:19     searching 5 page
09:05:20     end searcing
09:05:20     4
09:05:20     33 OK
09:05:20     
09:05:20     SUBMISSION 1335 starting
09:05:20     
09:05:20     123123
09:05:20     mission start
09:05:20     presearcing
09:05:21     there is about 1260000 page in result
09:05:21     presearcing end
09:05:21     start searching
09:05:21     searching 1 page
09:05:21     searching 2 page
09:05:22     searching 3 page
09:05:23     searching 4 page
09:05:24     searching 5 page
09:05:25     end searcing
09:05:25     4
09:05:25     1335 OK
09:05:25     
09:05:25     SUBMISSION 1342 starting
09:05:25     
09:05:25     there is a process running
09:05:25     1342 FAIED
09:05:25     
