09:53:01     There is 5  missions to process
09:53:01     INSERTED: 0
09:53:01     UPDATED: 0
09:53:01     REBUILD: 0
09:53:01     
09:53:01     MISSIONS  START
09:53:01     
09:53:01     SUBMISSION 12 starting
09:53:01     
09:53:01     test
09:53:01     mission start
09:53:01     presearcing
09:53:04     there is about 54500000 page in result
09:53:04     presearcing end
09:53:04     start searching
09:53:04     searching 1 page
09:53:05     searching 2 page
09:53:06     searching 3 page
09:53:07     searching 4 page
09:53:08     searching 5 page
09:53:09     end searcing
09:53:09     4
09:53:09     12 OK
09:53:09     
09:53:09     SUBMISSION 1333 starting
09:53:09     
09:53:09     123123
09:53:09     mission start
09:53:09     presearcing
09:53:10     there is about 1260000 page in result
09:53:10     presearcing end
09:53:10     start searching
09:53:10     searching 1 page
09:53:11     searching 2 page
09:53:12     searching 3 page
09:53:13     searching 4 page
09:53:13     searching 5 page
09:53:14     end searcing
09:53:14     4
09:53:14     1333 OK
09:53:14     
09:53:14     SUBMISSION 33 starting
09:53:14     
09:53:14     demo
09:53:14     mission start
09:53:14     presearcing
09:53:16     there is about 90700000 page in result
09:53:16     presearcing end
09:53:16     start searching
09:53:16     searching 1 page
09:53:17     searching 2 page
09:53:19     searching 3 page
09:53:20     searching 4 page
09:53:21     searching 5 page
09:53:22     end searcing
09:53:22     4
09:53:22     33 OK
09:53:22     
09:53:22     SUBMISSION 1335 starting
09:53:22     
09:53:22     123123
09:53:22     mission start
09:53:22     presearcing
09:53:23     there is about 1260000 page in result
09:53:23     presearcing end
09:53:23     start searching
09:53:23     searching 1 page
09:53:24     searching 2 page
09:53:25     searching 3 page
09:53:25     searching 4 page
09:53:26     searching 5 page
09:53:27     end searcing
09:53:27     4
09:53:27     1335 OK
09:53:27     
09:53:27     SUBMISSION 1342 starting
09:53:27     
09:53:27     there is a process running
09:53:27     1342 FAIED
09:53:27     
