16:49:01     There is 5  missions to process
16:49:01     INSERTED: 0
16:49:01     UPDATED: 0
16:49:01     REBUILD: 0
16:49:01     
16:49:01     MISSIONS  START
16:49:01     
16:49:01     SUBMISSION 12 starting
16:49:01     
16:49:01     test
16:49:01     mission start
16:49:01     presearcing
16:49:02     there is about 313000000 page in result
16:49:02     presearcing end
16:49:02     start searching
16:49:02     searching 1 page
16:49:03     searching 2 page
16:49:04     searching 3 page
16:49:05     searching 4 page
16:49:06     searching 5 page
16:49:07     end searcing
16:49:07     4
16:49:07     12 OK
16:49:07     
16:49:07     SUBMISSION 1333 starting
16:49:07     
16:49:07     123123
16:49:07     mission start
16:49:07     presearcing
16:49:08     there is about 1260000 page in result
16:49:08     presearcing end
16:49:08     start searching
16:49:08     searching 1 page
16:49:09     searching 2 page
16:49:10     searching 3 page
16:49:11     searching 4 page
16:49:12     searching 5 page
16:49:13     end searcing
16:49:13     4
16:49:13     1333 OK
16:49:13     
16:49:13     SUBMISSION 33 starting
16:49:13     
16:49:13     demo
16:49:13     mission start
16:49:13     presearcing
16:49:14     there is about 90800000 page in result
16:49:14     presearcing end
16:49:14     start searching
16:49:14     searching 1 page
16:49:14     searching 2 page
16:49:15     searching 3 page
16:49:16     searching 4 page
16:49:17     searching 5 page
16:49:18     end searcing
16:49:18     4
16:49:18     33 OK
16:49:18     
16:49:18     SUBMISSION 1335 starting
16:49:18     
16:49:18     xcvxcvxvc
16:49:18     mission start
16:49:18     presearcing
16:49:19     there is about 491 page in result
16:49:19     presearcing end
16:49:19     start searching
16:49:19     searching 1 page
16:49:20     searching 2 page
16:49:21     searching 3 page
16:49:22     searching 4 page
16:49:23     searching 5 page
16:49:24     end searcing
16:49:24     4
16:49:24     1335 OK
16:49:24     
16:49:24     SUBMISSION 1342 starting
16:49:24     
16:49:24     demo
16:49:24     mission start
16:49:24     presearcing
16:49:24     there is about 90800000 page in result
16:49:24     presearcing end
16:49:24     start searching
16:49:24     searching 1 page
16:49:25     searching 2 page
16:49:26     searching 3 page
16:49:27     searching 4 page
16:49:28     searching 5 page
16:49:31     end searcing
16:49:31     4
16:49:31     1342 OK
16:49:31     
