09:58:01     There is 5  missions to process
09:58:01     INSERTED: 0
09:58:01     UPDATED: 0
09:58:01     REBUILD: 0
09:58:01     
09:58:01     MISSIONS  START
09:58:01     
09:58:01     SUBMISSION 12 starting
09:58:01     
09:58:01     test
09:58:01     mission start
09:58:01     presearcing
09:58:02     there is about 54500000 page in result
09:58:02     presearcing end
09:58:02     start searching
09:58:02     searching 1 page
09:58:03     searching 2 page
09:58:04     searching 3 page
09:58:05     searching 4 page
09:58:06     searching 5 page
09:58:07     end searcing
09:58:07     4
09:58:07     12 OK
09:58:07     
09:58:07     SUBMISSION 1333 starting
09:58:07     
09:58:07     123123
09:58:07     mission start
09:58:07     presearcing
09:58:08     there is about 1260000 page in result
09:58:08     presearcing end
09:58:08     start searching
09:58:08     searching 1 page
09:58:09     searching 2 page
09:58:09     searching 3 page
09:58:10     searching 4 page
09:58:11     searching 5 page
09:58:12     end searcing
09:58:12     4
09:58:12     1333 OK
09:58:12     
09:58:12     SUBMISSION 33 starting
09:58:12     
09:58:12     demo
09:58:12     mission start
09:58:12     presearcing
09:58:13     there is about 90700000 page in result
09:58:13     presearcing end
09:58:13     start searching
09:58:13     searching 1 page
09:58:14     searching 2 page
09:58:15     searching 3 page
09:58:16     searching 4 page
09:58:17     searching 5 page
09:58:18     end searcing
09:58:18     4
09:58:18     33 OK
09:58:18     
09:58:18     SUBMISSION 1335 starting
09:58:18     
09:58:18     123123
09:58:18     mission start
09:58:18     presearcing
09:58:19     there is about 1260000 page in result
09:58:19     presearcing end
09:58:19     start searching
09:58:19     searching 1 page
09:58:20     searching 2 page
09:58:21     searching 3 page
09:58:23     searching 4 page
09:58:24     searching 5 page
09:58:25     end searcing
09:58:25     4
09:58:25     1335 OK
09:58:25     
09:58:25     SUBMISSION 1342 starting
09:58:25     
09:58:25     there is a process running
09:58:25     1342 FAIED
09:58:25     
