18:28:01     There is 5  missions to process
18:28:01     INSERTED: 0
18:28:01     UPDATED: 0
18:28:01     REBUILD: 0
18:28:01     
18:28:01     MISSIONS  START
18:28:01     
18:28:01     SUBMISSION 12 starting
18:28:01     
18:28:01     test
18:28:01     mission start
18:28:01     presearcing
18:28:01     there is about 54500000 page in result
18:28:01     presearcing end
18:28:01     start searching
18:28:01     searching 1 page
18:28:02     searching 2 page
18:28:06     searching 3 page
18:28:07     searching 4 page
18:28:08     searching 5 page
18:28:09     end searcing
18:28:09     4
18:28:09     12 OK
18:28:09     
18:28:09     SUBMISSION 1333 starting
18:28:09     
18:28:09     123123
18:28:09     mission start
18:28:09     presearcing
18:28:10     there is about 1260000 page in result
18:28:10     presearcing end
18:28:10     start searching
18:28:10     searching 1 page
18:28:11     searching 2 page
18:28:12     searching 3 page
18:28:13     searching 4 page
18:28:14     searching 5 page
18:28:15     end searcing
18:28:15     4
18:28:15     1333 OK
18:28:15     
18:28:15     SUBMISSION 33 starting
18:28:15     
18:28:15     demo
18:28:15     mission start
18:28:15     presearcing
18:28:16     there is about 90700000 page in result
18:28:16     presearcing end
18:28:16     start searching
18:28:16     searching 1 page
18:28:17     searching 2 page
18:28:18     searching 3 page
18:28:19     searching 4 page
18:28:20     searching 5 page
18:28:22     end searcing
18:28:22     4
18:28:22     33 OK
18:28:22     
18:28:22     SUBMISSION 1335 starting
18:28:22     
18:28:22     123123
18:28:22     mission start
18:28:22     presearcing
18:28:23     there is about 1260000 page in result
18:28:23     presearcing end
18:28:23     start searching
18:28:23     searching 1 page
18:28:24     searching 2 page
18:28:25     searching 3 page
18:28:26     searching 4 page
18:28:27     searching 5 page
18:28:28     end searcing
18:28:28     4
18:28:28     1335 OK
18:28:28     
18:28:28     SUBMISSION 1342 starting
18:28:28     
18:28:28     demo
18:28:28     mission start
18:28:28     presearcing
18:28:29     there is about 90700000 page in result
18:28:29     presearcing end
18:28:29     start searching
18:28:29     searching 1 page
18:28:30     searching 2 page
18:28:32     searching 3 page
18:28:33     searching 4 page
18:28:34     searching 5 page
18:28:35     end searcing
18:28:35     4
18:28:35     1342 OK
18:28:35     
