17:35:01     There is 5  missions to process
17:35:01     INSERTED: 0
17:35:01     UPDATED: 0
17:35:01     REBUILD: 0
17:35:01     
17:35:01     MISSIONS  START
17:35:01     
17:35:01     SUBMISSION 12 starting
17:35:01     
17:35:01     test
17:35:01     mission start
17:35:01     presearcing
17:35:03     there is about 54500000 page in result
17:35:03     presearcing end
17:35:03     start searching
17:35:03     searching 1 page
17:35:04     searching 2 page
17:35:05     searching 3 page
17:35:05     searching 4 page
17:35:06     searching 5 page
17:35:07     end searcing
17:35:07     4
17:35:07     12 OK
17:35:07     
17:35:07     SUBMISSION 1333 starting
17:35:07     
17:35:07     123123
17:35:07     mission start
17:35:07     presearcing
17:35:08     there is about 1260000 page in result
17:35:08     presearcing end
17:35:08     start searching
17:35:08     searching 1 page
17:35:09     searching 2 page
17:35:10     searching 3 page
17:35:12     searching 4 page
17:35:13     searching 5 page
17:35:14     end searcing
17:35:14     4
17:35:14     1333 OK
17:35:14     
17:35:14     SUBMISSION 33 starting
17:35:14     
17:35:14     demo
17:35:14     mission start
17:35:14     presearcing
17:35:15     there is about 90700000 page in result
17:35:15     presearcing end
17:35:15     start searching
17:35:15     searching 1 page
17:35:16     searching 2 page
17:35:17     searching 3 page
17:35:18     searching 4 page
17:35:19     searching 5 page
17:35:20     end searcing
17:35:20     4
17:35:20     33 OK
17:35:20     
17:35:20     SUBMISSION 1335 starting
17:35:20     
17:35:20     123123
17:35:20     mission start
17:35:20     presearcing
17:35:21     there is about 1260000 page in result
17:35:21     presearcing end
17:35:21     start searching
17:35:21     searching 1 page
17:35:22     searching 2 page
17:35:23     searching 3 page
17:35:24     searching 4 page
17:35:25     searching 5 page
17:35:26     end searcing
17:35:26     4
17:35:26     1335 OK
17:35:26     
17:35:26     SUBMISSION 1342 starting
17:35:26     
17:35:26     demo
17:35:26     mission start
17:35:26     presearcing
17:35:27     there is about 90700000 page in result
17:35:27     presearcing end
17:35:27     start searching
17:35:27     searching 1 page
17:35:28     searching 2 page
17:35:29     searching 3 page
17:35:30     searching 4 page
17:35:31     searching 5 page
17:35:32     end searcing
17:35:32     4
17:35:32     1342 OK
17:35:32     
