08:27:01     There is 5  missions to process
08:27:01     INSERTED: 0
08:27:01     UPDATED: 0
08:27:01     REBUILD: 0
08:27:01     
08:27:01     MISSIONS  START
08:27:01     
08:27:01     SUBMISSION 12 starting
08:27:01     
08:27:01     test
08:27:01     mission start
08:27:01     presearcing
08:27:01     there is about 54500000 page in result
08:27:01     presearcing end
08:27:01     start searching
08:27:01     searching 1 page
08:27:02     searching 2 page
08:27:03     searching 3 page
08:27:04     searching 4 page
08:27:05     searching 5 page
08:27:06     end searcing
08:27:06     4
08:27:06     12 OK
08:27:06     
08:27:06     SUBMISSION 1333 starting
08:27:06     
08:27:06     123123
08:27:06     mission start
08:27:06     presearcing
08:27:06     there is about 1260000 page in result
08:27:06     presearcing end
08:27:06     start searching
08:27:06     searching 1 page
08:27:07     searching 2 page
08:27:08     searching 3 page
08:27:09     searching 4 page
08:27:10     searching 5 page
08:27:10     end searcing
08:27:10     4
08:27:10     1333 OK
08:27:10     
08:27:10     SUBMISSION 33 starting
08:27:10     
08:27:10     demo
08:27:10     mission start
08:27:10     presearcing
08:27:11     there is about 90700000 page in result
08:27:11     presearcing end
08:27:11     start searching
08:27:11     searching 1 page
08:27:12     searching 2 page
08:27:14     searching 3 page
08:27:16     searching 4 page
08:27:17     searching 5 page
08:27:18     end searcing
08:27:18     4
08:27:18     33 OK
08:27:18     
08:27:18     SUBMISSION 1335 starting
08:27:18     
08:27:18     123123
08:27:18     mission start
08:27:18     presearcing
08:27:19     there is about 1260000 page in result
08:27:19     presearcing end
08:27:19     start searching
08:27:19     searching 1 page
08:27:20     searching 2 page
08:27:20     searching 3 page
08:27:21     searching 4 page
08:27:22     searching 5 page
08:27:23     end searcing
08:27:23     4
08:27:23     1335 OK
08:27:23     
08:27:23     SUBMISSION 1342 starting
08:27:23     
08:27:23     there is a process running
08:27:23     1342 FAIED
08:27:23     
