18:30:01     There is 5  missions to process
18:30:01     INSERTED: 0
18:30:01     UPDATED: 0
18:30:01     REBUILD: 0
18:30:01     
18:30:01     MISSIONS  START
18:30:01     
18:30:01     SUBMISSION 12 starting
18:30:01     
18:30:01     test
18:30:01     mission start
18:30:01     presearcing
18:30:02     there is about 54500000 page in result
18:30:02     presearcing end
18:30:02     start searching
18:30:02     searching 1 page
18:30:03     searching 2 page
18:30:03     searching 3 page
18:30:04     searching 4 page
18:30:05     searching 5 page
18:30:07     end searcing
18:30:07     4
18:30:07     12 OK
18:30:07     
18:30:07     SUBMISSION 1333 starting
18:30:07     
18:30:07     123123
18:30:07     mission start
18:30:07     presearcing
18:30:08     there is about 1260000 page in result
18:30:08     presearcing end
18:30:08     start searching
18:30:08     searching 1 page
18:30:09     searching 2 page
18:30:10     searching 3 page
18:30:11     searching 4 page
18:30:12     searching 5 page
18:30:13     end searcing
18:30:13     4
18:30:13     1333 OK
18:30:13     
18:30:13     SUBMISSION 33 starting
18:30:13     
18:30:13     demo
18:30:13     mission start
18:30:13     presearcing
18:30:14     there is about 90700000 page in result
18:30:14     presearcing end
18:30:14     start searching
18:30:14     searching 1 page
18:30:15     searching 2 page
18:30:16     searching 3 page
18:30:17     searching 4 page
18:30:18     searching 5 page
18:30:19     end searcing
18:30:19     4
18:30:19     33 OK
18:30:19     
18:30:19     SUBMISSION 1335 starting
18:30:19     
18:30:19     123123
18:30:19     mission start
18:30:19     presearcing
18:30:20     there is about 1260000 page in result
18:30:20     presearcing end
18:30:20     start searching
18:30:20     searching 1 page
18:30:21     searching 2 page
18:30:22     searching 3 page
18:30:23     searching 4 page
18:30:24     searching 5 page
18:30:25     end searcing
18:30:25     4
18:30:25     1335 OK
18:30:25     
18:30:25     SUBMISSION 1342 starting
18:30:25     
18:30:25     demo
18:30:25     mission start
18:30:25     presearcing
18:30:26     there is about 90700000 page in result
18:30:26     presearcing end
18:30:26     start searching
18:30:26     searching 1 page
18:30:27     searching 2 page
18:30:28     searching 3 page
18:30:29     searching 4 page
18:30:30     searching 5 page
18:30:32     end searcing
18:30:32     4
18:30:32     1342 OK
18:30:32     
