16:47:01     There is 5  missions to process
16:47:01     INSERTED: 0
16:47:01     UPDATED: 0
16:47:01     REBUILD: 0
16:47:01     
16:47:01     MISSIONS  START
16:47:01     
16:47:01     SUBMISSION 12 starting
16:47:01     
16:47:01     test
16:47:01     mission start
16:47:01     presearcing
16:47:02     there is about 313000000 page in result
16:47:02     presearcing end
16:47:02     start searching
16:47:02     searching 1 page
16:47:03     searching 2 page
16:47:03     searching 3 page
16:47:04     searching 4 page
16:47:05     searching 5 page
16:47:06     end searcing
16:47:06     4
16:47:06     12 OK
16:47:06     
16:47:06     SUBMISSION 1333 starting
16:47:06     
16:47:06     123123
16:47:06     mission start
16:47:06     presearcing
16:47:07     there is about 1260000 page in result
16:47:07     presearcing end
16:47:07     start searching
16:47:07     searching 1 page
16:47:08     searching 2 page
16:47:09     searching 3 page
16:47:10     searching 4 page
16:47:11     searching 5 page
16:47:12     end searcing
16:47:12     4
16:47:12     1333 OK
16:47:12     
16:47:12     SUBMISSION 33 starting
16:47:12     
16:47:12     demo
16:47:12     mission start
16:47:12     presearcing
16:47:14     there is about 90800000 page in result
16:47:14     presearcing end
16:47:14     start searching
16:47:14     searching 1 page
16:47:15     searching 2 page
16:47:18     searching 3 page
16:47:19     searching 4 page
16:47:20     searching 5 page
16:47:21     end searcing
16:47:21     4
16:47:21     33 OK
16:47:21     
16:47:21     SUBMISSION 1335 starting
16:47:21     
16:47:21     xcvxcvxvc
16:47:21     mission start
16:47:21     presearcing
16:47:22     there is about 491 page in result
16:47:22     presearcing end
16:47:22     start searching
16:47:22     searching 1 page
16:47:23     searching 2 page
16:47:24     searching 3 page
16:47:25     searching 4 page
16:47:26     searching 5 page
16:47:27     end searcing
16:47:27     4
16:47:27     1335 OK
16:47:27     
16:47:27     SUBMISSION 1342 starting
16:47:27     
16:47:27     demo
16:47:27     mission start
16:47:27     presearcing
16:47:28     there is about 90800000 page in result
16:47:28     presearcing end
16:47:28     start searching
16:47:28     searching 1 page
16:47:29     searching 2 page
16:47:30     searching 3 page
16:47:31     searching 4 page
16:47:32     searching 5 page
16:47:33     end searcing
16:47:33     4
16:47:33     1342 OK
16:47:33     
