18:23:01     There is 5  missions to process
18:23:01     INSERTED: 0
18:23:01     UPDATED: 0
18:23:01     REBUILD: 0
18:23:01     
18:23:01     MISSIONS  START
18:23:01     
18:23:01     SUBMISSION 12 starting
18:23:01     
18:23:01     test
18:23:01     mission start
18:23:01     presearcing
18:23:03     there is about 54500000 page in result
18:23:03     presearcing end
18:23:03     start searching
18:23:03     searching 1 page
18:23:04     searching 2 page
18:23:05     searching 3 page
18:23:07     searching 4 page
18:23:09     searching 5 page
18:23:10     end searcing
18:23:10     4
18:23:10     12 OK
18:23:10     
18:23:10     SUBMISSION 1333 starting
18:23:10     
18:23:10     123123
18:23:10     mission start
18:23:10     presearcing
18:23:11     there is about 1260000 page in result
18:23:11     presearcing end
18:23:11     start searching
18:23:11     searching 1 page
18:23:11     searching 2 page
18:23:12     searching 3 page
18:23:14     searching 4 page
18:23:15     searching 5 page
18:23:15     end searcing
18:23:15     4
18:23:15     1333 OK
18:23:15     
18:23:15     SUBMISSION 33 starting
18:23:15     
18:23:15     demo
18:23:15     mission start
18:23:15     presearcing
18:23:16     there is about 90700000 page in result
18:23:16     presearcing end
18:23:16     start searching
18:23:16     searching 1 page
18:23:17     searching 2 page
18:23:18     searching 3 page
18:23:19     searching 4 page
18:23:20     searching 5 page
18:23:22     end searcing
18:23:22     4
18:23:22     33 OK
18:23:22     
18:23:22     SUBMISSION 1335 starting
18:23:22     
18:23:22     123123
18:23:22     mission start
18:23:22     presearcing
18:23:22     there is about 1260000 page in result
18:23:22     presearcing end
18:23:22     start searching
18:23:22     searching 1 page
18:23:23     searching 2 page
18:23:25     searching 3 page
18:23:26     searching 4 page
18:23:27     searching 5 page
18:23:28     end searcing
18:23:28     4
18:23:28     1335 OK
18:23:28     
18:23:28     SUBMISSION 1342 starting
18:23:28     
18:23:28     demo
18:23:28     mission start
18:23:28     presearcing
18:23:29     there is about 90700000 page in result
18:23:29     presearcing end
18:23:29     start searching
18:23:29     searching 1 page
18:23:30     searching 2 page
18:23:31     searching 3 page
18:23:32     searching 4 page
18:23:34     searching 5 page
18:23:35     end searcing
18:23:35     4
18:23:35     1342 OK
18:23:35     
