09:51:01     There is 5  missions to process
09:51:01     INSERTED: 0
09:51:01     UPDATED: 0
09:51:01     REBUILD: 0
09:51:01     
09:51:01     MISSIONS  START
09:51:01     
09:51:01     SUBMISSION 12 starting
09:51:01     
09:51:01     test
09:51:01     mission start
09:51:01     presearcing
09:51:02     there is about 54500000 page in result
09:51:02     presearcing end
09:51:02     start searching
09:51:02     searching 1 page
09:51:03     searching 2 page
09:51:05     searching 3 page
09:51:05     searching 4 page
09:51:06     searching 5 page
09:51:07     end searcing
09:51:07     4
09:51:07     12 OK
09:51:07     
09:51:07     SUBMISSION 1333 starting
09:51:07     
09:51:07     123123
09:51:07     mission start
09:51:07     presearcing
09:51:08     there is about 1260000 page in result
09:51:08     presearcing end
09:51:08     start searching
09:51:08     searching 1 page
09:51:09     searching 2 page
09:51:10     searching 3 page
09:51:11     searching 4 page
09:51:12     searching 5 page
09:51:14     end searcing
09:51:14     4
09:51:14     1333 OK
09:51:14     
09:51:14     SUBMISSION 33 starting
09:51:14     
09:51:14     demo
09:51:14     mission start
09:51:14     presearcing
09:51:16     there is about 90700000 page in result
09:51:16     presearcing end
09:51:16     start searching
09:51:16     searching 1 page
09:51:16     searching 2 page
09:51:17     searching 3 page
09:51:18     searching 4 page
09:51:19     searching 5 page
09:51:21     end searcing
09:51:21     4
09:51:21     33 OK
09:51:21     
09:51:21     SUBMISSION 1335 starting
09:51:21     
09:51:21     123123
09:51:21     mission start
09:51:21     presearcing
09:51:23     there is about 1260000 page in result
09:51:23     presearcing end
09:51:23     start searching
09:51:23     searching 1 page
09:51:26     searching 2 page
09:51:28     searching 3 page
09:51:30     searching 4 page
09:51:33     searching 5 page
09:51:36     end searcing
09:51:36     4
09:51:36     1335 OK
09:51:36     
09:51:36     SUBMISSION 1342 starting
09:51:36     
09:51:36     there is a process running
09:51:36     1342 FAIED
09:51:36     
