17:09:01     There is 5  missions to process
17:09:01     INSERTED: 0
17:09:01     UPDATED: 0
17:09:01     REBUILD: 0
17:09:01     
17:09:01     MISSIONS  START
17:09:01     
17:09:01     SUBMISSION 12 starting
17:09:01     
17:09:01     test
17:09:01     mission start
17:09:01     presearcing
17:09:02     there is about 313000000 page in result
17:09:02     presearcing end
17:09:02     start searching
17:09:02     searching 1 page
17:09:02     searching 2 page
17:09:03     searching 3 page
17:09:04     searching 4 page
17:09:05     searching 5 page
17:09:06     end searcing
17:09:06     4
17:09:06     12 OK
17:09:06     
17:09:06     SUBMISSION 1333 starting
17:09:06     
17:09:06     123123
17:09:06     mission start
17:09:06     presearcing
17:09:07     there is about 1260000 page in result
17:09:07     presearcing end
17:09:07     start searching
17:09:07     searching 1 page
17:09:08     searching 2 page
17:09:09     searching 3 page
17:09:10     searching 4 page
17:09:11     searching 5 page
17:09:13     end searcing
17:09:13     4
17:09:13     1333 OK
17:09:13     
17:09:13     SUBMISSION 33 starting
17:09:13     
17:09:13     demo
17:09:13     mission start
17:09:13     presearcing
17:09:14     there is about 90800000 page in result
17:09:14     presearcing end
17:09:14     start searching
17:09:14     searching 1 page
17:09:16     searching 2 page
17:09:17     searching 3 page
17:09:18     searching 4 page
17:09:18     searching 5 page
17:09:19     end searcing
17:09:19     4
17:09:19     33 OK
17:09:19     
17:09:19     SUBMISSION 1335 starting
17:09:19     
17:09:19     xcvxcvxvc
17:09:19     mission start
17:09:19     presearcing
17:09:20     there is about 491 page in result
17:09:20     presearcing end
17:09:20     start searching
17:09:20     searching 1 page
17:09:21     searching 2 page
17:09:22     searching 3 page
17:09:23     searching 4 page
17:09:24     searching 5 page
17:09:25     end searcing
17:09:25     4
17:09:25     1335 OK
17:09:25     
17:09:25     SUBMISSION 1342 starting
17:09:25     
17:09:25     demo
17:09:25     mission start
17:09:25     presearcing
17:09:26     there is about 90800000 page in result
17:09:26     presearcing end
17:09:26     start searching
17:09:26     searching 1 page
17:09:27     searching 2 page
17:09:28     searching 3 page
17:09:29     searching 4 page
17:09:29     searching 5 page
17:09:30     end searcing
17:09:30     4
17:09:30     1342 OK
17:09:30     
