17:28:01     There is 5  missions to process
17:28:01     INSERTED: 0
17:28:01     UPDATED: 0
17:28:01     REBUILD: 0
17:28:01     
17:28:01     MISSIONS  START
17:28:01     
17:28:01     SUBMISSION 12 starting
17:28:01     
17:28:01     test
17:28:01     mission start
17:28:01     presearcing
17:28:02     there is about 54500000 page in result
17:28:02     presearcing end
17:28:02     start searching
17:28:02     searching 1 page
17:28:03     searching 2 page
17:28:04     searching 3 page
17:28:05     searching 4 page
17:28:06     searching 5 page
17:28:07     end searcing
17:28:07     4
17:28:07     12 OK
17:28:07     
17:28:07     SUBMISSION 1333 starting
17:28:07     
17:28:07     123123
17:28:07     mission start
17:28:07     presearcing
17:28:08     there is about 1260000 page in result
17:28:08     presearcing end
17:28:08     start searching
17:28:08     searching 1 page
17:28:09     searching 2 page
17:28:10     searching 3 page
17:28:10     searching 4 page
17:28:11     searching 5 page
17:28:12     end searcing
17:28:12     4
17:28:12     1333 OK
17:28:12     
17:28:12     SUBMISSION 33 starting
17:28:12     
17:28:12     demo
17:28:12     mission start
17:28:12     presearcing
17:28:13     there is about 90700000 page in result
17:28:13     presearcing end
17:28:13     start searching
17:28:13     searching 1 page
17:28:14     searching 2 page
17:28:15     searching 3 page
17:28:16     searching 4 page
17:28:17     searching 5 page
17:28:18     end searcing
17:28:18     4
17:28:18     33 OK
17:28:18     
17:28:18     SUBMISSION 1335 starting
17:28:18     
17:28:18     123123
17:28:18     mission start
17:28:18     presearcing
17:28:20     there is about 1260000 page in result
17:28:20     presearcing end
17:28:20     start searching
17:28:20     searching 1 page
17:28:20     searching 2 page
17:28:21     searching 3 page
17:28:22     searching 4 page
17:28:23     searching 5 page
17:28:24     end searcing
17:28:24     4
17:28:24     1335 OK
17:28:24     
17:28:24     SUBMISSION 1342 starting
17:28:24     
17:28:24     demo
17:28:24     mission start
17:28:24     presearcing
17:28:25     there is about 90700000 page in result
17:28:25     presearcing end
17:28:25     start searching
17:28:25     searching 1 page
17:28:26     searching 2 page
17:28:27     searching 3 page
17:28:28     searching 4 page
17:28:32     searching 5 page
17:28:33     end searcing
17:28:33     4
17:28:33     1342 OK
17:28:33     
