17:54:01     There is 5  missions to process
17:54:01     INSERTED: 0
17:54:01     UPDATED: 0
17:54:01     REBUILD: 0
17:54:01     
17:54:01     MISSIONS  START
17:54:01     
17:54:01     SUBMISSION 12 starting
17:54:01     
17:54:01     test
17:54:01     mission start
17:54:01     presearcing
17:54:02     there is about 54500000 page in result
17:54:02     presearcing end
17:54:02     start searching
17:54:02     searching 1 page
17:54:05     searching 2 page
17:54:06     searching 3 page
17:54:07     searching 4 page
17:54:08     searching 5 page
17:54:10     end searcing
17:54:10     4
17:54:10     12 OK
17:54:10     
17:54:10     SUBMISSION 1333 starting
17:54:10     
17:54:10     123123
17:54:10     mission start
17:54:10     presearcing
17:54:11     there is about 1260000 page in result
17:54:11     presearcing end
17:54:11     start searching
17:54:11     searching 1 page
17:54:11     searching 2 page
17:54:13     searching 3 page
17:54:17     searching 4 page
17:54:17     searching 5 page
17:54:18     end searcing
17:54:18     4
17:54:18     1333 OK
17:54:18     
17:54:18     SUBMISSION 33 starting
17:54:18     
17:54:18     demo
17:54:18     mission start
17:54:18     presearcing
17:54:19     there is about 90700000 page in result
17:54:19     presearcing end
17:54:19     start searching
17:54:19     searching 1 page
17:54:20     searching 2 page
17:54:21     searching 3 page
17:54:27     searching 4 page
17:54:28     searching 5 page
17:54:29     end searcing
17:54:29     4
17:54:29     33 OK
17:54:29     
17:54:29     SUBMISSION 1335 starting
17:54:29     
17:54:29     123123
17:54:29     mission start
17:54:29     presearcing
17:54:30     there is about 1260000 page in result
17:54:30     presearcing end
17:54:30     start searching
17:54:30     searching 1 page
17:54:31     searching 2 page
17:54:32     searching 3 page
17:54:33     searching 4 page
17:54:33     searching 5 page
17:54:34     end searcing
17:54:34     4
17:54:34     1335 OK
17:54:34     
17:54:34     SUBMISSION 1342 starting
17:54:34     
17:54:34     demo
17:54:34     mission start
17:54:34     presearcing
17:54:35     there is about 90700000 page in result
17:54:35     presearcing end
17:54:35     start searching
17:54:35     searching 1 page
17:54:37     searching 2 page
17:54:38     searching 3 page
17:54:39     searching 4 page
17:54:40     searching 5 page
17:54:40     end searcing
17:54:40     4
17:54:40     1342 OK
17:54:40     
