09:17:01     There is 5  missions to process
09:17:01     INSERTED: 0
09:17:01     UPDATED: 0
09:17:01     REBUILD: 0
09:17:01     
09:17:01     MISSIONS  START
09:17:01     
09:17:01     SUBMISSION 12 starting
09:17:01     
09:17:01     test
09:17:01     mission start
09:17:01     presearcing
09:17:02     there is about 54500000 page in result
09:17:02     presearcing end
09:17:02     start searching
09:17:02     searching 1 page
09:17:03     searching 2 page
09:17:05     searching 3 page
09:17:08     searching 4 page
09:17:11     searching 5 page
09:17:25     end searcing
09:17:25     4
09:17:25     12 OK
09:17:25     
09:17:25     SUBMISSION 1333 starting
09:17:25     
09:17:25     123123
09:17:25     mission start
09:17:25     presearcing
09:17:30     there is about 1260000 page in result
09:17:30     presearcing end
09:17:30     start searching
09:17:30     searching 1 page
09:17:34     searching 2 page
09:17:38     searching 3 page
09:17:41     searching 4 page
09:17:45     searching 5 page
09:17:48     end searcing
09:17:48     4
09:17:48     1333 OK
09:17:48     
09:17:48     SUBMISSION 33 starting
09:17:48     
09:17:48     demo
09:17:48     mission start
09:17:48     presearcing
09:17:50     there is about 90700000 page in result
09:17:50     presearcing end
09:17:50     start searching
09:17:50     searching 1 page
09:17:52     searching 2 page
09:17:54     searching 3 page
09:17:55     searching 4 page
09:17:56     searching 5 page
09:17:58     end searcing
09:17:58     4
09:17:58     33 OK
09:17:58     
09:17:58     SUBMISSION 1335 starting
09:17:58     
09:17:58     123123
09:17:58     mission start
09:17:58     presearcing
09:17:58     there is about 1260000 page in result
09:17:58     presearcing end
09:17:58     start searching
09:17:58     searching 1 page
09:17:59     searching 2 page
09:18:00     searching 3 page
09:18:01     searching 4 page
09:18:02     searching 5 page
09:18:03     end searcing
09:18:03     4
09:18:03     1335 OK
09:18:03     
09:18:03     SUBMISSION 1342 starting
09:18:03     
09:18:03     there is a process running
09:18:03     1342 FAIED
09:18:03     
