17:19:01     There is 5  missions to process
17:19:01     INSERTED: 0
17:19:01     UPDATED: 0
17:19:01     REBUILD: 0
17:19:01     
17:19:01     MISSIONS  START
17:19:01     
17:19:01     SUBMISSION 12 starting
17:19:01     
17:19:01     test
17:19:01     mission start
17:19:01     presearcing
17:19:02     there is about 54500000 page in result
17:19:02     presearcing end
17:19:02     start searching
17:19:02     searching 1 page
17:19:03     searching 2 page
17:19:04     searching 3 page
17:19:05     searching 4 page
17:19:06     searching 5 page
17:19:07     end searcing
17:19:07     4
17:19:07     12 OK
17:19:07     
17:19:07     SUBMISSION 1333 starting
17:19:07     
17:19:07     123123
17:19:07     mission start
17:19:07     presearcing
17:19:08     there is about 1260000 page in result
17:19:08     presearcing end
17:19:08     start searching
17:19:08     searching 1 page
17:19:09     searching 2 page
17:19:10     searching 3 page
17:19:11     searching 4 page
17:19:11     searching 5 page
17:19:13     end searcing
17:19:13     4
17:19:13     1333 OK
17:19:13     
17:19:13     SUBMISSION 33 starting
17:19:13     
17:19:13     demo
17:19:13     mission start
17:19:13     presearcing
17:19:14     there is about 90700000 page in result
17:19:14     presearcing end
17:19:14     start searching
17:19:14     searching 1 page
17:19:14     searching 2 page
17:19:15     searching 3 page
17:19:16     searching 4 page
17:19:18     searching 5 page
17:19:19     end searcing
17:19:19     4
17:19:19     33 OK
17:19:19     
17:19:19     SUBMISSION 1335 starting
17:19:19     
17:19:19     xcvxcvxvc
17:19:19     mission start
17:19:19     presearcing
17:19:20     there is about 491 page in result
17:19:20     presearcing end
17:19:20     start searching
17:19:20     searching 1 page
17:19:21     searching 2 page
17:19:22     searching 3 page
17:19:23     searching 4 page
17:19:23     searching 5 page
17:19:25     end searcing
17:19:25     4
17:19:25     1335 OK
17:19:25     
17:19:25     SUBMISSION 1342 starting
17:19:25     
17:19:25     demo
17:19:25     mission start
17:19:25     presearcing
17:19:29     there is about 90700000 page in result
17:19:29     presearcing end
17:19:29     start searching
17:19:29     searching 1 page
17:19:33     searching 2 page
17:19:35     searching 3 page
17:19:37     searching 4 page
17:19:38     searching 5 page
17:19:39     end searcing
17:19:39     4
17:19:39     1342 OK
17:19:39     
