17:12:01     There is 5  missions to process
17:12:01     INSERTED: 0
17:12:01     UPDATED: 0
17:12:01     REBUILD: 0
17:12:01     
17:12:01     MISSIONS  START
17:12:01     
17:12:01     SUBMISSION 12 starting
17:12:01     
17:12:01     test
17:12:01     mission start
17:12:01     presearcing
17:12:02     there is about 54500000 page in result
17:12:02     presearcing end
17:12:02     start searching
17:12:02     searching 1 page
17:12:03     searching 2 page
17:12:04     searching 3 page
17:12:05     searching 4 page
17:12:06     searching 5 page
17:12:08     end searcing
17:12:08     4
17:12:08     12 OK
17:12:08     
17:12:08     SUBMISSION 1333 starting
17:12:08     
17:12:08     123123
17:12:08     mission start
17:12:08     presearcing
17:12:09     there is about 1260000 page in result
17:12:09     presearcing end
17:12:09     start searching
17:12:09     searching 1 page
17:12:10     searching 2 page
17:12:10     searching 3 page
17:12:12     searching 4 page
17:12:14     searching 5 page
17:12:15     end searcing
17:12:15     4
17:12:15     1333 OK
17:12:15     
17:12:15     SUBMISSION 33 starting
17:12:15     
17:12:15     demo
17:12:15     mission start
17:12:15     presearcing
17:12:16     there is about 90700000 page in result
17:12:16     presearcing end
17:12:16     start searching
17:12:16     searching 1 page
17:12:16     searching 2 page
17:12:17     searching 3 page
17:12:18     searching 4 page
17:12:19     searching 5 page
17:12:20     end searcing
17:12:20     4
17:12:20     33 OK
17:12:20     
17:12:20     SUBMISSION 1335 starting
17:12:20     
17:12:20     xcvxcvxvc
17:12:20     mission start
17:12:20     presearcing
17:12:21     there is about 491 page in result
17:12:21     presearcing end
17:12:21     start searching
17:12:21     searching 1 page
17:12:22     searching 2 page
17:12:23     searching 3 page
17:12:24     searching 4 page
17:12:24     searching 5 page
17:12:25     end searcing
17:12:25     4
17:12:25     1335 OK
17:12:25     
17:12:25     SUBMISSION 1342 starting
17:12:25     
17:12:25     demo
17:12:25     mission start
17:12:25     presearcing
17:12:26     there is about 90500000 page in result
17:12:26     presearcing end
17:12:26     start searching
17:12:26     searching 1 page
17:12:27     searching 2 page
17:12:28     searching 3 page
17:12:29     searching 4 page
17:12:30     searching 5 page
17:12:31     end searcing
17:12:31     4
17:12:31     1342 OK
17:12:31     
