09:50:01     There is 5  missions to process
09:50:01     INSERTED: 0
09:50:01     UPDATED: 0
09:50:01     REBUILD: 0
09:50:01     
09:50:01     MISSIONS  START
09:50:01     
09:50:01     SUBMISSION 12 starting
09:50:01     
09:50:01     test
09:50:01     mission start
09:50:01     presearcing
09:50:02     there is about 54500000 page in result
09:50:02     presearcing end
09:50:02     start searching
09:50:02     searching 1 page
09:50:02     searching 2 page
09:50:03     searching 3 page
09:50:05     searching 4 page
09:50:06     searching 5 page
09:50:07     end searcing
09:50:07     4
09:50:07     12 OK
09:50:07     
09:50:07     SUBMISSION 1333 starting
09:50:07     
09:50:07     123123
09:50:07     mission start
09:50:07     presearcing
09:50:08     there is about 1260000 page in result
09:50:08     presearcing end
09:50:08     start searching
09:50:08     searching 1 page
09:50:09     searching 2 page
09:50:10     searching 3 page
09:50:11     searching 4 page
09:50:12     searching 5 page
09:50:13     end searcing
09:50:13     4
09:50:13     1333 OK
09:50:13     
09:50:13     SUBMISSION 33 starting
09:50:13     
09:50:13     demo
09:50:13     mission start
09:50:13     presearcing
09:50:13     there is about 90700000 page in result
09:50:13     presearcing end
09:50:13     start searching
09:50:13     searching 1 page
09:50:14     searching 2 page
09:50:16     searching 3 page
09:50:17     searching 4 page
09:50:18     searching 5 page
09:50:20     end searcing
09:50:20     4
09:50:20     33 OK
09:50:20     
09:50:20     SUBMISSION 1335 starting
09:50:20     
09:50:20     123123
09:50:20     mission start
09:50:20     presearcing
09:50:21     there is about 1260000 page in result
09:50:21     presearcing end
09:50:21     start searching
09:50:21     searching 1 page
09:50:23     searching 2 page
09:50:24     searching 3 page
09:50:25     searching 4 page
09:50:25     searching 5 page
09:50:27     end searcing
09:50:27     4
09:50:27     1335 OK
09:50:27     
09:50:27     SUBMISSION 1342 starting
09:50:27     
09:50:27     there is a process running
09:50:27     1342 FAIED
09:50:27     
