17:37:01     There is 5  missions to process
17:37:01     INSERTED: 0
17:37:01     UPDATED: 0
17:37:01     REBUILD: 0
17:37:01     
17:37:01     MISSIONS  START
17:37:01     
17:37:01     SUBMISSION 12 starting
17:37:01     
17:37:01     test
17:37:01     mission start
17:37:01     presearcing
17:37:03     there is about 54500000 page in result
17:37:03     presearcing end
17:37:03     start searching
17:37:03     searching 1 page
17:37:03     searching 2 page
17:37:04     searching 3 page
17:37:06     searching 4 page
17:37:07     searching 5 page
17:37:08     end searcing
17:37:08     4
17:37:08     12 OK
17:37:08     
17:37:08     SUBMISSION 1333 starting
17:37:08     
17:37:08     123123
17:37:08     mission start
17:37:08     presearcing
17:37:09     there is about 1260000 page in result
17:37:09     presearcing end
17:37:09     start searching
17:37:09     searching 1 page
17:37:10     searching 2 page
17:37:12     searching 3 page
17:37:15     searching 4 page
17:37:16     searching 5 page
17:37:17     end searcing
17:37:17     4
17:37:17     1333 OK
17:37:17     
17:37:17     SUBMISSION 33 starting
17:37:17     
17:37:17     demo
17:37:17     mission start
17:37:17     presearcing
17:37:19     there is about 90700000 page in result
17:37:19     presearcing end
17:37:19     start searching
17:37:19     searching 1 page
17:37:21     searching 2 page
17:37:22     searching 3 page
17:37:23     searching 4 page
17:37:25     searching 5 page
17:37:26     end searcing
17:37:26     4
17:37:26     33 OK
17:37:26     
17:37:26     SUBMISSION 1335 starting
17:37:26     
17:37:26     123123
17:37:26     mission start
17:37:26     presearcing
17:37:27     there is about 1260000 page in result
17:37:27     presearcing end
17:37:27     start searching
17:37:27     searching 1 page
17:37:28     searching 2 page
17:37:28     searching 3 page
17:37:29     searching 4 page
17:37:30     searching 5 page
17:37:31     end searcing
17:37:31     4
17:37:31     1335 OK
17:37:31     
17:37:31     SUBMISSION 1342 starting
17:37:31     
17:37:31     demo
17:37:31     mission start
17:37:31     presearcing
17:37:32     there is about 90700000 page in result
17:37:32     presearcing end
17:37:32     start searching
17:37:32     searching 1 page
17:37:33     searching 2 page
17:37:34     searching 3 page
17:37:35     searching 4 page
17:37:36     searching 5 page
17:37:41     end searcing
17:37:41     4
17:37:41     1342 OK
17:37:41     
