08:43:01     There is 5  missions to process
08:43:01     INSERTED: 0
08:43:01     UPDATED: 0
08:43:01     REBUILD: 0
08:43:01     
08:43:01     MISSIONS  START
08:43:01     
08:43:01     SUBMISSION 12 starting
08:43:01     
08:43:01     test
08:43:01     mission start
08:43:01     presearcing
08:43:01     there is about 54500000 page in result
08:43:01     presearcing end
08:43:01     start searching
08:43:01     searching 1 page
08:43:02     searching 2 page
08:43:03     searching 3 page
08:43:04     searching 4 page
08:43:05     searching 5 page
08:43:05     end searcing
08:43:05     4
08:43:05     12 OK
08:43:05     
08:43:05     SUBMISSION 1333 starting
08:43:05     
08:43:05     123123
08:43:05     mission start
08:43:05     presearcing
08:43:06     there is about 1260000 page in result
08:43:06     presearcing end
08:43:06     start searching
08:43:06     searching 1 page
08:43:07     searching 2 page
08:43:08     searching 3 page
08:43:09     searching 4 page
08:43:10     searching 5 page
08:43:10     end searcing
08:43:10     4
08:43:10     1333 OK
08:43:10     
08:43:10     SUBMISSION 33 starting
08:43:10     
08:43:10     demo
08:43:10     mission start
08:43:10     presearcing
08:43:11     there is about 90700000 page in result
08:43:11     presearcing end
08:43:11     start searching
08:43:11     searching 1 page
08:43:12     searching 2 page
08:43:13     searching 3 page
08:43:14     searching 4 page
08:43:15     searching 5 page
08:43:15     end searcing
08:43:15     4
08:43:15     33 OK
08:43:15     
08:43:15     SUBMISSION 1335 starting
08:43:15     
08:43:15     123123
08:43:15     mission start
08:43:15     presearcing
08:43:16     there is about 1260000 page in result
08:43:16     presearcing end
08:43:16     start searching
08:43:16     searching 1 page
08:43:17     searching 2 page
08:43:18     searching 3 page
08:43:19     searching 4 page
08:43:19     searching 5 page
08:43:20     end searcing
08:43:20     4
08:43:20     1335 OK
08:43:20     
08:43:20     SUBMISSION 1342 starting
08:43:20     
08:43:20     there is a process running
08:43:20     1342 FAIED
08:43:20     
