08:25:02     There is 5  missions to process
08:25:02     INSERTED: 0
08:25:02     UPDATED: 0
08:25:02     REBUILD: 0
08:25:02     
08:25:02     MISSIONS  START
08:25:02     
08:25:02     SUBMISSION 12 starting
08:25:02     
08:25:02     test
08:25:02     mission start
08:25:02     presearcing
08:25:02     there is about 54500000 page in result
08:25:02     presearcing end
08:25:02     start searching
08:25:02     searching 1 page
08:25:03     searching 2 page
08:25:04     searching 3 page
08:25:05     searching 4 page
08:25:06     searching 5 page
08:25:07     end searcing
08:25:07     4
08:25:07     12 OK
08:25:07     
08:25:07     SUBMISSION 1333 starting
08:25:07     
08:25:07     123123
08:25:07     mission start
08:25:07     presearcing
08:25:07     there is about 1260000 page in result
08:25:07     presearcing end
08:25:07     start searching
08:25:07     searching 1 page
08:25:08     searching 2 page
08:25:09     searching 3 page
08:25:10     searching 4 page
08:25:11     searching 5 page
08:25:11     end searcing
08:25:11     4
08:25:11     1333 OK
08:25:11     
08:25:11     SUBMISSION 33 starting
08:25:11     
08:25:11     demo
08:25:11     mission start
08:25:11     presearcing
08:25:12     there is about 90700000 page in result
08:25:12     presearcing end
08:25:12     start searching
08:25:12     searching 1 page
08:25:13     searching 2 page
08:25:14     searching 3 page
08:25:15     searching 4 page
08:25:15     searching 5 page
08:25:16     end searcing
08:25:16     4
08:25:16     33 OK
08:25:16     
08:25:16     SUBMISSION 1335 starting
08:25:16     
08:25:16     123123
08:25:16     mission start
08:25:16     presearcing
08:25:17     there is about 1260000 page in result
08:25:17     presearcing end
08:25:17     start searching
08:25:17     searching 1 page
08:25:18     searching 2 page
08:25:19     searching 3 page
08:25:20     searching 4 page
08:25:20     searching 5 page
08:25:21     end searcing
08:25:21     4
08:25:21     1335 OK
08:25:21     
08:25:21     SUBMISSION 1342 starting
08:25:21     
08:25:21     there is a process running
08:25:21     1342 FAIED
08:25:21     
