08:56:01     There is 5  missions to process
08:56:01     INSERTED: 0
08:56:01     UPDATED: 0
08:56:01     REBUILD: 0
08:56:01     
08:56:01     MISSIONS  START
08:56:01     
08:56:01     SUBMISSION 12 starting
08:56:01     
08:56:01     test
08:56:01     mission start
08:56:01     presearcing
08:56:02     there is about 54500000 page in result
08:56:02     presearcing end
08:56:02     start searching
08:56:02     searching 1 page
08:56:02     searching 2 page
08:56:03     searching 3 page
08:56:04     searching 4 page
08:56:05     searching 5 page
08:56:06     end searcing
08:56:06     4
08:56:06     12 OK
08:56:06     
08:56:06     SUBMISSION 1333 starting
08:56:06     
08:56:06     123123
08:56:06     mission start
08:56:06     presearcing
08:56:08     there is about 1260000 page in result
08:56:08     presearcing end
08:56:08     start searching
08:56:08     searching 1 page
08:56:09     searching 2 page
08:56:09     searching 3 page
08:56:10     searching 4 page
08:56:12     searching 5 page
08:56:14     end searcing
08:56:14     4
08:56:14     1333 OK
08:56:14     
08:56:14     SUBMISSION 33 starting
08:56:14     
08:56:14     demo
08:56:14     mission start
08:56:14     presearcing
08:56:18     there is about 90700000 page in result
08:56:18     presearcing end
08:56:18     start searching
08:56:18     searching 1 page
08:56:20     searching 2 page
08:56:21     searching 3 page
08:56:23     searching 4 page
08:56:25     searching 5 page
08:56:26     end searcing
08:56:26     4
08:56:26     33 OK
08:56:26     
08:56:26     SUBMISSION 1335 starting
08:56:26     
08:56:26     123123
08:56:26     mission start
08:56:26     presearcing
08:56:27     there is about 1260000 page in result
08:56:27     presearcing end
08:56:27     start searching
08:56:27     searching 1 page
08:56:27     searching 2 page
08:56:28     searching 3 page
08:56:29     searching 4 page
08:56:30     searching 5 page
08:56:31     end searcing
08:56:31     4
08:56:31     1335 OK
08:56:31     
08:56:31     SUBMISSION 1342 starting
08:56:31     
08:56:31     there is a process running
08:56:31     1342 FAIED
08:56:31     
