10:20:01     There is 5  missions to process
10:20:01     INSERTED: 0
10:20:01     UPDATED: 0
10:20:01     REBUILD: 0
10:20:01     
10:20:01     MISSIONS  START
10:20:01     
10:20:01     SUBMISSION 12 starting
10:20:01     
10:20:01     test
10:20:01     mission start
10:20:01     presearcing
10:20:01     there is about 0 page in result
10:20:01     presearcing end
10:20:01     start searching
10:20:01     end searcing
10:20:01     1
10:20:01     12 OK
10:20:01     
10:20:01     SUBMISSION 1333 starting
10:20:01     
10:20:01     123123
10:20:01     mission start
10:20:01     presearcing
10:20:01     there is about 0 page in result
10:20:01     presearcing end
10:20:01     start searching
10:20:01     end searcing
10:20:01     1
10:20:01     1333 OK
10:20:01     
10:20:01     SUBMISSION 33 starting
10:20:01     
10:20:01     demo
10:20:01     mission start
10:20:01     presearcing
10:20:02     there is about 90700000 page in result
10:20:02     presearcing end
10:20:02     start searching
10:20:02     searching 1 page
10:20:02     searching 2 page
10:20:03     searching 3 page
10:20:03     searching 4 page
10:20:04     searching 5 page
10:20:05     end searcing
10:20:05     2
10:20:05     33 OK
10:20:05     
10:20:05     SUBMISSION 1335 starting
10:20:05     
10:20:05     123123
10:20:05     mission start
10:20:05     presearcing
10:20:06     there is about 1260000 page in result
10:20:06     presearcing end
10:20:06     start searching
10:20:06     searching 1 page
10:20:07     searching 2 page
10:20:07     searching 3 page
10:20:08     searching 4 page
10:20:09     searching 5 page
10:20:10     end searcing
10:20:10     2
10:20:10     1335 OK
10:20:10     
10:20:10     SUBMISSION 1342 starting
10:20:10     
10:20:10     there is a process running
10:20:10     1342 FAIED
10:20:10     
